[debug]  lo
	00:00:00:00:00:00
	127.0.0.1
[debug]  enp6s0f0np0
	08:BF:B8:05:53:91
	192.168.13.1
[debug]  enp6s0f1np1
	08:BF:B8:05:53:90
	192.168.13.2
[debug]  ens8191f0np0
	EC:0D:9A:98:B2:D2
	192.168.13.31
[debug]  enxeee71d281d2c
	EE:E7:1D:28:1D:2C
[debug]  ens8191f1np1
	EC:0D:9A:98:B2:D3
	192.168.13.32
[debug]  enp64s0f0np0
	B8:CE:F6:8C:E3:B4
	192.168.13.21
[debug]  enp64s0f1np1
	B8:CE:F6:8C:E3:B5
	192.168.13.22
[debug]  wlx0013ef500a9c
	00:13:EF:50:0A:9C
[debug]  enp148s0f0np0
	00:0F:53:63:4C:E0
	192.168.13.41
[debug]  enp148s0f1np1
	00:0F:53:63:4C:E1
	192.168.13.42
[debug]  enp106s0f0np0
	40:A6:B7:96:E7:A0
	192.168.13.11
[debug]  enp106s0f1np1
	40:A6:B7:96:E7:A1
	192.168.13.12
[debug]  enp64s0f1np1 (mlx5_pci) port: 0 - B8:CE:F6:8C:E3:B5[192.168.13.22]
{
	svc_tx_n : 1
	rx_flow_queues : 0
	next_src_port : 5000 (0x1388)
	rx_reconfig_hint : 65000 (0xfde8)
	clock_hz : 1000000000 (0x3b9aca00)
	info : {
		min_mtu : 46 (0x2e)
		max_mtu : 65535 (0xffff)
		min_rx_bufsize : 32 (0x20)
		max_rx_bufsize : 4294967295 (0xffffffff)
		max_rx_pktlen : 65536 (0x10000)
		max_lro_pkt_size : 65280 (0xff00)
		max_rx_queues : 1024 (0x400)
		max_tx_queues : 1024 (0x400)
		max_mac_addrs : 128 (0x80)
		max_hash_mac_addrs : 0
		max_vfs : 0
		max_vmdq_pools : 0
		rx_offload_capa : 18621f:RTE_ETH_RX_OFFLOAD_VLAN_STRIP|RTE_ETH_RX_OFFLOAD_IPV4_CKSUM|RTE_ETH_RX_OFFLOAD_UDP_CKSUM|RTE_ETH_RX_OFFLOAD_TCP_CKSUM|RTE_ETH_RX_OFFLOAD_TCP_LRO|RTE_ETH_RX_OFFLOAD_VLAN_FILTER|RTE_ETH_RX_OFFLOAD_SCATTER|RTE_ETH_RX_OFFLOAD_TIMESTAMP|RTE_ETH_RX_OFFLOAD_RSS_HASH|RTE_ETH_RX_OFFLOAD_BUFFER_SPLIT
		tx_offload_capa : d96af:RTE_ETH_TX_OFFLOAD_VLAN_INSERT|RTE_ETH_TX_OFFLOAD_IPV4_CKSUM|RTE_ETH_TX_OFFLOAD_UDP_CKSUM|RTE_ETH_TX_OFFLOAD_TCP_CKSUM|RTE_ETH_TX_OFFLOAD_TCP_TSO|RTE_ETH_TX_OFFLOAD_OUTER_IPV4_CKSUM|RTE_ETH_TX_OFFLOAD_VXLAN_TNL_TSO|RTE_ETH_TX_OFFLOAD_GRE_TNL_TSO|RTE_ETH_TX_OFFLOAD_GENEVE_TNL_TSO|RTE_ETH_TX_OFFLOAD_MULTI_SEGS|RTE_ETH_TX_OFFLOAD_MBUF_FAST_FREE|RTE_ETH_TX_OFFLOAD_UDP_TNL_TSO|RTE_ETH_TX_OFFLOAD_IP_TNL_TSO
		rx_queue_offload_capa : 18601f:RTE_ETH_RX_OFFLOAD_VLAN_STRIP|RTE_ETH_RX_OFFLOAD_IPV4_CKSUM|RTE_ETH_RX_OFFLOAD_UDP_CKSUM|RTE_ETH_RX_OFFLOAD_TCP_CKSUM|RTE_ETH_RX_OFFLOAD_TCP_LRO|RTE_ETH_RX_OFFLOAD_SCATTER|RTE_ETH_RX_OFFLOAD_TIMESTAMP|RTE_ETH_RX_OFFLOAD_RSS_HASH|RTE_ETH_RX_OFFLOAD_BUFFER_SPLIT
		tx_queue_offload_capa : 0
		reta_size : 512 (0x200)
		rss_algo_capa : 1
		flow_type_rss_offloads : 134459324 (0x803afbc)
		default_rxconf : {
			rx_thresh : {
				pthresh : 0
				hthresh : 0
				wthresh : 0
			}
			rx_free_thresh : 0
			rx_drop_en : 0
			rx_deferred_start : 0
			rx_nseg : 0
			share_group : 0
			share_qid : 0
			offloads : 0
			rx_nmempool : 0
		}
		default_txconf : {
			tx_thresh : {
				pthresh : 0
				hthresh : 0
				wthresh : 0
			}
			tx_rs_thresh : 0
			tx_free_thresh : 0
			tx_deferred_start : 0
			offloads : 0
		}
		vmdq_queue_base : 0
		vmdq_queue_num : 0
		vmdq_pool_base : 0
		rx_desc_lim : {
			nb_max : 32768 (0x8000)
			nb_min : 0
			nb_align : 1
			nb_seg_max : 65535 (0xffff)
			nb_mtu_seg_max : 65535 (0xffff)
		}
		tx_desc_lim : {
			nb_max : 32768 (0x8000)
			nb_min : 0
			nb_align : 1
			nb_seg_max : 40 (0x28)
			nb_mtu_seg_max : 40 (0x28)
		}
		speed_capa : 1312 (0x520)
		nb_rx_queues : 0
		nb_tx_queues : 0
		default_rxportconf : {
			burst_size : 1
			ring_size : 256 (0x100)
			nb_queues : 1
		}
		default_txportconf : {
			burst_size : 1
			ring_size : 256 (0x100)
			nb_queues : 1
		}
		dev_capa : 20 (0x14)
	}
	effective_offload : {
		rx : 18621f:RTE_ETH_RX_OFFLOAD_VLAN_STRIP|RTE_ETH_RX_OFFLOAD_IPV4_CKSUM|RTE_ETH_RX_OFFLOAD_UDP_CKSUM|RTE_ETH_RX_OFFLOAD_TCP_CKSUM|RTE_ETH_RX_OFFLOAD_TCP_LRO|RTE_ETH_RX_OFFLOAD_VLAN_FILTER|RTE_ETH_RX_OFFLOAD_SCATTER|RTE_ETH_RX_OFFLOAD_TIMESTAMP|RTE_ETH_RX_OFFLOAD_RSS_HASH|RTE_ETH_RX_OFFLOAD_BUFFER_SPLIT
		tx : d96af:RTE_ETH_TX_OFFLOAD_VLAN_INSERT|RTE_ETH_TX_OFFLOAD_IPV4_CKSUM|RTE_ETH_TX_OFFLOAD_UDP_CKSUM|RTE_ETH_TX_OFFLOAD_TCP_CKSUM|RTE_ETH_TX_OFFLOAD_TCP_TSO|RTE_ETH_TX_OFFLOAD_OUTER_IPV4_CKSUM|RTE_ETH_TX_OFFLOAD_VXLAN_TNL_TSO|RTE_ETH_TX_OFFLOAD_GRE_TNL_TSO|RTE_ETH_TX_OFFLOAD_GENEVE_TNL_TSO|RTE_ETH_TX_OFFLOAD_MULTI_SEGS|RTE_ETH_TX_OFFLOAD_MBUF_FAST_FREE|RTE_ETH_TX_OFFLOAD_UDP_TNL_TSO|RTE_ETH_TX_OFFLOAD_IP_TNL_TSO
	}
	tx_rings : 65535 (0xffff)
	rx_meta_features : 3:RTE_ETH_RX_METADATA_USER_FLAG|RTE_ETH_RX_METADATA_USER_MARK
	features : 0000000000000000000000000000000000000000000000000000000000000110
}	will run on socket 0 - 11 cores : [26 17 18 19 20 21 22 23 24 25 16 ]
[debug]  enp64s0f1np1 port: 0 - requested offloads : 18621f:RTE_ETH_RX_OFFLOAD_VLAN_STRIP|RTE_ETH_RX_OFFLOAD_IPV4_CKSUM|RTE_ETH_RX_OFFLOAD_UDP_CKSUM|RTE_ETH_RX_OFFLOAD_TCP_CKSUM|RTE_ETH_RX_OFFLOAD_TCP_LRO|RTE_ETH_RX_OFFLOAD_VLAN_FILTER|RTE_ETH_RX_OFFLOAD_SCATTER|RTE_ETH_RX_OFFLOAD_TIMESTAMP|RTE_ETH_RX_OFFLOAD_RSS_HASH|RTE_ETH_RX_OFFLOAD_BUFFER_SPLIT
[debug]  clock frequency 1000000000 hz
[debug]  port 0 : 192.168.13.22 - link speed 25 Gbps
[debug]  starting up 1 rx queue(s)...
[info]  obtaining mac address for 192.168.13.21...
[info]  192.168.13.21 : B8:CE:F6:8C:E3:B4
[debug]  creating sockperf packets memory pool : 4095 cache_size : 16
[info]  warming up...
[info]  performing latency test ...
[info]  rtt = 8.74 us.
[info]  rtt = 9.125 us.
[info]  rtt = 7.661 us.
[info]  rtt = 7.618 us.
[info]  rtt = 7.545 us.
[info]  rtt = 7.609 us.
[info]  rtt = 7.38 us.
[info]  rtt = 6.396 us.
[info]  rtt = 6.132 us.
[info]  rtt = 6.167 us.
[info]  rtt = 6.301 us.
[info]  rtt = 6.849 us.
[info]  rtt = 6.533 us.
[info]  rtt = 12.317 us.
[info]  rtt = 6.499 us.
[info]  rtt = 6.194 us.
[info]  rtt = 6.324 us.
[info]  rtt = 6.177 us.
[info]  rtt = 6.43 us.
[info]  rtt = 6.231 us.
[info]  rtt = 6.31 us.
[info]  rtt = 6.34 us.
[info]  rtt = 6.213 us.
[info]  rtt = 6.279 us.
[info]  rtt = 6.244 us.
[info]  rtt = 6.334 us.
[info]  rtt = 6.098 us.
[info]  rtt = 6.31 us.
[info]  rtt = 6.241 us.
[info]  rtt = 6.17 us.
[info]  rtt = 6.2 us.
[info]  rtt = 6.267 us.
[info]  rtt = 6.174 us.
[info]  rtt = 6.321 us.
[info]  rtt = 9.843 us.
[info]  rtt = 6.209 us.
[info]  rtt = 6.341 us.
[info]  rtt = 6.348 us.
[info]  rtt = 6.171 us.
[info]  rtt = 6.124 us.
[info]  rtt = 6.305 us.
[info]  rtt = 6.203 us.
[info]  rtt = 6.124 us.
[info]  rtt = 8.456 us.
[info]  rtt = 6.407 us.
[info]  rtt = 6.327 us.
[info]  rtt = 6.225 us.
[info]  rtt = 6.148 us.
[info]  rtt = 6.3 us.
[info]  rtt = 6.076 us.
[info]  rtt = 6.35 us.
[info]  rtt = 6.2 us.
[info]  rtt = 6.303 us.
[info]  rtt = 6.328 us.
[info]  rtt = 6.211 us.
[info]  rtt = 6.327 us.
[info]  rtt = 6.713 us.
[info]  rtt = 6.424 us.
[info]  rtt = 6.077 us.
[info]  rtt = 6.231 us.
[info]  rtt = 6.37 us.
[info]  rtt = 6.112 us.
[info]  rtt = 6.361 us.
[info]  rtt = 6.11 us.
[info]  rtt = 7.956 us.
[info]  rtt = 10.316 us.
[info]  rtt = 6.22 us.
[info]  rtt = 6.193 us.
[info]  rtt = 6.489 us.
[info]  rtt = 6.345 us.
[info]  rtt = 6.085 us.
[info]  rtt = 6.241 us.
[info]  rtt = 6.27 us.
[info]  rtt = 6.243 us.
[info]  rtt = 6.261 us.
[info]  rtt = 6.415 us.
[info]  rtt = 6.572 us.
[info]  rtt = 7.236 us.
[info]  rtt = 6.143 us.
[info]  rtt = 6.222 us.
[info]  rtt = 6.202 us.
[info]  rtt = 6.486 us.
[info]  rtt = 6.55 us.
[info]  rtt = 6.404 us.
[info]  rtt = 6.375 us.
[info]  rtt = 6.262 us.
[info]  rtt = 6.19 us.
[info]  rtt = 6.344 us.
[info]  rtt = 6.202 us.
[info]  rtt = 6.23 us.
[info]  rtt = 6.29 us.
[info]  rtt = 6.295 us.
[info]  rtt = 6.402 us.
[info]  rtt = 6.261 us.
[info]  rtt = 6.33 us.
[info]  rtt = 6.206 us.
[info]  rtt = 6.504 us.
[info]  rtt = 6.374 us.
[info]  rtt = 6.535 us.
[info]  rtt = 6.378 us.
[info]  rtt = 6.207 us.
[info]  rtt = 6.32 us.
[info]  rtt = 6.305 us.
[info]  rtt = 6.3 us.
[info]  rtt = 6.189 us.
[info]  rtt = 6.508 us.
[info]  rtt = 6.308 us.
[info]  rtt = 6.475 us.
[info]  rtt = 6.548 us.
[info]  rtt = 6.387 us.
[info]  rtt = 6.334 us.
[info]  rtt = 6.162 us.
[info]  rtt = 6.149 us.
[info]  rtt = 6.151 us.
[info]  rtt = 6.064 us.
[info]  rtt = 6.341 us.
[info]  rtt = 9.916 us.
[info]  rtt = 6.503 us.
[info]  rtt = 6.199 us.
[info]  rtt = 6.358 us.
[info]  rtt = 6.086 us.
[info]  rtt = 6.304 us.
[info]  rtt = 6.2 us.
[info]  rtt = 6.442 us.
[info]  rtt = 6.179 us.
[info]  rtt = 6.228 us.
[info]  rtt = 6.547 us.
[info]  rtt = 6.38 us.
[info]  rtt = 6.464 us.
[info]  rtt = 6.192 us.
[info]  rtt = 6.241 us.
[info]  rtt = 6.141 us.
[info]  rtt = 6.148 us.
[info]  rtt = 6.422 us.
[info]  rtt = 6.064 us.
[info]  rtt = 6.394 us.
[info]  rtt = 7.886 us.
[info]  rtt = 6.121 us.
[info]  rtt = 6.444 us.
[info]  rtt = 6.391 us.
[info]  rtt = 6.791 us.
[info]  rtt = 6.112 us.
[info]  rtt = 6.643 us.
[info]  rtt = 6.293 us.
[info]  rtt = 6.653 us.
[info]  rtt = 6.371 us.
[info]  rtt = 6.084 us.
[info]  rtt = 6.526 us.
[info]  rtt = 6.544 us.
[info]  rtt = 6.545 us.
[info]  rtt = 6.478 us.
[info]  rtt = 6.242 us.
[info]  rtt = 6.968 us.
[info]  rtt = 6.344 us.
[info]  rtt = 6.353 us.
[info]  rtt = 6.293 us.
[info]  rtt = 6.25 us.
[info]  rtt = 6.413 us.
[info]  rtt = 6.05 us.
[info]  rtt = 6.365 us.
[info]  rtt = 6.135 us.
[info]  rtt = 6.522 us.
[info]  rtt = 6.527 us.
[info]  rtt = 6.025 us.
[info]  rtt = 6.362 us.
[info]  rtt = 6.006 us.
[info]  rtt = 6.551 us.
[info]  rtt = 8.671 us.
[info]  rtt = 6.262 us.
[info]  rtt = 6.307 us.
[info]  rtt = 6.052 us.
[info]  rtt = 6.565 us.
[info]  rtt = 6.391 us.
[info]  rtt = 6.355 us.
[info]  rtt = 6.432 us.
[info]  rtt = 6.27 us.
[info]  rtt = 6.161 us.
[info]  rtt = 6.216 us.
[info]  rtt = 6.272 us.
[info]  rtt = 6.256 us.
[info]  rtt = 6.262 us.
[info]  rtt = 6.353 us.
[info]  rtt = 6.086 us.
[info]  rtt = 6.264 us.
[info]  rtt = 6.247 us.
[info]  rtt = 6.242 us.
[info]  rtt = 6.327 us.
[info]  rtt = 6.244 us.
[info]  rtt = 6.674 us.
[info]  rtt = 6.385 us.
[info]  rtt = 6.13 us.
[info]  rtt = 6.337 us.
[info]  rtt = 6.311 us.
[info]  rtt = 6.427 us.
[info]  rtt = 6.076 us.
[info]  rtt = 6.317 us.
[info]  rtt = 6.252 us.
[info]  rtt = 6.442 us.
[info]  rtt = 6.329 us.
[info]  rtt = 6.316 us.
[info]  rtt = 6.375 us.
[info]  rtt = 6.316 us.
[info]  rtt = 7.152 us.
[info]  rtt = 6.427 us.
[info]  rtt = 10.175 us.
[info]  rtt = 6.246 us.
[info]  rtt = 6.094 us.
[info]  rtt = 6.193 us.
[info]  rtt = 6.231 us.
[info]  rtt = 6.474 us.
[info]  rtt = 6.34 us.
[info]  rtt = 6.479 us.
[info]  rtt = 6.054 us.
[info]  rtt = 6.459 us.
[info]  rtt = 6.114 us.
[info]  rtt = 6.546 us.
[info]  rtt = 7.556 us.
[info]  rtt = 6.256 us.
[info]  rtt = 7.75 us.
[info]  rtt = 6.424 us.
[info]  rtt = 6.261 us.
[info]  rtt = 6.388 us.
[info]  rtt = 6.112 us.
[info]  rtt = 6.276 us.
[info]  rtt = 6.181 us.
[info]  rtt = 6.286 us.
[info]  rtt = 6.265 us.
[info]  rtt = 6.297 us.
[info]  rtt = 6.498 us.
[info]  rtt = 6.178 us.
[info]  rtt = 6.424 us.
[info]  rtt = 6.149 us.
[info]  rtt = 6.307 us.
[info]  rtt = 6.203 us.
[info]  rtt = 6.547 us.
[info]  rtt = 6.712 us.
[info]  rtt = 6.298 us.
[info]  rtt = 6.354 us.
[info]  rtt = 6.389 us.
[info]  rtt = 6.185 us.
[info]  rtt = 6.392 us.
[info]  rtt = 6.209 us.
[info]  rtt = 6.248 us.
[info]  rtt = 6.187 us.
[info]  rtt = 6.332 us.
[info]  rtt = 6.474 us.
[info]  rtt = 6.235 us.
[info]  rtt = 6.231 us.
[info]  rtt = 6.197 us.
[info]  rtt = 6.317 us.
[info]  rtt = 6.351 us.
[info]  rtt = 6.286 us.
[info]  rtt = 6.698 us.
[info]  rtt = 6.327 us.
[info]  rtt = 6.261 us.
[info]  rtt = 6.498 us.
[info]  rtt = 6.173 us.
[info]  rtt = 6.377 us.
[info]  rtt = 6.189 us.
[info]  rtt = 8.744 us.
[info]  rtt = 6.373 us.
[info]  rtt = 6.25 us.
[info]  rtt = 6.224 us.
[info]  rtt = 6.299 us.
[info]  rtt = 6.248 us.
[info]  rtt = 6.368 us.
[info]  rtt = 6.383 us.
[info]  rtt = 7.996 us.
[info]  rtt = 6.59 us.
[info]  rtt = 6.471 us.
[info]  rtt = 6.441 us.
[info]  rtt = 6.416 us.
[info]  rtt = 6.326 us.
[info]  rtt = 6.273 us.
[info]  rtt = 6.217 us.
[info]  rtt = 6.08 us.
[info]  rtt = 6.43 us.
[info]  rtt = 6.233 us.
[info]  rtt = 6.529 us.
[info]  rtt = 6.431 us.
[info]  rtt = 6.317 us.
[info]  rtt = 6.541 us.
[info]  rtt = 6.196 us.
[info]  rtt = 6.201 us.
[info]  rtt = 6.371 us.
[info]  rtt = 6.025 us.
[info]  rtt = 6.411 us.
[info]  rtt = 6.108 us.
[info]  rtt = 6.364 us.
[info]  rtt = 6.161 us.
[info]  rtt = 6.216 us.
[info]  rtt = 6.356 us.
[info]  rtt = 6.316 us.
[info]  rtt = 6.39 us.
[info]  rtt = 6.452 us.
[info]  rtt = 6.217 us.
[info]  rtt = 6.222 us.
[info]  rtt = 6.321 us.
[info]  rtt = 6.27 us.
[info]  rtt = 6.465 us.
[info]  rtt = 6.416 us.
[info]  rtt = 6.119 us.
[info]  rtt = 6.182 us.
[info]  rtt = 6.297 us.
[info]  rtt = 6.315 us.
[info]  rtt = 6.208 us.
[info]  rtt = 6.233 us.
[info]  rtt = 6.265 us.
[info]  rtt = 6.242 us.
[info]  rtt = 6.36 us.
[info]  rtt = 6.438 us.
[info]  rtt = 6.229 us.
[info]  rtt = 6.232 us.
[info]  rtt = 6.272 us.
[info]  rtt = 6.473 us.
[info]  rtt = 6.383 us.
[info]  rtt = 6.362 us.
[info]  rtt = 6.349 us.
[info]  rtt = 6.241 us.
[info]  rtt = 6.182 us.
[info]  rtt = 6.529 us.
[info]  rtt = 6.377 us.
[info]  rtt = 6.487 us.
[info]  rtt = 6.336 us.
[info]  rtt = 6.147 us.
[info]  rtt = 6.2 us.
[info]  rtt = 6.278 us.
[info]  rtt = 6.453 us.
[info]  rtt = 6.189 us.
[info]  rtt = 6.252 us.
[info]  rtt = 6.201 us.
[info]  rtt = 6.448 us.
[info]  rtt = 6.493 us.
[info]  rtt = 6.32 us.
[info]  rtt = 5.986 us.
[info]  rtt = 6.185 us.
[info]  rtt = 6.179 us.
[info]  rtt = 6.239 us.
[info]  rtt = 6.427 us.
[info]  rtt = 6.145 us.
[info]  rtt = 6.307 us.
[info]  rtt = 6.129 us.
[info]  rtt = 6.199 us.
[info]  rtt = 6.183 us.
[info]  rtt = 6.28 us.
[info]  rtt = 6.295 us.
[info]  rtt = 6.03 us.
[info]  rtt = 6.358 us.
[info]  rtt = 6.274 us.
[info]  rtt = 6.007 us.
[info]  rtt = 6.193 us.
[info]  rtt = 6.159 us.
[info]  rtt = 6.348 us.
[info]  rtt = 6.361 us.
[info]  rtt = 6.456 us.
[info]  rtt = 6.498 us.
[info]  rtt = 6.104 us.
[info]  rtt = 6.306 us.
[info]  rtt = 6.114 us.
[info]  rtt = 6.215 us.
[info]  rtt = 6.109 us.
[info]  rtt = 6.2 us.
[info]  rtt = 6.386 us.
[info]  rtt = 6.682 us.
[info]  rtt = 6.289 us.
[info]  rtt = 6.131 us.
[info]  rtt = 6.216 us.
[info]  rtt = 6.3 us.
[info]  rtt = 6.198 us.
[info]  rtt = 6.163 us.
[info]  rtt = 6.279 us.
[info]  rtt = 6.284 us.
[info]  rtt = 6.042 us.
[info]  rtt = 6.131 us.
[info]  rtt = 6.185 us.
[info]  rtt = 6.046 us.
[info]  rtt = 6.242 us.
[info]  rtt = 6.139 us.
[info]  rtt = 6.168 us.
[info]  rtt = 6.083 us.
[info]  rtt = 6.129 us.
[info]  rtt = 6.182 us.
[info]  rtt = 6.114 us.
[info]  rtt = 6.199 us.
[info]  rtt = 6.08 us.
[info]  rtt = 6.278 us.
[info]  rtt = 6.154 us.
[info]  rtt = 6.053 us.
[info]  rtt = 6.622 us.
[info]  rtt = 6.154 us.
[info]  rtt = 6.361 us.
[info]  rtt = 6.253 us.
[info]  rtt = 6.323 us.
[info]  rtt = 6.246 us.
[info]  rtt = 6.07 us.
[info]  rtt = 6.479 us.
[info]  rtt = 6.542 us.
[info]  rtt = 6.149 us.
[info]  rtt = 6.176 us.
[info]  rtt = 6.342 us.
[info]  rtt = 6.274 us.
[info]  rtt = 6.056 us.
[info]  rtt = 6.203 us.
[info]  rtt = 6.311 us.
[info]  rtt = 6.239 us.
[info]  rtt = 6.268 us.
[info]  rtt = 6.22 us.
[info]  rtt = 6.478 us.
[info]  rtt = 6.168 us.
[info]  rtt = 6.351 us.
[info]  rtt = 6.604 us.
[info]  rtt = 6.34 us.
[info]  rtt = 6.458 us.
[info]  rtt = 6.188 us.
[info]  rtt = 6.27 us.
[info]  rtt = 6.107 us.
[info]  rtt = 6.229 us.
[info]  rtt = 6.025 us.
[info]  rtt = 6.177 us.
[info]  rtt = 6.211 us.
[info]  rtt = 6.091 us.
[info]  rtt = 6.098 us.
[info]  rtt = 6.248 us.
[info]  rtt = 6.293 us.
[info]  rtt = 6.123 us.
[info]  rtt = 6.325 us.
[info]  rtt = 6.402 us.
[info]  rtt = 6.318 us.
[info]  rtt = 6.429 us.
[info]  rtt = 6.154 us.
[info]  rtt = 6.148 us.
[info]  rtt = 6.193 us.
[info]  rtt = 6.229 us.
[info]  rtt = 6.282 us.
[info]  rtt = 6.286 us.
[info]  rtt = 6.312 us.
[info]  rtt = 6.162 us.
[info]  rtt = 6.637 us.
[info]  rtt = 6.165 us.
[info]  rtt = 6.395 us.
[info]  rtt = 6.298 us.
[info]  rtt = 6.159 us.
[info]  rtt = 6.253 us.
[info]  rtt = 6.377 us.
[info]  rtt = 6.393 us.
[info]  rtt = 6.37 us.
[info]  rtt = 6.074 us.
[info]  rtt = 6.445 us.
[info]  rtt = 6.179 us.
[info]  rtt = 6.434 us.
[info]  rtt = 6.191 us.
[info]  rtt = 6.224 us.
[info]  rtt = 6.313 us.
[info]  rtt = 6.367 us.
[info]  rtt = 6.219 us.
[info]  rtt = 6.3 us.
[info]  rtt = 6.348 us.
[info]  rtt = 6.199 us.
[info]  rtt = 6.255 us.
[info]  rtt = 6.462 us.
[info]  rtt = 6.411 us.
[info]  rtt = 6.126 us.
[info]  rtt = 6.152 us.
[info]  rtt = 6.215 us.
[info]  rtt = 6.445 us.
[info]  rtt = 6.333 us.
[info]  rtt = 6.462 us.
[info]  rtt = 6.184 us.
[info]  rtt = 6.297 us.
[info]  rtt = 6.18 us.
[info]  rtt = 6.224 us.
[info]  rtt = 6.263 us.
[info]  rtt = 6.338 us.
[info]  rtt = 6.317 us.
[info]  rtt = 6.011 us.
[info]  rtt = 6.148 us.
[info]  rtt = 6.232 us.
[info]  rtt = 6.252 us.
[info]  rtt = 6.219 us.
[info]  rtt = 6.201 us.
[info]  rtt = 6.124 us.
[info]  rtt = 6.12 us.
[info]  rtt = 6.305 us.
[info]  rtt = 6.07 us.
[info]  rtt = 6.084 us.
[info]  rtt = 6.19 us.
[info]  rtt = 6.376 us.
[info]  rtt = 6.23 us.
[info]  rtt = 6.113 us.
[info]  rtt = 6.019 us.
[info]  rtt = 6.145 us.
[info]  rtt = 6.433 us.
[info]  rtt = 6.385 us.
[info]  rtt = 6.219 us.
[info]  rtt = 6.091 us.
[info]  rtt = 6.06 us.
[info]  rtt = 6.006 us.
[info]  rtt = 6.078 us.
[info]  rtt = 6.204 us.
[info]  rtt = 6.065 us.
[info]  rtt = 6.027 us.
[info]  rtt = 6.052 us.
[info]  rtt = 6.099 us.
[info]  rtt = 6.079 us.
[info]  rtt = 6.108 us.
[info]  rtt = 6.177 us.
[info]  rtt = 6.112 us.
[info]  rtt = 6.462 us.
[info]  rtt = 6.001 us.
[info]  rtt = 6.297 us.
[info]  rtt = 6.065 us.
[info]  rtt = 6.106 us.
[info]  rtt = 6.252 us.
[info]  rtt = 6.142 us.
[info]  rtt = 6.09 us.
[info]  rtt = 6.242 us.
[info]  rtt = 6.212 us.
[info]  rtt = 6.122 us.
[info]  rtt = 6.114 us.
[info]  rtt = 6.206 us.
[info]  rtt = 6.071 us.
[info]  rtt = 6.089 us.
[info]  rtt = 6.117 us.
[info]  rtt = 6.323 us.
[info]  rtt = 6.591 us.
[info]  rtt = 6.342 us.
[info]  rtt = 6.417 us.
[info]  rtt = 6.507 us.
[info]  rtt = 6.501 us.
[info]  rtt = 6.16 us.
[info]  rtt = 6.162 us.
[info]  rtt = 6.344 us.
[info]  rtt = 6.258 us.
[info]  rtt = 6.078 us.
[info]  rtt = 6.394 us.
[info]  rtt = 6.095 us.
[info]  rtt = 6.079 us.
[info]  rtt = 6.178 us.
[info]  rtt = 6.176 us.
[info]  rtt = 6.255 us.
[info]  rtt = 6.171 us.
[info]  rtt = 6.33 us.
[info]  rtt = 6.337 us.
[info]  rtt = 6.154 us.
[info]  rtt = 6.178 us.
[info]  rtt = 6.243 us.
[info]  rtt = 6.253 us.
[info]  rtt = 6.132 us.
[info]  rtt = 6.339 us.
[info]  rtt = 6.43 us.
[info]  rtt = 6.214 us.
[info]  rtt = 6.147 us.
[info]  rtt = 6.191 us.
[info]  rtt = 6.381 us.
[info]  rtt = 6.098 us.
[info]  rtt = 6.426 us.
[info]  rtt = 10.014 us.
[info]  rtt = 6.378 us.
[info]  rtt = 6.331 us.
[info]  rtt = 6.593 us.
[info]  rtt = 6.093 us.
[info]  rtt = 6.19 us.
[info]  rtt = 6.219 us.
[info]  rtt = 6.339 us.
[info]  rtt = 6.224 us.
[info]  rtt = 6.155 us.
[info]  rtt = 6.048 us.
[info]  rtt = 6.361 us.
[info]  rtt = 6.132 us.
[info]  rtt = 6.4 us.
[info]  rtt = 6.36 us.
[info]  rtt = 6.126 us.
[info]  rtt = 6.176 us.
[info]  rtt = 6.153 us.
[info]  rtt = 6.14 us.
[info]  rtt = 6.201 us.
[info]  rtt = 6.233 us.
[info]  rtt = 6.209 us.
[info]  rtt = 6.223 us.
[info]  rtt = 6.168 us.
[info]  rtt = 6.22 us.
[info]  rtt = 6.297 us.
[info]  rtt = 6.254 us.
[info]  rtt = 6.166 us.
[info]  rtt = 6.341 us.
[info]  rtt = 6.184 us.
[info]  rtt = 6.298 us.
[info]  rtt = 6.377 us.
[info]  rtt = 6.391 us.
[info]  rtt = 6.23 us.
[info]  rtt = 6.096 us.
[info]  rtt = 6.141 us.
[info]  rtt = 6.367 us.
[info]  rtt = 6.192 us.
[info]  rtt = 6.15 us.
[info]  rtt = 6.2 us.
[info]  rtt = 6.115 us.
[info]  rtt = 6.215 us.
[info]  rtt = 6.288 us.
[info]  rtt = 6.15 us.
[info]  rtt = 6.25 us.
[info]  rtt = 6.094 us.
[info]  rtt = 6.166 us.
[info]  rtt = 6.032 us.
[info]  rtt = 6.175 us.
[info]  rtt = 6.135 us.
[info]  rtt = 6.055 us.
[info]  rtt = 6.085 us.
[info]  rtt = 6.322 us.
[info]  rtt = 6.434 us.
[info]  rtt = 6.132 us.
[info]  rtt = 6.092 us.
[info]  rtt = 6.224 us.
[info]  rtt = 6.149 us.
[info]  rtt = 6.235 us.
[info]  rtt = 6.04 us.
[info]  rtt = 6.106 us.
[info]  rtt = 6.01 us.
[info]  rtt = 6.081 us.
[info]  rtt = 6.403 us.
[info]  rtt = 6.324 us.
[info]  rtt = 6.109 us.
[info]  rtt = 6.195 us.
[info]  rtt = 6.136 us.
[info]  rtt = 6.161 us.
[info]  rtt = 6.165 us.
[info]  rtt = 6.591 us.
[info]  rtt = 6.168 us.
[info]  rtt = 6.39 us.
[info]  rtt = 6.123 us.
[info]  rtt = 6.399 us.
[info]  rtt = 6.384 us.
[info]  rtt = 6.322 us.
[info]  rtt = 6.583 us.
[info]  rtt = 6 us.
[info]  rtt = 6.165 us.
[info]  rtt = 6.108 us.
[info]  rtt = 6.132 us.
[info]  rtt = 6.233 us.
[info]  rtt = 6.09 us.
[info]  rtt = 6.104 us.
[info]  rtt = 6.182 us.
[info]  rtt = 6.096 us.
[info]  rtt = 6.162 us.
[info]  rtt = 6.338 us.
[info]  rtt = 6.054 us.
[info]  rtt = 6.347 us.
[info]  rtt = 6.34 us.
[info]  rtt = 6.231 us.
[info]  rtt = 6.348 us.
[info]  rtt = 6.264 us.
[info]  rtt = 6.508 us.
[info]  rtt = 6.393 us.
[info]  rtt = 6.124 us.
[info]  rtt = 6.255 us.
[info]  rtt = 6.009 us.
[info]  rtt = 6.191 us.
[info]  rtt = 6.679 us.
[info]  rtt = 6.185 us.
[info]  rtt = 6.282 us.
[info]  rtt = 6.57 us.
[info]  rtt = 6.207 us.
[info]  rtt = 6.176 us.
[info]  rtt = 6.173 us.
[info]  rtt = 6.153 us.
[info]  rtt = 5.955 us.
[info]  rtt = 6.179 us.
[info]  rtt = 6.076 us.
[info]  rtt = 6.11 us.
[info]  rtt = 6.194 us.
[info]  rtt = 6.264 us.
[info]  rtt = 6.114 us.
[info]  rtt = 6.062 us.
[info]  rtt = 6.181 us.
[info]  rtt = 6.187 us.
[info]  rtt = 5.982 us.
[info]  rtt = 6.363 us.
[info]  rtt = 6.191 us.
[info]  rtt = 6.092 us.
[info]  rtt = 6.122 us.
[info]  rtt = 6.437 us.
[info]  rtt = 6.476 us.
[info]  rtt = 6.334 us.
[info]  rtt = 6.474 us.
[info]  rtt = 6.25 us.
[info]  rtt = 6.182 us.
[info]  rtt = 6.134 us.
[info]  rtt = 6.138 us.
[info]  rtt = 6.134 us.
[info]  rtt = 6.3 us.
[info]  rtt = 6.141 us.
[info]  rtt = 6.145 us.
[info]  rtt = 6.13 us.
[info]  rtt = 6.025 us.
[info]  rtt = 6.26 us.
[info]  rtt = 6.235 us.
[info]  rtt = 6.113 us.
[info]  rtt = 6.245 us.
[info]  rtt = 6.045 us.
[info]  rtt = 6.197 us.
[info]  rtt = 6.137 us.
[info]  rtt = 6.269 us.
[info]  rtt = 6.093 us.
[info]  rtt = 6.274 us.
[info]  rtt = 6.293 us.
[info]  rtt = 6.105 us.
[info]  rtt = 6.187 us.
[info]  rtt = 6.274 us.
[info]  rtt = 6.207 us.
[info]  rtt = 6.243 us.
[info]  rtt = 6.139 us.
[info]  rtt = 6.186 us.
[info]  rtt = 6.113 us.
[info]  rtt = 6.281 us.
[info]  rtt = 6.092 us.
[info]  rtt = 6.352 us.
[info]  rtt = 6.516 us.
[info]  rtt = 6.065 us.
[info]  rtt = 6.178 us.
[info]  rtt = 6.175 us.
[info]  rtt = 6.458 us.
[info]  rtt = 6.091 us.
[info]  rtt = 6.278 us.
[info]  rtt = 6.2 us.
[info]  rtt = 6.267 us.
[info]  rtt = 6.272 us.
[info]  rtt = 6.247 us.
[info]  rtt = 6.324 us.
[info]  rtt = 6.414 us.
[info]  rtt = 6.141 us.
[info]  rtt = 6.431 us.
[info]  rtt = 6.453 us.
[info]  rtt = 6.178 us.
[info]  rtt = 6.183 us.
[info]  rtt = 6.124 us.
[info]  rtt = 6.231 us.
[info]  rtt = 6.405 us.
[info]  rtt = 6.319 us.
[info]  rtt = 6.115 us.
[info]  rtt = 6.107 us.
[info]  rtt = 6.128 us.
[info]  rtt = 6.185 us.
[info]  rtt = 6.167 us.
[info]  rtt = 6.165 us.
[info]  rtt = 6.12 us.
[info]  rtt = 6.286 us.
[info]  rtt = 6.225 us.
[info]  rtt = 6.354 us.
[info]  rtt = 6.238 us.
[info]  rtt = 6.116 us.
[info]  rtt = 6.132 us.
[info]  rtt = 10.323 us.
[info]  rtt = 6.261 us.
[info]  rtt = 6.265 us.
[info]  rtt = 6.187 us.
[info]  rtt = 6.159 us.
[info]  rtt = 6.241 us.
[info]  rtt = 6.237 us.
[info]  rtt = 6.358 us.
[info]  rtt = 6.198 us.
[info]  rtt = 6.25 us.
[info]  rtt = 6.356 us.
[info]  rtt = 6.491 us.
[info]  rtt = 6.508 us.
[info]  rtt = 6.245 us.
[info]  rtt = 6.124 us.
[info]  rtt = 6.182 us.
[info]  rtt = 6.201 us.
[info]  rtt = 6.186 us.
[info]  rtt = 6.346 us.
[info]  rtt = 6.167 us.
[info]  rtt = 6.249 us.
[info]  rtt = 6.322 us.
[info]  rtt = 6.223 us.
[info]  rtt = 6.164 us.
[info]  rtt = 6.269 us.
[info]  rtt = 6.149 us.
[info]  rtt = 6.149 us.
[info]  rtt = 6.162 us.
[info]  rtt = 6.391 us.
[info]  rtt = 6.617 us.
[info]  rtt = 6.521 us.
[info]  rtt = 6.295 us.
[info]  rtt = 6.27 us.
[info]  rtt = 6.174 us.
[info]  rtt = 6.313 us.
[info]  rtt = 6.194 us.
[info]  rtt = 6.224 us.
[info]  rtt = 6.227 us.
[info]  rtt = 6.206 us.
[info]  rtt = 6.167 us.
[info]  rtt = 6.138 us.
[info]  rtt = 6.134 us.
[info]  rtt = 6.14 us.
[info]  rtt = 6.093 us.
[info]  rtt = 6.111 us.
[info]  rtt = 6.296 us.
[info]  rtt = 6.115 us.
[info]  rtt = 6.142 us.
[info]  rtt = 6.308 us.
[info]  rtt = 6.212 us.
[info]  rtt = 6.201 us.
[info]  rtt = 6.389 us.
[info]  rtt = 6.254 us.
[info]  rtt = 6.212 us.
[info]  rtt = 6.358 us.
[info]  rtt = 6.255 us.
[info]  rtt = 6.285 us.
[info]  rtt = 6.196 us.
[info]  rtt = 6.469 us.
[info]  rtt = 6.199 us.
[info]  rtt = 6.402 us.
[info]  rtt = 6.423 us.
[info]  rtt = 6.346 us.
[info]  rtt = 6.252 us.
[info]  rtt = 6.175 us.
[info]  rtt = 6.304 us.
[info]  rtt = 6.109 us.
[info]  rtt = 6.368 us.
[info]  rtt = 6.31 us.
[info]  rtt = 6.264 us.
[info]  rtt = 6.199 us.
[info]  rtt = 6.139 us.
[info]  rtt = 6.282 us.
[info]  rtt = 6.167 us.
[info]  rtt = 6.184 us.
[info]  rtt = 6.19 us.
[info]  rtt = 6.145 us.
[info]  rtt = 6.246 us.
[info]  rtt = 6.097 us.
[info]  rtt = 6.368 us.
[info]  rtt = 6.174 us.
[info]  rtt = 6.192 us.
[info]  rtt = 6.108 us.
[info]  rtt = 6.212 us.
[info]  rtt = 6.254 us.
[info]  rtt = 6.165 us.
[info]  rtt = 6.223 us.
[info]  rtt = 6.229 us.
[info]  rtt = 6.09 us.
[info]  rtt = 6.204 us.
[info]  rtt = 6.306 us.
[info]  rtt = 6.256 us.
[info]  rtt = 6.399 us.
[info]  rtt = 6.538 us.
[info]  rtt = 6.408 us.
[info]  rtt = 6.33 us.
[info]  rtt = 6.532 us.
[info]  rtt = 6.128 us.
[info]  rtt = 6.22 us.
[info]  rtt = 6.104 us.
[info]  rtt = 6.206 us.
[info]  rtt = 6.359 us.
[info]  rtt = 6.15 us.
[info]  rtt = 6.342 us.
[info]  rtt = 6.328 us.
[info]  rtt = 6.239 us.
[info]  rtt = 6.446 us.
[info]  rtt = 6.213 us.
[info]  rtt = 6.19 us.
[info]  rtt = 6.099 us.
[info]  rtt = 6.114 us.
[info]  rtt = 5.995 us.
[info]  rtt = 6.082 us.
[info]  rtt = 6.323 us.
[info]  rtt = 6.201 us.
[info]  rtt = 6.323 us.
[info]  rtt = 6.187 us.
[info]  rtt = 6.195 us.
[info]  rtt = 6.312 us.
[info]  rtt = 6.171 us.
[info]  rtt = 6.18 us.
[info]  rtt = 6.132 us.
[info]  rtt = 6.202 us.
[info]  rtt = 6.249 us.
[info]  rtt = 6.357 us.
[info]  rtt = 6.317 us.
[info]  rtt = 6.253 us.
[info]  rtt = 6.251 us.
[info]  rtt = 6.327 us.
[info]  rtt = 6.133 us.
[info]  rtt = 6.247 us.
[info]  rtt = 6.129 us.
[info]  rtt = 6.103 us.
[info]  rtt = 6.198 us.
[info]  rtt = 6.329 us.
[info]  rtt = 6.27 us.
[info]  rtt = 6.15 us.
[info]  rtt = 6.227 us.
[info]  rtt = 6.574 us.
[info]  rtt = 6.378 us.
[info]  rtt = 6.183 us.
[info]  rtt = 6.097 us.
[info]  rtt = 6.118 us.
[info]  rtt = 6.252 us.
[info]  rtt = 6.171 us.
[info]  rtt = 6.173 us.
[info]  rtt = 6.32 us.
[info]  rtt = 6.311 us.
[info]  rtt = 6.078 us.
[info]  rtt = 6.185 us.
[info]  rtt = 6.187 us.
[info]  rtt = 6.159 us.
[info]  rtt = 6.276 us.
[info]  rtt = 6.304 us.
[info]  rtt = 6.058 us.
[info]  rtt = 6.185 us.
[info]  rtt = 6.488 us.
[info]  rtt = 6.351 us.
[info]  rtt = 6.12 us.
[info]  rtt = 6.09 us.
[info]  rtt = 6.068 us.
[info]  rtt = 6.408 us.
[info]  rtt = 6.092 us.
[info]  rtt = 6.127 us.
[info]  rtt = 6.223 us.
[info]  rtt = 6.174 us.
[info]  rtt = 6.477 us.
[info]  rtt = 6.423 us.
[info]  rtt = 6.134 us.
[info]  rtt = 6.138 us.
[info]  rtt = 6.148 us.
[info]  rtt = 6.118 us.
[info]  rtt = 6.131 us.
[info]  rtt = 6.282 us.
[info]  rtt = 6.173 us.
[info]  rtt = 6.144 us.
[info]  rtt = 6.182 us.
[info]  rtt = 6.298 us.
[info]  rtt = 6.139 us.
[info]  rtt = 6.115 us.
[info]  rtt = 6.113 us.
[info]  rtt = 6.382 us.
[info]  rtt = 6.2 us.
[info]  rtt = 6.355 us.
[info]  rtt = 6.286 us.
[info]  rtt = 6.141 us.
[info]  rtt = 6.282 us.
[info]  rtt = 6.186 us.
[info]  rtt = 6.403 us.
[info]  rtt = 6.348 us.
[info]  rtt = 6.261 us.
[info]  rtt = 6.215 us.
[info]  rtt = 6.176 us.
[info]  rtt = 6.171 us.
[info]  rtt = 6.249 us.
[info]  rtt = 6.238 us.
[info]  rtt = 6.35 us.
[info]  rtt = 6.105 us.
[info]  rtt = 6.336 us.
[info]  rtt = 6.121 us.
[info]  rtt = 6.31 us.
[info]  rtt = 6.241 us.
[info]  rtt = 6.282 us.
[info]  rtt = 6.299 us.
[info]  rtt = 6.374 us.
[info]  rtt = 6.186 us.
[info]  rtt = 6.356 us.
[info]  rtt = 6.121 us.
[info]  rtt = 6.201 us.
[info]  rtt = 6.173 us.
[info]  rtt = 6.106 us.
[info]  rtt = 6.159 us.
[info]  rtt = 6.133 us.
[info]  rtt = 6.129 us.
[info]  rtt = 6.092 us.
[info]  rtt = 6.396 us.
[info]  rtt = 6.373 us.
[info]  rtt = 6.34 us.
[info]  rtt = 6.049 us.
[info]  rtt = 6.231 us.
[info]  rtt = 6.352 us.
[info]  rtt = 6.3 us.
[info]  rtt = 6.162 us.
[info]  rtt = 6.106 us.
[info]  rtt = 6.086 us.
[info]  rtt = 6.513 us.
[info]  rtt = 6.355 us.
[info]  rtt = 6.278 us.
[info]  rtt = 6.288 us.
[info]  rtt = 6.075 us.
[info]  rtt = 6.235 us.
[info]  rtt = 6.118 us.
[info]  rtt = 6.631 us.
[info]  rtt = 6.348 us.
[info]  rtt = 6.216 us.
[info]  rtt = 10.251 us.
[info]  rtt = 6.3 us.
[info]  rtt = 6.247 us.
[info]  rtt = 6.242 us.
[info]  rtt = 6.182 us.
[info]  rtt = 6.133 us.
[info]  rtt = 6.083 us.
[info]  rtt = 6.131 us.
[info]  rtt = 6.105 us.
[info]  rtt = 6.094 us.
[info]  rtt = 6.411 us.
[info]  rtt = 6.175 us.
[info]  rtt = 6.183 us.
[info]  rtt = 6.371 us.
[info]  rtt = 6.25 us.
[info]  rtt = 6.387 us.
[info]  rtt = 6.448 us.
[info]  rtt = 6.532 us.
[info]  rtt = 6.16 us.
[info]  rtt = 6.183 us.
[info]  rtt = 6.231 us.
[info]  rtt = 6.357 us.
[info]  rtt = 6.311 us.
[info]  rtt = 6.409 us.
[info]  rtt = 6.138 us.
[info]  rtt = 6.252 us.
[info]  rtt = 6.138 us.
[info]  rtt = 6.206 us.
[info]  rtt = 6.273 us.
[info]  rtt = 6.153 us.
[info]  rtt = 6.04 us.
[info]  rtt = 6.389 us.
[info]  rtt = 6.165 us.
[info]  rtt = 6.191 us.
[info]  rtt = 6.385 us.
[info]  rtt = 6.035 us.
[info]  rtt = 6.098 us.
[info]  rtt = 6.361 us.
[info]  average: 6.31693 us. median: 6.241 us. mode: 6.182000,6.200000,6.201000,6.231000 us. min: 5.955 us. max: 12.317 us. per 1024 samples, packet size: 344 bytes / payload size: 302 bytes 
[debug]  
	Total number of successfully received packets: 1045
	Total number of successfully transmitted packets: 1045
	Total number of successfully received bytes: 359196
	Total number of successfully transmitted bytes: 359178
	missed : 0 from : 1045 - 0%
	Total number of erroneous received packets: 0
	Total number of failed transmitted packets: 0
	Total number of Rx mbuf allocation failures: 0
		0 Total number of queue Rx packets : 1045
		0 Total number of successfully received queue bytes : 359196
		0 Total number of queue packets received that are dropped : 0
		0 Total number of queue Tx packets : 1045
		0 Total number of successfully transmitted queue bytes : 359178
