[debug]  lo
	00:00:00:00:00:00
	127.0.0.1
[debug]  enp6s0f0np0
	08:BF:B8:05:53:91
	192.168.13.1
[debug]  enp6s0f1np1
	08:BF:B8:05:53:90
	192.168.13.2
[debug]  ens8191f0np0
	EC:0D:9A:98:B2:D2
	192.168.13.31
[debug]  enxeee71d281d2c
	EE:E7:1D:28:1D:2C
[debug]  ens8191f1np1
	EC:0D:9A:98:B2:D3
	192.168.13.32
[debug]  enp64s0f0np0
	B8:CE:F6:8C:E3:B4
	192.168.13.21
[debug]  enp64s0f1np1
	B8:CE:F6:8C:E3:B5
	192.168.13.22
[debug]  wlx0013ef500a9c
	00:13:EF:50:0A:9C
[debug]  enp148s0f0np0
	00:0F:53:63:4C:E0
	192.168.13.41
[debug]  enp148s0f1np1
	00:0F:53:63:4C:E1
	192.168.13.42
[debug]  enp106s0f0np0
	40:A6:B7:96:E7:A0
	192.168.13.11
[debug]  enp106s0f1np1
	40:A6:B7:96:E7:A1
	192.168.13.12
[debug]  enp64s0f1np1 (mlx5_pci) port: 0 - B8:CE:F6:8C:E3:B5[192.168.13.22]
{
	svc_tx_n : 1
	rx_flow_queues : 0
	next_src_port : 5000 (0x1388)
	rx_reconfig_hint : 65000 (0xfde8)
	clock_hz : 1000000000 (0x3b9aca00)
	info : {
		min_mtu : 46 (0x2e)
		max_mtu : 65535 (0xffff)
		min_rx_bufsize : 32 (0x20)
		max_rx_bufsize : 4294967295 (0xffffffff)
		max_rx_pktlen : 65536 (0x10000)
		max_lro_pkt_size : 65280 (0xff00)
		max_rx_queues : 1024 (0x400)
		max_tx_queues : 1024 (0x400)
		max_mac_addrs : 128 (0x80)
		max_hash_mac_addrs : 0
		max_vfs : 0
		max_vmdq_pools : 0
		rx_offload_capa : 18621f:RTE_ETH_RX_OFFLOAD_VLAN_STRIP|RTE_ETH_RX_OFFLOAD_IPV4_CKSUM|RTE_ETH_RX_OFFLOAD_UDP_CKSUM|RTE_ETH_RX_OFFLOAD_TCP_CKSUM|RTE_ETH_RX_OFFLOAD_TCP_LRO|RTE_ETH_RX_OFFLOAD_VLAN_FILTER|RTE_ETH_RX_OFFLOAD_SCATTER|RTE_ETH_RX_OFFLOAD_TIMESTAMP|RTE_ETH_RX_OFFLOAD_RSS_HASH|RTE_ETH_RX_OFFLOAD_BUFFER_SPLIT
		tx_offload_capa : d96af:RTE_ETH_TX_OFFLOAD_VLAN_INSERT|RTE_ETH_TX_OFFLOAD_IPV4_CKSUM|RTE_ETH_TX_OFFLOAD_UDP_CKSUM|RTE_ETH_TX_OFFLOAD_TCP_CKSUM|RTE_ETH_TX_OFFLOAD_TCP_TSO|RTE_ETH_TX_OFFLOAD_OUTER_IPV4_CKSUM|RTE_ETH_TX_OFFLOAD_VXLAN_TNL_TSO|RTE_ETH_TX_OFFLOAD_GRE_TNL_TSO|RTE_ETH_TX_OFFLOAD_GENEVE_TNL_TSO|RTE_ETH_TX_OFFLOAD_MULTI_SEGS|RTE_ETH_TX_OFFLOAD_MBUF_FAST_FREE|RTE_ETH_TX_OFFLOAD_UDP_TNL_TSO|RTE_ETH_TX_OFFLOAD_IP_TNL_TSO
		rx_queue_offload_capa : 18601f:RTE_ETH_RX_OFFLOAD_VLAN_STRIP|RTE_ETH_RX_OFFLOAD_IPV4_CKSUM|RTE_ETH_RX_OFFLOAD_UDP_CKSUM|RTE_ETH_RX_OFFLOAD_TCP_CKSUM|RTE_ETH_RX_OFFLOAD_TCP_LRO|RTE_ETH_RX_OFFLOAD_SCATTER|RTE_ETH_RX_OFFLOAD_TIMESTAMP|RTE_ETH_RX_OFFLOAD_RSS_HASH|RTE_ETH_RX_OFFLOAD_BUFFER_SPLIT
		tx_queue_offload_capa : 0
		reta_size : 512 (0x200)
		rss_algo_capa : 1
		flow_type_rss_offloads : 134459324 (0x803afbc)
		default_rxconf : {
			rx_thresh : {
				pthresh : 0
				hthresh : 0
				wthresh : 0
			}
			rx_free_thresh : 0
			rx_drop_en : 0
			rx_deferred_start : 0
			rx_nseg : 0
			share_group : 0
			share_qid : 0
			offloads : 0
			rx_nmempool : 0
		}
		default_txconf : {
			tx_thresh : {
				pthresh : 0
				hthresh : 0
				wthresh : 0
			}
			tx_rs_thresh : 0
			tx_free_thresh : 0
			tx_deferred_start : 0
			offloads : 0
		}
		vmdq_queue_base : 0
		vmdq_queue_num : 0
		vmdq_pool_base : 0
		rx_desc_lim : {
			nb_max : 32768 (0x8000)
			nb_min : 0
			nb_align : 1
			nb_seg_max : 65535 (0xffff)
			nb_mtu_seg_max : 65535 (0xffff)
		}
		tx_desc_lim : {
			nb_max : 32768 (0x8000)
			nb_min : 0
			nb_align : 1
			nb_seg_max : 40 (0x28)
			nb_mtu_seg_max : 40 (0x28)
		}
		speed_capa : 1312 (0x520)
		nb_rx_queues : 0
		nb_tx_queues : 0
		default_rxportconf : {
			burst_size : 1
			ring_size : 256 (0x100)
			nb_queues : 1
		}
		default_txportconf : {
			burst_size : 1
			ring_size : 256 (0x100)
			nb_queues : 1
		}
		dev_capa : 20 (0x14)
	}
	effective_offload : {
		rx : 18621f:RTE_ETH_RX_OFFLOAD_VLAN_STRIP|RTE_ETH_RX_OFFLOAD_IPV4_CKSUM|RTE_ETH_RX_OFFLOAD_UDP_CKSUM|RTE_ETH_RX_OFFLOAD_TCP_CKSUM|RTE_ETH_RX_OFFLOAD_TCP_LRO|RTE_ETH_RX_OFFLOAD_VLAN_FILTER|RTE_ETH_RX_OFFLOAD_SCATTER|RTE_ETH_RX_OFFLOAD_TIMESTAMP|RTE_ETH_RX_OFFLOAD_RSS_HASH|RTE_ETH_RX_OFFLOAD_BUFFER_SPLIT
		tx : d96af:RTE_ETH_TX_OFFLOAD_VLAN_INSERT|RTE_ETH_TX_OFFLOAD_IPV4_CKSUM|RTE_ETH_TX_OFFLOAD_UDP_CKSUM|RTE_ETH_TX_OFFLOAD_TCP_CKSUM|RTE_ETH_TX_OFFLOAD_TCP_TSO|RTE_ETH_TX_OFFLOAD_OUTER_IPV4_CKSUM|RTE_ETH_TX_OFFLOAD_VXLAN_TNL_TSO|RTE_ETH_TX_OFFLOAD_GRE_TNL_TSO|RTE_ETH_TX_OFFLOAD_GENEVE_TNL_TSO|RTE_ETH_TX_OFFLOAD_MULTI_SEGS|RTE_ETH_TX_OFFLOAD_MBUF_FAST_FREE|RTE_ETH_TX_OFFLOAD_UDP_TNL_TSO|RTE_ETH_TX_OFFLOAD_IP_TNL_TSO
	}
	tx_rings : 65535 (0xffff)
	rx_meta_features : 3:RTE_ETH_RX_METADATA_USER_FLAG|RTE_ETH_RX_METADATA_USER_MARK
	features : 0000000000000000000000000000000000000000000000000000000000000110
}	will run on socket 0 - 11 cores : [26 17 18 19 20 21 22 23 24 25 16 ]
[debug]  enp64s0f1np1 port: 0 - requested offloads : 18621f:RTE_ETH_RX_OFFLOAD_VLAN_STRIP|RTE_ETH_RX_OFFLOAD_IPV4_CKSUM|RTE_ETH_RX_OFFLOAD_UDP_CKSUM|RTE_ETH_RX_OFFLOAD_TCP_CKSUM|RTE_ETH_RX_OFFLOAD_TCP_LRO|RTE_ETH_RX_OFFLOAD_VLAN_FILTER|RTE_ETH_RX_OFFLOAD_SCATTER|RTE_ETH_RX_OFFLOAD_TIMESTAMP|RTE_ETH_RX_OFFLOAD_RSS_HASH|RTE_ETH_RX_OFFLOAD_BUFFER_SPLIT
[debug]  clock frequency 1000000000 hz
[debug]  port 0 : 192.168.13.22 - link speed 25 Gbps
[debug]  starting up 1 rx queue(s)...
[info]  obtaining mac address for 192.168.13.21...
[info]  192.168.13.21 : B8:CE:F6:8C:E3:B4
[debug]  creating sockperf packets memory pool : 4095 cache_size : 16
[info]  warming up...
[info]  performing latency test ...
[info]  rtt = 8.658 us.
[info]  rtt = 9.094 us.
[info]  rtt = 8.558 us.
[info]  rtt = 8.436 us.
[info]  rtt = 8.921 us.
[info]  rtt = 8.938 us.
[info]  rtt = 8.34 us.
[info]  rtt = 8.421 us.
[info]  rtt = 7.156 us.
[info]  rtt = 7.495 us.
[info]  rtt = 7.108 us.
[info]  rtt = 7.168 us.
[info]  rtt = 7.217 us.
[info]  rtt = 7.007 us.
[info]  rtt = 13.198 us.
[info]  rtt = 9.108 us.
[info]  rtt = 7.101 us.
[info]  rtt = 7.011 us.
[info]  rtt = 7.161 us.
[info]  rtt = 7.419 us.
[info]  rtt = 6.916 us.
[info]  rtt = 7.133 us.
[info]  rtt = 7.203 us.
[info]  rtt = 7.033 us.
[info]  rtt = 7.261 us.
[info]  rtt = 7.263 us.
[info]  rtt = 7.247 us.
[info]  rtt = 7.131 us.
[info]  rtt = 7.198 us.
[info]  rtt = 7.184 us.
[info]  rtt = 6.999 us.
[info]  rtt = 7.163 us.
[info]  rtt = 6.929 us.
[info]  rtt = 7.251 us.
[info]  rtt = 10.698 us.
[info]  rtt = 7.294 us.
[info]  rtt = 7.175 us.
[info]  rtt = 7.086 us.
[info]  rtt = 7.156 us.
[info]  rtt = 7.136 us.
[info]  rtt = 7.521 us.
[info]  rtt = 7.147 us.
[info]  rtt = 7.32 us.
[info]  rtt = 6.903 us.
[info]  rtt = 7.355 us.
[info]  rtt = 7.377 us.
[info]  rtt = 7.478 us.
[info]  rtt = 7.453 us.
[info]  rtt = 7.127 us.
[info]  rtt = 7.287 us.
[info]  rtt = 7.091 us.
[info]  rtt = 7.085 us.
[info]  rtt = 7.209 us.
[info]  rtt = 7.031 us.
[info]  rtt = 7.334 us.
[info]  rtt = 7.252 us.
[info]  rtt = 7.321 us.
[info]  rtt = 7.13 us.
[info]  rtt = 7.123 us.
[info]  rtt = 7.36 us.
[info]  rtt = 7.16 us.
[info]  rtt = 7.359 us.
[info]  rtt = 7.22 us.
[info]  rtt = 7.144 us.
[info]  rtt = 7.233 us.
[info]  rtt = 6.945 us.
[info]  rtt = 7.351 us.
[info]  rtt = 8.137 us.
[info]  rtt = 7.451 us.
[info]  rtt = 7.351 us.
[info]  rtt = 7.273 us.
[info]  rtt = 7.273 us.
[info]  rtt = 7.3 us.
[info]  rtt = 7.221 us.
[info]  rtt = 7.387 us.
[info]  rtt = 7.273 us.
[info]  rtt = 7.303 us.
[info]  rtt = 7.609 us.
[info]  rtt = 7.277 us.
[info]  rtt = 7.477 us.
[info]  rtt = 7.188 us.
[info]  rtt = 7.222 us.
[info]  rtt = 7.257 us.
[info]  rtt = 7.387 us.
[info]  rtt = 7.069 us.
[info]  rtt = 7.232 us.
[info]  rtt = 7.346 us.
[info]  rtt = 7.423 us.
[info]  rtt = 7.393 us.
[info]  rtt = 7.263 us.
[info]  rtt = 7.387 us.
[info]  rtt = 8.073 us.
[info]  rtt = 7.658 us.
[info]  rtt = 7.467 us.
[info]  rtt = 7.446 us.
[info]  rtt = 7.501 us.
[info]  rtt = 7.188 us.
[info]  rtt = 7.561 us.
[info]  rtt = 7.342 us.
[info]  rtt = 7.251 us.
[info]  rtt = 7.285 us.
[info]  rtt = 7.45 us.
[info]  rtt = 7.398 us.
[info]  rtt = 7.277 us.
[info]  rtt = 7.811 us.
[info]  rtt = 7.09 us.
[info]  rtt = 11.203 us.
[info]  rtt = 7.339 us.
[info]  rtt = 7.188 us.
[info]  rtt = 7.715 us.
[info]  rtt = 7.087 us.
[info]  rtt = 9.177 us.
[info]  rtt = 7.109 us.
[info]  rtt = 7.15 us.
[info]  rtt = 7.312 us.
[info]  rtt = 7.103 us.
[info]  rtt = 7.666 us.
[info]  rtt = 7.143 us.
[info]  rtt = 7.204 us.
[info]  rtt = 7.048 us.
[info]  rtt = 7.626 us.
[info]  rtt = 7.287 us.
[info]  rtt = 7.198 us.
[info]  rtt = 7.3 us.
[info]  rtt = 7.098 us.
[info]  rtt = 7.263 us.
[info]  rtt = 7.118 us.
[info]  rtt = 8.435 us.
[info]  rtt = 7.371 us.
[info]  rtt = 7.067 us.
[info]  rtt = 7.511 us.
[info]  rtt = 7.211 us.
[info]  rtt = 7.337 us.
[info]  rtt = 7.423 us.
[info]  rtt = 7.075 us.
[info]  rtt = 7.322 us.
[info]  rtt = 7.179 us.
[info]  rtt = 7.526 us.
[info]  rtt = 7.173 us.
[info]  rtt = 7.332 us.
[info]  rtt = 7.228 us.
[info]  rtt = 7.564 us.
[info]  rtt = 7.214 us.
[info]  rtt = 7.605 us.
[info]  rtt = 7.321 us.
[info]  rtt = 7.105 us.
[info]  rtt = 7.553 us.
[info]  rtt = 7.777 us.
[info]  rtt = 7.311 us.
[info]  rtt = 7.349 us.
[info]  rtt = 7.123 us.
[info]  rtt = 7.516 us.
[info]  rtt = 7.081 us.
[info]  rtt = 7.331 us.
[info]  rtt = 7.34 us.
[info]  rtt = 7.099 us.
[info]  rtt = 7.251 us.
[info]  rtt = 9.964 us.
[info]  rtt = 7.276 us.
[info]  rtt = 7.286 us.
[info]  rtt = 7.23 us.
[info]  rtt = 7.355 us.
[info]  rtt = 7.499 us.
[info]  rtt = 7.238 us.
[info]  rtt = 7.138 us.
[info]  rtt = 7.43 us.
[info]  rtt = 7.382 us.
[info]  rtt = 7.119 us.
[info]  rtt = 7.854 us.
[info]  rtt = 7.334 us.
[info]  rtt = 7.317 us.
[info]  rtt = 7.174 us.
[info]  rtt = 7.277 us.
[info]  rtt = 7.247 us.
[info]  rtt = 7.524 us.
[info]  rtt = 7.561 us.
[info]  rtt = 7.45 us.
[info]  rtt = 7.202 us.
[info]  rtt = 8.612 us.
[info]  rtt = 7.169 us.
[info]  rtt = 7.318 us.
[info]  rtt = 7.297 us.
[info]  rtt = 7.348 us.
[info]  rtt = 7.287 us.
[info]  rtt = 7.218 us.
[info]  rtt = 7.235 us.
[info]  rtt = 7.258 us.
[info]  rtt = 7.203 us.
[info]  rtt = 7.58 us.
[info]  rtt = 7.337 us.
[info]  rtt = 7.375 us.
[info]  rtt = 7.3 us.
[info]  rtt = 7.235 us.
[info]  rtt = 7.176 us.
[info]  rtt = 7.197 us.
[info]  rtt = 7.222 us.
[info]  rtt = 7.336 us.
[info]  rtt = 7.135 us.
[info]  rtt = 7.335 us.
[info]  rtt = 7.175 us.
[info]  rtt = 7.31 us.
[info]  rtt = 7.367 us.
[info]  rtt = 7.09 us.
[info]  rtt = 7.545 us.
[info]  rtt = 7.288 us.
[info]  rtt = 7.388 us.
[info]  rtt = 7.496 us.
[info]  rtt = 7.25 us.
[info]  rtt = 7.233 us.
[info]  rtt = 7.13 us.
[info]  rtt = 7.255 us.
[info]  rtt = 7.448 us.
[info]  rtt = 7.235 us.
[info]  rtt = 7.573 us.
[info]  rtt = 7.706 us.
[info]  rtt = 7.364 us.
[info]  rtt = 7.423 us.
[info]  rtt = 7.097 us.
[info]  rtt = 7.451 us.
[info]  rtt = 7.092 us.
[info]  rtt = 7.563 us.
[info]  rtt = 7.027 us.
[info]  rtt = 7.479 us.
[info]  rtt = 7.108 us.
[info]  rtt = 7.256 us.
[info]  rtt = 7.455 us.
[info]  rtt = 7.186 us.
[info]  rtt = 8.286 us.
[info]  rtt = 7.085 us.
[info]  rtt = 7.291 us.
[info]  rtt = 7.156 us.
[info]  rtt = 7.505 us.
[info]  rtt = 8.012 us.
[info]  rtt = 7.354 us.
[info]  rtt = 7.315 us.
[info]  rtt = 7.226 us.
[info]  rtt = 7.294 us.
[info]  rtt = 7.042 us.
[info]  rtt = 7.511 us.
[info]  rtt = 7.942 us.
[info]  rtt = 7.468 us.
[info]  rtt = 7.464 us.
[info]  rtt = 7.431 us.
[info]  rtt = 7.477 us.
[info]  rtt = 7.124 us.
[info]  rtt = 7.407 us.
[info]  rtt = 7.358 us.
[info]  rtt = 7.203 us.
[info]  rtt = 7.549 us.
[info]  rtt = 7.248 us.
[info]  rtt = 7.461 us.
[info]  rtt = 7.04 us.
[info]  rtt = 7.451 us.
[info]  rtt = 7.201 us.
[info]  rtt = 7.428 us.
[info]  rtt = 7.31 us.
[info]  rtt = 7.496 us.
[info]  rtt = 7.328 us.
[info]  rtt = 7.178 us.
[info]  rtt = 7.111 us.
[info]  rtt = 7.037 us.
[info]  rtt = 7.366 us.
[info]  rtt = 7.188 us.
[info]  rtt = 7.596 us.
[info]  rtt = 7.296 us.
[info]  rtt = 7.439 us.
[info]  rtt = 7.271 us.
[info]  rtt = 7.189 us.
[info]  rtt = 7.423 us.
[info]  rtt = 7.216 us.
[info]  rtt = 7.277 us.
[info]  rtt = 7.364 us.
[info]  rtt = 7.387 us.
[info]  rtt = 7.532 us.
[info]  rtt = 7.433 us.
[info]  rtt = 7.69 us.
[info]  rtt = 7.274 us.
[info]  rtt = 7.384 us.
[info]  rtt = 7.402 us.
[info]  rtt = 7.162 us.
[info]  rtt = 7.269 us.
[info]  rtt = 7.213 us.
[info]  rtt = 7.524 us.
[info]  rtt = 7.293 us.
[info]  rtt = 7.279 us.
[info]  rtt = 7.359 us.
[info]  rtt = 7.119 us.
[info]  rtt = 7.469 us.
[info]  rtt = 7.369 us.
[info]  rtt = 7.179 us.
[info]  rtt = 7.57 us.
[info]  rtt = 7.336 us.
[info]  rtt = 7.201 us.
[info]  rtt = 7.407 us.
[info]  rtt = 7.476 us.
[info]  rtt = 7.268 us.
[info]  rtt = 7.522 us.
[info]  rtt = 7.639 us.
[info]  rtt = 7.204 us.
[info]  rtt = 7.259 us.
[info]  rtt = 7.371 us.
[info]  rtt = 7.237 us.
[info]  rtt = 7.553 us.
[info]  rtt = 7.609 us.
[info]  rtt = 7.482 us.
[info]  rtt = 7.193 us.
[info]  rtt = 7.21 us.
[info]  rtt = 7.561 us.
[info]  rtt = 7.199 us.
[info]  rtt = 7.224 us.
[info]  rtt = 7.113 us.
[info]  rtt = 7.369 us.
[info]  rtt = 7.835 us.
[info]  rtt = 7.454 us.
[info]  rtt = 7.236 us.
[info]  rtt = 7.16 us.
[info]  rtt = 7.319 us.
[info]  rtt = 7.119 us.
[info]  rtt = 7.417 us.
[info]  rtt = 7.153 us.
[info]  rtt = 7.269 us.
[info]  rtt = 7.459 us.
[info]  rtt = 7.168 us.
[info]  rtt = 7.467 us.
[info]  rtt = 7.336 us.
[info]  rtt = 7.392 us.
[info]  rtt = 7.428 us.
[info]  rtt = 7.227 us.
[info]  rtt = 7.553 us.
[info]  rtt = 7.054 us.
[info]  rtt = 7.437 us.
[info]  rtt = 7.16 us.
[info]  rtt = 7.322 us.
[info]  rtt = 7.311 us.
[info]  rtt = 7.066 us.
[info]  rtt = 7.868 us.
[info]  rtt = 7.193 us.
[info]  rtt = 7.778 us.
[info]  rtt = 7.264 us.
[info]  rtt = 7.796 us.
[info]  rtt = 7.201 us.
[info]  rtt = 7.485 us.
[info]  rtt = 7.221 us.
[info]  rtt = 7.657 us.
[info]  rtt = 7.56 us.
[info]  rtt = 7.18 us.
[info]  rtt = 7.378 us.
[info]  rtt = 7.427 us.
[info]  rtt = 7.474 us.
[info]  rtt = 7.296 us.
[info]  rtt = 7.549 us.
[info]  rtt = 7.271 us.
[info]  rtt = 7.311 us.
[info]  rtt = 7.418 us.
[info]  rtt = 7.255 us.
[info]  rtt = 7.43 us.
[info]  rtt = 7.24 us.
[info]  rtt = 7.244 us.
[info]  rtt = 7.585 us.
[info]  rtt = 7.138 us.
[info]  rtt = 7.514 us.
[info]  rtt = 7.441 us.
[info]  rtt = 7.216 us.
[info]  rtt = 7.497 us.
[info]  rtt = 7.323 us.
[info]  rtt = 7.471 us.
[info]  rtt = 7.489 us.
[info]  rtt = 7.375 us.
[info]  rtt = 7.368 us.
[info]  rtt = 7.178 us.
[info]  rtt = 7.382 us.
[info]  rtt = 7.169 us.
[info]  rtt = 7.232 us.
[info]  rtt = 7.252 us.
[info]  rtt = 7.154 us.
[info]  rtt = 7.543 us.
[info]  rtt = 7.204 us.
[info]  rtt = 7.175 us.
[info]  rtt = 7.231 us.
[info]  rtt = 7.014 us.
[info]  rtt = 7.452 us.
[info]  rtt = 7.232 us.
[info]  rtt = 7.214 us.
[info]  rtt = 7.229 us.
[info]  rtt = 7.357 us.
[info]  rtt = 7.515 us.
[info]  rtt = 7.267 us.
[info]  rtt = 7.587 us.
[info]  rtt = 7.181 us.
[info]  rtt = 7.132 us.
[info]  rtt = 7.116 us.
[info]  rtt = 7.071 us.
[info]  rtt = 7.513 us.
[info]  rtt = 7.375 us.
[info]  rtt = 7.44 us.
[info]  rtt = 7.279 us.
[info]  rtt = 7.141 us.
[info]  rtt = 7.182 us.
[info]  rtt = 7.165 us.
[info]  rtt = 7.283 us.
[info]  rtt = 7.35 us.
[info]  rtt = 7.333 us.
[info]  rtt = 7.058 us.
[info]  rtt = 7.209 us.
[info]  rtt = 7.267 us.
[info]  rtt = 7.294 us.
[info]  rtt = 7.297 us.
[info]  rtt = 7.048 us.
[info]  rtt = 7.348 us.
[info]  rtt = 7.382 us.
[info]  rtt = 7.728 us.
[info]  rtt = 7.19 us.
[info]  rtt = 7.289 us.
[info]  rtt = 7.372 us.
[info]  rtt = 7.212 us.
[info]  rtt = 7.369 us.
[info]  rtt = 7.433 us.
[info]  rtt = 7.363 us.
[info]  rtt = 7.275 us.
[info]  rtt = 7.151 us.
[info]  rtt = 7.248 us.
[info]  rtt = 7.032 us.
[info]  rtt = 7.31 us.
[info]  rtt = 7.32 us.
[info]  rtt = 7.423 us.
[info]  rtt = 7.215 us.
[info]  rtt = 7.391 us.
[info]  rtt = 7.28 us.
[info]  rtt = 7.221 us.
[info]  rtt = 7.282 us.
[info]  rtt = 7.426 us.
[info]  rtt = 7.251 us.
[info]  rtt = 7.329 us.
[info]  rtt = 7.194 us.
[info]  rtt = 7.211 us.
[info]  rtt = 7.658 us.
[info]  rtt = 7.156 us.
[info]  rtt = 7.307 us.
[info]  rtt = 7.106 us.
[info]  rtt = 7.159 us.
[info]  rtt = 7.297 us.
[info]  rtt = 7.05 us.
[info]  rtt = 7.23 us.
[info]  rtt = 7.342 us.
[info]  rtt = 7.424 us.
[info]  rtt = 7.277 us.
[info]  rtt = 7.239 us.
[info]  rtt = 7.268 us.
[info]  rtt = 7.309 us.
[info]  rtt = 7.315 us.
[info]  rtt = 7.185 us.
[info]  rtt = 7.434 us.
[info]  rtt = 7.145 us.
[info]  rtt = 7.221 us.
[info]  rtt = 7.197 us.
[info]  rtt = 7.33 us.
[info]  rtt = 7.471 us.
[info]  rtt = 7.226 us.
[info]  rtt = 7.2 us.
[info]  rtt = 7.206 us.
[info]  rtt = 7.794 us.
[info]  rtt = 7.248 us.
[info]  rtt = 7.101 us.
[info]  rtt = 7.481 us.
[info]  rtt = 7.081 us.
[info]  rtt = 7.304 us.
[info]  rtt = 7.206 us.
[info]  rtt = 7.396 us.
[info]  rtt = 7.226 us.
[info]  rtt = 7.167 us.
[info]  rtt = 7.435 us.
[info]  rtt = 7.005 us.
[info]  rtt = 7.474 us.
[info]  rtt = 7.09 us.
[info]  rtt = 7.263 us.
[info]  rtt = 7.287 us.
[info]  rtt = 7.033 us.
[info]  rtt = 7.58 us.
[info]  rtt = 7.193 us.
[info]  rtt = 7.09 us.
[info]  rtt = 7.301 us.
[info]  rtt = 7.129 us.
[info]  rtt = 7.439 us.
[info]  rtt = 7.229 us.
[info]  rtt = 7.161 us.
[info]  rtt = 7.389 us.
[info]  rtt = 7.291 us.
[info]  rtt = 7.482 us.
[info]  rtt = 7.479 us.
[info]  rtt = 7.327 us.
[info]  rtt = 7.173 us.
[info]  rtt = 7.11 us.
[info]  rtt = 7.315 us.
[info]  rtt = 7.217 us.
[info]  rtt = 7.331 us.
[info]  rtt = 7.784 us.
[info]  rtt = 7.281 us.
[info]  rtt = 7.261 us.
[info]  rtt = 7.159 us.
[info]  rtt = 7.08 us.
[info]  rtt = 7.126 us.
[info]  rtt = 7.03 us.
[info]  rtt = 7.333 us.
[info]  rtt = 7.058 us.
[info]  rtt = 7.231 us.
[info]  rtt = 7.303 us.
[info]  rtt = 7.191 us.
[info]  rtt = 7.146 us.
[info]  rtt = 7.228 us.
[info]  rtt = 7.385 us.
[info]  rtt = 7.165 us.
[info]  rtt = 7.342 us.
[info]  rtt = 7.157 us.
[info]  rtt = 7.066 us.
[info]  rtt = 7.144 us.
[info]  rtt = 7.28 us.
[info]  rtt = 7.267 us.
[info]  rtt = 7.176 us.
[info]  rtt = 9.148 us.
[info]  rtt = 7.379 us.
[info]  rtt = 7.54 us.
[info]  rtt = 7.203 us.
[info]  rtt = 7.317 us.
[info]  rtt = 7.23 us.
[info]  rtt = 7.492 us.
[info]  rtt = 7.279 us.
[info]  rtt = 7.265 us.
[info]  rtt = 7.582 us.
[info]  rtt = 8.428 us.
[info]  rtt = 7.372 us.
[info]  rtt = 7.253 us.
[info]  rtt = 7.509 us.
[info]  rtt = 7.427 us.
[info]  rtt = 7.486 us.
[info]  rtt = 7.288 us.
[info]  rtt = 7.211 us.
[info]  rtt = 7.467 us.
[info]  rtt = 7.316 us.
[info]  rtt = 7.484 us.
[info]  rtt = 7.28 us.
[info]  rtt = 7.145 us.
[info]  rtt = 7.534 us.
[info]  rtt = 7.329 us.
[info]  rtt = 7.398 us.
[info]  rtt = 7.3 us.
[info]  rtt = 7.586 us.
[info]  rtt = 7.371 us.
[info]  rtt = 7.519 us.
[info]  rtt = 7.311 us.
[info]  rtt = 7.137 us.
[info]  rtt = 7.476 us.
[info]  rtt = 7.211 us.
[info]  rtt = 7.799 us.
[info]  rtt = 7.64 us.
[info]  rtt = 7.376 us.
[info]  rtt = 7.334 us.
[info]  rtt = 7.269 us.
[info]  rtt = 7.569 us.
[info]  rtt = 7.57 us.
[info]  rtt = 7.968 us.
[info]  rtt = 7.37 us.
[info]  rtt = 7.142 us.
[info]  rtt = 7.433 us.
[info]  rtt = 7.15 us.
[info]  rtt = 7.259 us.
[info]  rtt = 7.332 us.
[info]  rtt = 7.401 us.
[info]  rtt = 7.433 us.
[info]  rtt = 7.446 us.
[info]  rtt = 7.231 us.
[info]  rtt = 7.378 us.
[info]  rtt = 7.331 us.
[info]  rtt = 7.275 us.
[info]  rtt = 7.271 us.
[info]  rtt = 7.664 us.
[info]  rtt = 7.194 us.
[info]  rtt = 7.276 us.
[info]  rtt = 7.364 us.
[info]  rtt = 7.269 us.
[info]  rtt = 7.448 us.
[info]  rtt = 7.34 us.
[info]  rtt = 7.239 us.
[info]  rtt = 7.404 us.
[info]  rtt = 7.231 us.
[info]  rtt = 7.434 us.
[info]  rtt = 7.361 us.
[info]  rtt = 7.468 us.
[info]  rtt = 7.307 us.
[info]  rtt = 11.346 us.
[info]  rtt = 8.785 us.
[info]  rtt = 7.303 us.
[info]  rtt = 9.153 us.
[info]  rtt = 7.182 us.
[info]  rtt = 7.122 us.
[info]  rtt = 7.192 us.
[info]  rtt = 7.835 us.
[info]  rtt = 7.669 us.
[info]  rtt = 7.411 us.
[info]  rtt = 7.22 us.
[info]  rtt = 7.48 us.
[info]  rtt = 7.271 us.
[info]  rtt = 7.089 us.
[info]  rtt = 7.511 us.
[info]  rtt = 6.988 us.
[info]  rtt = 7.362 us.
[info]  rtt = 7.225 us.
[info]  rtt = 7.135 us.
[info]  rtt = 7.596 us.
[info]  rtt = 7.244 us.
[info]  rtt = 7.531 us.
[info]  rtt = 7.395 us.
[info]  rtt = 7.36 us.
[info]  rtt = 7.292 us.
[info]  rtt = 7.47 us.
[info]  rtt = 7.542 us.
[info]  rtt = 7.219 us.
[info]  rtt = 7.545 us.
[info]  rtt = 7.298 us.
[info]  rtt = 7.505 us.
[info]  rtt = 7.314 us.
[info]  rtt = 7.321 us.
[info]  rtt = 7.17 us.
[info]  rtt = 7.527 us.
[info]  rtt = 7.464 us.
[info]  rtt = 7.446 us.
[info]  rtt = 7.316 us.
[info]  rtt = 7.239 us.
[info]  rtt = 7.2 us.
[info]  rtt = 7.274 us.
[info]  rtt = 7.361 us.
[info]  rtt = 7.743 us.
[info]  rtt = 7.205 us.
[info]  rtt = 7.526 us.
[info]  rtt = 7.234 us.
[info]  rtt = 7.506 us.
[info]  rtt = 7.456 us.
[info]  rtt = 7.203 us.
[info]  rtt = 7.492 us.
[info]  rtt = 7.196 us.
[info]  rtt = 7.279 us.
[info]  rtt = 7.497 us.
[info]  rtt = 7.172 us.
[info]  rtt = 7.401 us.
[info]  rtt = 7.411 us.
[info]  rtt = 7.449 us.
[info]  rtt = 7.214 us.
[info]  rtt = 7.105 us.
[info]  rtt = 7.683 us.
[info]  rtt = 7.3 us.
[info]  rtt = 7.503 us.
[info]  rtt = 7.312 us.
[info]  rtt = 7.438 us.
[info]  rtt = 7.357 us.
[info]  rtt = 7.018 us.
[info]  rtt = 7.544 us.
[info]  rtt = 7.344 us.
[info]  rtt = 7.265 us.
[info]  rtt = 7.586 us.
[info]  rtt = 7.392 us.
[info]  rtt = 7.485 us.
[info]  rtt = 7.273 us.
[info]  rtt = 7.557 us.
[info]  rtt = 7.274 us.
[info]  rtt = 7.233 us.
[info]  rtt = 7.536 us.
[info]  rtt = 7.098 us.
[info]  rtt = 7.271 us.
[info]  rtt = 7.429 us.
[info]  rtt = 7.185 us.
[info]  rtt = 7.349 us.
[info]  rtt = 7.134 us.
[info]  rtt = 7.407 us.
[info]  rtt = 7.158 us.
[info]  rtt = 7.454 us.
[info]  rtt = 7.361 us.
[info]  rtt = 7.409 us.
[info]  rtt = 7.284 us.
[info]  rtt = 7.425 us.
[info]  rtt = 7.456 us.
[info]  rtt = 7.2 us.
[info]  rtt = 7.701 us.
[info]  rtt = 7.538 us.
[info]  rtt = 7.454 us.
[info]  rtt = 7.102 us.
[info]  rtt = 7.334 us.
[info]  rtt = 7.348 us.
[info]  rtt = 7.238 us.
[info]  rtt = 7.433 us.
[info]  rtt = 7.105 us.
[info]  rtt = 7.424 us.
[info]  rtt = 7.242 us.
[info]  rtt = 7.224 us.
[info]  rtt = 7.41 us.
[info]  rtt = 7.15 us.
[info]  rtt = 7.41 us.
[info]  rtt = 7.053 us.
[info]  rtt = 7.591 us.
[info]  rtt = 7.381 us.
[info]  rtt = 8.19 us.
[info]  rtt = 7.63 us.
[info]  rtt = 7.133 us.
[info]  rtt = 7.461 us.
[info]  rtt = 7.33 us.
[info]  rtt = 7.337 us.
[info]  rtt = 7.55 us.
[info]  rtt = 7.114 us.
[info]  rtt = 7.64 us.
[info]  rtt = 7.243 us.
[info]  rtt = 7.375 us.
[info]  rtt = 7.36 us.
[info]  rtt = 7.434 us.
[info]  rtt = 7.274 us.
[info]  rtt = 7.499 us.
[info]  rtt = 7.299 us.
[info]  rtt = 7.233 us.
[info]  rtt = 7.401 us.
[info]  rtt = 7.198 us.
[info]  rtt = 7.507 us.
[info]  rtt = 7.467 us.
[info]  rtt = 7.423 us.
[info]  rtt = 7.268 us.
[info]  rtt = 7.463 us.
[info]  rtt = 7.713 us.
[info]  rtt = 7.33 us.
[info]  rtt = 7.271 us.
[info]  rtt = 7.146 us.
[info]  rtt = 7.294 us.
[info]  rtt = 7.31 us.
[info]  rtt = 7.326 us.
[info]  rtt = 7.329 us.
[info]  rtt = 7.256 us.
[info]  rtt = 7.345 us.
[info]  rtt = 7.586 us.
[info]  rtt = 7.127 us.
[info]  rtt = 7.367 us.
[info]  rtt = 7.135 us.
[info]  rtt = 7.452 us.
[info]  rtt = 7.314 us.
[info]  rtt = 7.17 us.
[info]  rtt = 7.281 us.
[info]  rtt = 7.26 us.
[info]  rtt = 7.335 us.
[info]  rtt = 7.76 us.
[info]  rtt = 7.295 us.
[info]  rtt = 7.658 us.
[info]  rtt = 7.233 us.
[info]  rtt = 7.438 us.
[info]  rtt = 7.21 us.
[info]  rtt = 7.225 us.
[info]  rtt = 7.507 us.
[info]  rtt = 7.289 us.
[info]  rtt = 7.579 us.
[info]  rtt = 7.488 us.
[info]  rtt = 7.288 us.
[info]  rtt = 7.622 us.
[info]  rtt = 7.422 us.
[info]  rtt = 7.347 us.
[info]  rtt = 7.305 us.
[info]  rtt = 7.103 us.
[info]  rtt = 7.361 us.
[info]  rtt = 7.181 us.
[info]  rtt = 7.482 us.
[info]  rtt = 7.299 us.
[info]  rtt = 7.222 us.
[info]  rtt = 7.37 us.
[info]  rtt = 7.108 us.
[info]  rtt = 7.503 us.
[info]  rtt = 7.127 us.
[info]  rtt = 7.537 us.
[info]  rtt = 7.28 us.
[info]  rtt = 7.185 us.
[info]  rtt = 7.46 us.
[info]  rtt = 7.17 us.
[info]  rtt = 7.522 us.
[info]  rtt = 7.415 us.
[info]  rtt = 7.272 us.
[info]  rtt = 7.634 us.
[info]  rtt = 7.353 us.
[info]  rtt = 7.298 us.
[info]  rtt = 7.361 us.
[info]  rtt = 7.609 us.
[info]  rtt = 7.217 us.
[info]  rtt = 7.263 us.
[info]  rtt = 7.465 us.
[info]  rtt = 7.319 us.
[info]  rtt = 7.263 us.
[info]  rtt = 7.42 us.
[info]  rtt = 7.227 us.
[info]  rtt = 7.147 us.
[info]  rtt = 7.321 us.
[info]  rtt = 7.303 us.
[info]  rtt = 7.523 us.
[info]  rtt = 7.588 us.
[info]  rtt = 7.455 us.
[info]  rtt = 7.426 us.
[info]  rtt = 7.382 us.
[info]  rtt = 7.532 us.
[info]  rtt = 7.404 us.
[info]  rtt = 7.399 us.
[info]  rtt = 7.521 us.
[info]  rtt = 7.494 us.
[info]  rtt = 7.392 us.
[info]  rtt = 7.191 us.
[info]  rtt = 7.245 us.
[info]  rtt = 7.423 us.
[info]  rtt = 7.18 us.
[info]  rtt = 7.485 us.
[info]  rtt = 7.209 us.
[info]  rtt = 7.498 us.
[info]  rtt = 7.42 us.
[info]  rtt = 7.174 us.
[info]  rtt = 7.333 us.
[info]  rtt = 7.324 us.
[info]  rtt = 7.407 us.
[info]  rtt = 7.844 us.
[info]  rtt = 7.477 us.
[info]  rtt = 7.421 us.
[info]  rtt = 7.448 us.
[info]  rtt = 7.179 us.
[info]  rtt = 7.509 us.
[info]  rtt = 7.075 us.
[info]  rtt = 7.569 us.
[info]  rtt = 7.124 us.
[info]  rtt = 7.45 us.
[info]  rtt = 7.429 us.
[info]  rtt = 7.161 us.
[info]  rtt = 7.354 us.
[info]  rtt = 7.137 us.
[info]  rtt = 7.413 us.
[info]  rtt = 7.312 us.
[info]  rtt = 7.282 us.
[info]  rtt = 7.289 us.
[info]  rtt = 7.296 us.
[info]  rtt = 7.548 us.
[info]  rtt = 7.353 us.
[info]  rtt = 7.339 us.
[info]  rtt = 7.325 us.
[info]  rtt = 7.181 us.
[info]  rtt = 7.368 us.
[info]  rtt = 7.332 us.
[info]  rtt = 7.408 us.
[info]  rtt = 7.245 us.
[info]  rtt = 7.217 us.
[info]  rtt = 7.287 us.
[info]  rtt = 7.419 us.
[info]  rtt = 7.388 us.
[info]  rtt = 7.527 us.
[info]  rtt = 7.356 us.
[info]  rtt = 7.497 us.
[info]  rtt = 7.233 us.
[info]  rtt = 7.27 us.
[info]  rtt = 7.566 us.
[info]  rtt = 7.292 us.
[info]  rtt = 7.511 us.
[info]  rtt = 7.295 us.
[info]  rtt = 7.284 us.
[info]  rtt = 7.581 us.
[info]  rtt = 7.287 us.
[info]  rtt = 7.429 us.
[info]  rtt = 7.199 us.
[info]  rtt = 7.25 us.
[info]  rtt = 7.293 us.
[info]  rtt = 7.136 us.
[info]  rtt = 7.211 us.
[info]  rtt = 7.302 us.
[info]  rtt = 7.412 us.
[info]  rtt = 7.438 us.
[info]  rtt = 7.291 us.
[info]  rtt = 7.567 us.
[info]  rtt = 7.359 us.
[info]  rtt = 7.124 us.
[info]  rtt = 7.335 us.
[info]  rtt = 7.341 us.
[info]  rtt = 7.617 us.
[info]  rtt = 7.082 us.
[info]  rtt = 7.208 us.
[info]  rtt = 7.447 us.
[info]  rtt = 7.505 us.
[info]  rtt = 7.69 us.
[info]  rtt = 7.644 us.
[info]  rtt = 7.483 us.
[info]  rtt = 7.081 us.
[info]  rtt = 7.164 us.
[info]  rtt = 6.95 us.
[info]  rtt = 7.245 us.
[info]  rtt = 7.276 us.
[info]  rtt = 7.158 us.
[info]  rtt = 7.048 us.
[info]  rtt = 7.149 us.
[info]  rtt = 7.15 us.
[info]  rtt = 7.023 us.
[info]  rtt = 7.153 us.
[info]  rtt = 7.065 us.
[info]  rtt = 7.199 us.
[info]  rtt = 7.471 us.
[info]  rtt = 7.312 us.
[info]  rtt = 7.455 us.
[info]  rtt = 7.177 us.
[info]  rtt = 7.685 us.
[info]  rtt = 7.057 us.
[info]  rtt = 7.161 us.
[info]  rtt = 7.286 us.
[info]  rtt = 7.421 us.
[info]  rtt = 7.243 us.
[info]  rtt = 7.282 us.
[info]  rtt = 7.223 us.
[info]  rtt = 7.381 us.
[info]  rtt = 7.186 us.
[info]  rtt = 7.198 us.
[info]  rtt = 7.221 us.
[info]  rtt = 7.36 us.
[info]  rtt = 7.134 us.
[info]  rtt = 7.035 us.
[info]  rtt = 7.003 us.
[info]  rtt = 7.207 us.
[info]  rtt = 7.595 us.
[info]  rtt = 7.18 us.
[info]  rtt = 7.298 us.
[info]  rtt = 7.071 us.
[info]  rtt = 7.43 us.
[info]  rtt = 7.296 us.
[info]  rtt = 7.257 us.
[info]  rtt = 7.093 us.
[info]  rtt = 7.207 us.
[info]  rtt = 7.128 us.
[info]  rtt = 7.408 us.
[info]  rtt = 7.552 us.
[info]  rtt = 7.053 us.
[info]  rtt = 7.268 us.
[info]  rtt = 7.25 us.
[info]  rtt = 7.165 us.
[info]  rtt = 7.257 us.
[info]  rtt = 7.164 us.
[info]  rtt = 7.172 us.
[info]  rtt = 7.184 us.
[info]  rtt = 7.044 us.
[info]  rtt = 7.568 us.
[info]  rtt = 7.097 us.
[info]  rtt = 7.381 us.
[info]  rtt = 7.157 us.
[info]  rtt = 7.228 us.
[info]  rtt = 7.125 us.
[info]  rtt = 7.137 us.
[info]  rtt = 7.343 us.
[info]  rtt = 7.024 us.
[info]  rtt = 7.108 us.
[info]  rtt = 7.094 us.
[info]  rtt = 7.163 us.
[info]  rtt = 7.209 us.
[info]  rtt = 7.195 us.
[info]  rtt = 7.311 us.
[info]  rtt = 7.161 us.
[info]  rtt = 7.308 us.
[info]  rtt = 7.211 us.
[info]  rtt = 7.193 us.
[info]  rtt = 7.156 us.
[info]  rtt = 7.186 us.
[info]  rtt = 7.156 us.
[info]  rtt = 7.258 us.
[info]  rtt = 7.271 us.
[info]  rtt = 7.256 us.
[info]  rtt = 7.081 us.
[info]  rtt = 7.324 us.
[info]  rtt = 7.057 us.
[info]  rtt = 7.173 us.
[info]  rtt = 7.265 us.
[info]  rtt = 7.159 us.
[info]  rtt = 7.179 us.
[info]  rtt = 7.245 us.
[info]  rtt = 7.233 us.
[info]  rtt = 7.532 us.
[info]  rtt = 7.314 us.
[info]  rtt = 7.171 us.
[info]  rtt = 7.274 us.
[info]  rtt = 7.131 us.
[info]  rtt = 7.374 us.
[info]  rtt = 7.527 us.
[info]  rtt = 7.056 us.
[info]  rtt = 7.153 us.
[info]  rtt = 7.204 us.
[info]  rtt = 7.289 us.
[info]  rtt = 7.162 us.
[info]  rtt = 7.362 us.
[info]  rtt = 7.136 us.
[info]  rtt = 7.306 us.
[info]  rtt = 7.063 us.
[info]  rtt = 7.042 us.
[info]  rtt = 7.319 us.
[info]  rtt = 7.234 us.
[info]  rtt = 7.141 us.
[info]  rtt = 7.274 us.
[info]  rtt = 7.218 us.
[info]  rtt = 7.425 us.
[info]  rtt = 7.35 us.
[info]  rtt = 7.202 us.
[info]  rtt = 7.255 us.
[info]  rtt = 7.16 us.
[info]  rtt = 7.307 us.
[info]  rtt = 7.163 us.
[info]  rtt = 7.395 us.
[info]  rtt = 7.707 us.
[info]  rtt = 7.326 us.
[info]  rtt = 7.166 us.
[info]  rtt = 7.042 us.
[info]  rtt = 7.516 us.
[info]  rtt = 7.389 us.
[info]  rtt = 7.223 us.
[info]  rtt = 7.813 us.
[info]  rtt = 7.348 us.
[info]  rtt = 7.137 us.
[info]  rtt = 7.291 us.
[info]  rtt = 7.277 us.
[info]  rtt = 7.303 us.
[info]  rtt = 7.285 us.
[info]  rtt = 7.202 us.
[info]  rtt = 7.188 us.
[info]  rtt = 7.081 us.
[info]  rtt = 7.181 us.
[info]  rtt = 7.274 us.
[info]  rtt = 7.248 us.
[info]  rtt = 7.326 us.
[info]  rtt = 7.538 us.
[info]  rtt = 7.229 us.
[info]  rtt = 7.372 us.
[info]  average: 7.35942 us. median: 7.297 us. mode: 7.233000,7.271000,7.274000,7.423000 us. min: 6.903 us. max: 13.198 us. per 1024 samples, packet size: 1342 bytes / payload size: 1300 bytes 
[debug]  
	Total number of successfully received packets: 1043
	Total number of successfully transmitted packets: 1041
	Total number of successfully received bytes: 1395934
	Total number of successfully transmitted bytes: 1395722
	missed : 0 from : 1043 - 0%
	Total number of erroneous received packets: 0
	Total number of failed transmitted packets: 0
	Total number of Rx mbuf allocation failures: 0
		0 Total number of queue Rx packets : 1043
		0 Total number of successfully received queue bytes : 1395934
		0 Total number of queue packets received that are dropped : 0
		0 Total number of queue Tx packets : 1041
		0 Total number of successfully transmitted queue bytes : 1395722
