[debug]  lo
	00:00:00:00:00:00
	127.0.0.1
[debug]  eno2np1
	08:BF:B8:05:53:90
	192.168.13.2
[debug]  ens8191f0np0
	EC:0D:9A:98:B2:D2
	192.168.13.31
[debug]  enxbaa50f00c0b2
	BA:A5:0F:00:C0:B2
[debug]  ens8191f1np1
	EC:0D:9A:98:B2:D3
	192.168.13.32
[debug]  enp64s0f0np0
	B8:CE:F6:8C:E3:B4
	192.168.13.21
[debug]  enp64s0f1np1
	B8:CE:F6:8C:E3:B5
	192.168.13.22
[debug]  wlx0013ef500a9c
	00:13:EF:50:0A:9C
	192.168.8.144
[debug]  enp148s0f0np0
	00:0F:53:63:4C:E0
	192.168.13.41
[debug]  enp148s0f1np1
	00:0F:53:63:4C:E1
	192.168.13.42
[debug]  eno1np0
	08:BF:B8:05:53:91
	192.168.13.1
[debug]  enp106s0f0np0
	40:A6:B7:96:E7:A0
	192.168.13.11
[debug]  enp106s0f1np1
	40:A6:B7:96:E7:A1
	192.168.13.12
[debug]  enp106s0f1np1 (net_ice) port: 0 - 40:A6:B7:96:E7:A1[192.168.13.12]
{
	svc_tx_n : 1
	rx_flow_queues : 0
	next_src_port : 5000 (0x1388)
	rx_reconfig_hint : 65000 (0xfde8)
	clock_hz : 0
	info : {
		min_mtu : 68 (0x44)
		max_mtu : 9702 (0x25e6)
		min_rx_bufsize : 1024 (0x400)
		max_rx_bufsize : 4294967295 (0xffffffff)
		max_rx_pktlen : 9728 (0x2600)
		max_lro_pkt_size : 0
		max_rx_queues : 256 (0x100)
		max_tx_queues : 256 (0x100)
		max_mac_addrs : 64 (0x40)
		max_hash_mac_addrs : 0
		max_vfs : 0
		max_vmdq_pools : 0
		rx_offload_capa : 19666f:RTE_ETH_RX_OFFLOAD_VLAN_STRIP|RTE_ETH_RX_OFFLOAD_IPV4_CKSUM|RTE_ETH_RX_OFFLOAD_UDP_CKSUM|RTE_ETH_RX_OFFLOAD_TCP_CKSUM|RTE_ETH_RX_OFFLOAD_QINQ_STRIP|RTE_ETH_RX_OFFLOAD_OUTER_IPV4_CKSUM|RTE_ETH_RX_OFFLOAD_VLAN_FILTER|RTE_ETH_RX_OFFLOAD_VLAN_EXTEND|RTE_ETH_RX_OFFLOAD_SCATTER|RTE_ETH_RX_OFFLOAD_TIMESTAMP|RTE_ETH_RX_OFFLOAD_KEEP_CRC|RTE_ETH_RX_OFFLOAD_RSS_HASH|RTE_ETH_RX_OFFLOAD_BUFFER_SPLIT
		tx_offload_capa : 119fbf:RTE_ETH_TX_OFFLOAD_VLAN_INSERT|RTE_ETH_TX_OFFLOAD_IPV4_CKSUM|RTE_ETH_TX_OFFLOAD_UDP_CKSUM|RTE_ETH_TX_OFFLOAD_TCP_CKSUM|RTE_ETH_TX_OFFLOAD_SCTP_CKSUM|RTE_ETH_TX_OFFLOAD_TCP_TSO|RTE_ETH_TX_OFFLOAD_OUTER_IPV4_CKSUM|RTE_ETH_TX_OFFLOAD_QINQ_INSERT|RTE_ETH_TX_OFFLOAD_VXLAN_TNL_TSO|RTE_ETH_TX_OFFLOAD_GRE_TNL_TSO|RTE_ETH_TX_OFFLOAD_IPIP_TNL_TSO|RTE_ETH_TX_OFFLOAD_GENEVE_TNL_TSO|RTE_ETH_TX_OFFLOAD_MULTI_SEGS|RTE_ETH_TX_OFFLOAD_MBUF_FAST_FREE|RTE_ETH_TX_OFFLOAD_OUTER_UDP_CKSUM
		rx_queue_offload_capa : 100000:RTE_ETH_RX_OFFLOAD_BUFFER_SPLIT
		tx_queue_offload_capa : 10000:RTE_ETH_TX_OFFLOAD_MBUF_FAST_FREE
		reta_size : 512 (0x200)
		rss_algo_capa : 1
		flow_type_rss_offloads : 32764 (0x7ffc)
		default_rxconf : {
			rx_thresh : {
				pthresh : 8
				hthresh : 8
				wthresh : 0
			}
			rx_free_thresh : 32 (0x20)
			rx_drop_en : 0
			rx_deferred_start : 0
			rx_nseg : 0
			share_group : 0
			share_qid : 0
			offloads : 0
			rx_nmempool : 0
		}
		default_txconf : {
			tx_thresh : {
				pthresh : 32 (0x20)
				hthresh : 0
				wthresh : 0
			}
			tx_rs_thresh : 32 (0x20)
			tx_free_thresh : 32 (0x20)
			tx_deferred_start : 0
			offloads : 0
		}
		vmdq_queue_base : 0
		vmdq_queue_num : 0
		vmdq_pool_base : 0
		rx_desc_lim : {
			nb_max : 8160 (0x1fe0)
			nb_min : 64 (0x40)
			nb_align : 32 (0x20)
			nb_seg_max : 0
			nb_mtu_seg_max : 0
		}
		tx_desc_lim : {
			nb_max : 8160 (0x1fe0)
			nb_min : 64 (0x40)
			nb_align : 32 (0x20)
			nb_seg_max : 8160 (0x1fe0)
			nb_mtu_seg_max : 8
		}
		speed_capa : 22516 (0x57f4)
		nb_rx_queues : 0
		nb_tx_queues : 0
		default_rxportconf : {
			burst_size : 8
			ring_size : 1024 (0x400)
			nb_queues : 1
		}
		default_txportconf : {
			burst_size : 1
			ring_size : 1024 (0x400)
			nb_queues : 1
		}
		dev_capa : 0
	}
	effective_offload : {
		rx : 9266f:RTE_ETH_RX_OFFLOAD_VLAN_STRIP|RTE_ETH_RX_OFFLOAD_IPV4_CKSUM|RTE_ETH_RX_OFFLOAD_UDP_CKSUM|RTE_ETH_RX_OFFLOAD_TCP_CKSUM|RTE_ETH_RX_OFFLOAD_QINQ_STRIP|RTE_ETH_RX_OFFLOAD_OUTER_IPV4_CKSUM|RTE_ETH_RX_OFFLOAD_VLAN_FILTER|RTE_ETH_RX_OFFLOAD_VLAN_EXTEND|RTE_ETH_RX_OFFLOAD_SCATTER|RTE_ETH_RX_OFFLOAD_KEEP_CRC|RTE_ETH_RX_OFFLOAD_RSS_HASH
		tx : 0
	}
	tx_rings : 1
	rx_meta_features : 0
	features : 0000000000000000000000000000000000000000000000000000000000000110
}	will run on socket 0 - 11 cores : [15 6 7 8 9 10 11 12 13 14 5 ]
[debug]  enp106s0f1np1 port: 0 - requested offloads : 9266f:RTE_ETH_RX_OFFLOAD_VLAN_STRIP|RTE_ETH_RX_OFFLOAD_IPV4_CKSUM|RTE_ETH_RX_OFFLOAD_UDP_CKSUM|RTE_ETH_RX_OFFLOAD_TCP_CKSUM|RTE_ETH_RX_OFFLOAD_QINQ_STRIP|RTE_ETH_RX_OFFLOAD_OUTER_IPV4_CKSUM|RTE_ETH_RX_OFFLOAD_VLAN_FILTER|RTE_ETH_RX_OFFLOAD_VLAN_EXTEND|RTE_ETH_RX_OFFLOAD_SCATTER|RTE_ETH_RX_OFFLOAD_KEEP_CRC|RTE_ETH_RX_OFFLOAD_RSS_HASH
[debug]  port 0 : 192.168.13.12 - link speed 100 Gbps
[debug]  starting up 1 rx queue(s)...
[info]  192.168.13.11 : 40:A6:B7:96:E7:A0
[debug]  creating sockperf packets memory pool : 4095 cache_size : 16
[info]  warming up...
[info]  performing latency test ...
[info]  rtt = 8.715 us.
[info]  rtt = 8.427 us.
[info]  rtt = 19.359 us.
[info]  rtt = 8.569 us.
[info]  rtt = 8.442 us.
[info]  rtt = 8.354 us.
[info]  rtt = 9.294 us.
[info]  rtt = 8.307 us.
[info]  rtt = 8.395 us.
[info]  rtt = 8.37 us.
[info]  rtt = 9.324 us.
[info]  rtt = 8.409 us.
[info]  rtt = 8.657 us.
[info]  rtt = 8.337 us.
[info]  rtt = 9.435 us.
[info]  rtt = 8.419 us.
[info]  rtt = 8.28 us.
[info]  rtt = 8.313 us.
[info]  rtt = 9.356 us.
[info]  rtt = 8.323 us.
[info]  rtt = 8.297 us.
[info]  rtt = 8.275 us.
[info]  rtt = 9.316 us.
[info]  rtt = 8.304 us.
[info]  rtt = 8.274 us.
[info]  rtt = 8.336 us.
[info]  rtt = 9.289 us.
[info]  rtt = 8.33 us.
[info]  rtt = 8.273 us.
[info]  rtt = 8.281 us.
[info]  rtt = 9.28 us.
[info]  rtt = 8.412 us.
[info]  rtt = 8.345 us.
[info]  rtt = 8.31 us.
[info]  rtt = 9.257 us.
[info]  rtt = 8.236 us.
[info]  rtt = 8.343 us.
[info]  rtt = 8.462 us.
[info]  rtt = 9.292 us.
[info]  rtt = 8.29 us.
[info]  rtt = 8.282 us.
[info]  rtt = 8.28 us.
[info]  rtt = 9.406 us.
[info]  rtt = 8.427 us.
[info]  rtt = 8.495 us.
[info]  rtt = 8.393 us.
[info]  rtt = 9.413 us.
[info]  rtt = 8.34 us.
[info]  rtt = 8.342 us.
[info]  rtt = 8.449 us.
[info]  rtt = 10.319 us.
[info]  rtt = 8.561 us.
[info]  rtt = 8.415 us.
[info]  rtt = 11.972 us.
[info]  rtt = 9.331 us.
[info]  rtt = 8.512 us.
[info]  rtt = 8.361 us.
[info]  rtt = 8.559 us.
[info]  rtt = 9.459 us.
[info]  rtt = 8.677 us.
[info]  rtt = 8.498 us.
[info]  rtt = 8.484 us.
[info]  rtt = 10.218 us.
[info]  rtt = 8.64 us.
[info]  rtt = 8.418 us.
[info]  rtt = 8.4 us.
[info]  rtt = 9.391 us.
[info]  rtt = 8.505 us.
[info]  rtt = 8.446 us.
[info]  rtt = 8.415 us.
[info]  rtt = 9.307 us.
[info]  rtt = 8.385 us.
[info]  rtt = 8.329 us.
[info]  rtt = 8.443 us.
[info]  rtt = 10.663 us.
[info]  rtt = 8.397 us.
[info]  rtt = 8.333 us.
[info]  rtt = 8.402 us.
[info]  rtt = 9.514 us.
[info]  rtt = 8.251 us.
[info]  rtt = 8.335 us.
[info]  rtt = 8.331 us.
[info]  rtt = 9.303 us.
[info]  rtt = 8.313 us.
[info]  rtt = 8.292 us.
[info]  rtt = 8.469 us.
[info]  rtt = 9.76 us.
[info]  rtt = 8.458 us.
[info]  rtt = 8.453 us.
[info]  rtt = 8.357 us.
[info]  rtt = 9.333 us.
[info]  rtt = 8.288 us.
[info]  rtt = 8.279 us.
[info]  rtt = 8.363 us.
[info]  rtt = 10.582 us.
[info]  rtt = 8.335 us.
[info]  rtt = 8.271 us.
[info]  rtt = 8.304 us.
[info]  rtt = 9.255 us.
[info]  rtt = 8.359 us.
[info]  rtt = 8.353 us.
[info]  rtt = 8.352 us.
[info]  rtt = 9.305 us.
[info]  rtt = 8.421 us.
[info]  rtt = 8.367 us.
[info]  rtt = 8.452 us.
[info]  rtt = 9.326 us.
[info]  rtt = 8.502 us.
[info]  rtt = 8.382 us.
[info]  rtt = 8.28 us.
[info]  rtt = 9.395 us.
[info]  rtt = 8.438 us.
[info]  rtt = 8.292 us.
[info]  rtt = 8.343 us.
[info]  rtt = 9.302 us.
[info]  rtt = 12.625 us.
[info]  rtt = 8.335 us.
[info]  rtt = 8.331 us.
[info]  rtt = 9.42 us.
[info]  rtt = 8.292 us.
[info]  rtt = 8.393 us.
[info]  rtt = 8.476 us.
[info]  rtt = 9.32 us.
[info]  rtt = 8.328 us.
[info]  rtt = 8.302 us.
[info]  rtt = 8.344 us.
[info]  rtt = 9.335 us.
[info]  rtt = 8.443 us.
[info]  rtt = 8.722 us.
[info]  rtt = 8.381 us.
[info]  rtt = 9.354 us.
[info]  rtt = 8.315 us.
[info]  rtt = 8.415 us.
[info]  rtt = 8.331 us.
[info]  rtt = 9.305 us.
[info]  rtt = 8.57 us.
[info]  rtt = 8.291 us.
[info]  rtt = 8.334 us.
[info]  rtt = 9.427 us.
[info]  rtt = 8.501 us.
[info]  rtt = 8.396 us.
[info]  rtt = 8.448 us.
[info]  rtt = 9.276 us.
[info]  rtt = 8.375 us.
[info]  rtt = 8.288 us.
[info]  rtt = 8.502 us.
[info]  rtt = 9.364 us.
[info]  rtt = 8.333 us.
[info]  rtt = 8.266 us.
[info]  rtt = 8.347 us.
[info]  rtt = 9.397 us.
[info]  rtt = 8.365 us.
[info]  rtt = 8.268 us.
[info]  rtt = 8.352 us.
[info]  rtt = 9.358 us.
[info]  rtt = 8.539 us.
[info]  rtt = 8.434 us.
[info]  rtt = 8.333 us.
[info]  rtt = 9.44 us.
[info]  rtt = 8.352 us.
[info]  rtt = 8.382 us.
[info]  rtt = 8.553 us.
[info]  rtt = 9.339 us.
[info]  rtt = 8.377 us.
[info]  rtt = 8.291 us.
[info]  rtt = 8.395 us.
[info]  rtt = 9.388 us.
[info]  rtt = 8.385 us.
[info]  rtt = 8.423 us.
[info]  rtt = 8.349 us.
[info]  rtt = 9.404 us.
[info]  rtt = 8.484 us.
[info]  rtt = 8.279 us.
[info]  rtt = 8.472 us.
[info]  rtt = 9.3 us.
[info]  rtt = 8.304 us.
[info]  rtt = 12.888 us.
[info]  rtt = 8.322 us.
[info]  rtt = 9.445 us.
[info]  rtt = 8.345 us.
[info]  rtt = 8.26 us.
[info]  rtt = 8.256 us.
[info]  rtt = 9.356 us.
[info]  rtt = 8.276 us.
[info]  rtt = 8.362 us.
[info]  rtt = 8.382 us.
[info]  rtt = 9.393 us.
[info]  rtt = 8.4 us.
[info]  rtt = 8.411 us.
[info]  rtt = 8.33 us.
[info]  rtt = 9.395 us.
[info]  rtt = 8.447 us.
[info]  rtt = 8.369 us.
[info]  rtt = 8.385 us.
[info]  rtt = 9.321 us.
[info]  rtt = 8.792 us.
[info]  rtt = 8.602 us.
[info]  rtt = 8.481 us.
[info]  rtt = 9.566 us.
[info]  rtt = 8.455 us.
[info]  rtt = 8.319 us.
[info]  rtt = 8.696 us.
[info]  rtt = 9.346 us.
[info]  rtt = 8.476 us.
[info]  rtt = 8.395 us.
[info]  rtt = 8.431 us.
[info]  rtt = 9.22 us.
[info]  rtt = 8.4 us.
[info]  rtt = 8.348 us.
[info]  rtt = 8.853 us.
[info]  rtt = 9.452 us.
[info]  rtt = 8.414 us.
[info]  rtt = 8.476 us.
[info]  rtt = 8.495 us.
[info]  rtt = 9.261 us.
[info]  rtt = 8.319 us.
[info]  rtt = 8.32 us.
[info]  rtt = 8.44 us.
[info]  rtt = 9.415 us.
[info]  rtt = 8.509 us.
[info]  rtt = 8.394 us.
[info]  rtt = 8.488 us.
[info]  rtt = 9.378 us.
[info]  rtt = 8.459 us.
[info]  rtt = 8.309 us.
[info]  rtt = 8.475 us.
[info]  rtt = 9.32 us.
[info]  rtt = 8.343 us.
[info]  rtt = 8.389 us.
[info]  rtt = 8.427 us.
[info]  rtt = 9.28 us.
[info]  rtt = 8.377 us.
[info]  rtt = 8.279 us.
[info]  rtt = 8.501 us.
[info]  rtt = 9.618 us.
[info]  rtt = 8.477 us.
[info]  rtt = 8.392 us.
[info]  rtt = 8.467 us.
[info]  rtt = 9.513 us.
[info]  rtt = 8.345 us.
[info]  rtt = 8.336 us.
[info]  rtt = 8.373 us.
[info]  rtt = 9.394 us.
[info]  rtt = 8.581 us.
[info]  rtt = 8.335 us.
[info]  rtt = 8.286 us.
[info]  rtt = 9.21 us.
[info]  rtt = 8.342 us.
[info]  rtt = 8.331 us.
[info]  rtt = 8.456 us.
[info]  rtt = 9.291 us.
[info]  rtt = 8.409 us.
[info]  rtt = 8.348 us.
[info]  rtt = 8.454 us.
[info]  rtt = 9.472 us.
[info]  rtt = 8.373 us.
[info]  rtt = 8.365 us.
[info]  rtt = 8.421 us.
[info]  rtt = 9.52 us.
[info]  rtt = 8.485 us.
[info]  rtt = 8.454 us.
[info]  rtt = 8.61 us.
[info]  rtt = 9.435 us.
[info]  rtt = 8.418 us.
[info]  rtt = 8.428 us.
[info]  rtt = 8.517 us.
[info]  rtt = 9.393 us.
[info]  rtt = 8.524 us.
[info]  rtt = 8.294 us.
[info]  rtt = 8.42 us.
[info]  rtt = 9.253 us.
[info]  rtt = 8.28 us.
[info]  rtt = 8.303 us.
[info]  rtt = 8.488 us.
[info]  rtt = 9.339 us.
[info]  rtt = 8.379 us.
[info]  rtt = 8.396 us.
[info]  rtt = 8.374 us.
[info]  rtt = 9.27 us.
[info]  rtt = 8.393 us.
[info]  rtt = 8.323 us.
[info]  rtt = 8.575 us.
[info]  rtt = 9.323 us.
[info]  rtt = 8.545 us.
[info]  rtt = 8.299 us.
[info]  rtt = 8.555 us.
[info]  rtt = 9.257 us.
[info]  rtt = 8.391 us.
[info]  rtt = 8.383 us.
[info]  rtt = 8.317 us.
[info]  rtt = 9.376 us.
[info]  rtt = 8.609 us.
[info]  rtt = 8.313 us.
[info]  rtt = 8.279 us.
[info]  rtt = 9.262 us.
[info]  rtt = 8.28 us.
[info]  rtt = 8.256 us.
[info]  rtt = 8.308 us.
[info]  rtt = 9.239 us.
[info]  rtt = 8.466 us.
[info]  rtt = 11.352 us.
[info]  rtt = 8.276 us.
[info]  rtt = 9.282 us.
[info]  rtt = 8.487 us.
[info]  rtt = 8.521 us.
[info]  rtt = 8.398 us.
[info]  rtt = 9.451 us.
[info]  rtt = 8.404 us.
[info]  rtt = 8.639 us.
[info]  rtt = 8.558 us.
[info]  rtt = 9.327 us.
[info]  rtt = 8.382 us.
[info]  rtt = 8.336 us.
[info]  rtt = 8.348 us.
[info]  rtt = 9.288 us.
[info]  rtt = 8.423 us.
[info]  rtt = 8.414 us.
[info]  rtt = 8.525 us.
[info]  rtt = 9.392 us.
[info]  rtt = 8.317 us.
[info]  rtt = 8.336 us.
[info]  rtt = 8.463 us.
[info]  rtt = 9.239 us.
[info]  rtt = 8.404 us.
[info]  rtt = 8.296 us.
[info]  rtt = 8.332 us.
[info]  rtt = 9.294 us.
[info]  rtt = 8.318 us.
[info]  rtt = 8.364 us.
[info]  rtt = 8.361 us.
[info]  rtt = 9.331 us.
[info]  rtt = 8.415 us.
[info]  rtt = 8.581 us.
[info]  rtt = 8.301 us.
[info]  rtt = 9.449 us.
[info]  rtt = 8.441 us.
[info]  rtt = 8.346 us.
[info]  rtt = 8.323 us.
[info]  rtt = 9.422 us.
[info]  rtt = 8.589 us.
[info]  rtt = 8.361 us.
[info]  rtt = 8.4 us.
[info]  rtt = 9.402 us.
[info]  rtt = 8.59 us.
[info]  rtt = 8.545 us.
[info]  rtt = 8.473 us.
[info]  rtt = 9.448 us.
[info]  rtt = 8.615 us.
[info]  rtt = 8.433 us.
[info]  rtt = 8.391 us.
[info]  rtt = 9.306 us.
[info]  rtt = 8.362 us.
[info]  rtt = 8.531 us.
[info]  rtt = 8.517 us.
[info]  rtt = 9.277 us.
[info]  rtt = 8.597 us.
[info]  rtt = 9.075 us.
[info]  rtt = 8.522 us.
[info]  rtt = 9.359 us.
[info]  rtt = 8.441 us.
[info]  rtt = 8.335 us.
[info]  rtt = 8.45 us.
[info]  rtt = 9.324 us.
[info]  rtt = 8.535 us.
[info]  rtt = 8.366 us.
[info]  rtt = 8.649 us.
[info]  rtt = 9.322 us.
[info]  rtt = 8.289 us.
[info]  rtt = 8.412 us.
[info]  rtt = 8.371 us.
[info]  rtt = 9.577 us.
[info]  rtt = 8.657 us.
[info]  rtt = 8.341 us.
[info]  rtt = 8.409 us.
[info]  rtt = 9.627 us.
[info]  rtt = 8.615 us.
[info]  rtt = 8.491 us.
[info]  rtt = 8.49 us.
[info]  rtt = 9.294 us.
[info]  rtt = 8.443 us.
[info]  rtt = 8.248 us.
[info]  rtt = 8.848 us.
[info]  rtt = 9.371 us.
[info]  rtt = 8.848 us.
[info]  rtt = 8.703 us.
[info]  rtt = 8.476 us.
[info]  rtt = 9.321 us.
[info]  rtt = 8.552 us.
[info]  rtt = 8.379 us.
[info]  rtt = 8.388 us.
[info]  rtt = 9.307 us.
[info]  rtt = 8.412 us.
[info]  rtt = 8.328 us.
[info]  rtt = 8.541 us.
[info]  rtt = 9.304 us.
[info]  rtt = 8.36 us.
[info]  rtt = 8.414 us.
[info]  rtt = 8.55 us.
[info]  rtt = 9.325 us.
[info]  rtt = 8.546 us.
[info]  rtt = 8.444 us.
[info]  rtt = 8.487 us.
[info]  rtt = 9.417 us.
[info]  rtt = 8.394 us.
[info]  rtt = 9.403 us.
[info]  rtt = 8.645 us.
[info]  rtt = 9.466 us.
[info]  rtt = 8.584 us.
[info]  rtt = 8.389 us.
[info]  rtt = 8.515 us.
[info]  rtt = 9.297 us.
[info]  rtt = 8.475 us.
[info]  rtt = 8.331 us.
[info]  rtt = 8.63 us.
[info]  rtt = 9.495 us.
[info]  rtt = 8.802 us.
[info]  rtt = 8.345 us.
[info]  rtt = 8.649 us.
[info]  rtt = 9.342 us.
[info]  rtt = 8.529 us.
[info]  rtt = 8.492 us.
[info]  rtt = 8.635 us.
[info]  rtt = 9.396 us.
[info]  rtt = 8.604 us.
[info]  rtt = 8.576 us.
[info]  rtt = 8.608 us.
[info]  rtt = 9.594 us.
[info]  rtt = 8.447 us.
[info]  rtt = 8.953 us.
[info]  rtt = 8.614 us.
[info]  rtt = 9.33 us.
[info]  rtt = 8.487 us.
[info]  rtt = 8.264 us.
[info]  rtt = 8.407 us.
[info]  rtt = 9.342 us.
[info]  rtt = 8.535 us.
[info]  rtt = 8.283 us.
[info]  rtt = 8.48 us.
[info]  rtt = 9.279 us.
[info]  rtt = 8.398 us.
[info]  rtt = 8.284 us.
[info]  rtt = 8.819 us.
[info]  rtt = 9.503 us.
[info]  rtt = 8.606 us.
[info]  rtt = 8.474 us.
[info]  rtt = 8.593 us.
[info]  rtt = 9.332 us.
[info]  rtt = 8.437 us.
[info]  rtt = 8.396 us.
[info]  rtt = 8.591 us.
[info]  rtt = 9.259 us.
[info]  rtt = 8.476 us.
[info]  rtt = 8.575 us.
[info]  rtt = 8.624 us.
[info]  rtt = 9.386 us.
[info]  rtt = 8.448 us.
[info]  rtt = 8.45 us.
[info]  rtt = 8.58 us.
[info]  rtt = 9.448 us.
[info]  rtt = 8.637 us.
[info]  rtt = 8.439 us.
[info]  rtt = 8.506 us.
[info]  rtt = 9.304 us.
[info]  rtt = 8.439 us.
[info]  rtt = 8.616 us.
[info]  rtt = 8.453 us.
[info]  rtt = 9.329 us.
[info]  rtt = 8.554 us.
[info]  rtt = 8.379 us.
[info]  rtt = 8.537 us.
[info]  rtt = 9.264 us.
[info]  rtt = 8.541 us.
[info]  rtt = 8.269 us.
[info]  rtt = 8.463 us.
[info]  rtt = 9.427 us.
[info]  rtt = 8.544 us.
[info]  rtt = 8.405 us.
[info]  rtt = 8.914 us.
[info]  rtt = 9.353 us.
[info]  rtt = 8.612 us.
[info]  rtt = 8.389 us.
[info]  rtt = 8.439 us.
[info]  rtt = 9.317 us.
[info]  rtt = 8.44 us.
[info]  rtt = 8.268 us.
[info]  rtt = 8.474 us.
[info]  rtt = 9.486 us.
[info]  rtt = 8.415 us.
[info]  rtt = 8.305 us.
[info]  rtt = 8.507 us.
[info]  rtt = 9.367 us.
[info]  rtt = 8.547 us.
[info]  rtt = 8.475 us.
[info]  rtt = 8.678 us.
[info]  rtt = 9.408 us.
[info]  rtt = 8.552 us.
[info]  rtt = 8.372 us.
[info]  rtt = 8.366 us.
[info]  rtt = 9.346 us.
[info]  rtt = 8.53 us.
[info]  rtt = 8.334 us.
[info]  rtt = 8.384 us.
[info]  rtt = 9.975 us.
[info]  rtt = 8.373 us.
[info]  rtt = 11.49 us.
[info]  rtt = 8.387 us.
[info]  rtt = 9.384 us.
[info]  rtt = 8.664 us.
[info]  rtt = 8.455 us.
[info]  rtt = 8.505 us.
[info]  rtt = 9.275 us.
[info]  rtt = 8.355 us.
[info]  rtt = 8.437 us.
[info]  rtt = 8.389 us.
[info]  rtt = 9.366 us.
[info]  rtt = 8.531 us.
[info]  rtt = 8.434 us.
[info]  rtt = 8.577 us.
[info]  rtt = 9.332 us.
[info]  rtt = 8.549 us.
[info]  rtt = 8.411 us.
[info]  rtt = 8.411 us.
[info]  rtt = 9.294 us.
[info]  rtt = 8.364 us.
[info]  rtt = 8.337 us.
[info]  rtt = 8.359 us.
[info]  rtt = 9.389 us.
[info]  rtt = 8.37 us.
[info]  rtt = 8.598 us.
[info]  rtt = 8.44 us.
[info]  rtt = 9.239 us.
[info]  rtt = 8.334 us.
[info]  rtt = 8.291 us.
[info]  rtt = 8.455 us.
[info]  rtt = 9.267 us.
[info]  rtt = 8.526 us.
[info]  rtt = 8.276 us.
[info]  rtt = 8.333 us.
[info]  rtt = 9.377 us.
[info]  rtt = 8.439 us.
[info]  rtt = 8.282 us.
[info]  rtt = 8.474 us.
[info]  rtt = 9.344 us.
[info]  rtt = 8.477 us.
[info]  rtt = 8.262 us.
[info]  rtt = 8.44 us.
[info]  rtt = 9.397 us.
[info]  rtt = 8.614 us.
[info]  rtt = 8.345 us.
[info]  rtt = 8.549 us.
[info]  rtt = 9.316 us.
[info]  rtt = 8.591 us.
[info]  rtt = 8.298 us.
[info]  rtt = 8.433 us.
[info]  rtt = 9.277 us.
[info]  rtt = 8.558 us.
[info]  rtt = 8.343 us.
[info]  rtt = 8.491 us.
[info]  rtt = 9.5 us.
[info]  rtt = 8.418 us.
[info]  rtt = 8.272 us.
[info]  rtt = 8.435 us.
[info]  rtt = 9.314 us.
[info]  rtt = 8.481 us.
[info]  rtt = 8.306 us.
[info]  rtt = 8.672 us.
[info]  rtt = 9.543 us.
[info]  rtt = 8.458 us.
[info]  rtt = 8.433 us.
[info]  rtt = 8.536 us.
[info]  rtt = 9.307 us.
[info]  rtt = 8.428 us.
[info]  rtt = 8.315 us.
[info]  rtt = 8.461 us.
[info]  rtt = 9.404 us.
[info]  rtt = 8.402 us.
[info]  rtt = 8.799 us.
[info]  rtt = 8.569 us.
[info]  rtt = 9.428 us.
[info]  rtt = 8.484 us.
[info]  rtt = 8.405 us.
[info]  rtt = 8.51 us.
[info]  rtt = 9.454 us.
[info]  rtt = 8.669 us.
[info]  rtt = 8.294 us.
[info]  rtt = 8.589 us.
[info]  rtt = 9.34 us.
[info]  rtt = 8.429 us.
[info]  rtt = 8.294 us.
[info]  rtt = 8.385 us.
[info]  rtt = 9.357 us.
[info]  rtt = 8.467 us.
[info]  rtt = 8.285 us.
[info]  rtt = 8.579 us.
[info]  rtt = 9.325 us.
[info]  rtt = 8.471 us.
[info]  rtt = 8.286 us.
[info]  rtt = 8.465 us.
[info]  rtt = 9.415 us.
[info]  rtt = 8.457 us.
[info]  rtt = 8.376 us.
[info]  rtt = 8.59 us.
[info]  rtt = 9.463 us.
[info]  rtt = 8.798 us.
[info]  rtt = 8.345 us.
[info]  rtt = 8.504 us.
[info]  rtt = 9.301 us.
[info]  rtt = 8.443 us.
[info]  rtt = 8.365 us.
[info]  rtt = 8.411 us.
[info]  rtt = 9.287 us.
[info]  rtt = 8.415 us.
[info]  rtt = 8.328 us.
[info]  rtt = 8.33 us.
[info]  rtt = 9.308 us.
[info]  rtt = 8.339 us.
[info]  rtt = 8.407 us.
[info]  rtt = 8.39 us.
[info]  rtt = 9.301 us.
[info]  rtt = 8.5 us.
[info]  rtt = 8.348 us.
[info]  rtt = 8.408 us.
[info]  rtt = 9.475 us.
[info]  rtt = 8.378 us.
[info]  rtt = 8.291 us.
[info]  rtt = 8.666 us.
[info]  rtt = 9.314 us.
[info]  rtt = 8.458 us.
[info]  rtt = 8.341 us.
[info]  rtt = 8.424 us.
[info]  rtt = 9.467 us.
[info]  rtt = 8.365 us.
[info]  rtt = 8.297 us.
[info]  rtt = 8.43 us.
[info]  rtt = 9.28 us.
[info]  rtt = 8.438 us.
[info]  rtt = 8.411 us.
[info]  rtt = 8.498 us.
[info]  rtt = 9.463 us.
[info]  rtt = 8.522 us.
[info]  rtt = 8.593 us.
[info]  rtt = 8.586 us.
[info]  rtt = 9.297 us.
[info]  rtt = 8.492 us.
[info]  rtt = 8.283 us.
[info]  rtt = 8.417 us.
[info]  rtt = 9.35 us.
[info]  rtt = 8.537 us.
[info]  rtt = 8.452 us.
[info]  rtt = 8.959 us.
[info]  rtt = 9.326 us.
[info]  rtt = 8.575 us.
[info]  rtt = 8.469 us.
[info]  rtt = 8.562 us.
[info]  rtt = 9.341 us.
[info]  rtt = 8.525 us.
[info]  rtt = 8.548 us.
[info]  rtt = 8.644 us.
[info]  rtt = 9.463 us.
[info]  rtt = 8.567 us.
[info]  rtt = 8.344 us.
[info]  rtt = 8.583 us.
[info]  rtt = 9.479 us.
[info]  rtt = 8.64 us.
[info]  rtt = 8.305 us.
[info]  rtt = 8.563 us.
[info]  rtt = 9.652 us.
[info]  rtt = 8.423 us.
[info]  rtt = 8.371 us.
[info]  rtt = 8.715 us.
[info]  rtt = 9.338 us.
[info]  rtt = 8.478 us.
[info]  rtt = 8.41 us.
[info]  rtt = 8.551 us.
[info]  rtt = 9.716 us.
[info]  rtt = 8.504 us.
[info]  rtt = 8.289 us.
[info]  rtt = 8.667 us.
[info]  rtt = 9.348 us.
[info]  rtt = 8.519 us.
[info]  rtt = 8.349 us.
[info]  rtt = 8.612 us.
[info]  rtt = 9.273 us.
[info]  rtt = 8.497 us.
[info]  rtt = 8.273 us.
[info]  rtt = 8.564 us.
[info]  rtt = 9.435 us.
[info]  rtt = 8.423 us.
[info]  rtt = 8.316 us.
[info]  rtt = 8.412 us.
[info]  rtt = 9.338 us.
[info]  rtt = 8.43 us.
[info]  rtt = 8.28 us.
[info]  rtt = 8.466 us.
[info]  rtt = 9.288 us.
[info]  rtt = 8.673 us.
[info]  rtt = 8.242 us.
[info]  rtt = 8.502 us.
[info]  rtt = 9.308 us.
[info]  rtt = 8.609 us.
[info]  rtt = 8.34 us.
[info]  rtt = 8.477 us.
[info]  rtt = 9.411 us.
[info]  rtt = 8.545 us.
[info]  rtt = 8.541 us.
[info]  rtt = 8.664 us.
[info]  rtt = 9.371 us.
[info]  rtt = 8.66 us.
[info]  rtt = 8.395 us.
[info]  rtt = 8.534 us.
[info]  rtt = 9.384 us.
[info]  rtt = 8.394 us.
[info]  rtt = 8.372 us.
[info]  rtt = 8.539 us.
[info]  rtt = 9.503 us.
[info]  rtt = 8.517 us.
[info]  rtt = 8.29 us.
[info]  rtt = 8.446 us.
[info]  rtt = 9.308 us.
[info]  rtt = 8.402 us.
[info]  rtt = 8.484 us.
[info]  rtt = 8.339 us.
[info]  rtt = 9.304 us.
[info]  rtt = 8.696 us.
[info]  rtt = 8.303 us.
[info]  rtt = 8.41 us.
[info]  rtt = 9.346 us.
[info]  rtt = 8.635 us.
[info]  rtt = 8.286 us.
[info]  rtt = 8.557 us.
[info]  rtt = 9.29 us.
[info]  rtt = 8.383 us.
[info]  rtt = 8.416 us.
[info]  rtt = 8.477 us.
[info]  rtt = 9.324 us.
[info]  rtt = 8.34 us.
[info]  rtt = 8.326 us.
[info]  rtt = 8.523 us.
[info]  rtt = 9.394 us.
[info]  rtt = 8.42 us.
[info]  rtt = 8.369 us.
[info]  rtt = 8.346 us.
[info]  rtt = 9.355 us.
[info]  rtt = 8.427 us.
[info]  rtt = 8.327 us.
[info]  rtt = 8.448 us.
[info]  rtt = 9.292 us.
[info]  rtt = 8.423 us.
[info]  rtt = 8.309 us.
[info]  rtt = 8.363 us.
[info]  rtt = 9.359 us.
[info]  rtt = 8.422 us.
[info]  rtt = 8.35 us.
[info]  rtt = 8.456 us.
[info]  rtt = 9.422 us.
[info]  rtt = 8.563 us.
[info]  rtt = 8.43 us.
[info]  rtt = 8.554 us.
[info]  rtt = 9.371 us.
[info]  rtt = 8.581 us.
[info]  rtt = 8.303 us.
[info]  rtt = 8.666 us.
[info]  rtt = 9.292 us.
[info]  rtt = 8.423 us.
[info]  rtt = 8.486 us.
[info]  rtt = 8.444 us.
[info]  rtt = 9.483 us.
[info]  rtt = 8.524 us.
[info]  rtt = 8.321 us.
[info]  rtt = 8.409 us.
[info]  rtt = 9.413 us.
[info]  rtt = 8.447 us.
[info]  rtt = 8.926 us.
[info]  rtt = 8.502 us.
[info]  rtt = 9.401 us.
[info]  rtt = 8.395 us.
[info]  rtt = 8.412 us.
[info]  rtt = 8.412 us.
[info]  rtt = 9.337 us.
[info]  rtt = 8.485 us.
[info]  rtt = 8.502 us.
[info]  rtt = 8.385 us.
[info]  rtt = 9.375 us.
[info]  rtt = 8.398 us.
[info]  rtt = 8.454 us.
[info]  rtt = 8.453 us.
[info]  rtt = 9.329 us.
[info]  rtt = 8.409 us.
[info]  rtt = 8.522 us.
[info]  rtt = 8.554 us.
[info]  rtt = 9.299 us.
[info]  rtt = 8.75 us.
[info]  rtt = 8.297 us.
[info]  rtt = 8.533 us.
[info]  rtt = 9.354 us.
[info]  rtt = 8.411 us.
[info]  rtt = 8.334 us.
[info]  rtt = 8.906 us.
[info]  rtt = 9.353 us.
[info]  rtt = 8.418 us.
[info]  rtt = 8.359 us.
[info]  rtt = 8.445 us.
[info]  rtt = 9.314 us.
[info]  rtt = 8.513 us.
[info]  rtt = 8.395 us.
[info]  rtt = 8.342 us.
[info]  rtt = 9.304 us.
[info]  rtt = 8.415 us.
[info]  rtt = 8.257 us.
[info]  rtt = 8.427 us.
[info]  rtt = 9.309 us.
[info]  rtt = 8.503 us.
[info]  rtt = 8.348 us.
[info]  rtt = 8.556 us.
[info]  rtt = 9.378 us.
[info]  rtt = 8.462 us.
[info]  rtt = 8.339 us.
[info]  rtt = 8.524 us.
[info]  rtt = 9.343 us.
[info]  rtt = 8.455 us.
[info]  rtt = 8.412 us.
[info]  rtt = 8.468 us.
[info]  rtt = 9.629 us.
[info]  rtt = 8.431 us.
[info]  rtt = 8.3 us.
[info]  rtt = 8.398 us.
[info]  rtt = 9.399 us.
[info]  rtt = 8.672 us.
[info]  rtt = 8.36 us.
[info]  rtt = 8.372 us.
[info]  rtt = 9.329 us.
[info]  rtt = 8.461 us.
[info]  rtt = 8.296 us.
[info]  rtt = 8.411 us.
[info]  rtt = 9.355 us.
[info]  rtt = 8.448 us.
[info]  rtt = 8.334 us.
[info]  rtt = 8.385 us.
[info]  rtt = 9.524 us.
[info]  rtt = 8.45 us.
[info]  rtt = 8.346 us.
[info]  rtt = 8.377 us.
[info]  rtt = 9.293 us.
[info]  rtt = 8.548 us.
[info]  rtt = 8.308 us.
[info]  rtt = 8.498 us.
[info]  rtt = 9.421 us.
[info]  rtt = 8.488 us.
[info]  rtt = 8.298 us.
[info]  rtt = 8.482 us.
[info]  rtt = 9.336 us.
[info]  rtt = 8.43 us.
[info]  rtt = 8.362 us.
[info]  rtt = 8.579 us.
[info]  rtt = 9.395 us.
[info]  rtt = 8.443 us.
[info]  rtt = 8.46 us.
[info]  rtt = 8.468 us.
[info]  rtt = 9.636 us.
[info]  rtt = 8.401 us.
[info]  rtt = 8.38 us.
[info]  rtt = 8.482 us.
[info]  rtt = 9.356 us.
[info]  rtt = 8.365 us.
[info]  rtt = 8.309 us.
[info]  rtt = 8.354 us.
[info]  rtt = 9.369 us.
[info]  rtt = 8.518 us.
[info]  rtt = 8.446 us.
[info]  rtt = 8.348 us.
[info]  rtt = 9.448 us.
[info]  rtt = 8.661 us.
[info]  rtt = 8.316 us.
[info]  rtt = 8.477 us.
[info]  rtt = 9.386 us.
[info]  rtt = 8.667 us.
[info]  rtt = 8.44 us.
[info]  rtt = 8.557 us.
[info]  rtt = 9.37 us.
[info]  rtt = 8.566 us.
[info]  rtt = 8.397 us.
[info]  rtt = 8.408 us.
[info]  rtt = 9.297 us.
[info]  rtt = 8.505 us.
[info]  rtt = 8.388 us.
[info]  rtt = 8.466 us.
[info]  rtt = 9.391 us.
[info]  rtt = 8.435 us.
[info]  rtt = 8.358 us.
[info]  rtt = 8.572 us.
[info]  rtt = 9.245 us.
[info]  rtt = 8.403 us.
[info]  rtt = 8.308 us.
[info]  rtt = 8.438 us.
[info]  rtt = 9.405 us.
[info]  rtt = 8.523 us.
[info]  rtt = 8.923 us.
[info]  rtt = 8.391 us.
[info]  rtt = 9.27 us.
[info]  rtt = 8.393 us.
[info]  rtt = 8.539 us.
[info]  rtt = 8.383 us.
[info]  rtt = 9.282 us.
[info]  rtt = 8.486 us.
[info]  rtt = 8.377 us.
[info]  rtt = 8.448 us.
[info]  rtt = 9.528 us.
[info]  rtt = 8.585 us.
[info]  rtt = 8.482 us.
[info]  rtt = 8.484 us.
[info]  rtt = 9.308 us.
[info]  rtt = 8.404 us.
[info]  rtt = 8.328 us.
[info]  rtt = 8.409 us.
[info]  rtt = 9.348 us.
[info]  rtt = 8.594 us.
[info]  rtt = 8.474 us.
[info]  rtt = 8.439 us.
[info]  rtt = 9.514 us.
[info]  rtt = 8.776 us.
[info]  rtt = 8.29 us.
[info]  rtt = 8.392 us.
[info]  rtt = 9.401 us.
[info]  rtt = 8.517 us.
[info]  rtt = 8.325 us.
[info]  rtt = 8.748 us.
[info]  rtt = 9.309 us.
[info]  rtt = 8.537 us.
[info]  rtt = 8.501 us.
[info]  rtt = 8.517 us.
[info]  rtt = 9.414 us.
[info]  rtt = 8.528 us.
[info]  rtt = 8.285 us.
[info]  rtt = 8.566 us.
[info]  rtt = 9.336 us.
[info]  rtt = 8.438 us.
[info]  rtt = 8.341 us.
[info]  rtt = 8.379 us.
[info]  rtt = 9.431 us.
[info]  rtt = 8.346 us.
[info]  rtt = 8.393 us.
[info]  rtt = 8.734 us.
[info]  rtt = 9.666 us.
[info]  rtt = 8.464 us.
[info]  rtt = 8.755 us.
[info]  rtt = 8.553 us.
[info]  rtt = 9.274 us.
[info]  rtt = 8.608 us.
[info]  rtt = 8.374 us.
[info]  rtt = 8.612 us.
[info]  rtt = 9.379 us.
[info]  rtt = 8.598 us.
[info]  rtt = 8.392 us.
[info]  rtt = 8.546 us.
[info]  rtt = 9.319 us.
[info]  rtt = 8.502 us.
[info]  rtt = 8.558 us.
[info]  rtt = 8.606 us.
[info]  rtt = 9.347 us.
[info]  rtt = 8.434 us.
[info]  rtt = 8.35 us.
[info]  rtt = 8.47 us.
[info]  rtt = 9.393 us.
[info]  rtt = 11.258 us.
[info]  rtt = 8.371 us.
[info]  rtt = 8.491 us.
[info]  rtt = 9.704 us.
[info]  rtt = 8.459 us.
[info]  rtt = 8.411 us.
[info]  rtt = 8.465 us.
[info]  rtt = 9.404 us.
[info]  rtt = 8.501 us.
[info]  rtt = 8.585 us.
[info]  rtt = 8.5 us.
[info]  rtt = 9.418 us.
[info]  rtt = 11.6 us.
[info]  rtt = 8.406 us.
[info]  rtt = 8.597 us.
[info]  rtt = 9.356 us.
[info]  rtt = 8.522 us.
[info]  rtt = 8.378 us.
[info]  rtt = 8.495 us.
[info]  rtt = 9.313 us.
[info]  rtt = 8.473 us.
[info]  rtt = 8.606 us.
[info]  rtt = 8.483 us.
[info]  rtt = 9.329 us.
[info]  rtt = 8.538 us.
[info]  rtt = 8.317 us.
[info]  rtt = 8.667 us.
[info]  rtt = 9.47 us.
[info]  rtt = 8.753 us.
[info]  rtt = 8.43 us.
[info]  rtt = 8.626 us.
[info]  rtt = 9.678 us.
[info]  rtt = 9.156 us.
[info]  rtt = 8.715 us.
[info]  rtt = 8.517 us.
[info]  rtt = 9.495 us.
[info]  rtt = 8.511 us.
[info]  rtt = 8.447 us.
[info]  rtt = 8.424 us.
[info]  rtt = 9.476 us.
[info]  rtt = 8.299 us.
[info]  rtt = 8.556 us.
[info]  rtt = 8.266 us.
[info]  rtt = 9.306 us.
[info]  rtt = 8.261 us.
[info]  rtt = 8.437 us.
[info]  rtt = 8.382 us.
[info]  rtt = 9.231 us.
[info]  rtt = 8.434 us.
[info]  rtt = 8.241 us.
[info]  rtt = 8.355 us.
[info]  rtt = 9.281 us.
[info]  rtt = 8.357 us.
[info]  rtt = 8.84 us.
[info]  rtt = 8.397 us.
[info]  rtt = 9.439 us.
[info]  rtt = 8.541 us.
[info]  rtt = 8.327 us.
[info]  rtt = 8.381 us.
[info]  rtt = 9.305 us.
[info]  rtt = 8.328 us.
[info]  average: 8.71664 us. median: 8.4815 us. mode: 8.411000 us. min: 8.236 us. max: 19.359 us. per 1024 samples, packet size: 140 bytes / payload size: 98 bytes 
[debug]  
	Total number of successfully received packets: 1053
	Total number of successfully transmitted packets: 1053
	Total number of successfully received bytes: 147420
	Total number of successfully transmitted bytes: 147420
	missed : 0 from : 1053 - 0%
	Total number of erroneous received packets: 0
	Total number of failed transmitted packets: 0
	Total number of Rx mbuf allocation failures: 0
		0 Total number of queue Rx packets : 0
		0 Total number of successfully received queue bytes : 0
		0 Total number of queue packets received that are dropped : 0
		0 Total number of queue Tx packets : 0
		0 Total number of successfully transmitted queue bytes : 0
