[debug]  lo
	00:00:00:00:00:00
	127.0.0.1
[debug]  eno2np1
	08:BF:B8:05:53:90
	192.168.13.2
[debug]  ens8191f0np0
	EC:0D:9A:98:B2:D2
	192.168.13.31
[debug]  enxbaa50f00c0b2
	BA:A5:0F:00:C0:B2
[debug]  ens8191f1np1
	EC:0D:9A:98:B2:D3
	192.168.13.32
[debug]  enp64s0f0np0
	B8:CE:F6:8C:E3:B4
	192.168.13.21
[debug]  enp64s0f1np1
	B8:CE:F6:8C:E3:B5
	192.168.13.22
[debug]  wlx0013ef500a9c
	00:13:EF:50:0A:9C
	192.168.8.144
[debug]  enp148s0f0np0
	00:0F:53:63:4C:E0
	192.168.13.41
[debug]  enp148s0f1np1
	00:0F:53:63:4C:E1
	192.168.13.42
[debug]  eno1np0
	08:BF:B8:05:53:91
	192.168.13.1
[debug]  enp106s0f0np0
	40:A6:B7:96:E7:A0
	192.168.13.11
[debug]  enp106s0f1np1
	40:A6:B7:96:E7:A1
	192.168.13.12
[debug]  enp106s0f1np1 (net_ice) port: 0 - 40:A6:B7:96:E7:A1[192.168.13.12]
{
	svc_tx_n : 1
	rx_flow_queues : 0
	next_src_port : 5000 (0x1388)
	rx_reconfig_hint : 65000 (0xfde8)
	clock_hz : 0
	info : {
		min_mtu : 68 (0x44)
		max_mtu : 9702 (0x25e6)
		min_rx_bufsize : 1024 (0x400)
		max_rx_bufsize : 4294967295 (0xffffffff)
		max_rx_pktlen : 9728 (0x2600)
		max_lro_pkt_size : 0
		max_rx_queues : 256 (0x100)
		max_tx_queues : 256 (0x100)
		max_mac_addrs : 64 (0x40)
		max_hash_mac_addrs : 0
		max_vfs : 0
		max_vmdq_pools : 0
		rx_offload_capa : 19666f:RTE_ETH_RX_OFFLOAD_VLAN_STRIP|RTE_ETH_RX_OFFLOAD_IPV4_CKSUM|RTE_ETH_RX_OFFLOAD_UDP_CKSUM|RTE_ETH_RX_OFFLOAD_TCP_CKSUM|RTE_ETH_RX_OFFLOAD_QINQ_STRIP|RTE_ETH_RX_OFFLOAD_OUTER_IPV4_CKSUM|RTE_ETH_RX_OFFLOAD_VLAN_FILTER|RTE_ETH_RX_OFFLOAD_VLAN_EXTEND|RTE_ETH_RX_OFFLOAD_SCATTER|RTE_ETH_RX_OFFLOAD_TIMESTAMP|RTE_ETH_RX_OFFLOAD_KEEP_CRC|RTE_ETH_RX_OFFLOAD_RSS_HASH|RTE_ETH_RX_OFFLOAD_BUFFER_SPLIT
		tx_offload_capa : 119fbf:RTE_ETH_TX_OFFLOAD_VLAN_INSERT|RTE_ETH_TX_OFFLOAD_IPV4_CKSUM|RTE_ETH_TX_OFFLOAD_UDP_CKSUM|RTE_ETH_TX_OFFLOAD_TCP_CKSUM|RTE_ETH_TX_OFFLOAD_SCTP_CKSUM|RTE_ETH_TX_OFFLOAD_TCP_TSO|RTE_ETH_TX_OFFLOAD_OUTER_IPV4_CKSUM|RTE_ETH_TX_OFFLOAD_QINQ_INSERT|RTE_ETH_TX_OFFLOAD_VXLAN_TNL_TSO|RTE_ETH_TX_OFFLOAD_GRE_TNL_TSO|RTE_ETH_TX_OFFLOAD_IPIP_TNL_TSO|RTE_ETH_TX_OFFLOAD_GENEVE_TNL_TSO|RTE_ETH_TX_OFFLOAD_MULTI_SEGS|RTE_ETH_TX_OFFLOAD_MBUF_FAST_FREE|RTE_ETH_TX_OFFLOAD_OUTER_UDP_CKSUM
		rx_queue_offload_capa : 100000:RTE_ETH_RX_OFFLOAD_BUFFER_SPLIT
		tx_queue_offload_capa : 10000:RTE_ETH_TX_OFFLOAD_MBUF_FAST_FREE
		reta_size : 512 (0x200)
		rss_algo_capa : 1
		flow_type_rss_offloads : 32764 (0x7ffc)
		default_rxconf : {
			rx_thresh : {
				pthresh : 8
				hthresh : 8
				wthresh : 0
			}
			rx_free_thresh : 32 (0x20)
			rx_drop_en : 0
			rx_deferred_start : 0
			rx_nseg : 0
			share_group : 0
			share_qid : 0
			offloads : 0
			rx_nmempool : 0
		}
		default_txconf : {
			tx_thresh : {
				pthresh : 32 (0x20)
				hthresh : 0
				wthresh : 0
			}
			tx_rs_thresh : 32 (0x20)
			tx_free_thresh : 32 (0x20)
			tx_deferred_start : 0
			offloads : 0
		}
		vmdq_queue_base : 0
		vmdq_queue_num : 0
		vmdq_pool_base : 0
		rx_desc_lim : {
			nb_max : 8160 (0x1fe0)
			nb_min : 64 (0x40)
			nb_align : 32 (0x20)
			nb_seg_max : 0
			nb_mtu_seg_max : 0
		}
		tx_desc_lim : {
			nb_max : 8160 (0x1fe0)
			nb_min : 64 (0x40)
			nb_align : 32 (0x20)
			nb_seg_max : 8160 (0x1fe0)
			nb_mtu_seg_max : 8
		}
		speed_capa : 22516 (0x57f4)
		nb_rx_queues : 0
		nb_tx_queues : 0
		default_rxportconf : {
			burst_size : 8
			ring_size : 1024 (0x400)
			nb_queues : 1
		}
		default_txportconf : {
			burst_size : 1
			ring_size : 1024 (0x400)
			nb_queues : 1
		}
		dev_capa : 0
	}
	effective_offload : {
		rx : 9266f:RTE_ETH_RX_OFFLOAD_VLAN_STRIP|RTE_ETH_RX_OFFLOAD_IPV4_CKSUM|RTE_ETH_RX_OFFLOAD_UDP_CKSUM|RTE_ETH_RX_OFFLOAD_TCP_CKSUM|RTE_ETH_RX_OFFLOAD_QINQ_STRIP|RTE_ETH_RX_OFFLOAD_OUTER_IPV4_CKSUM|RTE_ETH_RX_OFFLOAD_VLAN_FILTER|RTE_ETH_RX_OFFLOAD_VLAN_EXTEND|RTE_ETH_RX_OFFLOAD_SCATTER|RTE_ETH_RX_OFFLOAD_KEEP_CRC|RTE_ETH_RX_OFFLOAD_RSS_HASH
		tx : 0
	}
	tx_rings : 1
	rx_meta_features : 0
	features : 0000000000000000000000000000000000000000000000000000000000000110
}	will run on socket 0 - 11 cores : [15 6 7 8 9 10 11 12 13 14 5 ]
[debug]  enp106s0f1np1 port: 0 - requested offloads : 9266f:RTE_ETH_RX_OFFLOAD_VLAN_STRIP|RTE_ETH_RX_OFFLOAD_IPV4_CKSUM|RTE_ETH_RX_OFFLOAD_UDP_CKSUM|RTE_ETH_RX_OFFLOAD_TCP_CKSUM|RTE_ETH_RX_OFFLOAD_QINQ_STRIP|RTE_ETH_RX_OFFLOAD_OUTER_IPV4_CKSUM|RTE_ETH_RX_OFFLOAD_VLAN_FILTER|RTE_ETH_RX_OFFLOAD_VLAN_EXTEND|RTE_ETH_RX_OFFLOAD_SCATTER|RTE_ETH_RX_OFFLOAD_KEEP_CRC|RTE_ETH_RX_OFFLOAD_RSS_HASH
[debug]  port 0 : 192.168.13.12 - link speed 100 Gbps
[debug]  starting up 1 rx queue(s)...
[info]  192.168.13.11 : 40:A6:B7:96:E7:A0
[debug]  creating sockperf packets memory pool : 4095 cache_size : 16
[info]  warming up...
[info]  performing latency test ...
[info]  rtt = 9.174 us.
[info]  rtt = 8.841 us.
[info]  rtt = 9.27 us.
[info]  rtt = 9.504 us.
[info]  rtt = 8.823 us.
[info]  rtt = 9.056 us.
[info]  rtt = 9.319 us.
[info]  rtt = 9.412 us.
[info]  rtt = 11.965 us.
[info]  rtt = 8.843 us.
[info]  rtt = 9.317 us.
[info]  rtt = 9.334 us.
[info]  rtt = 8.744 us.
[info]  rtt = 8.849 us.
[info]  rtt = 9.246 us.
[info]  rtt = 9.416 us.
[info]  rtt = 9.315 us.
[info]  rtt = 8.88 us.
[info]  rtt = 9.241 us.
[info]  rtt = 9.818 us.
[info]  rtt = 8.758 us.
[info]  rtt = 8.833 us.
[info]  rtt = 9.301 us.
[info]  rtt = 9.372 us.
[info]  rtt = 8.786 us.
[info]  rtt = 8.839 us.
[info]  rtt = 9.266 us.
[info]  rtt = 9.326 us.
[info]  rtt = 8.788 us.
[info]  rtt = 8.796 us.
[info]  rtt = 9.312 us.
[info]  rtt = 9.34 us.
[info]  rtt = 8.819 us.
[info]  rtt = 8.875 us.
[info]  rtt = 9.292 us.
[info]  rtt = 9.324 us.
[info]  rtt = 8.808 us.
[info]  rtt = 8.846 us.
[info]  rtt = 9.3 us.
[info]  rtt = 9.349 us.
[info]  rtt = 8.844 us.
[info]  rtt = 9.121 us.
[info]  rtt = 9.327 us.
[info]  rtt = 9.338 us.
[info]  rtt = 8.772 us.
[info]  rtt = 8.9 us.
[info]  rtt = 9.212 us.
[info]  rtt = 9.425 us.
[info]  rtt = 8.736 us.
[info]  rtt = 9.041 us.
[info]  rtt = 9.361 us.
[info]  rtt = 9.893 us.
[info]  rtt = 8.826 us.
[info]  rtt = 8.89 us.
[info]  rtt = 9.294 us.
[info]  rtt = 9.406 us.
[info]  rtt = 9.261 us.
[info]  rtt = 8.993 us.
[info]  rtt = 9.213 us.
[info]  rtt = 11.016 us.
[info]  rtt = 8.807 us.
[info]  rtt = 9.031 us.
[info]  rtt = 9.22 us.
[info]  rtt = 9.379 us.
[info]  rtt = 8.736 us.
[info]  rtt = 9.327 us.
[info]  rtt = 9.185 us.
[info]  rtt = 9.44 us.
[info]  rtt = 8.818 us.
[info]  rtt = 8.867 us.
[info]  rtt = 9.336 us.
[info]  rtt = 9.409 us.
[info]  rtt = 8.773 us.
[info]  rtt = 9.024 us.
[info]  rtt = 9.254 us.
[info]  rtt = 9.446 us.
[info]  rtt = 8.853 us.
[info]  rtt = 8.886 us.
[info]  rtt = 9.39 us.
[info]  rtt = 9.482 us.
[info]  rtt = 9.077 us.
[info]  rtt = 8.866 us.
[info]  rtt = 9.314 us.
[info]  rtt = 10.078 us.
[info]  rtt = 8.831 us.
[info]  rtt = 8.875 us.
[info]  rtt = 9.277 us.
[info]  rtt = 9.364 us.
[info]  rtt = 8.817 us.
[info]  rtt = 8.914 us.
[info]  rtt = 9.542 us.
[info]  rtt = 9.282 us.
[info]  rtt = 8.896 us.
[info]  rtt = 8.995 us.
[info]  rtt = 9.307 us.
[info]  rtt = 9.338 us.
[info]  rtt = 8.818 us.
[info]  rtt = 8.901 us.
[info]  rtt = 9.357 us.
[info]  rtt = 9.322 us.
[info]  rtt = 9.01 us.
[info]  rtt = 8.851 us.
[info]  rtt = 9.422 us.
[info]  rtt = 9.394 us.
[info]  rtt = 8.846 us.
[info]  rtt = 8.944 us.
[info]  rtt = 9.301 us.
[info]  rtt = 9.397 us.
[info]  rtt = 8.789 us.
[info]  rtt = 8.892 us.
[info]  rtt = 9.401 us.
[info]  rtt = 9.524 us.
[info]  rtt = 8.88 us.
[info]  rtt = 8.902 us.
[info]  rtt = 9.544 us.
[info]  rtt = 10.182 us.
[info]  rtt = 8.806 us.
[info]  rtt = 8.947 us.
[info]  rtt = 9.392 us.
[info]  rtt = 9.467 us.
[info]  rtt = 8.909 us.
[info]  rtt = 8.909 us.
[info]  rtt = 9.242 us.
[info]  rtt = 9.402 us.
[info]  rtt = 8.902 us.
[info]  rtt = 8.674 us.
[info]  rtt = 9.299 us.
[info]  rtt = 9.368 us.
[info]  rtt = 8.885 us.
[info]  rtt = 8.744 us.
[info]  rtt = 9.302 us.
[info]  rtt = 9.369 us.
[info]  rtt = 8.91 us.
[info]  rtt = 9.045 us.
[info]  rtt = 9.313 us.
[info]  rtt = 9.354 us.
[info]  rtt = 8.852 us.
[info]  rtt = 8.848 us.
[info]  rtt = 9.415 us.
[info]  rtt = 9.617 us.
[info]  rtt = 8.828 us.
[info]  rtt = 8.99 us.
[info]  rtt = 9.411 us.
[info]  rtt = 9.528 us.
[info]  rtt = 8.908 us.
[info]  rtt = 8.932 us.
[info]  rtt = 9.337 us.
[info]  rtt = 9.879 us.
[info]  rtt = 8.907 us.
[info]  rtt = 8.781 us.
[info]  rtt = 9.36 us.
[info]  rtt = 9.373 us.
[info]  rtt = 8.921 us.
[info]  rtt = 8.753 us.
[info]  rtt = 9.292 us.
[info]  rtt = 9.343 us.
[info]  rtt = 8.837 us.
[info]  rtt = 8.786 us.
[info]  rtt = 9.288 us.
[info]  rtt = 9.296 us.
[info]  rtt = 9.016 us.
[info]  rtt = 8.879 us.
[info]  rtt = 9.328 us.
[info]  rtt = 9.91 us.
[info]  rtt = 8.867 us.
[info]  rtt = 8.906 us.
[info]  rtt = 9.309 us.
[info]  rtt = 9.264 us.
[info]  rtt = 8.868 us.
[info]  rtt = 8.969 us.
[info]  rtt = 9.307 us.
[info]  rtt = 9.411 us.
[info]  rtt = 8.916 us.
[info]  rtt = 8.749 us.
[info]  rtt = 9.308 us.
[info]  rtt = 9.294 us.
[info]  rtt = 8.72 us.
[info]  rtt = 8.881 us.
[info]  rtt = 9.215 us.
[info]  rtt = 9.784 us.
[info]  rtt = 8.774 us.
[info]  rtt = 8.846 us.
[info]  rtt = 9.365 us.
[info]  rtt = 9.353 us.
[info]  rtt = 8.898 us.
[info]  rtt = 8.834 us.
[info]  rtt = 9.385 us.
[info]  rtt = 9.499 us.
[info]  rtt = 8.815 us.
[info]  rtt = 8.924 us.
[info]  rtt = 9.352 us.
[info]  rtt = 9.516 us.
[info]  rtt = 8.934 us.
[info]  rtt = 9.076 us.
[info]  rtt = 9.355 us.
[info]  rtt = 9.403 us.
[info]  rtt = 8.829 us.
[info]  rtt = 8.882 us.
[info]  rtt = 9.305 us.
[info]  rtt = 9.574 us.
[info]  rtt = 8.878 us.
[info]  rtt = 8.684 us.
[info]  rtt = 9.309 us.
[info]  rtt = 9.383 us.
[info]  rtt = 9.013 us.
[info]  rtt = 8.863 us.
[info]  rtt = 9.327 us.
[info]  rtt = 9.384 us.
[info]  rtt = 9.025 us.
[info]  rtt = 8.919 us.
[info]  rtt = 9.298 us.
[info]  rtt = 10.169 us.
[info]  rtt = 9.324 us.
[info]  rtt = 8.871 us.
[info]  rtt = 9.343 us.
[info]  rtt = 9.359 us.
[info]  rtt = 8.882 us.
[info]  rtt = 8.77 us.
[info]  rtt = 9.439 us.
[info]  rtt = 9.368 us.
[info]  rtt = 8.907 us.
[info]  rtt = 8.861 us.
[info]  rtt = 9.368 us.
[info]  rtt = 9.55 us.
[info]  rtt = 8.926 us.
[info]  rtt = 8.887 us.
[info]  rtt = 9.37 us.
[info]  rtt = 9.366 us.
[info]  rtt = 8.906 us.
[info]  rtt = 8.87 us.
[info]  rtt = 9.311 us.
[info]  rtt = 9.545 us.
[info]  rtt = 8.816 us.
[info]  rtt = 9.01 us.
[info]  rtt = 9.326 us.
[info]  rtt = 9.394 us.
[info]  rtt = 9.523 us.
[info]  rtt = 8.819 us.
[info]  rtt = 9.42 us.
[info]  rtt = 9.379 us.
[info]  rtt = 8.89 us.
[info]  rtt = 8.848 us.
[info]  rtt = 9.284 us.
[info]  rtt = 9.93 us.
[info]  rtt = 8.862 us.
[info]  rtt = 9.05 us.
[info]  rtt = 9.452 us.
[info]  rtt = 9.662 us.
[info]  rtt = 9.325 us.
[info]  rtt = 8.95 us.
[info]  rtt = 9.337 us.
[info]  rtt = 9.721 us.
[info]  rtt = 8.857 us.
[info]  rtt = 8.962 us.
[info]  rtt = 9.421 us.
[info]  rtt = 9.487 us.
[info]  rtt = 9.004 us.
[info]  rtt = 8.844 us.
[info]  rtt = 9.48 us.
[info]  rtt = 9.608 us.
[info]  rtt = 9.26 us.
[info]  rtt = 9.076 us.
[info]  rtt = 9.365 us.
[info]  rtt = 9.749 us.
[info]  rtt = 8.905 us.
[info]  rtt = 8.919 us.
[info]  rtt = 9.38 us.
[info]  rtt = 9.398 us.
[info]  rtt = 8.897 us.
[info]  rtt = 8.883 us.
[info]  rtt = 9.284 us.
[info]  rtt = 9.378 us.
[info]  rtt = 8.865 us.
[info]  rtt = 8.945 us.
[info]  rtt = 9.506 us.
[info]  rtt = 9.969 us.
[info]  rtt = 8.855 us.
[info]  rtt = 8.865 us.
[info]  rtt = 9.554 us.
[info]  rtt = 9.323 us.
[info]  rtt = 8.901 us.
[info]  rtt = 8.752 us.
[info]  rtt = 9.352 us.
[info]  rtt = 9.412 us.
[info]  rtt = 8.852 us.
[info]  rtt = 9.095 us.
[info]  rtt = 9.366 us.
[info]  rtt = 9.382 us.
[info]  rtt = 8.884 us.
[info]  rtt = 8.77 us.
[info]  rtt = 9.321 us.
[info]  rtt = 9.439 us.
[info]  rtt = 8.914 us.
[info]  rtt = 8.893 us.
[info]  rtt = 9.338 us.
[info]  rtt = 9.38 us.
[info]  rtt = 8.834 us.
[info]  rtt = 8.893 us.
[info]  rtt = 9.37 us.
[info]  rtt = 9.42 us.
[info]  rtt = 8.98 us.
[info]  rtt = 8.803 us.
[info]  rtt = 9.302 us.
[info]  rtt = 9.359 us.
[info]  rtt = 8.906 us.
[info]  rtt = 8.869 us.
[info]  rtt = 9.354 us.
[info]  rtt = 9.863 us.
[info]  rtt = 8.829 us.
[info]  rtt = 8.784 us.
[info]  rtt = 9.389 us.
[info]  rtt = 9.473 us.
[info]  rtt = 9.149 us.
[info]  rtt = 8.819 us.
[info]  rtt = 9.43 us.
[info]  rtt = 9.341 us.
[info]  rtt = 8.894 us.
[info]  rtt = 8.932 us.
[info]  rtt = 10.944 us.
[info]  rtt = 9.314 us.
[info]  rtt = 8.806 us.
[info]  rtt = 8.803 us.
[info]  rtt = 9.273 us.
[info]  rtt = 9.351 us.
[info]  rtt = 9.077 us.
[info]  rtt = 8.973 us.
[info]  rtt = 9.307 us.
[info]  rtt = 9.337 us.
[info]  rtt = 8.85 us.
[info]  rtt = 9.026 us.
[info]  rtt = 9.499 us.
[info]  rtt = 9.418 us.
[info]  rtt = 8.864 us.
[info]  rtt = 8.834 us.
[info]  rtt = 9.532 us.
[info]  rtt = 9.462 us.
[info]  rtt = 8.863 us.
[info]  rtt = 8.885 us.
[info]  rtt = 9.517 us.
[info]  rtt = 9.739 us.
[info]  rtt = 8.843 us.
[info]  rtt = 8.788 us.
[info]  rtt = 9.336 us.
[info]  rtt = 9.292 us.
[info]  rtt = 8.828 us.
[info]  rtt = 8.786 us.
[info]  rtt = 9.342 us.
[info]  rtt = 9.348 us.
[info]  rtt = 8.83 us.
[info]  rtt = 8.792 us.
[info]  rtt = 9.341 us.
[info]  rtt = 9.414 us.
[info]  rtt = 8.788 us.
[info]  rtt = 8.841 us.
[info]  rtt = 9.323 us.
[info]  rtt = 9.247 us.
[info]  rtt = 8.879 us.
[info]  rtt = 8.777 us.
[info]  rtt = 9.522 us.
[info]  rtt = 9.521 us.
[info]  rtt = 8.945 us.
[info]  rtt = 8.782 us.
[info]  rtt = 9.406 us.
[info]  rtt = 9.368 us.
[info]  rtt = 8.848 us.
[info]  rtt = 8.786 us.
[info]  rtt = 9.417 us.
[info]  rtt = 9.364 us.
[info]  rtt = 8.868 us.
[info]  rtt = 8.821 us.
[info]  rtt = 9.275 us.
[info]  rtt = 9.962 us.
[info]  rtt = 8.841 us.
[info]  rtt = 8.838 us.
[info]  rtt = 9.319 us.
[info]  rtt = 9.265 us.
[info]  rtt = 9.143 us.
[info]  rtt = 8.734 us.
[info]  rtt = 9.312 us.
[info]  rtt = 9.214 us.
[info]  rtt = 9.001 us.
[info]  rtt = 8.792 us.
[info]  rtt = 9.293 us.
[info]  rtt = 10.147 us.
[info]  rtt = 8.902 us.
[info]  rtt = 8.796 us.
[info]  rtt = 9.401 us.
[info]  rtt = 9.492 us.
[info]  rtt = 8.907 us.
[info]  rtt = 8.815 us.
[info]  rtt = 9.362 us.
[info]  rtt = 9.433 us.
[info]  rtt = 8.886 us.
[info]  rtt = 8.845 us.
[info]  rtt = 9.323 us.
[info]  rtt = 9.424 us.
[info]  rtt = 8.857 us.
[info]  rtt = 8.911 us.
[info]  rtt = 9.341 us.
[info]  rtt = 9.449 us.
[info]  rtt = 8.892 us.
[info]  rtt = 9.109 us.
[info]  rtt = 9.4 us.
[info]  rtt = 9.857 us.
[info]  rtt = 8.881 us.
[info]  rtt = 8.854 us.
[info]  rtt = 9.298 us.
[info]  rtt = 9.421 us.
[info]  rtt = 8.96 us.
[info]  rtt = 8.917 us.
[info]  rtt = 9.327 us.
[info]  rtt = 9.414 us.
[info]  rtt = 8.818 us.
[info]  rtt = 8.872 us.
[info]  rtt = 9.287 us.
[info]  rtt = 9.463 us.
[info]  rtt = 8.827 us.
[info]  rtt = 8.843 us.
[info]  rtt = 9.315 us.
[info]  rtt = 9.313 us.
[info]  rtt = 8.904 us.
[info]  rtt = 8.795 us.
[info]  rtt = 9.372 us.
[info]  rtt = 9.274 us.
[info]  rtt = 8.765 us.
[info]  rtt = 8.782 us.
[info]  rtt = 9.408 us.
[info]  rtt = 9.39 us.
[info]  rtt = 8.823 us.
[info]  rtt = 8.769 us.
[info]  rtt = 9.284 us.
[info]  rtt = 9.324 us.
[info]  rtt = 8.763 us.
[info]  rtt = 8.901 us.
[info]  rtt = 9.267 us.
[info]  rtt = 9.782 us.
[info]  rtt = 8.846 us.
[info]  rtt = 8.872 us.
[info]  rtt = 9.321 us.
[info]  rtt = 9.324 us.
[info]  rtt = 9.267 us.
[info]  rtt = 8.838 us.
[info]  rtt = 9.485 us.
[info]  rtt = 9.352 us.
[info]  rtt = 8.975 us.
[info]  rtt = 8.811 us.
[info]  rtt = 9.368 us.
[info]  rtt = 9.42 us.
[info]  rtt = 8.913 us.
[info]  rtt = 8.923 us.
[info]  rtt = 9.521 us.
[info]  rtt = 9.383 us.
[info]  rtt = 8.9 us.
[info]  rtt = 8.9 us.
[info]  rtt = 9.33 us.
[info]  rtt = 9.522 us.
[info]  rtt = 8.808 us.
[info]  rtt = 9.003 us.
[info]  rtt = 9.462 us.
[info]  rtt = 9.403 us.
[info]  rtt = 9.01 us.
[info]  rtt = 8.833 us.
[info]  rtt = 9.306 us.
[info]  rtt = 9.351 us.
[info]  rtt = 8.884 us.
[info]  rtt = 8.789 us.
[info]  rtt = 9.315 us.
[info]  rtt = 9.665 us.
[info]  rtt = 8.899 us.
[info]  rtt = 8.775 us.
[info]  rtt = 9.371 us.
[info]  rtt = 9.444 us.
[info]  rtt = 8.896 us.
[info]  rtt = 9.042 us.
[info]  rtt = 9.328 us.
[info]  rtt = 9.337 us.
[info]  rtt = 8.896 us.
[info]  rtt = 8.856 us.
[info]  rtt = 9.545 us.
[info]  rtt = 9.53 us.
[info]  rtt = 8.856 us.
[info]  rtt = 9.036 us.
[info]  rtt = 9.571 us.
[info]  rtt = 9.427 us.
[info]  rtt = 8.803 us.
[info]  rtt = 9.026 us.
[info]  rtt = 9.391 us.
[info]  rtt = 9.459 us.
[info]  rtt = 8.759 us.
[info]  rtt = 9.018 us.
[info]  rtt = 9.368 us.
[info]  rtt = 9.546 us.
[info]  rtt = 8.878 us.
[info]  rtt = 8.819 us.
[info]  rtt = 9.265 us.
[info]  rtt = 9.309 us.
[info]  rtt = 8.891 us.
[info]  rtt = 8.93 us.
[info]  rtt = 9.324 us.
[info]  rtt = 9.745 us.
[info]  rtt = 8.929 us.
[info]  rtt = 8.885 us.
[info]  rtt = 9.6 us.
[info]  rtt = 9.513 us.
[info]  rtt = 8.962 us.
[info]  rtt = 8.86 us.
[info]  rtt = 9.503 us.
[info]  rtt = 9.41 us.
[info]  rtt = 8.958 us.
[info]  rtt = 8.875 us.
[info]  rtt = 9.335 us.
[info]  rtt = 9.437 us.
[info]  rtt = 8.848 us.
[info]  rtt = 9.085 us.
[info]  rtt = 9.307 us.
[info]  rtt = 9.424 us.
[info]  rtt = 9.225 us.
[info]  rtt = 8.953 us.
[info]  rtt = 9.338 us.
[info]  rtt = 9.358 us.
[info]  rtt = 8.891 us.
[info]  rtt = 8.901 us.
[info]  rtt = 9.481 us.
[info]  rtt = 9.364 us.
[info]  rtt = 8.883 us.
[info]  rtt = 9.109 us.
[info]  rtt = 9.331 us.
[info]  rtt = 9.435 us.
[info]  rtt = 8.894 us.
[info]  rtt = 8.883 us.
[info]  rtt = 10.083 us.
[info]  rtt = 9.561 us.
[info]  rtt = 8.96 us.
[info]  rtt = 8.781 us.
[info]  rtt = 9.318 us.
[info]  rtt = 9.402 us.
[info]  rtt = 9.027 us.
[info]  rtt = 8.886 us.
[info]  rtt = 9.331 us.
[info]  rtt = 9.429 us.
[info]  rtt = 8.967 us.
[info]  rtt = 8.817 us.
[info]  rtt = 9.351 us.
[info]  rtt = 9.431 us.
[info]  rtt = 8.944 us.
[info]  rtt = 9.065 us.
[info]  rtt = 9.431 us.
[info]  rtt = 9.46 us.
[info]  rtt = 8.849 us.
[info]  rtt = 8.865 us.
[info]  rtt = 9.419 us.
[info]  rtt = 9.414 us.
[info]  rtt = 8.932 us.
[info]  rtt = 8.949 us.
[info]  rtt = 9.397 us.
[info]  rtt = 9.406 us.
[info]  rtt = 9.444 us.
[info]  rtt = 8.902 us.
[info]  rtt = 9.41 us.
[info]  rtt = 9.44 us.
[info]  rtt = 9.206 us.
[info]  rtt = 8.94 us.
[info]  rtt = 9.458 us.
[info]  rtt = 10.166 us.
[info]  rtt = 8.868 us.
[info]  rtt = 8.861 us.
[info]  rtt = 9.404 us.
[info]  rtt = 9.382 us.
[info]  rtt = 9.151 us.
[info]  rtt = 8.831 us.
[info]  rtt = 9.344 us.
[info]  rtt = 9.36 us.
[info]  rtt = 8.844 us.
[info]  rtt = 8.871 us.
[info]  rtt = 9.508 us.
[info]  rtt = 9.35 us.
[info]  rtt = 8.904 us.
[info]  rtt = 8.808 us.
[info]  rtt = 9.278 us.
[info]  rtt = 9.932 us.
[info]  rtt = 8.934 us.
[info]  rtt = 8.846 us.
[info]  rtt = 9.41 us.
[info]  rtt = 9.367 us.
[info]  rtt = 8.857 us.
[info]  rtt = 8.853 us.
[info]  rtt = 9.366 us.
[info]  rtt = 9.448 us.
[info]  rtt = 8.856 us.
[info]  rtt = 8.958 us.
[info]  rtt = 9.438 us.
[info]  rtt = 9.613 us.
[info]  rtt = 8.966 us.
[info]  rtt = 8.886 us.
[info]  rtt = 9.441 us.
[info]  rtt = 9.601 us.
[info]  rtt = 9.072 us.
[info]  rtt = 8.79 us.
[info]  rtt = 9.359 us.
[info]  rtt = 9.322 us.
[info]  rtt = 8.863 us.
[info]  rtt = 8.734 us.
[info]  rtt = 9.344 us.
[info]  rtt = 9.605 us.
[info]  rtt = 8.963 us.
[info]  rtt = 8.845 us.
[info]  rtt = 9.319 us.
[info]  rtt = 9.198 us.
[info]  rtt = 8.84 us.
[info]  rtt = 8.756 us.
[info]  rtt = 9.261 us.
[info]  rtt = 9.248 us.
[info]  rtt = 8.84 us.
[info]  rtt = 8.859 us.
[info]  rtt = 9.365 us.
[info]  rtt = 9.238 us.
[info]  rtt = 8.834 us.
[info]  rtt = 8.852 us.
[info]  rtt = 9.345 us.
[info]  rtt = 9.455 us.
[info]  rtt = 8.893 us.
[info]  rtt = 8.854 us.
[info]  rtt = 9.429 us.
[info]  rtt = 9.441 us.
[info]  rtt = 8.96 us.
[info]  rtt = 8.877 us.
[info]  rtt = 9.338 us.
[info]  rtt = 9.697 us.
[info]  rtt = 9.157 us.
[info]  rtt = 8.903 us.
[info]  rtt = 9.363 us.
[info]  rtt = 9.424 us.
[info]  rtt = 8.959 us.
[info]  rtt = 8.866 us.
[info]  rtt = 9.364 us.
[info]  rtt = 9.275 us.
[info]  rtt = 8.786 us.
[info]  rtt = 8.856 us.
[info]  rtt = 9.319 us.
[info]  rtt = 9.32 us.
[info]  rtt = 8.809 us.
[info]  rtt = 8.849 us.
[info]  rtt = 9.386 us.
[info]  rtt = 9.407 us.
[info]  rtt = 8.992 us.
[info]  rtt = 9.388 us.
[info]  rtt = 9.363 us.
[info]  rtt = 9.504 us.
[info]  rtt = 8.879 us.
[info]  rtt = 8.851 us.
[info]  rtt = 9.365 us.
[info]  rtt = 9.983 us.
[info]  rtt = 8.857 us.
[info]  rtt = 8.895 us.
[info]  rtt = 9.362 us.
[info]  rtt = 9.42 us.
[info]  rtt = 8.853 us.
[info]  rtt = 8.889 us.
[info]  rtt = 9.356 us.
[info]  rtt = 9.739 us.
[info]  rtt = 8.828 us.
[info]  rtt = 8.779 us.
[info]  rtt = 9.315 us.
[info]  rtt = 9.439 us.
[info]  rtt = 8.935 us.
[info]  rtt = 8.877 us.
[info]  rtt = 9.398 us.
[info]  rtt = 9.581 us.
[info]  rtt = 9.039 us.
[info]  rtt = 8.85 us.
[info]  rtt = 9.308 us.
[info]  rtt = 9.302 us.
[info]  rtt = 8.85 us.
[info]  rtt = 8.922 us.
[info]  rtt = 9.473 us.
[info]  rtt = 9.37 us.
[info]  rtt = 9.58 us.
[info]  rtt = 8.848 us.
[info]  rtt = 9.338 us.
[info]  rtt = 9.43 us.
[info]  rtt = 9.055 us.
[info]  rtt = 8.94 us.
[info]  rtt = 9.444 us.
[info]  rtt = 9.38 us.
[info]  rtt = 8.774 us.
[info]  rtt = 8.902 us.
[info]  rtt = 9.337 us.
[info]  rtt = 9.325 us.
[info]  rtt = 8.842 us.
[info]  rtt = 8.898 us.
[info]  rtt = 9.375 us.
[info]  rtt = 10.097 us.
[info]  rtt = 8.896 us.
[info]  rtt = 8.904 us.
[info]  rtt = 9.485 us.
[info]  rtt = 9.527 us.
[info]  rtt = 8.918 us.
[info]  rtt = 8.931 us.
[info]  rtt = 9.353 us.
[info]  rtt = 9.452 us.
[info]  rtt = 9.288 us.
[info]  rtt = 8.9 us.
[info]  rtt = 9.337 us.
[info]  rtt = 9.432 us.
[info]  rtt = 8.846 us.
[info]  rtt = 8.894 us.
[info]  rtt = 9.409 us.
[info]  rtt = 9.5 us.
[info]  rtt = 8.888 us.
[info]  rtt = 8.865 us.
[info]  rtt = 9.37 us.
[info]  rtt = 9.399 us.
[info]  rtt = 8.794 us.
[info]  rtt = 8.817 us.
[info]  rtt = 9.383 us.
[info]  rtt = 9.343 us.
[info]  rtt = 8.822 us.
[info]  rtt = 8.784 us.
[info]  rtt = 9.367 us.
[info]  rtt = 9.457 us.
[info]  rtt = 9.021 us.
[info]  rtt = 8.853 us.
[info]  rtt = 9.299 us.
[info]  rtt = 9.694 us.
[info]  rtt = 8.812 us.
[info]  rtt = 8.906 us.
[info]  rtt = 9.441 us.
[info]  rtt = 9.517 us.
[info]  rtt = 8.867 us.
[info]  rtt = 8.799 us.
[info]  rtt = 9.283 us.
[info]  rtt = 9.292 us.
[info]  rtt = 8.903 us.
[info]  rtt = 8.862 us.
[info]  rtt = 9.393 us.
[info]  rtt = 9.345 us.
[info]  rtt = 8.897 us.
[info]  rtt = 8.773 us.
[info]  rtt = 9.299 us.
[info]  rtt = 9.36 us.
[info]  rtt = 8.863 us.
[info]  rtt = 8.882 us.
[info]  rtt = 9.326 us.
[info]  rtt = 9.394 us.
[info]  rtt = 8.879 us.
[info]  rtt = 8.751 us.
[info]  rtt = 9.487 us.
[info]  rtt = 9.362 us.
[info]  rtt = 8.77 us.
[info]  rtt = 9.069 us.
[info]  rtt = 9.816 us.
[info]  rtt = 9.37 us.
[info]  rtt = 8.849 us.
[info]  rtt = 8.846 us.
[info]  rtt = 9.354 us.
[info]  rtt = 9.964 us.
[info]  rtt = 8.974 us.
[info]  rtt = 8.79 us.
[info]  rtt = 9.307 us.
[info]  rtt = 9.357 us.
[info]  rtt = 8.854 us.
[info]  rtt = 8.803 us.
[info]  rtt = 9.33 us.
[info]  rtt = 9.372 us.
[info]  rtt = 8.966 us.
[info]  rtt = 8.911 us.
[info]  rtt = 9.402 us.
[info]  rtt = 9.338 us.
[info]  rtt = 8.881 us.
[info]  rtt = 8.948 us.
[info]  rtt = 9.487 us.
[info]  rtt = 9.299 us.
[info]  rtt = 9.232 us.
[info]  rtt = 8.816 us.
[info]  rtt = 9.329 us.
[info]  rtt = 9.562 us.
[info]  rtt = 8.835 us.
[info]  rtt = 8.843 us.
[info]  rtt = 9.295 us.
[info]  rtt = 9.344 us.
[info]  rtt = 8.857 us.
[info]  rtt = 8.944 us.
[info]  rtt = 9.311 us.
[info]  rtt = 9.373 us.
[info]  rtt = 8.886 us.
[info]  rtt = 8.871 us.
[info]  rtt = 9.439 us.
[info]  rtt = 9.977 us.
[info]  rtt = 8.925 us.
[info]  rtt = 8.865 us.
[info]  rtt = 9.389 us.
[info]  rtt = 9.534 us.
[info]  rtt = 8.95 us.
[info]  rtt = 8.889 us.
[info]  rtt = 9.404 us.
[info]  rtt = 9.304 us.
[info]  rtt = 8.875 us.
[info]  rtt = 9.059 us.
[info]  rtt = 9.377 us.
[info]  rtt = 9.559 us.
[info]  rtt = 9.034 us.
[info]  rtt = 8.974 us.
[info]  rtt = 9.33 us.
[info]  rtt = 9.419 us.
[info]  rtt = 9.012 us.
[info]  rtt = 8.801 us.
[info]  rtt = 12.256 us.
[info]  rtt = 9.489 us.
[info]  rtt = 8.886 us.
[info]  rtt = 8.914 us.
[info]  rtt = 9.295 us.
[info]  rtt = 9.345 us.
[info]  rtt = 8.908 us.
[info]  rtt = 8.956 us.
[info]  rtt = 9.32 us.
[info]  rtt = 9.374 us.
[info]  rtt = 8.855 us.
[info]  rtt = 8.987 us.
[info]  rtt = 9.378 us.
[info]  rtt = 10.009 us.
[info]  rtt = 9.018 us.
[info]  rtt = 9.98 us.
[info]  rtt = 9.497 us.
[info]  rtt = 9.42 us.
[info]  rtt = 9.019 us.
[info]  rtt = 8.847 us.
[info]  rtt = 9.362 us.
[info]  rtt = 9.476 us.
[info]  rtt = 8.84 us.
[info]  rtt = 8.845 us.
[info]  rtt = 9.325 us.
[info]  rtt = 9.308 us.
[info]  rtt = 8.908 us.
[info]  rtt = 8.801 us.
[info]  rtt = 9.656 us.
[info]  rtt = 9.359 us.
[info]  rtt = 8.87 us.
[info]  rtt = 8.935 us.
[info]  rtt = 9.277 us.
[info]  rtt = 9.352 us.
[info]  rtt = 8.887 us.
[info]  rtt = 9.079 us.
[info]  rtt = 9.489 us.
[info]  rtt = 9.538 us.
[info]  rtt = 8.973 us.
[info]  rtt = 9.244 us.
[info]  rtt = 9.466 us.
[info]  rtt = 9.413 us.
[info]  rtt = 9.013 us.
[info]  rtt = 8.866 us.
[info]  rtt = 9.356 us.
[info]  rtt = 9.837 us.
[info]  rtt = 8.918 us.
[info]  rtt = 8.98 us.
[info]  rtt = 9.39 us.
[info]  rtt = 9.327 us.
[info]  rtt = 8.899 us.
[info]  rtt = 8.767 us.
[info]  rtt = 9.325 us.
[info]  rtt = 9.374 us.
[info]  rtt = 8.842 us.
[info]  rtt = 8.778 us.
[info]  rtt = 9.375 us.
[info]  rtt = 9.41 us.
[info]  rtt = 8.945 us.
[info]  rtt = 8.976 us.
[info]  rtt = 9.336 us.
[info]  rtt = 9.329 us.
[info]  rtt = 8.853 us.
[info]  rtt = 8.925 us.
[info]  rtt = 9.494 us.
[info]  rtt = 9.407 us.
[info]  rtt = 8.841 us.
[info]  rtt = 8.992 us.
[info]  rtt = 9.279 us.
[info]  rtt = 9.34 us.
[info]  rtt = 8.872 us.
[info]  rtt = 8.861 us.
[info]  rtt = 9.363 us.
[info]  rtt = 9.545 us.
[info]  rtt = 8.942 us.
[info]  rtt = 8.947 us.
[info]  rtt = 9.244 us.
[info]  rtt = 9.999 us.
[info]  rtt = 8.878 us.
[info]  rtt = 8.882 us.
[info]  rtt = 9.305 us.
[info]  rtt = 9.388 us.
[info]  rtt = 8.882 us.
[info]  rtt = 9.018 us.
[info]  rtt = 9.38 us.
[info]  rtt = 9.451 us.
[info]  rtt = 8.852 us.
[info]  rtt = 9.239 us.
[info]  rtt = 9.423 us.
[info]  rtt = 9.41 us.
[info]  rtt = 8.789 us.
[info]  rtt = 8.881 us.
[info]  rtt = 9.32 us.
[info]  rtt = 9.447 us.
[info]  rtt = 8.958 us.
[info]  rtt = 8.838 us.
[info]  rtt = 9.473 us.
[info]  rtt = 9.381 us.
[info]  rtt = 8.972 us.
[info]  rtt = 8.873 us.
[info]  rtt = 9.464 us.
[info]  rtt = 9.442 us.
[info]  rtt = 8.862 us.
[info]  rtt = 9.017 us.
[info]  rtt = 9.457 us.
[info]  rtt = 9.521 us.
[info]  rtt = 8.884 us.
[info]  rtt = 8.896 us.
[info]  rtt = 9.373 us.
[info]  rtt = 9.675 us.
[info]  rtt = 8.947 us.
[info]  rtt = 8.767 us.
[info]  rtt = 9.691 us.
[info]  rtt = 9.366 us.
[info]  rtt = 9.169 us.
[info]  rtt = 8.763 us.
[info]  rtt = 9.359 us.
[info]  rtt = 9.286 us.
[info]  rtt = 8.933 us.
[info]  rtt = 8.798 us.
[info]  rtt = 9.435 us.
[info]  rtt = 9.288 us.
[info]  rtt = 8.813 us.
[info]  rtt = 8.9 us.
[info]  rtt = 9.312 us.
[info]  rtt = 9.465 us.
[info]  rtt = 8.921 us.
[info]  rtt = 8.772 us.
[info]  rtt = 9.377 us.
[info]  rtt = 9.279 us.
[info]  rtt = 8.805 us.
[info]  rtt = 8.78 us.
[info]  rtt = 9.248 us.
[info]  rtt = 9.379 us.
[info]  rtt = 9.139 us.
[info]  rtt = 8.89 us.
[info]  rtt = 9.818 us.
[info]  rtt = 9.346 us.
[info]  rtt = 8.91 us.
[info]  rtt = 8.852 us.
[info]  rtt = 9.204 us.
[info]  rtt = 9.523 us.
[info]  rtt = 8.804 us.
[info]  rtt = 8.843 us.
[info]  rtt = 9.447 us.
[info]  rtt = 15.193 us.
[info]  rtt = 9.231 us.
[info]  rtt = 8.88 us.
[info]  rtt = 9.371 us.
[info]  rtt = 9.485 us.
[info]  rtt = 8.925 us.
[info]  rtt = 8.933 us.
[info]  rtt = 9.284 us.
[info]  rtt = 9.475 us.
[info]  rtt = 8.862 us.
[info]  rtt = 8.879 us.
[info]  rtt = 9.356 us.
[info]  rtt = 9.416 us.
[info]  rtt = 8.855 us.
[info]  rtt = 8.887 us.
[info]  rtt = 9.528 us.
[info]  rtt = 9.581 us.
[info]  rtt = 8.85 us.
[info]  rtt = 8.897 us.
[info]  rtt = 9.429 us.
[info]  rtt = 9.499 us.
[info]  rtt = 8.922 us.
[info]  rtt = 8.908 us.
[info]  rtt = 9.393 us.
[info]  rtt = 9.576 us.
[info]  rtt = 10.46 us.
[info]  rtt = 8.872 us.
[info]  rtt = 9.379 us.
[info]  rtt = 9.967 us.
[info]  rtt = 8.906 us.
[info]  rtt = 8.81 us.
[info]  rtt = 9.374 us.
[info]  rtt = 9.414 us.
[info]  rtt = 8.933 us.
[info]  rtt = 8.986 us.
[info]  rtt = 9.339 us.
[info]  rtt = 9.385 us.
[info]  rtt = 9.034 us.
[info]  rtt = 8.939 us.
[info]  rtt = 9.346 us.
[info]  rtt = 10.058 us.
[info]  rtt = 9.301 us.
[info]  rtt = 8.801 us.
[info]  rtt = 9.366 us.
[info]  rtt = 9.305 us.
[info]  rtt = 8.875 us.
[info]  rtt = 8.919 us.
[info]  rtt = 9.333 us.
[info]  rtt = 9.369 us.
[info]  rtt = 8.87 us.
[info]  rtt = 8.775 us.
[info]  rtt = 9.33 us.
[info]  rtt = 9.344 us.
[info]  rtt = 8.769 us.
[info]  rtt = 8.787 us.
[info]  rtt = 9.35 us.
[info]  rtt = 9.568 us.
[info]  rtt = 9.078 us.
[info]  rtt = 8.924 us.
[info]  rtt = 9.278 us.
[info]  rtt = 9.842 us.
[info]  rtt = 8.861 us.
[info]  rtt = 8.862 us.
[info]  rtt = 9.228 us.
[info]  rtt = 9.363 us.
[info]  rtt = 9.107 us.
[info]  rtt = 8.883 us.
[info]  rtt = 9.314 us.
[info]  rtt = 9.41 us.
[info]  rtt = 8.742 us.
[info]  rtt = 8.903 us.
[info]  rtt = 9.17 us.
[info]  rtt = 9.34 us.
[info]  average: 9.17944 us. median: 9.2475 us. mode: 8.846000,9.338000 us. min: 8.674 us. max: 15.193 us. per 1024 samples, packet size: 344 bytes / payload size: 302 bytes 
[debug]  
	Total number of successfully received packets: 1040
	Total number of successfully transmitted packets: 1040
	Total number of successfully received bytes: 357760
	Total number of successfully transmitted bytes: 357760
	missed : 0 from : 1040 - 0%
	Total number of erroneous received packets: 0
	Total number of failed transmitted packets: 0
	Total number of Rx mbuf allocation failures: 0
		0 Total number of queue Rx packets : 0
		0 Total number of successfully received queue bytes : 0
		0 Total number of queue packets received that are dropped : 0
		0 Total number of queue Tx packets : 0
		0 Total number of successfully transmitted queue bytes : 0
