[debug]  lo
	00:00:00:00:00:00
	127.0.0.1
[debug]  eno2np1
	08:BF:B8:05:53:90
	192.168.13.2
[debug]  ens8191f0np0
	EC:0D:9A:98:B2:D2
	192.168.13.31
[debug]  enxbaa50f00c0b2
	BA:A5:0F:00:C0:B2
[debug]  ens8191f1np1
	EC:0D:9A:98:B2:D3
	192.168.13.32
[debug]  enp64s0f0np0
	B8:CE:F6:8C:E3:B4
	192.168.13.21
[debug]  enp64s0f1np1
	B8:CE:F6:8C:E3:B5
	192.168.13.22
[debug]  wlx0013ef500a9c
	00:13:EF:50:0A:9C
	192.168.8.144
[debug]  enp148s0f0np0
	00:0F:53:63:4C:E0
	192.168.13.41
[debug]  enp148s0f1np1
	00:0F:53:63:4C:E1
	192.168.13.42
[debug]  eno1np0
	08:BF:B8:05:53:91
	192.168.13.1
[debug]  enp106s0f0np0
	40:A6:B7:96:E7:A0
	192.168.13.11
[debug]  enp106s0f1np1
	40:A6:B7:96:E7:A1
	192.168.13.12
[debug]  enp106s0f1np1 (net_ice) port: 0 - 40:A6:B7:96:E7:A1[192.168.13.12]
{
	svc_tx_n : 1
	rx_flow_queues : 0
	next_src_port : 5000 (0x1388)
	rx_reconfig_hint : 65000 (0xfde8)
	clock_hz : 0
	info : {
		min_mtu : 68 (0x44)
		max_mtu : 9702 (0x25e6)
		min_rx_bufsize : 1024 (0x400)
		max_rx_bufsize : 4294967295 (0xffffffff)
		max_rx_pktlen : 9728 (0x2600)
		max_lro_pkt_size : 0
		max_rx_queues : 256 (0x100)
		max_tx_queues : 256 (0x100)
		max_mac_addrs : 64 (0x40)
		max_hash_mac_addrs : 0
		max_vfs : 0
		max_vmdq_pools : 0
		rx_offload_capa : 19666f:RTE_ETH_RX_OFFLOAD_VLAN_STRIP|RTE_ETH_RX_OFFLOAD_IPV4_CKSUM|RTE_ETH_RX_OFFLOAD_UDP_CKSUM|RTE_ETH_RX_OFFLOAD_TCP_CKSUM|RTE_ETH_RX_OFFLOAD_QINQ_STRIP|RTE_ETH_RX_OFFLOAD_OUTER_IPV4_CKSUM|RTE_ETH_RX_OFFLOAD_VLAN_FILTER|RTE_ETH_RX_OFFLOAD_VLAN_EXTEND|RTE_ETH_RX_OFFLOAD_SCATTER|RTE_ETH_RX_OFFLOAD_TIMESTAMP|RTE_ETH_RX_OFFLOAD_KEEP_CRC|RTE_ETH_RX_OFFLOAD_RSS_HASH|RTE_ETH_RX_OFFLOAD_BUFFER_SPLIT
		tx_offload_capa : 119fbf:RTE_ETH_TX_OFFLOAD_VLAN_INSERT|RTE_ETH_TX_OFFLOAD_IPV4_CKSUM|RTE_ETH_TX_OFFLOAD_UDP_CKSUM|RTE_ETH_TX_OFFLOAD_TCP_CKSUM|RTE_ETH_TX_OFFLOAD_SCTP_CKSUM|RTE_ETH_TX_OFFLOAD_TCP_TSO|RTE_ETH_TX_OFFLOAD_OUTER_IPV4_CKSUM|RTE_ETH_TX_OFFLOAD_QINQ_INSERT|RTE_ETH_TX_OFFLOAD_VXLAN_TNL_TSO|RTE_ETH_TX_OFFLOAD_GRE_TNL_TSO|RTE_ETH_TX_OFFLOAD_IPIP_TNL_TSO|RTE_ETH_TX_OFFLOAD_GENEVE_TNL_TSO|RTE_ETH_TX_OFFLOAD_MULTI_SEGS|RTE_ETH_TX_OFFLOAD_MBUF_FAST_FREE|RTE_ETH_TX_OFFLOAD_OUTER_UDP_CKSUM
		rx_queue_offload_capa : 100000:RTE_ETH_RX_OFFLOAD_BUFFER_SPLIT
		tx_queue_offload_capa : 10000:RTE_ETH_TX_OFFLOAD_MBUF_FAST_FREE
		reta_size : 512 (0x200)
		rss_algo_capa : 1
		flow_type_rss_offloads : 32764 (0x7ffc)
		default_rxconf : {
			rx_thresh : {
				pthresh : 8
				hthresh : 8
				wthresh : 0
			}
			rx_free_thresh : 32 (0x20)
			rx_drop_en : 0
			rx_deferred_start : 0
			rx_nseg : 0
			share_group : 0
			share_qid : 0
			offloads : 0
			rx_nmempool : 0
		}
		default_txconf : {
			tx_thresh : {
				pthresh : 32 (0x20)
				hthresh : 0
				wthresh : 0
			}
			tx_rs_thresh : 32 (0x20)
			tx_free_thresh : 32 (0x20)
			tx_deferred_start : 0
			offloads : 0
		}
		vmdq_queue_base : 0
		vmdq_queue_num : 0
		vmdq_pool_base : 0
		rx_desc_lim : {
			nb_max : 8160 (0x1fe0)
			nb_min : 64 (0x40)
			nb_align : 32 (0x20)
			nb_seg_max : 0
			nb_mtu_seg_max : 0
		}
		tx_desc_lim : {
			nb_max : 8160 (0x1fe0)
			nb_min : 64 (0x40)
			nb_align : 32 (0x20)
			nb_seg_max : 8160 (0x1fe0)
			nb_mtu_seg_max : 8
		}
		speed_capa : 22516 (0x57f4)
		nb_rx_queues : 0
		nb_tx_queues : 0
		default_rxportconf : {
			burst_size : 8
			ring_size : 1024 (0x400)
			nb_queues : 1
		}
		default_txportconf : {
			burst_size : 1
			ring_size : 1024 (0x400)
			nb_queues : 1
		}
		dev_capa : 0
	}
	effective_offload : {
		rx : 9266f:RTE_ETH_RX_OFFLOAD_VLAN_STRIP|RTE_ETH_RX_OFFLOAD_IPV4_CKSUM|RTE_ETH_RX_OFFLOAD_UDP_CKSUM|RTE_ETH_RX_OFFLOAD_TCP_CKSUM|RTE_ETH_RX_OFFLOAD_QINQ_STRIP|RTE_ETH_RX_OFFLOAD_OUTER_IPV4_CKSUM|RTE_ETH_RX_OFFLOAD_VLAN_FILTER|RTE_ETH_RX_OFFLOAD_VLAN_EXTEND|RTE_ETH_RX_OFFLOAD_SCATTER|RTE_ETH_RX_OFFLOAD_KEEP_CRC|RTE_ETH_RX_OFFLOAD_RSS_HASH
		tx : 0
	}
	tx_rings : 1
	rx_meta_features : 0
	features : 0000000000000000000000000000000000000000000000000000000000000110
}	will run on socket 0 - 11 cores : [15 6 7 8 9 10 11 12 13 14 5 ]
[debug]  enp106s0f1np1 port: 0 - requested offloads : 9266f:RTE_ETH_RX_OFFLOAD_VLAN_STRIP|RTE_ETH_RX_OFFLOAD_IPV4_CKSUM|RTE_ETH_RX_OFFLOAD_UDP_CKSUM|RTE_ETH_RX_OFFLOAD_TCP_CKSUM|RTE_ETH_RX_OFFLOAD_QINQ_STRIP|RTE_ETH_RX_OFFLOAD_OUTER_IPV4_CKSUM|RTE_ETH_RX_OFFLOAD_VLAN_FILTER|RTE_ETH_RX_OFFLOAD_VLAN_EXTEND|RTE_ETH_RX_OFFLOAD_SCATTER|RTE_ETH_RX_OFFLOAD_KEEP_CRC|RTE_ETH_RX_OFFLOAD_RSS_HASH
[debug]  port 0 : 192.168.13.12 - link speed 100 Gbps
[debug]  starting up 1 rx queue(s)...
[info]  192.168.13.11 : 40:A6:B7:96:E7:A0
[debug]  creating sockperf packets memory pool : 4095 cache_size : 16
[info]  warming up...
[info]  performing latency test ...
[info]  rtt = 10.24 us.
[info]  rtt = 9.97 us.
[info]  rtt = 10.326 us.
[info]  rtt = 10.522 us.
[info]  rtt = 9.764 us.
[info]  rtt = 9.879 us.
[info]  rtt = 10.368 us.
[info]  rtt = 10.558 us.
[info]  rtt = 9.96 us.
[info]  rtt = 9.816 us.
[info]  rtt = 10.263 us.
[info]  rtt = 10.855 us.
[info]  rtt = 9.916 us.
[info]  rtt = 9.844 us.
[info]  rtt = 10.492 us.
[info]  rtt = 10.484 us.
[info]  rtt = 9.836 us.
[info]  rtt = 9.884 us.
[info]  rtt = 10.22 us.
[info]  rtt = 10.592 us.
[info]  rtt = 9.823 us.
[info]  rtt = 9.878 us.
[info]  rtt = 10.596 us.
[info]  rtt = 10.275 us.
[info]  rtt = 9.69 us.
[info]  rtt = 9.766 us.
[info]  rtt = 10.143 us.
[info]  rtt = 10.453 us.
[info]  rtt = 9.714 us.
[info]  rtt = 9.842 us.
[info]  rtt = 10.202 us.
[info]  rtt = 10.619 us.
[info]  rtt = 10.043 us.
[info]  rtt = 9.793 us.
[info]  rtt = 10.207 us.
[info]  rtt = 10.265 us.
[info]  rtt = 9.915 us.
[info]  rtt = 9.949 us.
[info]  rtt = 10.261 us.
[info]  rtt = 10.407 us.
[info]  rtt = 9.796 us.
[info]  rtt = 9.862 us.
[info]  rtt = 10.155 us.
[info]  rtt = 10.304 us.
[info]  rtt = 9.736 us.
[info]  rtt = 9.909 us.
[info]  rtt = 10.355 us.
[info]  rtt = 10.444 us.
[info]  rtt = 9.789 us.
[info]  rtt = 9.854 us.
[info]  rtt = 10.159 us.
[info]  rtt = 10.422 us.
[info]  rtt = 10.047 us.
[info]  rtt = 9.923 us.
[info]  rtt = 10.119 us.
[info]  rtt = 10.305 us.
[info]  rtt = 9.792 us.
[info]  rtt = 9.776 us.
[info]  rtt = 10.107 us.
[info]  rtt = 10.45 us.
[info]  rtt = 9.781 us.
[info]  rtt = 9.774 us.
[info]  rtt = 10.215 us.
[info]  rtt = 10.342 us.
[info]  rtt = 9.853 us.
[info]  rtt = 9.707 us.
[info]  rtt = 10.348 us.
[info]  rtt = 10.419 us.
[info]  rtt = 9.775 us.
[info]  rtt = 9.792 us.
[info]  rtt = 10.194 us.
[info]  rtt = 10.335 us.
[info]  rtt = 9.896 us.
[info]  rtt = 10.336 us.
[info]  rtt = 10.338 us.
[info]  rtt = 10.312 us.
[info]  rtt = 9.703 us.
[info]  rtt = 10.022 us.
[info]  rtt = 10.216 us.
[info]  rtt = 10.359 us.
[info]  rtt = 9.681 us.
[info]  rtt = 11.423 us.
[info]  rtt = 10.408 us.
[info]  rtt = 10.979 us.
[info]  rtt = 9.928 us.
[info]  rtt = 9.832 us.
[info]  rtt = 10.506 us.
[info]  rtt = 10.38 us.
[info]  rtt = 9.864 us.
[info]  rtt = 9.923 us.
[info]  rtt = 10.302 us.
[info]  rtt = 10.209 us.
[info]  rtt = 9.994 us.
[info]  rtt = 9.859 us.
[info]  rtt = 10.128 us.
[info]  rtt = 10.416 us.
[info]  rtt = 9.721 us.
[info]  rtt = 9.884 us.
[info]  rtt = 10.985 us.
[info]  rtt = 10.236 us.
[info]  rtt = 9.884 us.
[info]  rtt = 9.789 us.
[info]  rtt = 10.387 us.
[info]  rtt = 10.202 us.
[info]  rtt = 9.758 us.
[info]  rtt = 9.866 us.
[info]  rtt = 10.265 us.
[info]  rtt = 10.442 us.
[info]  rtt = 9.711 us.
[info]  rtt = 10.147 us.
[info]  rtt = 10.193 us.
[info]  rtt = 10.343 us.
[info]  rtt = 9.716 us.
[info]  rtt = 10.039 us.
[info]  rtt = 10.168 us.
[info]  rtt = 10.6 us.
[info]  rtt = 9.889 us.
[info]  rtt = 9.683 us.
[info]  rtt = 10.197 us.
[info]  rtt = 10.403 us.
[info]  rtt = 9.859 us.
[info]  rtt = 9.941 us.
[info]  rtt = 10.252 us.
[info]  rtt = 10.432 us.
[info]  rtt = 9.804 us.
[info]  rtt = 9.996 us.
[info]  rtt = 10.492 us.
[info]  rtt = 10.368 us.
[info]  rtt = 9.759 us.
[info]  rtt = 9.977 us.
[info]  rtt = 10.297 us.
[info]  rtt = 10.374 us.
[info]  rtt = 9.992 us.
[info]  rtt = 9.916 us.
[info]  rtt = 10.192 us.
[info]  rtt = 10.69 us.
[info]  rtt = 9.787 us.
[info]  rtt = 9.958 us.
[info]  rtt = 10.368 us.
[info]  rtt = 10.388 us.
[info]  rtt = 9.954 us.
[info]  rtt = 9.758 us.
[info]  rtt = 10.455 us.
[info]  rtt = 10.359 us.
[info]  rtt = 9.909 us.
[info]  rtt = 9.864 us.
[info]  rtt = 10.308 us.
[info]  rtt = 11.395 us.
[info]  rtt = 10.029 us.
[info]  rtt = 9.9 us.
[info]  rtt = 10.254 us.
[info]  rtt = 10.381 us.
[info]  rtt = 9.902 us.
[info]  rtt = 9.935 us.
[info]  rtt = 10.254 us.
[info]  rtt = 10.363 us.
[info]  rtt = 9.958 us.
[info]  rtt = 9.953 us.
[info]  rtt = 10.212 us.
[info]  rtt = 10.582 us.
[info]  rtt = 9.753 us.
[info]  rtt = 9.794 us.
[info]  rtt = 12.212 us.
[info]  rtt = 10.319 us.
[info]  rtt = 9.914 us.
[info]  rtt = 9.866 us.
[info]  rtt = 10.361 us.
[info]  rtt = 10.305 us.
[info]  rtt = 9.723 us.
[info]  rtt = 9.989 us.
[info]  rtt = 10.251 us.
[info]  rtt = 10.314 us.
[info]  rtt = 10.64 us.
[info]  rtt = 10.123 us.
[info]  rtt = 10.404 us.
[info]  rtt = 10.454 us.
[info]  rtt = 9.97 us.
[info]  rtt = 9.899 us.
[info]  rtt = 10.231 us.
[info]  rtt = 11.085 us.
[info]  rtt = 9.947 us.
[info]  rtt = 9.774 us.
[info]  rtt = 10.37 us.
[info]  rtt = 10.417 us.
[info]  rtt = 9.9 us.
[info]  rtt = 9.726 us.
[info]  rtt = 10.279 us.
[info]  rtt = 10.349 us.
[info]  rtt = 9.863 us.
[info]  rtt = 9.79 us.
[info]  rtt = 10.3 us.
[info]  rtt = 10.331 us.
[info]  rtt = 9.849 us.
[info]  rtt = 9.79 us.
[info]  rtt = 11.036 us.
[info]  rtt = 10.183 us.
[info]  rtt = 10.019 us.
[info]  rtt = 9.865 us.
[info]  rtt = 10.37 us.
[info]  rtt = 10.411 us.
[info]  rtt = 9.81 us.
[info]  rtt = 9.802 us.
[info]  rtt = 10.177 us.
[info]  rtt = 10.497 us.
[info]  rtt = 9.857 us.
[info]  rtt = 9.942 us.
[info]  rtt = 10.229 us.
[info]  rtt = 10.446 us.
[info]  rtt = 9.867 us.
[info]  rtt = 9.762 us.
[info]  rtt = 10.348 us.
[info]  rtt = 10.845 us.
[info]  rtt = 9.731 us.
[info]  rtt = 9.963 us.
[info]  rtt = 10.311 us.
[info]  rtt = 10.243 us.
[info]  rtt = 9.889 us.
[info]  rtt = 10.119 us.
[info]  rtt = 10.444 us.
[info]  rtt = 10.67 us.
[info]  rtt = 9.836 us.
[info]  rtt = 9.79 us.
[info]  rtt = 10.32 us.
[info]  rtt = 10.397 us.
[info]  rtt = 10.05 us.
[info]  rtt = 9.812 us.
[info]  rtt = 10.18 us.
[info]  rtt = 10.546 us.
[info]  rtt = 9.95 us.
[info]  rtt = 10.016 us.
[info]  rtt = 10.312 us.
[info]  rtt = 10.49 us.
[info]  rtt = 9.87 us.
[info]  rtt = 9.945 us.
[info]  rtt = 10.349 us.
[info]  rtt = 10.467 us.
[info]  rtt = 9.817 us.
[info]  rtt = 9.916 us.
[info]  rtt = 10.258 us.
[info]  rtt = 10.5 us.
[info]  rtt = 9.85 us.
[info]  rtt = 9.864 us.
[info]  rtt = 10.157 us.
[info]  rtt = 11.411 us.
[info]  rtt = 9.824 us.
[info]  rtt = 9.853 us.
[info]  rtt = 10.236 us.
[info]  rtt = 10.446 us.
[info]  rtt = 10.032 us.
[info]  rtt = 10.061 us.
[info]  rtt = 10.244 us.
[info]  rtt = 10.369 us.
[info]  rtt = 10.086 us.
[info]  rtt = 9.994 us.
[info]  rtt = 10.573 us.
[info]  rtt = 10.423 us.
[info]  rtt = 10.22 us.
[info]  rtt = 10.192 us.
[info]  rtt = 10.199 us.
[info]  rtt = 10.339 us.
[info]  rtt = 9.691 us.
[info]  rtt = 10.13 us.
[info]  rtt = 10.21 us.
[info]  rtt = 10.375 us.
[info]  rtt = 9.832 us.
[info]  rtt = 10.263 us.
[info]  rtt = 10.144 us.
[info]  rtt = 10.252 us.
[info]  rtt = 9.841 us.
[info]  rtt = 9.795 us.
[info]  rtt = 10.114 us.
[info]  rtt = 10.389 us.
[info]  rtt = 9.862 us.
[info]  rtt = 9.852 us.
[info]  rtt = 10.164 us.
[info]  rtt = 10.514 us.
[info]  rtt = 9.843 us.
[info]  rtt = 10.116 us.
[info]  rtt = 10.234 us.
[info]  rtt = 10.346 us.
[info]  rtt = 9.799 us.
[info]  rtt = 9.887 us.
[info]  rtt = 10.334 us.
[info]  rtt = 10.289 us.
[info]  rtt = 9.928 us.
[info]  rtt = 9.871 us.
[info]  rtt = 10.38 us.
[info]  rtt = 10.287 us.
[info]  rtt = 9.956 us.
[info]  rtt = 9.84 us.
[info]  rtt = 10.803 us.
[info]  rtt = 10.389 us.
[info]  rtt = 10.074 us.
[info]  rtt = 9.861 us.
[info]  rtt = 10.4 us.
[info]  rtt = 10.259 us.
[info]  rtt = 9.842 us.
[info]  rtt = 9.794 us.
[info]  rtt = 10.372 us.
[info]  rtt = 10.385 us.
[info]  rtt = 9.775 us.
[info]  rtt = 9.815 us.
[info]  rtt = 10.308 us.
[info]  rtt = 10.419 us.
[info]  rtt = 9.756 us.
[info]  rtt = 9.856 us.
[info]  rtt = 10.329 us.
[info]  rtt = 10.507 us.
[info]  rtt = 9.96 us.
[info]  rtt = 9.808 us.
[info]  rtt = 10.304 us.
[info]  rtt = 10.666 us.
[info]  rtt = 9.772 us.
[info]  rtt = 9.904 us.
[info]  rtt = 10.324 us.
[info]  rtt = 11.028 us.
[info]  rtt = 9.96 us.
[info]  rtt = 9.761 us.
[info]  rtt = 10.433 us.
[info]  rtt = 10.326 us.
[info]  rtt = 9.943 us.
[info]  rtt = 9.782 us.
[info]  rtt = 10.233 us.
[info]  rtt = 10.438 us.
[info]  rtt = 9.845 us.
[info]  rtt = 9.711 us.
[info]  rtt = 14.678 us.
[info]  rtt = 10.155 us.
[info]  rtt = 9.697 us.
[info]  rtt = 9.89 us.
[info]  rtt = 10.269 us.
[info]  rtt = 10.291 us.
[info]  rtt = 9.843 us.
[info]  rtt = 9.898 us.
[info]  rtt = 10.229 us.
[info]  rtt = 10.444 us.
[info]  rtt = 10.102 us.
[info]  rtt = 9.895 us.
[info]  rtt = 10.282 us.
[info]  rtt = 10.789 us.
[info]  rtt = 9.919 us.
[info]  rtt = 9.886 us.
[info]  rtt = 10.292 us.
[info]  rtt = 10.249 us.
[info]  rtt = 9.755 us.
[info]  rtt = 9.735 us.
[info]  rtt = 10.381 us.
[info]  rtt = 10.225 us.
[info]  rtt = 9.929 us.
[info]  rtt = 9.781 us.
[info]  rtt = 10.197 us.
[info]  rtt = 10.395 us.
[info]  rtt = 10.14 us.
[info]  rtt = 9.754 us.
[info]  rtt = 10.332 us.
[info]  rtt = 10.389 us.
[info]  rtt = 9.894 us.
[info]  rtt = 9.897 us.
[info]  rtt = 10.411 us.
[info]  rtt = 10.496 us.
[info]  rtt = 9.889 us.
[info]  rtt = 9.827 us.
[info]  rtt = 10.395 us.
[info]  rtt = 11.41 us.
[info]  rtt = 9.945 us.
[info]  rtt = 10.041 us.
[info]  rtt = 10.243 us.
[info]  rtt = 10.498 us.
[info]  rtt = 9.874 us.
[info]  rtt = 10.057 us.
[info]  rtt = 10.353 us.
[info]  rtt = 10.499 us.
[info]  rtt = 9.812 us.
[info]  rtt = 9.827 us.
[info]  rtt = 10.203 us.
[info]  rtt = 10.334 us.
[info]  rtt = 9.813 us.
[info]  rtt = 9.695 us.
[info]  rtt = 10.451 us.
[info]  rtt = 10.204 us.
[info]  rtt = 9.893 us.
[info]  rtt = 9.773 us.
[info]  rtt = 10.265 us.
[info]  rtt = 10.333 us.
[info]  rtt = 9.709 us.
[info]  rtt = 9.938 us.
[info]  rtt = 10.137 us.
[info]  rtt = 10.492 us.
[info]  rtt = 9.845 us.
[info]  rtt = 9.872 us.
[info]  rtt = 10.267 us.
[info]  rtt = 10.403 us.
[info]  rtt = 9.837 us.
[info]  rtt = 9.845 us.
[info]  rtt = 10.489 us.
[info]  rtt = 10.17 us.
[info]  rtt = 9.764 us.
[info]  rtt = 9.838 us.
[info]  rtt = 10.319 us.
[info]  rtt = 10.43 us.
[info]  rtt = 9.769 us.
[info]  rtt = 9.99 us.
[info]  rtt = 10.276 us.
[info]  rtt = 11.217 us.
[info]  rtt = 9.878 us.
[info]  rtt = 9.864 us.
[info]  rtt = 10.273 us.
[info]  rtt = 10.414 us.
[info]  rtt = 9.778 us.
[info]  rtt = 9.837 us.
[info]  rtt = 10.308 us.
[info]  rtt = 10.351 us.
[info]  rtt = 10.414 us.
[info]  rtt = 9.963 us.
[info]  rtt = 10.235 us.
[info]  rtt = 10.47 us.
[info]  rtt = 9.905 us.
[info]  rtt = 9.774 us.
[info]  rtt = 10.328 us.
[info]  rtt = 10.282 us.
[info]  rtt = 9.743 us.
[info]  rtt = 9.83 us.
[info]  rtt = 10.221 us.
[info]  rtt = 10.461 us.
[info]  rtt = 9.856 us.
[info]  rtt = 9.87 us.
[info]  rtt = 10.398 us.
[info]  rtt = 10.467 us.
[info]  rtt = 9.817 us.
[info]  rtt = 9.963 us.
[info]  rtt = 10.438 us.
[info]  rtt = 10.354 us.
[info]  rtt = 9.823 us.
[info]  rtt = 9.932 us.
[info]  rtt = 10.234 us.
[info]  rtt = 10.531 us.
[info]  rtt = 9.794 us.
[info]  rtt = 10.077 us.
[info]  rtt = 10.405 us.
[info]  rtt = 10.512 us.
[info]  rtt = 9.872 us.
[info]  rtt = 9.957 us.
[info]  rtt = 10.256 us.
[info]  rtt = 10.402 us.
[info]  rtt = 9.827 us.
[info]  rtt = 9.905 us.
[info]  rtt = 10.575 us.
[info]  rtt = 10.287 us.
[info]  rtt = 9.764 us.
[info]  rtt = 9.753 us.
[info]  rtt = 10.447 us.
[info]  rtt = 10.557 us.
[info]  rtt = 9.848 us.
[info]  rtt = 9.95 us.
[info]  rtt = 10.221 us.
[info]  rtt = 10.19 us.
[info]  rtt = 9.836 us.
[info]  rtt = 9.808 us.
[info]  rtt = 10.285 us.
[info]  rtt = 10.203 us.
[info]  rtt = 9.892 us.
[info]  rtt = 10.159 us.
[info]  rtt = 10.327 us.
[info]  rtt = 10.595 us.
[info]  rtt = 10.044 us.
[info]  rtt = 10.042 us.
[info]  rtt = 10.22 us.
[info]  rtt = 10.549 us.
[info]  rtt = 10.066 us.
[info]  rtt = 9.965 us.
[info]  rtt = 10.379 us.
[info]  rtt = 10.298 us.
[info]  rtt = 9.902 us.
[info]  rtt = 9.791 us.
[info]  rtt = 10.267 us.
[info]  rtt = 10.281 us.
[info]  rtt = 9.957 us.
[info]  rtt = 9.832 us.
[info]  rtt = 10.211 us.
[info]  rtt = 10.323 us.
[info]  rtt = 9.844 us.
[info]  rtt = 9.808 us.
[info]  rtt = 10.317 us.
[info]  rtt = 10.345 us.
[info]  rtt = 9.864 us.
[info]  rtt = 9.97 us.
[info]  rtt = 10.891 us.
[info]  rtt = 10.407 us.
[info]  rtt = 9.864 us.
[info]  rtt = 9.641 us.
[info]  rtt = 10.357 us.
[info]  rtt = 10.311 us.
[info]  rtt = 9.886 us.
[info]  rtt = 9.864 us.
[info]  rtt = 10.226 us.
[info]  rtt = 10.415 us.
[info]  rtt = 9.679 us.
[info]  rtt = 9.733 us.
[info]  rtt = 10.221 us.
[info]  rtt = 10.455 us.
[info]  rtt = 9.83 us.
[info]  rtt = 9.643 us.
[info]  rtt = 10.371 us.
[info]  rtt = 10.365 us.
[info]  rtt = 10.167 us.
[info]  rtt = 9.873 us.
[info]  rtt = 10.245 us.
[info]  rtt = 10.59 us.
[info]  rtt = 9.715 us.
[info]  rtt = 9.798 us.
[info]  rtt = 10.775 us.
[info]  rtt = 10.325 us.
[info]  rtt = 9.729 us.
[info]  rtt = 9.723 us.
[info]  rtt = 10.376 us.
[info]  rtt = 10.269 us.
[info]  rtt = 9.857 us.
[info]  rtt = 9.815 us.
[info]  rtt = 10.152 us.
[info]  rtt = 10.284 us.
[info]  rtt = 9.769 us.
[info]  rtt = 9.776 us.
[info]  rtt = 10.349 us.
[info]  rtt = 10.301 us.
[info]  rtt = 9.953 us.
[info]  rtt = 9.829 us.
[info]  rtt = 10.223 us.
[info]  rtt = 10.202 us.
[info]  rtt = 9.934 us.
[info]  rtt = 9.809 us.
[info]  rtt = 10.275 us.
[info]  rtt = 14.41 us.
[info]  rtt = 9.825 us.
[info]  rtt = 9.832 us.
[info]  rtt = 10.31 us.
[info]  rtt = 10.726 us.
[info]  rtt = 9.98 us.
[info]  rtt = 9.881 us.
[info]  rtt = 10.256 us.
[info]  rtt = 10.166 us.
[info]  rtt = 9.892 us.
[info]  rtt = 9.983 us.
[info]  rtt = 10.244 us.
[info]  rtt = 10.379 us.
[info]  rtt = 10.014 us.
[info]  rtt = 9.769 us.
[info]  rtt = 10.291 us.
[info]  rtt = 10.4 us.
[info]  rtt = 9.772 us.
[info]  rtt = 9.776 us.
[info]  rtt = 10.258 us.
[info]  rtt = 10.312 us.
[info]  rtt = 9.812 us.
[info]  rtt = 9.785 us.
[info]  rtt = 10.253 us.
[info]  rtt = 10.468 us.
[info]  rtt = 10.061 us.
[info]  rtt = 9.87 us.
[info]  rtt = 10.45 us.
[info]  rtt = 10.489 us.
[info]  rtt = 10.01 us.
[info]  rtt = 10.154 us.
[info]  rtt = 10.249 us.
[info]  rtt = 10.565 us.
[info]  rtt = 9.863 us.
[info]  rtt = 9.697 us.
[info]  rtt = 10.439 us.
[info]  rtt = 10.354 us.
[info]  rtt = 9.838 us.
[info]  rtt = 9.887 us.
[info]  rtt = 10.199 us.
[info]  rtt = 10.348 us.
[info]  rtt = 9.878 us.
[info]  rtt = 9.783 us.
[info]  rtt = 10.581 us.
[info]  rtt = 10.326 us.
[info]  rtt = 9.795 us.
[info]  rtt = 9.811 us.
[info]  rtt = 10.305 us.
[info]  rtt = 10.289 us.
[info]  rtt = 9.976 us.
[info]  rtt = 9.827 us.
[info]  rtt = 10.261 us.
[info]  rtt = 10.205 us.
[info]  rtt = 10.007 us.
[info]  rtt = 10 us.
[info]  rtt = 10.269 us.
[info]  rtt = 10.612 us.
[info]  rtt = 9.941 us.
[info]  rtt = 9.872 us.
[info]  rtt = 10.266 us.
[info]  rtt = 10.369 us.
[info]  rtt = 9.868 us.
[info]  rtt = 9.817 us.
[info]  rtt = 10.404 us.
[info]  rtt = 10.783 us.
[info]  rtt = 9.809 us.
[info]  rtt = 9.827 us.
[info]  rtt = 10.241 us.
[info]  rtt = 10.394 us.
[info]  rtt = 9.76 us.
[info]  rtt = 9.812 us.
[info]  rtt = 10.284 us.
[info]  rtt = 10.319 us.
[info]  rtt = 9.815 us.
[info]  rtt = 9.86 us.
[info]  rtt = 10.192 us.
[info]  rtt = 10.357 us.
[info]  rtt = 9.811 us.
[info]  rtt = 9.993 us.
[info]  rtt = 10.377 us.
[info]  rtt = 10.342 us.
[info]  rtt = 9.738 us.
[info]  rtt = 9.939 us.
[info]  rtt = 10.417 us.
[info]  rtt = 10.319 us.
[info]  rtt = 9.923 us.
[info]  rtt = 9.836 us.
[info]  rtt = 10.252 us.
[info]  rtt = 10.299 us.
[info]  rtt = 9.729 us.
[info]  rtt = 9.748 us.
[info]  rtt = 10.32 us.
[info]  rtt = 11.093 us.
[info]  rtt = 9.926 us.
[info]  rtt = 10.089 us.
[info]  rtt = 10.432 us.
[info]  rtt = 11.184 us.
[info]  rtt = 9.804 us.
[info]  rtt = 9.853 us.
[info]  rtt = 10.192 us.
[info]  rtt = 10.423 us.
[info]  rtt = 9.642 us.
[info]  rtt = 10.588 us.
[info]  rtt = 10.523 us.
[info]  rtt = 10.297 us.
[info]  rtt = 9.871 us.
[info]  rtt = 9.861 us.
[info]  rtt = 10.494 us.
[info]  rtt = 10.171 us.
[info]  rtt = 9.913 us.
[info]  rtt = 9.827 us.
[info]  rtt = 10.247 us.
[info]  rtt = 10.417 us.
[info]  rtt = 9.894 us.
[info]  rtt = 9.81 us.
[info]  rtt = 10.343 us.
[info]  rtt = 10.181 us.
[info]  rtt = 9.895 us.
[info]  rtt = 9.85 us.
[info]  rtt = 10.254 us.
[info]  rtt = 10.349 us.
[info]  rtt = 9.74 us.
[info]  rtt = 9.765 us.
[info]  rtt = 10.357 us.
[info]  rtt = 10.37 us.
[info]  rtt = 9.929 us.
[info]  rtt = 10.316 us.
[info]  rtt = 10.308 us.
[info]  rtt = 10.658 us.
[info]  rtt = 9.914 us.
[info]  rtt = 9.891 us.
[info]  rtt = 10.249 us.
[info]  rtt = 10.464 us.
[info]  rtt = 9.874 us.
[info]  rtt = 9.83 us.
[info]  rtt = 10.235 us.
[info]  rtt = 10.249 us.
[info]  rtt = 9.795 us.
[info]  rtt = 9.837 us.
[info]  rtt = 10.241 us.
[info]  rtt = 10.226 us.
[info]  rtt = 9.915 us.
[info]  rtt = 9.86 us.
[info]  rtt = 10.182 us.
[info]  rtt = 10.324 us.
[info]  rtt = 9.964 us.
[info]  rtt = 9.721 us.
[info]  rtt = 10.265 us.
[info]  rtt = 10.309 us.
[info]  rtt = 9.793 us.
[info]  rtt = 9.889 us.
[info]  rtt = 10.414 us.
[info]  rtt = 10.45 us.
[info]  rtt = 9.772 us.
[info]  rtt = 9.871 us.
[info]  rtt = 10.343 us.
[info]  rtt = 10.396 us.
[info]  rtt = 9.788 us.
[info]  rtt = 9.802 us.
[info]  rtt = 10.231 us.
[info]  rtt = 10.473 us.
[info]  rtt = 9.79 us.
[info]  rtt = 9.678 us.
[info]  rtt = 10.158 us.
[info]  rtt = 10.309 us.
[info]  rtt = 9.825 us.
[info]  rtt = 9.74 us.
[info]  rtt = 10.276 us.
[info]  rtt = 10.271 us.
[info]  rtt = 9.894 us.
[info]  rtt = 9.866 us.
[info]  rtt = 10.607 us.
[info]  rtt = 10.295 us.
[info]  rtt = 9.906 us.
[info]  rtt = 9.932 us.
[info]  rtt = 10.691 us.
[info]  rtt = 10.372 us.
[info]  rtt = 10.003 us.
[info]  rtt = 9.964 us.
[info]  rtt = 10.231 us.
[info]  rtt = 10.42 us.
[info]  rtt = 9.741 us.
[info]  rtt = 9.74 us.
[info]  rtt = 10.262 us.
[info]  rtt = 10.288 us.
[info]  rtt = 9.778 us.
[info]  rtt = 9.881 us.
[info]  rtt = 10.21 us.
[info]  rtt = 10.383 us.
[info]  rtt = 9.717 us.
[info]  rtt = 9.847 us.
[info]  rtt = 10.343 us.
[info]  rtt = 10.411 us.
[info]  rtt = 9.956 us.
[info]  rtt = 9.945 us.
[info]  rtt = 10.316 us.
[info]  rtt = 10.328 us.
[info]  rtt = 9.807 us.
[info]  rtt = 9.988 us.
[info]  rtt = 10.351 us.
[info]  rtt = 10.702 us.
[info]  rtt = 9.83 us.
[info]  rtt = 9.791 us.
[info]  rtt = 10.298 us.
[info]  rtt = 10.238 us.
[info]  rtt = 10.121 us.
[info]  rtt = 9.953 us.
[info]  rtt = 10.356 us.
[info]  rtt = 10.305 us.
[info]  rtt = 9.848 us.
[info]  rtt = 9.773 us.
[info]  rtt = 10.172 us.
[info]  rtt = 10.2 us.
[info]  rtt = 9.909 us.
[info]  rtt = 9.795 us.
[info]  rtt = 10.517 us.
[info]  rtt = 10.366 us.
[info]  rtt = 9.989 us.
[info]  rtt = 9.88 us.
[info]  rtt = 10.521 us.
[info]  rtt = 10.372 us.
[info]  rtt = 9.98 us.
[info]  rtt = 9.716 us.
[info]  rtt = 10.32 us.
[info]  rtt = 10.669 us.
[info]  rtt = 10.224 us.
[info]  rtt = 9.722 us.
[info]  rtt = 10.215 us.
[info]  rtt = 10.361 us.
[info]  rtt = 9.856 us.
[info]  rtt = 10 us.
[info]  rtt = 10.407 us.
[info]  rtt = 10.287 us.
[info]  rtt = 9.851 us.
[info]  rtt = 9.849 us.
[info]  rtt = 10.419 us.
[info]  rtt = 10.486 us.
[info]  rtt = 9.742 us.
[info]  rtt = 10.004 us.
[info]  rtt = 10.285 us.
[info]  rtt = 10.385 us.
[info]  rtt = 9.919 us.
[info]  rtt = 9.844 us.
[info]  rtt = 10.227 us.
[info]  rtt = 10.315 us.
[info]  rtt = 9.947 us.
[info]  rtt = 9.829 us.
[info]  rtt = 10.228 us.
[info]  rtt = 10.161 us.
[info]  rtt = 10.187 us.
[info]  rtt = 10.167 us.
[info]  rtt = 10.343 us.
[info]  rtt = 10.534 us.
[info]  rtt = 9.784 us.
[info]  rtt = 10.138 us.
[info]  rtt = 10.124 us.
[info]  rtt = 11.061 us.
[info]  rtt = 9.975 us.
[info]  rtt = 9.936 us.
[info]  rtt = 10.224 us.
[info]  rtt = 10.518 us.
[info]  rtt = 9.735 us.
[info]  rtt = 9.789 us.
[info]  rtt = 10.271 us.
[info]  rtt = 10.239 us.
[info]  rtt = 9.911 us.
[info]  rtt = 10.064 us.
[info]  rtt = 10.241 us.
[info]  rtt = 10.685 us.
[info]  rtt = 9.768 us.
[info]  rtt = 9.841 us.
[info]  rtt = 10.358 us.
[info]  rtt = 10.471 us.
[info]  rtt = 9.777 us.
[info]  rtt = 10.417 us.
[info]  rtt = 10.379 us.
[info]  rtt = 10.411 us.
[info]  rtt = 9.872 us.
[info]  rtt = 9.864 us.
[info]  rtt = 10.225 us.
[info]  rtt = 10.373 us.
[info]  rtt = 9.958 us.
[info]  rtt = 9.869 us.
[info]  rtt = 10.332 us.
[info]  rtt = 10.398 us.
[info]  rtt = 9.956 us.
[info]  rtt = 9.775 us.
[info]  rtt = 10.26 us.
[info]  rtt = 10.57 us.
[info]  rtt = 9.853 us.
[info]  rtt = 9.816 us.
[info]  rtt = 10.297 us.
[info]  rtt = 10.245 us.
[info]  rtt = 9.799 us.
[info]  rtt = 9.712 us.
[info]  rtt = 10.288 us.
[info]  rtt = 10.154 us.
[info]  rtt = 9.825 us.
[info]  rtt = 9.824 us.
[info]  rtt = 10.999 us.
[info]  rtt = 10.493 us.
[info]  rtt = 9.991 us.
[info]  rtt = 9.871 us.
[info]  rtt = 10.21 us.
[info]  rtt = 10.268 us.
[info]  rtt = 9.865 us.
[info]  rtt = 9.877 us.
[info]  rtt = 10.186 us.
[info]  rtt = 10.544 us.
[info]  rtt = 9.912 us.
[info]  rtt = 9.924 us.
[info]  rtt = 10.236 us.
[info]  rtt = 10.361 us.
[info]  rtt = 9.93 us.
[info]  rtt = 9.841 us.
[info]  rtt = 10.211 us.
[info]  rtt = 10.524 us.
[info]  rtt = 10.017 us.
[info]  rtt = 9.903 us.
[info]  rtt = 10.264 us.
[info]  rtt = 10.515 us.
[info]  rtt = 9.863 us.
[info]  rtt = 10.143 us.
[info]  rtt = 10.438 us.
[info]  rtt = 10.461 us.
[info]  rtt = 9.961 us.
[info]  rtt = 10.028 us.
[info]  rtt = 10.33 us.
[info]  rtt = 10.353 us.
[info]  rtt = 9.766 us.
[info]  rtt = 9.864 us.
[info]  rtt = 10.255 us.
[info]  rtt = 10.408 us.
[info]  rtt = 10.007 us.
[info]  rtt = 9.835 us.
[info]  rtt = 10.251 us.
[info]  rtt = 10.303 us.
[info]  rtt = 9.904 us.
[info]  rtt = 9.863 us.
[info]  rtt = 10.387 us.
[info]  rtt = 10.509 us.
[info]  rtt = 9.92 us.
[info]  rtt = 9.906 us.
[info]  rtt = 10.359 us.
[info]  rtt = 10.511 us.
[info]  rtt = 9.899 us.
[info]  rtt = 9.876 us.
[info]  rtt = 10.712 us.
[info]  rtt = 10.482 us.
[info]  rtt = 9.832 us.
[info]  rtt = 9.983 us.
[info]  rtt = 10.503 us.
[info]  rtt = 10.659 us.
[info]  rtt = 9.704 us.
[info]  rtt = 9.786 us.
[info]  rtt = 10.316 us.
[info]  rtt = 10.291 us.
[info]  rtt = 9.71 us.
[info]  rtt = 9.84 us.
[info]  rtt = 10.229 us.
[info]  rtt = 10.197 us.
[info]  rtt = 9.725 us.
[info]  rtt = 9.668 us.
[info]  rtt = 10.914 us.
[info]  rtt = 10.298 us.
[info]  rtt = 9.855 us.
[info]  rtt = 9.622 us.
[info]  rtt = 10.313 us.
[info]  rtt = 10.293 us.
[info]  rtt = 9.834 us.
[info]  rtt = 9.766 us.
[info]  rtt = 10.66 us.
[info]  rtt = 10.379 us.
[info]  rtt = 9.861 us.
[info]  rtt = 9.692 us.
[info]  rtt = 10.52 us.
[info]  rtt = 10.508 us.
[info]  rtt = 9.864 us.
[info]  rtt = 9.765 us.
[info]  rtt = 10.231 us.
[info]  rtt = 10.185 us.
[info]  rtt = 9.821 us.
[info]  rtt = 9.844 us.
[info]  rtt = 10.332 us.
[info]  rtt = 10.489 us.
[info]  rtt = 9.852 us.
[info]  rtt = 9.848 us.
[info]  rtt = 10.262 us.
[info]  rtt = 10.314 us.
[info]  rtt = 9.796 us.
[info]  rtt = 9.838 us.
[info]  rtt = 10.224 us.
[info]  rtt = 10.328 us.
[info]  rtt = 9.905 us.
[info]  rtt = 9.889 us.
[info]  rtt = 10.266 us.
[info]  rtt = 10.398 us.
[info]  rtt = 10.013 us.
[info]  rtt = 9.998 us.
[info]  rtt = 10.225 us.
[info]  rtt = 10.258 us.
[info]  rtt = 10.013 us.
[info]  rtt = 9.931 us.
[info]  rtt = 10.317 us.
[info]  rtt = 10.545 us.
[info]  rtt = 9.827 us.
[info]  rtt = 9.846 us.
[info]  rtt = 10.321 us.
[info]  rtt = 10.517 us.
[info]  rtt = 9.884 us.
[info]  rtt = 9.955 us.
[info]  rtt = 10.303 us.
[info]  rtt = 10.314 us.
[info]  rtt = 9.913 us.
[info]  rtt = 9.844 us.
[info]  rtt = 10.251 us.
[info]  rtt = 11.051 us.
[info]  rtt = 9.931 us.
[info]  rtt = 9.846 us.
[info]  rtt = 10.382 us.
[info]  rtt = 10.293 us.
[info]  rtt = 10.587 us.
[info]  rtt = 9.815 us.
[info]  rtt = 10.405 us.
[info]  rtt = 10.308 us.
[info]  rtt = 9.929 us.
[info]  rtt = 9.981 us.
[info]  rtt = 10.59 us.
[info]  rtt = 10.408 us.
[info]  rtt = 9.832 us.
[info]  rtt = 9.873 us.
[info]  rtt = 10.427 us.
[info]  rtt = 10.189 us.
[info]  rtt = 9.839 us.
[info]  rtt = 9.891 us.
[info]  rtt = 10.218 us.
[info]  rtt = 10.233 us.
[info]  rtt = 9.843 us.
[info]  rtt = 9.629 us.
[info]  rtt = 10.204 us.
[info]  rtt = 10.292 us.
[info]  rtt = 10.017 us.
[info]  rtt = 9.793 us.
[info]  rtt = 10.385 us.
[info]  rtt = 10.189 us.
[info]  rtt = 11.917 us.
[info]  rtt = 9.739 us.
[info]  rtt = 10.223 us.
[info]  rtt = 10.49 us.
[info]  rtt = 9.851 us.
[info]  rtt = 9.719 us.
[info]  rtt = 10.25 us.
[info]  rtt = 10.51 us.
[info]  rtt = 9.896 us.
[info]  rtt = 9.941 us.
[info]  rtt = 10.296 us.
[info]  rtt = 10.246 us.
[info]  rtt = 10.074 us.
[info]  rtt = 9.873 us.
[info]  rtt = 10.243 us.
[info]  rtt = 10.344 us.
[info]  rtt = 9.889 us.
[info]  rtt = 9.709 us.
[info]  rtt = 10.308 us.
[info]  rtt = 10.431 us.
[info]  rtt = 9.896 us.
[info]  rtt = 9.866 us.
[info]  rtt = 10.267 us.
[info]  rtt = 10.423 us.
[info]  rtt = 9.905 us.
[info]  rtt = 9.978 us.
[info]  rtt = 10.381 us.
[info]  rtt = 10.277 us.
[info]  rtt = 9.919 us.
[info]  rtt = 9.66 us.
[info]  rtt = 10.156 us.
[info]  rtt = 10.525 us.
[info]  rtt = 10.299 us.
[info]  rtt = 9.777 us.
[info]  rtt = 10.168 us.
[info]  rtt = 10.545 us.
[info]  rtt = 9.751 us.
[info]  rtt = 9.898 us.
[info]  rtt = 10.111 us.
[info]  rtt = 10.304 us.
[info]  rtt = 9.737 us.
[info]  rtt = 10.001 us.
[info]  rtt = 10.176 us.
[info]  rtt = 10.161 us.
[info]  rtt = 9.907 us.
[info]  rtt = 9.902 us.
[info]  rtt = 10.305 us.
[info]  rtt = 10.617 us.
[info]  average: 10.1397 us. median: 10.161 us. mode: 9.864000 us. min: 9.622 us. max: 14.678 us. per 1024 samples, packet size: 1342 bytes / payload size: 1300 bytes 
[debug]  
	Total number of successfully received packets: 1040
	Total number of successfully transmitted packets: 1040
	Total number of successfully received bytes: 1395680
	Total number of successfully transmitted bytes: 1395680
	missed : 0 from : 1040 - 0%
	Total number of erroneous received packets: 0
	Total number of failed transmitted packets: 0
	Total number of Rx mbuf allocation failures: 0
		0 Total number of queue Rx packets : 0
		0 Total number of successfully received queue bytes : 0
		0 Total number of queue packets received that are dropped : 0
		0 Total number of queue Tx packets : 0
		0 Total number of successfully transmitted queue bytes : 0
