[debug]  lo
	00:00:00:00:00:00
	127.0.0.1
[debug]  enp6s0f1np1
	08:BF:B8:05:53:90
	192.168.13.2
[debug]  ens8191f0np0
	EC:0D:9A:98:B2:D2
	192.168.13.31
[debug]  enxbaa50f00c0b2
	BA:A5:0F:00:C0:B2
[debug]  ens8191f1np1
	EC:0D:9A:98:B2:D3
	192.168.13.32
[debug]  enp64s0f0np0
	B8:CE:F6:8C:E3:B4
	192.168.13.22
[debug]  enp64s0f1np1
	B8:CE:F6:8C:E3:B5
	192.168.13.23
[debug]  wlx0013ef500a9c
	00:13:EF:50:0A:9C
	192.168.8.144
[debug]  enp148s0f0np0
	00:0F:53:63:4C:E0
	192.168.13.41
[debug]  enp148s0f1np1
	00:0F:53:63:4C:E1
	192.168.13.42
[debug]  enp6s0f0np0
	08:BF:B8:05:53:91
	192.168.13.1
[debug]  enp106s0f0np0
	40:A6:B7:96:E7:A0
	192.168.13.11
[debug]  enp106s0f1np1
	40:A6:B7:96:E7:A1
	192.168.13.12
[debug]  enp148s0f1np1 (net_sfc_efx) port: 0 - 00:0F:53:63:4C:E1[192.168.13.42]
{
	svc_tx_n : 1
	rx_flow_queues : 0
	next_src_port : 5000 (0x1388)
	rx_reconfig_hint : 65000 (0xfde8)
	clock_hz : 0
	info : {
		min_mtu : 68 (0x44)
		max_mtu : 9202 (0x23f2)
		min_rx_bufsize : 0
		max_rx_bufsize : 4294967295 (0xffffffff)
		max_rx_pktlen : 9240 (0x2418)
		max_lro_pkt_size : 0
		max_rx_queues : 255 (0xff)
		max_tx_queues : 255 (0xff)
		max_mac_addrs : 0
		max_hash_mac_addrs : 0
		max_vfs : 0
		max_vmdq_pools : 0
		rx_offload_capa : 9200e:RTE_ETH_RX_OFFLOAD_IPV4_CKSUM|RTE_ETH_RX_OFFLOAD_UDP_CKSUM|RTE_ETH_RX_OFFLOAD_TCP_CKSUM|RTE_ETH_RX_OFFLOAD_SCATTER|RTE_ETH_RX_OFFLOAD_KEEP_CRC|RTE_ETH_RX_OFFLOAD_RSS_HASH
		tx_offload_capa : 1000e:RTE_ETH_TX_OFFLOAD_IPV4_CKSUM|RTE_ETH_TX_OFFLOAD_UDP_CKSUM|RTE_ETH_TX_OFFLOAD_TCP_CKSUM|RTE_ETH_TX_OFFLOAD_MBUF_FAST_FREE
		rx_queue_offload_capa : 2000:RTE_ETH_RX_OFFLOAD_SCATTER
		tx_queue_offload_capa : e:RTE_ETH_TX_OFFLOAD_IPV4_CKSUM|RTE_ETH_TX_OFFLOAD_UDP_CKSUM|RTE_ETH_TX_OFFLOAD_TCP_CKSUM
		reta_size : 128 (0x80)
		rss_algo_capa : 1
		flow_type_rss_offloads : 241596 (0x3afbc)
		default_rxconf : {
			rx_thresh : {
				pthresh : 0
				hthresh : 0
				wthresh : 0
			}
			rx_free_thresh : 0
			rx_drop_en : 1
			rx_deferred_start : 0
			rx_nseg : 0
			share_group : 0
			share_qid : 0
			offloads : 0
			rx_nmempool : 0
		}
		default_txconf : {
			tx_thresh : {
				pthresh : 0
				hthresh : 0
				wthresh : 0
			}
			tx_rs_thresh : 0
			tx_free_thresh : 0
			tx_deferred_start : 0
			offloads : 0
		}
		vmdq_queue_base : 0
		vmdq_queue_num : 0
		vmdq_pool_base : 0
		rx_desc_lim : {
			nb_max : 4096 (0x1000)
			nb_min : 8
			nb_align : 8
			nb_seg_max : 65535 (0xffff)
			nb_mtu_seg_max : 65535 (0xffff)
		}
		tx_desc_lim : {
			nb_max : 2048 (0x800)
			nb_min : 1
			nb_align : 1
			nb_seg_max : 65535 (0xffff)
			nb_mtu_seg_max : 65535 (0xffff)
		}
		speed_capa : 289 (0x121)
		nb_rx_queues : 0
		nb_tx_queues : 0
		default_rxportconf : {
			burst_size : 1
			ring_size : 0
			nb_queues : 1
		}
		default_txportconf : {
			burst_size : 1
			ring_size : 0
			nb_queues : 1
		}
		dev_capa : 3
	}
	effective_offload : {
		rx : 9200e:RTE_ETH_RX_OFFLOAD_IPV4_CKSUM|RTE_ETH_RX_OFFLOAD_UDP_CKSUM|RTE_ETH_RX_OFFLOAD_TCP_CKSUM|RTE_ETH_RX_OFFLOAD_SCATTER|RTE_ETH_RX_OFFLOAD_KEEP_CRC|RTE_ETH_RX_OFFLOAD_RSS_HASH
		tx : 1000e:RTE_ETH_TX_OFFLOAD_IPV4_CKSUM|RTE_ETH_TX_OFFLOAD_UDP_CKSUM|RTE_ETH_TX_OFFLOAD_TCP_CKSUM|RTE_ETH_TX_OFFLOAD_MBUF_FAST_FREE
	}
	tx_rings : 65535 (0xffff)
	rx_meta_features : 0
	features : 0000000000000000000000000000000000000000000000000000000000000110
}	will run on socket 0 - 11 cores : [26 17 18 19 20 21 22 23 24 25 16 ]
[debug]  enp148s0f1np1 port: 0 - requested offloads : 9200e:RTE_ETH_RX_OFFLOAD_IPV4_CKSUM|RTE_ETH_RX_OFFLOAD_UDP_CKSUM|RTE_ETH_RX_OFFLOAD_TCP_CKSUM|RTE_ETH_RX_OFFLOAD_SCATTER|RTE_ETH_RX_OFFLOAD_KEEP_CRC|RTE_ETH_RX_OFFLOAD_RSS_HASH
[debug]  port 0 : 192.168.13.42 - link speed 10 Gbps
[debug]  starting up 1 rx queue(s)...
[info]  192.168.13.41 : 00:0F:53:63:4C:E0
[debug]  creating sockperf packets memory pool : 4095 cache_size : 16
[info]  warming up...
[info]  performing latency test ...
[info]  rtt = 4.04 us.
[info]  rtt = 3.719 us.
[info]  rtt = 3.748 us.
[info]  rtt = 3.871 us.
[info]  rtt = 3.747 us.
[info]  rtt = 3.775 us.
[info]  rtt = 3.736 us.
[info]  rtt = 3.785 us.
[info]  rtt = 4.511 us.
[info]  rtt = 3.818 us.
[info]  rtt = 3.796 us.
[info]  rtt = 3.879 us.
[info]  rtt = 3.864 us.
[info]  rtt = 3.974 us.
[info]  rtt = 3.919 us.
[info]  rtt = 3.788 us.
[info]  rtt = 3.759 us.
[info]  rtt = 3.777 us.
[info]  rtt = 3.75 us.
[info]  rtt = 3.814 us.
[info]  rtt = 3.829 us.
[info]  rtt = 3.756 us.
[info]  rtt = 5.934 us.
[info]  rtt = 4.051 us.
[info]  rtt = 3.853 us.
[info]  rtt = 3.791 us.
[info]  rtt = 3.728 us.
[info]  rtt = 3.816 us.
[info]  rtt = 3.807 us.
[info]  rtt = 3.703 us.
[info]  rtt = 3.749 us.
[info]  rtt = 4.344 us.
[info]  rtt = 3.931 us.
[info]  rtt = 3.875 us.
[info]  rtt = 3.846 us.
[info]  rtt = 3.772 us.
[info]  rtt = 3.742 us.
[info]  rtt = 3.734 us.
[info]  rtt = 3.803 us.
[info]  rtt = 3.699 us.
[info]  rtt = 3.827 us.
[info]  rtt = 3.712 us.
[info]  rtt = 3.791 us.
[info]  rtt = 3.801 us.
[info]  rtt = 3.873 us.
[info]  rtt = 3.781 us.
[info]  rtt = 3.88 us.
[info]  rtt = 3.838 us.
[info]  rtt = 3.843 us.
[info]  rtt = 3.831 us.
[info]  rtt = 3.907 us.
[info]  rtt = 3.865 us.
[info]  rtt = 4.004 us.
[info]  rtt = 3.837 us.
[info]  rtt = 3.872 us.
[info]  rtt = 3.949 us.
[info]  rtt = 3.882 us.
[info]  rtt = 3.821 us.
[info]  rtt = 3.817 us.
[info]  rtt = 4.031 us.
[info]  rtt = 3.977 us.
[info]  rtt = 3.791 us.
[info]  rtt = 3.855 us.
[info]  rtt = 3.853 us.
[info]  rtt = 3.986 us.
[info]  rtt = 3.82 us.
[info]  rtt = 3.877 us.
[info]  rtt = 3.822 us.
[info]  rtt = 3.959 us.
[info]  rtt = 3.741 us.
[info]  rtt = 3.84 us.
[info]  rtt = 3.737 us.
[info]  rtt = 3.82 us.
[info]  rtt = 3.938 us.
[info]  rtt = 3.879 us.
[info]  rtt = 3.848 us.
[info]  rtt = 3.969 us.
[info]  rtt = 3.734 us.
[info]  rtt = 3.782 us.
[info]  rtt = 3.79 us.
[info]  rtt = 3.95 us.
[info]  rtt = 3.774 us.
[info]  rtt = 3.894 us.
[info]  rtt = 3.834 us.
[info]  rtt = 6.339 us.
[info]  rtt = 3.872 us.
[info]  rtt = 5.937 us.
[info]  rtt = 3.822 us.
[info]  rtt = 3.922 us.
[info]  rtt = 3.814 us.
[info]  rtt = 3.836 us.
[info]  rtt = 3.787 us.
[info]  rtt = 3.819 us.
[info]  rtt = 3.777 us.
[info]  rtt = 3.861 us.
[info]  rtt = 3.765 us.
[info]  rtt = 3.849 us.
[info]  rtt = 3.783 us.
[info]  rtt = 3.944 us.
[info]  rtt = 3.755 us.
[info]  rtt = 4.204 us.
[info]  rtt = 3.758 us.
[info]  rtt = 3.906 us.
[info]  rtt = 3.819 us.
[info]  rtt = 4.056 us.
[info]  rtt = 4.629 us.
[info]  rtt = 3.912 us.
[info]  rtt = 3.77 us.
[info]  rtt = 3.913 us.
[info]  rtt = 3.737 us.
[info]  rtt = 3.789 us.
[info]  rtt = 3.743 us.
[info]  rtt = 3.808 us.
[info]  rtt = 3.756 us.
[info]  rtt = 5.003 us.
[info]  rtt = 3.814 us.
[info]  rtt = 3.941 us.
[info]  rtt = 3.794 us.
[info]  rtt = 3.752 us.
[info]  rtt = 3.792 us.
[info]  rtt = 3.847 us.
[info]  rtt = 3.769 us.
[info]  rtt = 3.839 us.
[info]  rtt = 3.784 us.
[info]  rtt = 4.051 us.
[info]  rtt = 3.859 us.
[info]  rtt = 4.041 us.
[info]  rtt = 3.846 us.
[info]  rtt = 3.897 us.
[info]  rtt = 4.175 us.
[info]  rtt = 4.106 us.
[info]  rtt = 3.839 us.
[info]  rtt = 3.999 us.
[info]  rtt = 3.719 us.
[info]  rtt = 3.814 us.
[info]  rtt = 3.792 us.
[info]  rtt = 3.823 us.
[info]  rtt = 3.767 us.
[info]  rtt = 3.798 us.
[info]  rtt = 3.801 us.
[info]  rtt = 3.842 us.
[info]  rtt = 3.78 us.
[info]  rtt = 3.808 us.
[info]  rtt = 3.76 us.
[info]  rtt = 3.817 us.
[info]  rtt = 5.868 us.
[info]  rtt = 3.857 us.
[info]  rtt = 3.81 us.
[info]  rtt = 3.953 us.
[info]  rtt = 3.867 us.
[info]  rtt = 3.899 us.
[info]  rtt = 3.763 us.
[info]  rtt = 3.806 us.
[info]  rtt = 3.851 us.
[info]  rtt = 3.933 us.
[info]  rtt = 3.887 us.
[info]  rtt = 4.076 us.
[info]  rtt = 3.83 us.
[info]  rtt = 3.836 us.
[info]  rtt = 3.83 us.
[info]  rtt = 3.865 us.
[info]  rtt = 3.777 us.
[info]  rtt = 3.783 us.
[info]  rtt = 3.763 us.
[info]  rtt = 3.986 us.
[info]  rtt = 3.762 us.
[info]  rtt = 3.831 us.
[info]  rtt = 3.904 us.
[info]  rtt = 3.892 us.
[info]  rtt = 3.995 us.
[info]  rtt = 3.83 us.
[info]  rtt = 3.791 us.
[info]  rtt = 3.861 us.
[info]  rtt = 3.756 us.
[info]  rtt = 3.757 us.
[info]  rtt = 3.689 us.
[info]  rtt = 3.878 us.
[info]  rtt = 3.818 us.
[info]  rtt = 3.948 us.
[info]  rtt = 3.823 us.
[info]  rtt = 3.89 us.
[info]  rtt = 3.768 us.
[info]  rtt = 3.794 us.
[info]  rtt = 3.713 us.
[info]  rtt = 3.808 us.
[info]  rtt = 3.79 us.
[info]  rtt = 3.924 us.
[info]  rtt = 3.928 us.
[info]  rtt = 3.958 us.
[info]  rtt = 3.777 us.
[info]  rtt = 3.866 us.
[info]  rtt = 3.809 us.
[info]  rtt = 3.854 us.
[info]  rtt = 3.762 us.
[info]  rtt = 3.841 us.
[info]  rtt = 3.797 us.
[info]  rtt = 4.024 us.
[info]  rtt = 3.813 us.
[info]  rtt = 3.867 us.
[info]  rtt = 3.84 us.
[info]  rtt = 3.786 us.
[info]  rtt = 3.82 us.
[info]  rtt = 3.835 us.
[info]  rtt = 4.116 us.
[info]  rtt = 4.089 us.
[info]  rtt = 3.877 us.
[info]  rtt = 3.842 us.
[info]  rtt = 3.756 us.
[info]  rtt = 3.882 us.
[info]  rtt = 3.732 us.
[info]  rtt = 3.807 us.
[info]  rtt = 3.763 us.
[info]  rtt = 4.016 us.
[info]  rtt = 3.851 us.
[info]  rtt = 5.392 us.
[info]  rtt = 3.867 us.
[info]  rtt = 3.874 us.
[info]  rtt = 3.784 us.
[info]  rtt = 3.893 us.
[info]  rtt = 3.886 us.
[info]  rtt = 3.955 us.
[info]  rtt = 3.784 us.
[info]  rtt = 3.793 us.
[info]  rtt = 3.741 us.
[info]  rtt = 3.815 us.
[info]  rtt = 3.756 us.
[info]  rtt = 3.829 us.
[info]  rtt = 3.819 us.
[info]  rtt = 4.517 us.
[info]  rtt = 3.783 us.
[info]  rtt = 3.824 us.
[info]  rtt = 3.768 us.
[info]  rtt = 3.853 us.
[info]  rtt = 3.755 us.
[info]  rtt = 3.829 us.
[info]  rtt = 3.8 us.
[info]  rtt = 3.991 us.
[info]  rtt = 3.841 us.
[info]  rtt = 4.074 us.
[info]  rtt = 3.891 us.
[info]  rtt = 3.847 us.
[info]  rtt = 3.856 us.
[info]  rtt = 3.863 us.
[info]  rtt = 3.806 us.
[info]  rtt = 3.97 us.
[info]  rtt = 3.885 us.
[info]  rtt = 4.107 us.
[info]  rtt = 3.82 us.
[info]  rtt = 3.886 us.
[info]  rtt = 3.771 us.
[info]  rtt = 3.827 us.
[info]  rtt = 3.807 us.
[info]  rtt = 4.286 us.
[info]  rtt = 3.826 us.
[info]  rtt = 3.853 us.
[info]  rtt = 3.884 us.
[info]  rtt = 3.836 us.
[info]  rtt = 3.789 us.
[info]  rtt = 3.813 us.
[info]  rtt = 3.792 us.
[info]  rtt = 3.971 us.
[info]  rtt = 3.767 us.
[info]  rtt = 3.875 us.
[info]  rtt = 3.76 us.
[info]  rtt = 3.825 us.
[info]  rtt = 3.795 us.
[info]  rtt = 3.774 us.
[info]  rtt = 3.817 us.
[info]  rtt = 4.027 us.
[info]  rtt = 3.827 us.
[info]  rtt = 3.892 us.
[info]  rtt = 3.822 us.
[info]  rtt = 3.711 us.
[info]  rtt = 3.762 us.
[info]  rtt = 3.821 us.
[info]  rtt = 3.829 us.
[info]  rtt = 3.956 us.
[info]  rtt = 3.891 us.
[info]  rtt = 7.691 us.
[info]  rtt = 3.958 us.
[info]  rtt = 3.905 us.
[info]  rtt = 3.789 us.
[info]  rtt = 3.892 us.
[info]  rtt = 3.865 us.
[info]  rtt = 3.844 us.
[info]  rtt = 3.849 us.
[info]  rtt = 3.817 us.
[info]  rtt = 3.787 us.
[info]  rtt = 3.901 us.
[info]  rtt = 3.768 us.
[info]  rtt = 3.828 us.
[info]  rtt = 3.746 us.
[info]  rtt = 3.844 us.
[info]  rtt = 3.76 us.
[info]  rtt = 3.895 us.
[info]  rtt = 3.938 us.
[info]  rtt = 3.811 us.
[info]  rtt = 3.824 us.
[info]  rtt = 3.787 us.
[info]  rtt = 3.924 us.
[info]  rtt = 4.658 us.
[info]  rtt = 3.806 us.
[info]  rtt = 3.804 us.
[info]  rtt = 3.902 us.
[info]  rtt = 3.834 us.
[info]  rtt = 3.76 us.
[info]  rtt = 3.813 us.
[info]  rtt = 3.807 us.
[info]  rtt = 3.991 us.
[info]  rtt = 3.857 us.
[info]  rtt = 3.926 us.
[info]  rtt = 3.917 us.
[info]  rtt = 3.861 us.
[info]  rtt = 3.792 us.
[info]  rtt = 3.848 us.
[info]  rtt = 3.76 us.
[info]  rtt = 3.964 us.
[info]  rtt = 3.755 us.
[info]  rtt = 3.859 us.
[info]  rtt = 3.818 us.
[info]  rtt = 3.835 us.
[info]  rtt = 3.799 us.
[info]  rtt = 3.831 us.
[info]  rtt = 3.826 us.
[info]  rtt = 3.921 us.
[info]  rtt = 3.968 us.
[info]  rtt = 3.879 us.
[info]  rtt = 3.784 us.
[info]  rtt = 3.915 us.
[info]  rtt = 3.839 us.
[info]  rtt = 3.824 us.
[info]  rtt = 3.804 us.
[info]  rtt = 3.919 us.
[info]  rtt = 3.747 us.
[info]  rtt = 3.971 us.
[info]  rtt = 3.718 us.
[info]  rtt = 3.809 us.
[info]  rtt = 3.774 us.
[info]  rtt = 4.031 us.
[info]  rtt = 3.887 us.
[info]  rtt = 4.018 us.
[info]  rtt = 3.878 us.
[info]  rtt = 5.33 us.
[info]  rtt = 3.76 us.
[info]  rtt = 3.869 us.
[info]  rtt = 3.77 us.
[info]  rtt = 3.845 us.
[info]  rtt = 3.775 us.
[info]  rtt = 4.014 us.
[info]  rtt = 3.8 us.
[info]  rtt = 4.171 us.
[info]  rtt = 3.78 us.
[info]  rtt = 3.914 us.
[info]  rtt = 3.795 us.
[info]  rtt = 3.83 us.
[info]  rtt = 3.746 us.
[info]  rtt = 3.93 us.
[info]  rtt = 3.763 us.
[info]  rtt = 3.94 us.
[info]  rtt = 3.778 us.
[info]  rtt = 3.88 us.
[info]  rtt = 4.036 us.
[info]  rtt = 3.768 us.
[info]  rtt = 3.794 us.
[info]  rtt = 3.86 us.
[info]  rtt = 3.906 us.
[info]  rtt = 3.927 us.
[info]  rtt = 3.85 us.
[info]  rtt = 3.842 us.
[info]  rtt = 3.786 us.
[info]  rtt = 3.939 us.
[info]  rtt = 3.809 us.
[info]  rtt = 3.979 us.
[info]  rtt = 3.746 us.
[info]  rtt = 4.233 us.
[info]  rtt = 3.796 us.
[info]  rtt = 3.872 us.
[info]  rtt = 3.742 us.
[info]  rtt = 3.801 us.
[info]  rtt = 3.863 us.
[info]  rtt = 4 us.
[info]  rtt = 3.812 us.
[info]  rtt = 3.885 us.
[info]  rtt = 3.813 us.
[info]  rtt = 3.868 us.
[info]  rtt = 3.833 us.
[info]  rtt = 3.864 us.
[info]  rtt = 3.802 us.
[info]  rtt = 3.877 us.
[info]  rtt = 3.802 us.
[info]  rtt = 3.892 us.
[info]  rtt = 3.884 us.
[info]  rtt = 3.874 us.
[info]  rtt = 3.832 us.
[info]  rtt = 3.809 us.
[info]  rtt = 3.825 us.
[info]  rtt = 3.962 us.
[info]  rtt = 3.763 us.
[info]  rtt = 3.98 us.
[info]  rtt = 4.141 us.
[info]  rtt = 3.99 us.
[info]  rtt = 3.889 us.
[info]  rtt = 3.893 us.
[info]  rtt = 3.946 us.
[info]  rtt = 4.042 us.
[info]  rtt = 3.795 us.
[info]  rtt = 3.768 us.
[info]  rtt = 3.75 us.
[info]  rtt = 3.796 us.
[info]  rtt = 3.752 us.
[info]  rtt = 3.87 us.
[info]  rtt = 3.935 us.
[info]  rtt = 4.001 us.
[info]  rtt = 3.828 us.
[info]  rtt = 3.84 us.
[info]  rtt = 3.822 us.
[info]  rtt = 3.872 us.
[info]  rtt = 3.756 us.
[info]  rtt = 3.883 us.
[info]  rtt = 3.784 us.
[info]  rtt = 3.984 us.
[info]  rtt = 3.898 us.
[info]  rtt = 3.877 us.
[info]  rtt = 3.773 us.
[info]  rtt = 4.006 us.
[info]  rtt = 3.93 us.
[info]  rtt = 3.804 us.
[info]  rtt = 3.749 us.
[info]  rtt = 3.926 us.
[info]  rtt = 3.792 us.
[info]  rtt = 3.868 us.
[info]  rtt = 3.749 us.
[info]  rtt = 3.839 us.
[info]  rtt = 3.906 us.
[info]  rtt = 3.853 us.
[info]  rtt = 3.92 us.
[info]  rtt = 3.937 us.
[info]  rtt = 3.815 us.
[info]  rtt = 3.871 us.
[info]  rtt = 3.771 us.
[info]  rtt = 3.794 us.
[info]  rtt = 3.741 us.
[info]  rtt = 3.865 us.
[info]  rtt = 3.832 us.
[info]  rtt = 3.997 us.
[info]  rtt = 3.811 us.
[info]  rtt = 3.857 us.
[info]  rtt = 3.727 us.
[info]  rtt = 4.051 us.
[info]  rtt = 3.856 us.
[info]  rtt = 4.062 us.
[info]  rtt = 3.835 us.
[info]  rtt = 4.116 us.
[info]  rtt = 3.912 us.
[info]  rtt = 4.004 us.
[info]  rtt = 3.858 us.
[info]  rtt = 3.868 us.
[info]  rtt = 3.833 us.
[info]  rtt = 3.879 us.
[info]  rtt = 3.803 us.
[info]  rtt = 4.137 us.
[info]  rtt = 3.851 us.
[info]  rtt = 3.988 us.
[info]  rtt = 3.886 us.
[info]  rtt = 3.917 us.
[info]  rtt = 3.853 us.
[info]  rtt = 3.903 us.
[info]  rtt = 3.819 us.
[info]  rtt = 3.978 us.
[info]  rtt = 3.757 us.
[info]  rtt = 5.185 us.
[info]  rtt = 3.777 us.
[info]  rtt = 3.85 us.
[info]  rtt = 4.22 us.
[info]  rtt = 4.008 us.
[info]  rtt = 3.881 us.
[info]  rtt = 4.191 us.
[info]  rtt = 3.87 us.
[info]  rtt = 3.788 us.
[info]  rtt = 3.761 us.
[info]  rtt = 3.857 us.
[info]  rtt = 3.773 us.
[info]  rtt = 3.815 us.
[info]  rtt = 3.934 us.
[info]  rtt = 3.926 us.
[info]  rtt = 3.853 us.
[info]  rtt = 4.123 us.
[info]  rtt = 3.787 us.
[info]  rtt = 3.785 us.
[info]  rtt = 4.063 us.
[info]  rtt = 3.866 us.
[info]  rtt = 3.783 us.
[info]  rtt = 3.933 us.
[info]  rtt = 3.818 us.
[info]  rtt = 3.842 us.
[info]  rtt = 3.801 us.
[info]  rtt = 3.809 us.
[info]  rtt = 4.176 us.
[info]  rtt = 3.845 us.
[info]  rtt = 3.813 us.
[info]  rtt = 3.835 us.
[info]  rtt = 3.774 us.
[info]  rtt = 3.832 us.
[info]  rtt = 3.837 us.
[info]  rtt = 3.85 us.
[info]  rtt = 3.912 us.
[info]  rtt = 4.022 us.
[info]  rtt = 3.908 us.
[info]  rtt = 4.096 us.
[info]  rtt = 3.853 us.
[info]  rtt = 3.909 us.
[info]  rtt = 3.843 us.
[info]  rtt = 3.884 us.
[info]  rtt = 3.82 us.
[info]  rtt = 3.876 us.
[info]  rtt = 3.817 us.
[info]  rtt = 4.172 us.
[info]  rtt = 3.771 us.
[info]  rtt = 4.073 us.
[info]  rtt = 3.832 us.
[info]  rtt = 3.85 us.
[info]  rtt = 3.757 us.
[info]  rtt = 4.451 us.
[info]  rtt = 3.859 us.
[info]  rtt = 3.943 us.
[info]  rtt = 3.763 us.
[info]  rtt = 4.043 us.
[info]  rtt = 3.797 us.
[info]  rtt = 3.82 us.
[info]  rtt = 3.803 us.
[info]  rtt = 3.792 us.
[info]  rtt = 3.809 us.
[info]  rtt = 3.806 us.
[info]  rtt = 3.823 us.
[info]  rtt = 3.876 us.
[info]  rtt = 3.847 us.
[info]  rtt = 3.891 us.
[info]  rtt = 3.844 us.
[info]  rtt = 3.871 us.
[info]  rtt = 3.813 us.
[info]  rtt = 3.941 us.
[info]  rtt = 3.728 us.
[info]  rtt = 3.79 us.
[info]  rtt = 3.747 us.
[info]  rtt = 3.87 us.
[info]  rtt = 4.055 us.
[info]  rtt = 3.86 us.
[info]  rtt = 3.94 us.
[info]  rtt = 3.938 us.
[info]  rtt = 3.88 us.
[info]  rtt = 3.954 us.
[info]  rtt = 3.837 us.
[info]  rtt = 3.795 us.
[info]  rtt = 3.783 us.
[info]  rtt = 3.833 us.
[info]  rtt = 3.863 us.
[info]  rtt = 4.128 us.
[info]  rtt = 3.855 us.
[info]  rtt = 3.987 us.
[info]  rtt = 3.767 us.
[info]  rtt = 3.845 us.
[info]  rtt = 3.878 us.
[info]  rtt = 3.799 us.
[info]  rtt = 3.831 us.
[info]  rtt = 3.882 us.
[info]  rtt = 3.819 us.
[info]  rtt = 3.907 us.
[info]  rtt = 3.873 us.
[info]  rtt = 3.899 us.
[info]  rtt = 3.8 us.
[info]  rtt = 3.842 us.
[info]  rtt = 3.972 us.
[info]  rtt = 3.964 us.
[info]  rtt = 3.78 us.
[info]  rtt = 3.847 us.
[info]  rtt = 3.848 us.
[info]  rtt = 3.907 us.
[info]  rtt = 3.852 us.
[info]  rtt = 3.853 us.
[info]  rtt = 3.92 us.
[info]  rtt = 4.125 us.
[info]  rtt = 3.928 us.
[info]  rtt = 4.096 us.
[info]  rtt = 3.771 us.
[info]  rtt = 3.829 us.
[info]  rtt = 3.826 us.
[info]  rtt = 3.933 us.
[info]  rtt = 3.888 us.
[info]  rtt = 3.935 us.
[info]  rtt = 3.871 us.
[info]  rtt = 3.907 us.
[info]  rtt = 3.752 us.
[info]  rtt = 3.804 us.
[info]  rtt = 3.757 us.
[info]  rtt = 3.812 us.
[info]  rtt = 3.763 us.
[info]  rtt = 3.996 us.
[info]  rtt = 3.938 us.
[info]  rtt = 4.742 us.
[info]  rtt = 3.978 us.
[info]  rtt = 3.864 us.
[info]  rtt = 3.862 us.
[info]  rtt = 3.809 us.
[info]  rtt = 3.754 us.
[info]  rtt = 3.875 us.
[info]  rtt = 3.833 us.
[info]  rtt = 6.466 us.
[info]  rtt = 3.844 us.
[info]  rtt = 3.893 us.
[info]  rtt = 3.869 us.
[info]  rtt = 3.8 us.
[info]  rtt = 3.788 us.
[info]  rtt = 3.853 us.
[info]  rtt = 3.72 us.
[info]  rtt = 3.846 us.
[info]  rtt = 3.751 us.
[info]  rtt = 3.857 us.
[info]  rtt = 4.104 us.
[info]  rtt = 3.927 us.
[info]  rtt = 3.914 us.
[info]  rtt = 4.517 us.
[info]  rtt = 3.766 us.
[info]  rtt = 3.802 us.
[info]  rtt = 3.762 us.
[info]  rtt = 3.847 us.
[info]  rtt = 3.76 us.
[info]  rtt = 3.844 us.
[info]  rtt = 3.854 us.
[info]  rtt = 3.929 us.
[info]  rtt = 3.85 us.
[info]  rtt = 3.904 us.
[info]  rtt = 3.822 us.
[info]  rtt = 3.806 us.
[info]  rtt = 3.748 us.
[info]  rtt = 3.846 us.
[info]  rtt = 3.792 us.
[info]  rtt = 3.952 us.
[info]  rtt = 3.834 us.
[info]  rtt = 3.929 us.
[info]  rtt = 3.819 us.
[info]  rtt = 3.899 us.
[info]  rtt = 3.817 us.
[info]  rtt = 3.834 us.
[info]  rtt = 3.753 us.
[info]  rtt = 3.844 us.
[info]  rtt = 3.885 us.
[info]  rtt = 3.792 us.
[info]  rtt = 3.797 us.
[info]  rtt = 3.865 us.
[info]  rtt = 3.834 us.
[info]  rtt = 3.891 us.
[info]  rtt = 3.846 us.
[info]  rtt = 3.929 us.
[info]  rtt = 3.753 us.
[info]  rtt = 3.745 us.
[info]  rtt = 3.825 us.
[info]  rtt = 3.849 us.
[info]  rtt = 3.775 us.
[info]  rtt = 3.919 us.
[info]  rtt = 3.907 us.
[info]  rtt = 3.838 us.
[info]  rtt = 3.824 us.
[info]  rtt = 3.874 us.
[info]  rtt = 3.758 us.
[info]  rtt = 3.851 us.
[info]  rtt = 3.78 us.
[info]  rtt = 3.824 us.
[info]  rtt = 3.829 us.
[info]  rtt = 3.926 us.
[info]  rtt = 3.857 us.
[info]  rtt = 4.039 us.
[info]  rtt = 3.819 us.
[info]  rtt = 3.894 us.
[info]  rtt = 3.797 us.
[info]  rtt = 3.847 us.
[info]  rtt = 3.834 us.
[info]  rtt = 3.85 us.
[info]  rtt = 3.816 us.
[info]  rtt = 3.917 us.
[info]  rtt = 3.829 us.
[info]  rtt = 3.913 us.
[info]  rtt = 3.865 us.
[info]  rtt = 3.889 us.
[info]  rtt = 3.801 us.
[info]  rtt = 3.934 us.
[info]  rtt = 3.774 us.
[info]  rtt = 3.832 us.
[info]  rtt = 3.736 us.
[info]  rtt = 4.065 us.
[info]  rtt = 3.848 us.
[info]  rtt = 3.878 us.
[info]  rtt = 3.871 us.
[info]  rtt = 3.981 us.
[info]  rtt = 3.734 us.
[info]  rtt = 3.938 us.
[info]  rtt = 3.76 us.
[info]  rtt = 3.807 us.
[info]  rtt = 3.711 us.
[info]  rtt = 3.875 us.
[info]  rtt = 3.821 us.
[info]  rtt = 3.929 us.
[info]  rtt = 3.836 us.
[info]  rtt = 3.857 us.
[info]  rtt = 3.764 us.
[info]  rtt = 3.82 us.
[info]  rtt = 3.773 us.
[info]  rtt = 3.915 us.
[info]  rtt = 3.767 us.
[info]  rtt = 3.928 us.
[info]  rtt = 3.823 us.
[info]  rtt = 3.833 us.
[info]  rtt = 3.805 us.
[info]  rtt = 3.92 us.
[info]  rtt = 3.795 us.
[info]  rtt = 4.027 us.
[info]  rtt = 3.897 us.
[info]  rtt = 3.918 us.
[info]  rtt = 3.871 us.
[info]  rtt = 4.129 us.
[info]  rtt = 4.175 us.
[info]  rtt = 3.825 us.
[info]  rtt = 3.775 us.
[info]  rtt = 3.862 us.
[info]  rtt = 3.902 us.
[info]  rtt = 3.839 us.
[info]  rtt = 3.778 us.
[info]  rtt = 4.712 us.
[info]  rtt = 3.783 us.
[info]  rtt = 4.112 us.
[info]  rtt = 3.852 us.
[info]  rtt = 3.838 us.
[info]  rtt = 3.732 us.
[info]  rtt = 3.901 us.
[info]  rtt = 3.869 us.
[info]  rtt = 4.068 us.
[info]  rtt = 3.845 us.
[info]  rtt = 3.954 us.
[info]  rtt = 3.742 us.
[info]  rtt = 3.83 us.
[info]  rtt = 3.897 us.
[info]  rtt = 3.897 us.
[info]  rtt = 3.78 us.
[info]  rtt = 3.814 us.
[info]  rtt = 3.769 us.
[info]  rtt = 4.32 us.
[info]  rtt = 3.888 us.
[info]  rtt = 3.822 us.
[info]  rtt = 3.787 us.
[info]  rtt = 3.828 us.
[info]  rtt = 3.803 us.
[info]  rtt = 3.853 us.
[info]  rtt = 3.743 us.
[info]  rtt = 3.803 us.
[info]  rtt = 3.818 us.
[info]  rtt = 3.829 us.
[info]  rtt = 3.815 us.
[info]  rtt = 3.863 us.
[info]  rtt = 3.757 us.
[info]  rtt = 3.902 us.
[info]  rtt = 3.83 us.
[info]  rtt = 3.993 us.
[info]  rtt = 3.805 us.
[info]  rtt = 3.895 us.
[info]  rtt = 3.896 us.
[info]  rtt = 3.868 us.
[info]  rtt = 3.774 us.
[info]  rtt = 3.841 us.
[info]  rtt = 3.768 us.
[info]  rtt = 4.25 us.
[info]  rtt = 3.828 us.
[info]  rtt = 3.939 us.
[info]  rtt = 3.767 us.
[info]  rtt = 3.963 us.
[info]  rtt = 3.849 us.
[info]  rtt = 3.824 us.
[info]  rtt = 3.773 us.
[info]  rtt = 3.807 us.
[info]  rtt = 3.843 us.
[info]  rtt = 3.842 us.
[info]  rtt = 3.794 us.
[info]  rtt = 4.042 us.
[info]  rtt = 3.779 us.
[info]  rtt = 3.866 us.
[info]  rtt = 3.796 us.
[info]  rtt = 4.5 us.
[info]  rtt = 3.771 us.
[info]  rtt = 3.815 us.
[info]  rtt = 3.899 us.
[info]  rtt = 3.917 us.
[info]  rtt = 3.864 us.
[info]  rtt = 3.952 us.
[info]  rtt = 3.909 us.
[info]  rtt = 3.86 us.
[info]  rtt = 4.187 us.
[info]  rtt = 3.828 us.
[info]  rtt = 3.786 us.
[info]  rtt = 3.884 us.
[info]  rtt = 3.804 us.
[info]  rtt = 3.884 us.
[info]  rtt = 3.744 us.
[info]  rtt = 3.964 us.
[info]  rtt = 3.806 us.
[info]  rtt = 3.813 us.
[info]  rtt = 3.778 us.
[info]  rtt = 3.874 us.
[info]  rtt = 3.82 us.
[info]  rtt = 3.77 us.
[info]  rtt = 3.796 us.
[info]  rtt = 3.821 us.
[info]  rtt = 4.24 us.
[info]  rtt = 3.863 us.
[info]  rtt = 3.882 us.
[info]  rtt = 3.865 us.
[info]  rtt = 3.751 us.
[info]  rtt = 3.925 us.
[info]  rtt = 3.794 us.
[info]  rtt = 3.853 us.
[info]  rtt = 3.88 us.
[info]  rtt = 3.947 us.
[info]  rtt = 4.014 us.
[info]  rtt = 4 us.
[info]  rtt = 3.873 us.
[info]  rtt = 4.091 us.
[info]  rtt = 3.974 us.
[info]  rtt = 3.936 us.
[info]  rtt = 3.912 us.
[info]  rtt = 3.906 us.
[info]  rtt = 3.881 us.
[info]  rtt = 3.857 us.
[info]  rtt = 3.846 us.
[info]  rtt = 4.017 us.
[info]  rtt = 3.876 us.
[info]  rtt = 3.938 us.
[info]  rtt = 3.99 us.
[info]  rtt = 3.905 us.
[info]  rtt = 3.811 us.
[info]  rtt = 3.826 us.
[info]  rtt = 3.832 us.
[info]  rtt = 3.855 us.
[info]  rtt = 3.734 us.
[info]  rtt = 3.735 us.
[info]  rtt = 3.805 us.
[info]  rtt = 4.13 us.
[info]  rtt = 3.79 us.
[info]  rtt = 3.944 us.
[info]  rtt = 3.849 us.
[info]  rtt = 3.913 us.
[info]  rtt = 3.764 us.
[info]  rtt = 3.982 us.
[info]  rtt = 4.048 us.
[info]  rtt = 3.9 us.
[info]  rtt = 3.879 us.
[info]  rtt = 6.664 us.
[info]  rtt = 3.862 us.
[info]  rtt = 4.693 us.
[info]  rtt = 3.839 us.
[info]  rtt = 3.818 us.
[info]  rtt = 3.845 us.
[info]  rtt = 3.852 us.
[info]  rtt = 3.774 us.
[info]  rtt = 3.91 us.
[info]  rtt = 3.805 us.
[info]  rtt = 3.977 us.
[info]  rtt = 3.854 us.
[info]  rtt = 3.921 us.
[info]  rtt = 3.877 us.
[info]  rtt = 3.912 us.
[info]  rtt = 4.442 us.
[info]  rtt = 3.835 us.
[info]  rtt = 3.793 us.
[info]  rtt = 4.112 us.
[info]  rtt = 3.784 us.
[info]  rtt = 3.89 us.
[info]  rtt = 3.966 us.
[info]  rtt = 3.926 us.
[info]  rtt = 3.881 us.
[info]  rtt = 4 us.
[info]  rtt = 3.771 us.
[info]  rtt = 3.886 us.
[info]  rtt = 3.925 us.
[info]  rtt = 3.88 us.
[info]  rtt = 3.773 us.
[info]  rtt = 3.946 us.
[info]  rtt = 3.959 us.
[info]  rtt = 3.95 us.
[info]  rtt = 3.89 us.
[info]  rtt = 3.879 us.
[info]  rtt = 3.827 us.
[info]  rtt = 3.818 us.
[info]  rtt = 3.816 us.
[info]  rtt = 3.788 us.
[info]  rtt = 3.916 us.
[info]  rtt = 3.983 us.
[info]  rtt = 3.932 us.
[info]  rtt = 3.994 us.
[info]  rtt = 3.853 us.
[info]  rtt = 3.91 us.
[info]  rtt = 3.83 us.
[info]  rtt = 3.813 us.
[info]  rtt = 3.778 us.
[info]  rtt = 3.895 us.
[info]  rtt = 3.824 us.
[info]  rtt = 3.933 us.
[info]  rtt = 3.803 us.
[info]  rtt = 3.948 us.
[info]  rtt = 3.915 us.
[info]  rtt = 3.921 us.
[info]  rtt = 3.883 us.
[info]  rtt = 3.823 us.
[info]  rtt = 3.775 us.
[info]  rtt = 3.837 us.
[info]  rtt = 3.773 us.
[info]  rtt = 3.902 us.
[info]  rtt = 3.842 us.
[info]  rtt = 4.047 us.
[info]  rtt = 3.893 us.
[info]  rtt = 4.451 us.
[info]  rtt = 3.852 us.
[info]  rtt = 3.799 us.
[info]  rtt = 3.831 us.
[info]  rtt = 3.805 us.
[info]  rtt = 3.864 us.
[info]  rtt = 3.77 us.
[info]  rtt = 3.827 us.
[info]  rtt = 3.978 us.
[info]  rtt = 3.996 us.
[info]  rtt = 3.93 us.
[info]  rtt = 3.853 us.
[info]  rtt = 3.921 us.
[info]  rtt = 3.839 us.
[info]  rtt = 4.078 us.
[info]  rtt = 3.95 us.
[info]  rtt = 4.071 us.
[info]  rtt = 3.868 us.
[info]  rtt = 3.985 us.
[info]  rtt = 3.857 us.
[info]  rtt = 3.964 us.
[info]  rtt = 3.939 us.
[info]  rtt = 3.869 us.
[info]  rtt = 3.912 us.
[info]  rtt = 4.123 us.
[info]  rtt = 3.761 us.
[info]  rtt = 3.804 us.
[info]  rtt = 3.793 us.
[info]  rtt = 3.913 us.
[info]  rtt = 3.873 us.
[info]  rtt = 3.903 us.
[info]  rtt = 3.906 us.
[info]  rtt = 3.947 us.
[info]  rtt = 3.829 us.
[info]  rtt = 3.808 us.
[info]  rtt = 3.739 us.
[info]  rtt = 3.806 us.
[info]  rtt = 3.734 us.
[info]  rtt = 3.898 us.
[info]  rtt = 3.792 us.
[info]  rtt = 3.858 us.
[info]  rtt = 3.768 us.
[info]  rtt = 3.8 us.
[info]  rtt = 3.783 us.
[info]  rtt = 3.885 us.
[info]  rtt = 3.797 us.
[info]  rtt = 3.821 us.
[info]  rtt = 3.844 us.
[info]  rtt = 3.927 us.
[info]  rtt = 3.979 us.
[info]  rtt = 3.871 us.
[info]  rtt = 3.9 us.
[info]  rtt = 3.9 us.
[info]  rtt = 3.774 us.
[info]  rtt = 3.974 us.
[info]  rtt = 3.95 us.
[info]  rtt = 3.998 us.
[info]  rtt = 3.786 us.
[info]  rtt = 3.928 us.
[info]  rtt = 3.77 us.
[info]  rtt = 3.854 us.
[info]  rtt = 3.881 us.
[info]  rtt = 3.829 us.
[info]  rtt = 3.867 us.
[info]  rtt = 4.027 us.
[info]  rtt = 3.961 us.
[info]  rtt = 4.601 us.
[info]  rtt = 3.818 us.
[info]  rtt = 3.896 us.
[info]  rtt = 3.8 us.
[info]  rtt = 3.89 us.
[info]  rtt = 3.842 us.
[info]  rtt = 4.064 us.
[info]  rtt = 3.91 us.
[info]  rtt = 4.589 us.
[info]  rtt = 3.772 us.
[info]  rtt = 3.85 us.
[info]  rtt = 3.767 us.
[info]  rtt = 3.954 us.
[info]  rtt = 3.86 us.
[info]  rtt = 3.888 us.
[info]  rtt = 3.944 us.
[info]  rtt = 3.934 us.
[info]  rtt = 3.816 us.
[info]  rtt = 3.969 us.
[info]  rtt = 3.775 us.
[info]  rtt = 3.85 us.
[info]  rtt = 3.823 us.
[info]  rtt = 3.955 us.
[info]  rtt = 3.911 us.
[info]  rtt = 3.837 us.
[info]  rtt = 3.814 us.
[info]  rtt = 3.841 us.
[info]  rtt = 3.809 us.
[info]  rtt = 3.947 us.
[info]  rtt = 3.803 us.
[info]  rtt = 3.959 us.
[info]  rtt = 3.855 us.
[info]  rtt = 4.119 us.
[info]  rtt = 3.803 us.
[info]  rtt = 3.827 us.
[info]  rtt = 3.857 us.
[info]  rtt = 3.893 us.
[info]  rtt = 3.806 us.
[info]  rtt = 3.886 us.
[info]  rtt = 3.855 us.
[info]  rtt = 3.86 us.
[info]  rtt = 3.789 us.
[info]  average: 3.89628 us. median: 3.849 us. mode: 3.853000 us. min: 3.689 us. max: 7.691 us. per 1024 samples, packet size: 140 bytes / payload size: 98 bytes 
[debug]  
	Total number of successfully received packets: 1569
	Total number of successfully transmitted packets: 1570
	Total number of successfully received bytes: 225936
	Total number of successfully transmitted bytes: 219720
	missed : 0 from : 1569 - 0%
	Total number of erroneous received packets: 0
	Total number of failed transmitted packets: 0
	Total number of Rx mbuf allocation failures: 0
		0 Total number of queue Rx packets : 0
		0 Total number of successfully received queue bytes : 0
		0 Total number of queue packets received that are dropped : 0
		0 Total number of queue Tx packets : 0
		0 Total number of successfully transmitted queue bytes : 0
