[debug]  lo
	00:00:00:00:00:00
	127.0.0.1
[debug]  enp6s0f1np1
	08:BF:B8:05:53:90
	192.168.13.2
[debug]  ens8191f0np0
	EC:0D:9A:98:B2:D2
	192.168.13.31
[debug]  enxbaa50f00c0b2
	BA:A5:0F:00:C0:B2
[debug]  ens8191f1np1
	EC:0D:9A:98:B2:D3
	192.168.13.32
[debug]  enp64s0f0np0
	B8:CE:F6:8C:E3:B4
	192.168.13.22
[debug]  enp64s0f1np1
	B8:CE:F6:8C:E3:B5
	192.168.13.23
[debug]  wlx0013ef500a9c
	00:13:EF:50:0A:9C
	192.168.8.144
[debug]  enp148s0f0np0
	00:0F:53:63:4C:E0
	192.168.13.41
[debug]  enp148s0f1np1
	00:0F:53:63:4C:E1
	192.168.13.42
[debug]  enp6s0f0np0
	08:BF:B8:05:53:91
	192.168.13.1
[debug]  enp106s0f0np0
	40:A6:B7:96:E7:A0
	192.168.13.11
[debug]  enp106s0f1np1
	40:A6:B7:96:E7:A1
	192.168.13.12
[debug]  enp148s0f1np1 (net_sfc_efx) port: 0 - 00:0F:53:63:4C:E1[192.168.13.42]
{
	svc_tx_n : 1
	rx_flow_queues : 0
	next_src_port : 5000 (0x1388)
	rx_reconfig_hint : 65000 (0xfde8)
	clock_hz : 0
	info : {
		min_mtu : 68 (0x44)
		max_mtu : 9202 (0x23f2)
		min_rx_bufsize : 0
		max_rx_bufsize : 4294967295 (0xffffffff)
		max_rx_pktlen : 9240 (0x2418)
		max_lro_pkt_size : 0
		max_rx_queues : 255 (0xff)
		max_tx_queues : 255 (0xff)
		max_mac_addrs : 0
		max_hash_mac_addrs : 0
		max_vfs : 0
		max_vmdq_pools : 0
		rx_offload_capa : 9200e:RTE_ETH_RX_OFFLOAD_IPV4_CKSUM|RTE_ETH_RX_OFFLOAD_UDP_CKSUM|RTE_ETH_RX_OFFLOAD_TCP_CKSUM|RTE_ETH_RX_OFFLOAD_SCATTER|RTE_ETH_RX_OFFLOAD_KEEP_CRC|RTE_ETH_RX_OFFLOAD_RSS_HASH
		tx_offload_capa : 1000e:RTE_ETH_TX_OFFLOAD_IPV4_CKSUM|RTE_ETH_TX_OFFLOAD_UDP_CKSUM|RTE_ETH_TX_OFFLOAD_TCP_CKSUM|RTE_ETH_TX_OFFLOAD_MBUF_FAST_FREE
		rx_queue_offload_capa : 2000:RTE_ETH_RX_OFFLOAD_SCATTER
		tx_queue_offload_capa : e:RTE_ETH_TX_OFFLOAD_IPV4_CKSUM|RTE_ETH_TX_OFFLOAD_UDP_CKSUM|RTE_ETH_TX_OFFLOAD_TCP_CKSUM
		reta_size : 128 (0x80)
		rss_algo_capa : 1
		flow_type_rss_offloads : 241596 (0x3afbc)
		default_rxconf : {
			rx_thresh : {
				pthresh : 0
				hthresh : 0
				wthresh : 0
			}
			rx_free_thresh : 0
			rx_drop_en : 1
			rx_deferred_start : 0
			rx_nseg : 0
			share_group : 0
			share_qid : 0
			offloads : 0
			rx_nmempool : 0
		}
		default_txconf : {
			tx_thresh : {
				pthresh : 0
				hthresh : 0
				wthresh : 0
			}
			tx_rs_thresh : 0
			tx_free_thresh : 0
			tx_deferred_start : 0
			offloads : 0
		}
		vmdq_queue_base : 0
		vmdq_queue_num : 0
		vmdq_pool_base : 0
		rx_desc_lim : {
			nb_max : 4096 (0x1000)
			nb_min : 8
			nb_align : 8
			nb_seg_max : 65535 (0xffff)
			nb_mtu_seg_max : 65535 (0xffff)
		}
		tx_desc_lim : {
			nb_max : 2048 (0x800)
			nb_min : 1
			nb_align : 1
			nb_seg_max : 65535 (0xffff)
			nb_mtu_seg_max : 65535 (0xffff)
		}
		speed_capa : 289 (0x121)
		nb_rx_queues : 0
		nb_tx_queues : 0
		default_rxportconf : {
			burst_size : 1
			ring_size : 0
			nb_queues : 1
		}
		default_txportconf : {
			burst_size : 1
			ring_size : 0
			nb_queues : 1
		}
		dev_capa : 3
	}
	effective_offload : {
		rx : 9200e:RTE_ETH_RX_OFFLOAD_IPV4_CKSUM|RTE_ETH_RX_OFFLOAD_UDP_CKSUM|RTE_ETH_RX_OFFLOAD_TCP_CKSUM|RTE_ETH_RX_OFFLOAD_SCATTER|RTE_ETH_RX_OFFLOAD_KEEP_CRC|RTE_ETH_RX_OFFLOAD_RSS_HASH
		tx : 1000e:RTE_ETH_TX_OFFLOAD_IPV4_CKSUM|RTE_ETH_TX_OFFLOAD_UDP_CKSUM|RTE_ETH_TX_OFFLOAD_TCP_CKSUM|RTE_ETH_TX_OFFLOAD_MBUF_FAST_FREE
	}
	tx_rings : 65535 (0xffff)
	rx_meta_features : 0
	features : 0000000000000000000000000000000000000000000000000000000000000110
}	will run on socket 0 - 11 cores : [26 17 18 19 20 21 22 23 24 25 16 ]
[debug]  enp148s0f1np1 port: 0 - requested offloads : 9200e:RTE_ETH_RX_OFFLOAD_IPV4_CKSUM|RTE_ETH_RX_OFFLOAD_UDP_CKSUM|RTE_ETH_RX_OFFLOAD_TCP_CKSUM|RTE_ETH_RX_OFFLOAD_SCATTER|RTE_ETH_RX_OFFLOAD_KEEP_CRC|RTE_ETH_RX_OFFLOAD_RSS_HASH
[debug]  port 0 : 192.168.13.42 - link speed 10 Gbps
[debug]  starting up 1 rx queue(s)...
[info]  192.168.13.41 : 00:0F:53:63:4C:E0
[debug]  creating sockperf packets memory pool : 4095 cache_size : 16
[info]  warming up...
[info]  performing latency test ...
[info]  rtt = 4.564 us.
[info]  rtt = 4.305 us.
[info]  rtt = 4.427 us.
[info]  rtt = 4.309 us.
[info]  rtt = 4.301 us.
[info]  rtt = 4.284 us.
[info]  rtt = 4.323 us.
[info]  rtt = 4.27 us.
[info]  rtt = 5.209 us.
[info]  rtt = 4.311 us.
[info]  rtt = 4.332 us.
[info]  rtt = 4.29 us.
[info]  rtt = 4.329 us.
[info]  rtt = 4.38 us.
[info]  rtt = 4.353 us.
[info]  rtt = 4.292 us.
[info]  rtt = 4.421 us.
[info]  rtt = 4.323 us.
[info]  rtt = 8.375 us.
[info]  rtt = 4.277 us.
[info]  rtt = 4.319 us.
[info]  rtt = 4.396 us.
[info]  rtt = 4.449 us.
[info]  rtt = 4.293 us.
[info]  rtt = 4.39 us.
[info]  rtt = 4.315 us.
[info]  rtt = 4.307 us.
[info]  rtt = 4.28 us.
[info]  rtt = 4.322 us.
[info]  rtt = 4.374 us.
[info]  rtt = 4.437 us.
[info]  rtt = 4.471 us.
[info]  rtt = 4.383 us.
[info]  rtt = 5.147 us.
[info]  rtt = 4.302 us.
[info]  rtt = 4.268 us.
[info]  rtt = 4.31 us.
[info]  rtt = 4.261 us.
[info]  rtt = 4.566 us.
[info]  rtt = 4.282 us.
[info]  rtt = 4.467 us.
[info]  rtt = 4.319 us.
[info]  rtt = 4.362 us.
[info]  rtt = 4.286 us.
[info]  rtt = 4.318 us.
[info]  rtt = 4.305 us.
[info]  rtt = 4.522 us.
[info]  rtt = 4.343 us.
[info]  rtt = 5.061 us.
[info]  rtt = 4.323 us.
[info]  rtt = 4.779 us.
[info]  rtt = 4.323 us.
[info]  rtt = 4.282 us.
[info]  rtt = 4.254 us.
[info]  rtt = 4.358 us.
[info]  rtt = 4.414 us.
[info]  rtt = 4.365 us.
[info]  rtt = 4.766 us.
[info]  rtt = 4.443 us.
[info]  rtt = 6.681 us.
[info]  rtt = 4.627 us.
[info]  rtt = 4.382 us.
[info]  rtt = 4.422 us.
[info]  rtt = 4.371 us.
[info]  rtt = 4.433 us.
[info]  rtt = 4.407 us.
[info]  rtt = 4.286 us.
[info]  rtt = 4.367 us.
[info]  rtt = 4.381 us.
[info]  rtt = 4.313 us.
[info]  rtt = 4.489 us.
[info]  rtt = 4.315 us.
[info]  rtt = 4.392 us.
[info]  rtt = 4.285 us.
[info]  rtt = 4.422 us.
[info]  rtt = 4.272 us.
[info]  rtt = 4.336 us.
[info]  rtt = 4.288 us.
[info]  rtt = 4.337 us.
[info]  rtt = 4.295 us.
[info]  rtt = 4.375 us.
[info]  rtt = 4.342 us.
[info]  rtt = 5.022 us.
[info]  rtt = 5.133 us.
[info]  rtt = 4.422 us.
[info]  rtt = 4.526 us.
[info]  rtt = 4.459 us.
[info]  rtt = 4.437 us.
[info]  rtt = 4.513 us.
[info]  rtt = 4.405 us.
[info]  rtt = 4.495 us.
[info]  rtt = 4.5 us.
[info]  rtt = 4.492 us.
[info]  rtt = 4.426 us.
[info]  rtt = 4.516 us.
[info]  rtt = 4.389 us.
[info]  rtt = 4.53 us.
[info]  rtt = 4.303 us.
[info]  rtt = 4.368 us.
[info]  rtt = 4.339 us.
[info]  rtt = 4.397 us.
[info]  rtt = 4.345 us.
[info]  rtt = 4.396 us.
[info]  rtt = 4.431 us.
[info]  rtt = 4.473 us.
[info]  rtt = 4.548 us.
[info]  rtt = 4.712 us.
[info]  rtt = 4.301 us.
[info]  rtt = 4.356 us.
[info]  rtt = 4.411 us.
[info]  rtt = 5.389 us.
[info]  rtt = 4.41 us.
[info]  rtt = 4.496 us.
[info]  rtt = 4.424 us.
[info]  rtt = 4.354 us.
[info]  rtt = 4.345 us.
[info]  rtt = 4.348 us.
[info]  rtt = 4.357 us.
[info]  rtt = 4.409 us.
[info]  rtt = 4.323 us.
[info]  rtt = 4.427 us.
[info]  rtt = 4.36 us.
[info]  rtt = 4.488 us.
[info]  rtt = 4.5 us.
[info]  rtt = 4.509 us.
[info]  rtt = 4.316 us.
[info]  rtt = 4.318 us.
[info]  rtt = 4.378 us.
[info]  rtt = 4.37 us.
[info]  rtt = 4.282 us.
[info]  rtt = 4.366 us.
[info]  rtt = 4.771 us.
[info]  rtt = 4.457 us.
[info]  rtt = 4.384 us.
[info]  rtt = 4.392 us.
[info]  rtt = 4.293 us.
[info]  rtt = 4.354 us.
[info]  rtt = 4.279 us.
[info]  rtt = 4.438 us.
[info]  rtt = 4.351 us.
[info]  rtt = 4.367 us.
[info]  rtt = 4.376 us.
[info]  rtt = 4.487 us.
[info]  rtt = 4.432 us.
[info]  rtt = 4.425 us.
[info]  rtt = 4.386 us.
[info]  rtt = 4.373 us.
[info]  rtt = 4.417 us.
[info]  rtt = 4.562 us.
[info]  rtt = 4.472 us.
[info]  rtt = 4.404 us.
[info]  rtt = 4.366 us.
[info]  rtt = 4.468 us.
[info]  rtt = 4.383 us.
[info]  rtt = 4.411 us.
[info]  rtt = 4.339 us.
[info]  rtt = 4.699 us.
[info]  rtt = 4.337 us.
[info]  rtt = 4.429 us.
[info]  rtt = 4.341 us.
[info]  rtt = 4.398 us.
[info]  rtt = 4.413 us.
[info]  rtt = 4.735 us.
[info]  rtt = 4.48 us.
[info]  rtt = 4.353 us.
[info]  rtt = 4.409 us.
[info]  rtt = 4.404 us.
[info]  rtt = 4.375 us.
[info]  rtt = 4.481 us.
[info]  rtt = 4.593 us.
[info]  rtt = 4.354 us.
[info]  rtt = 4.356 us.
[info]  rtt = 4.645 us.
[info]  rtt = 4.348 us.
[info]  rtt = 4.519 us.
[info]  rtt = 4.343 us.
[info]  rtt = 4.934 us.
[info]  rtt = 4.381 us.
[info]  rtt = 4.393 us.
[info]  rtt = 4.27 us.
[info]  rtt = 4.633 us.
[info]  rtt = 4.434 us.
[info]  rtt = 4.47 us.
[info]  rtt = 4.406 us.
[info]  rtt = 4.628 us.
[info]  rtt = 4.409 us.
[info]  rtt = 4.524 us.
[info]  rtt = 4.412 us.
[info]  rtt = 4.467 us.
[info]  rtt = 4.405 us.
[info]  rtt = 4.445 us.
[info]  rtt = 4.347 us.
[info]  rtt = 4.421 us.
[info]  rtt = 4.454 us.
[info]  rtt = 4.372 us.
[info]  rtt = 4.326 us.
[info]  rtt = 4.393 us.
[info]  rtt = 4.355 us.
[info]  rtt = 4.376 us.
[info]  rtt = 4.32 us.
[info]  rtt = 4.42 us.
[info]  rtt = 4.337 us.
[info]  rtt = 4.413 us.
[info]  rtt = 4.315 us.
[info]  rtt = 4.373 us.
[info]  rtt = 4.837 us.
[info]  rtt = 4.539 us.
[info]  rtt = 4.332 us.
[info]  rtt = 4.381 us.
[info]  rtt = 4.45 us.
[info]  rtt = 4.443 us.
[info]  rtt = 5.088 us.
[info]  rtt = 4.458 us.
[info]  rtt = 4.461 us.
[info]  rtt = 4.468 us.
[info]  rtt = 4.395 us.
[info]  rtt = 4.444 us.
[info]  rtt = 4.697 us.
[info]  rtt = 4.42 us.
[info]  rtt = 4.33 us.
[info]  rtt = 4.398 us.
[info]  rtt = 4.427 us.
[info]  rtt = 4.39 us.
[info]  rtt = 4.401 us.
[info]  rtt = 4.342 us.
[info]  rtt = 4.386 us.
[info]  rtt = 4.438 us.
[info]  rtt = 4.346 us.
[info]  rtt = 4.362 us.
[info]  rtt = 4.895 us.
[info]  rtt = 4.351 us.
[info]  rtt = 4.3 us.
[info]  rtt = 4.392 us.
[info]  rtt = 4.432 us.
[info]  rtt = 4.382 us.
[info]  rtt = 4.334 us.
[info]  rtt = 4.413 us.
[info]  rtt = 4.332 us.
[info]  rtt = 4.404 us.
[info]  rtt = 4.352 us.
[info]  rtt = 4.408 us.
[info]  rtt = 4.356 us.
[info]  rtt = 4.384 us.
[info]  rtt = 4.331 us.
[info]  rtt = 4.38 us.
[info]  rtt = 4.358 us.
[info]  rtt = 4.419 us.
[info]  rtt = 4.349 us.
[info]  rtt = 4.389 us.
[info]  rtt = 4.354 us.
[info]  rtt = 4.355 us.
[info]  rtt = 4.323 us.
[info]  rtt = 4.385 us.
[info]  rtt = 4.402 us.
[info]  rtt = 5.017 us.
[info]  rtt = 4.409 us.
[info]  rtt = 4.564 us.
[info]  rtt = 4.438 us.
[info]  rtt = 4.506 us.
[info]  rtt = 4.508 us.
[info]  rtt = 4.438 us.
[info]  rtt = 4.373 us.
[info]  rtt = 4.413 us.
[info]  rtt = 4.476 us.
[info]  rtt = 4.418 us.
[info]  rtt = 4.415 us.
[info]  rtt = 4.536 us.
[info]  rtt = 4.386 us.
[info]  rtt = 4.429 us.
[info]  rtt = 4.284 us.
[info]  rtt = 4.528 us.
[info]  rtt = 4.245 us.
[info]  rtt = 4.376 us.
[info]  rtt = 4.35 us.
[info]  rtt = 4.437 us.
[info]  rtt = 4.306 us.
[info]  rtt = 4.401 us.
[info]  rtt = 4.328 us.
[info]  rtt = 4.448 us.
[info]  rtt = 4.692 us.
[info]  rtt = 4.415 us.
[info]  rtt = 4.365 us.
[info]  rtt = 4.376 us.
[info]  rtt = 4.343 us.
[info]  rtt = 4.434 us.
[info]  rtt = 4.339 us.
[info]  rtt = 4.353 us.
[info]  rtt = 4.323 us.
[info]  rtt = 4.404 us.
[info]  rtt = 4.437 us.
[info]  rtt = 4.458 us.
[info]  rtt = 4.324 us.
[info]  rtt = 4.356 us.
[info]  rtt = 4.505 us.
[info]  rtt = 4.37 us.
[info]  rtt = 4.301 us.
[info]  rtt = 4.413 us.
[info]  rtt = 4.385 us.
[info]  rtt = 4.544 us.
[info]  rtt = 4.477 us.
[info]  rtt = 4.376 us.
[info]  rtt = 4.338 us.
[info]  rtt = 4.544 us.
[info]  rtt = 4.723 us.
[info]  rtt = 4.903 us.
[info]  rtt = 4.396 us.
[info]  rtt = 4.373 us.
[info]  rtt = 4.356 us.
[info]  rtt = 4.518 us.
[info]  rtt = 4.414 us.
[info]  rtt = 4.542 us.
[info]  rtt = 4.306 us.
[info]  rtt = 4.587 us.
[info]  rtt = 4.575 us.
[info]  rtt = 4.335 us.
[info]  rtt = 4.391 us.
[info]  rtt = 4.438 us.
[info]  rtt = 4.479 us.
[info]  rtt = 4.501 us.
[info]  rtt = 4.384 us.
[info]  rtt = 4.46 us.
[info]  rtt = 4.576 us.
[info]  rtt = 4.356 us.
[info]  rtt = 4.342 us.
[info]  rtt = 4.397 us.
[info]  rtt = 4.416 us.
[info]  rtt = 4.407 us.
[info]  rtt = 4.418 us.
[info]  rtt = 4.758 us.
[info]  rtt = 4.518 us.
[info]  rtt = 4.533 us.
[info]  rtt = 4.414 us.
[info]  rtt = 4.385 us.
[info]  rtt = 4.48 us.
[info]  rtt = 4.468 us.
[info]  rtt = 4.384 us.
[info]  rtt = 4.434 us.
[info]  rtt = 4.575 us.
[info]  rtt = 4.414 us.
[info]  rtt = 4.847 us.
[info]  rtt = 4.384 us.
[info]  rtt = 4.351 us.
[info]  rtt = 4.383 us.
[info]  rtt = 4.511 us.
[info]  rtt = 4.535 us.
[info]  rtt = 4.454 us.
[info]  rtt = 4.421 us.
[info]  rtt = 4.372 us.
[info]  rtt = 4.407 us.
[info]  rtt = 4.39 us.
[info]  rtt = 4.439 us.
[info]  rtt = 4.345 us.
[info]  rtt = 4.295 us.
[info]  rtt = 4.701 us.
[info]  rtt = 4.482 us.
[info]  rtt = 4.377 us.
[info]  rtt = 4.413 us.
[info]  rtt = 4.317 us.
[info]  rtt = 4.346 us.
[info]  rtt = 4.342 us.
[info]  rtt = 4.415 us.
[info]  rtt = 4.46 us.
[info]  rtt = 4.334 us.
[info]  rtt = 4.398 us.
[info]  rtt = 4.367 us.
[info]  rtt = 4.333 us.
[info]  rtt = 4.464 us.
[info]  rtt = 4.328 us.
[info]  rtt = 4.541 us.
[info]  rtt = 4.422 us.
[info]  rtt = 4.461 us.
[info]  rtt = 4.335 us.
[info]  rtt = 4.387 us.
[info]  rtt = 4.464 us.
[info]  rtt = 4.386 us.
[info]  rtt = 4.449 us.
[info]  rtt = 4.402 us.
[info]  rtt = 4.78 us.
[info]  rtt = 4.458 us.
[info]  rtt = 4.487 us.
[info]  rtt = 4.409 us.
[info]  rtt = 4.371 us.
[info]  rtt = 4.601 us.
[info]  rtt = 4.379 us.
[info]  rtt = 4.478 us.
[info]  rtt = 4.536 us.
[info]  rtt = 4.418 us.
[info]  rtt = 4.522 us.
[info]  rtt = 4.428 us.
[info]  rtt = 4.354 us.
[info]  rtt = 4.392 us.
[info]  rtt = 4.348 us.
[info]  rtt = 4.408 us.
[info]  rtt = 4.331 us.
[info]  rtt = 4.371 us.
[info]  rtt = 4.345 us.
[info]  rtt = 4.397 us.
[info]  rtt = 4.327 us.
[info]  rtt = 4.396 us.
[info]  rtt = 4.33 us.
[info]  rtt = 4.429 us.
[info]  rtt = 4.377 us.
[info]  rtt = 4.66 us.
[info]  rtt = 4.387 us.
[info]  rtt = 4.403 us.
[info]  rtt = 4.377 us.
[info]  rtt = 4.417 us.
[info]  rtt = 4.387 us.
[info]  rtt = 4.464 us.
[info]  rtt = 4.36 us.
[info]  rtt = 4.401 us.
[info]  rtt = 4.34 us.
[info]  rtt = 4.375 us.
[info]  rtt = 4.338 us.
[info]  rtt = 4.381 us.
[info]  rtt = 4.335 us.
[info]  rtt = 4.394 us.
[info]  rtt = 4.41 us.
[info]  rtt = 4.558 us.
[info]  rtt = 4.344 us.
[info]  rtt = 4.356 us.
[info]  rtt = 4.318 us.
[info]  rtt = 4.478 us.
[info]  rtt = 4.297 us.
[info]  rtt = 4.441 us.
[info]  rtt = 4.599 us.
[info]  rtt = 4.595 us.
[info]  rtt = 4.373 us.
[info]  rtt = 4.4 us.
[info]  rtt = 4.287 us.
[info]  rtt = 4.576 us.
[info]  rtt = 4.311 us.
[info]  rtt = 5.004 us.
[info]  rtt = 4.46 us.
[info]  rtt = 4.44 us.
[info]  rtt = 4.277 us.
[info]  rtt = 4.371 us.
[info]  rtt = 4.333 us.
[info]  rtt = 4.428 us.
[info]  rtt = 4.342 us.
[info]  rtt = 4.446 us.
[info]  rtt = 4.448 us.
[info]  rtt = 4.325 us.
[info]  rtt = 4.346 us.
[info]  rtt = 4.376 us.
[info]  rtt = 4.417 us.
[info]  rtt = 4.364 us.
[info]  rtt = 4.357 us.
[info]  rtt = 4.485 us.
[info]  rtt = 4.457 us.
[info]  rtt = 4.387 us.
[info]  rtt = 4.727 us.
[info]  rtt = 4.483 us.
[info]  rtt = 4.486 us.
[info]  rtt = 4.434 us.
[info]  rtt = 4.429 us.
[info]  rtt = 4.553 us.
[info]  rtt = 4.478 us.
[info]  rtt = 4.571 us.
[info]  rtt = 4.342 us.
[info]  rtt = 4.487 us.
[info]  rtt = 4.306 us.
[info]  rtt = 4.412 us.
[info]  rtt = 4.352 us.
[info]  rtt = 4.415 us.
[info]  rtt = 4.5 us.
[info]  rtt = 4.46 us.
[info]  rtt = 4.821 us.
[info]  rtt = 4.469 us.
[info]  rtt = 4.489 us.
[info]  rtt = 4.47 us.
[info]  rtt = 4.371 us.
[info]  rtt = 4.43 us.
[info]  rtt = 4.364 us.
[info]  rtt = 4.369 us.
[info]  rtt = 5.009 us.
[info]  rtt = 4.363 us.
[info]  rtt = 4.634 us.
[info]  rtt = 4.451 us.
[info]  rtt = 7.585 us.
[info]  rtt = 4.394 us.
[info]  rtt = 4.476 us.
[info]  rtt = 4.374 us.
[info]  rtt = 4.411 us.
[info]  rtt = 4.38 us.
[info]  rtt = 4.497 us.
[info]  rtt = 4.384 us.
[info]  rtt = 4.289 us.
[info]  rtt = 4.433 us.
[info]  rtt = 4.563 us.
[info]  rtt = 4.414 us.
[info]  rtt = 4.477 us.
[info]  rtt = 4.414 us.
[info]  rtt = 4.378 us.
[info]  rtt = 4.401 us.
[info]  rtt = 4.372 us.
[info]  rtt = 4.401 us.
[info]  rtt = 4.438 us.
[info]  rtt = 4.402 us.
[info]  rtt = 4.902 us.
[info]  rtt = 4.464 us.
[info]  rtt = 4.365 us.
[info]  rtt = 4.448 us.
[info]  rtt = 4.384 us.
[info]  rtt = 4.384 us.
[info]  rtt = 4.421 us.
[info]  rtt = 4.358 us.
[info]  rtt = 4.345 us.
[info]  rtt = 4.393 us.
[info]  rtt = 4.377 us.
[info]  rtt = 4.405 us.
[info]  rtt = 4.32 us.
[info]  rtt = 4.367 us.
[info]  rtt = 4.399 us.
[info]  rtt = 4.312 us.
[info]  rtt = 4.322 us.
[info]  rtt = 4.317 us.
[info]  rtt = 4.313 us.
[info]  rtt = 4.38 us.
[info]  rtt = 4.32 us.
[info]  rtt = 4.468 us.
[info]  rtt = 4.46 us.
[info]  rtt = 4.389 us.
[info]  rtt = 4.452 us.
[info]  rtt = 4.617 us.
[info]  rtt = 4.293 us.
[info]  rtt = 4.404 us.
[info]  rtt = 4.426 us.
[info]  rtt = 4.42 us.
[info]  rtt = 4.355 us.
[info]  rtt = 4.503 us.
[info]  rtt = 4.526 us.
[info]  rtt = 4.387 us.
[info]  rtt = 4.362 us.
[info]  rtt = 4.435 us.
[info]  rtt = 4.342 us.
[info]  rtt = 4.41 us.
[info]  rtt = 4.525 us.
[info]  rtt = 4.374 us.
[info]  rtt = 4.336 us.
[info]  rtt = 4.428 us.
[info]  rtt = 4.378 us.
[info]  rtt = 4.423 us.
[info]  rtt = 4.539 us.
[info]  rtt = 4.337 us.
[info]  rtt = 4.414 us.
[info]  rtt = 4.464 us.
[info]  rtt = 4.442 us.
[info]  rtt = 4.842 us.
[info]  rtt = 4.376 us.
[info]  rtt = 4.427 us.
[info]  rtt = 4.361 us.
[info]  rtt = 4.45 us.
[info]  rtt = 4.511 us.
[info]  rtt = 4.335 us.
[info]  rtt = 4.613 us.
[info]  rtt = 4.429 us.
[info]  rtt = 4.373 us.
[info]  rtt = 4.538 us.
[info]  rtt = 4.433 us.
[info]  rtt = 4.985 us.
[info]  rtt = 4.553 us.
[info]  rtt = 4.411 us.
[info]  rtt = 4.335 us.
[info]  rtt = 4.408 us.
[info]  rtt = 4.356 us.
[info]  rtt = 4.411 us.
[info]  rtt = 4.365 us.
[info]  rtt = 4.53 us.
[info]  rtt = 4.559 us.
[info]  rtt = 4.329 us.
[info]  rtt = 4.368 us.
[info]  rtt = 4.483 us.
[info]  rtt = 5.177 us.
[info]  rtt = 4.414 us.
[info]  rtt = 4.367 us.
[info]  rtt = 4.431 us.
[info]  rtt = 4.575 us.
[info]  rtt = 4.553 us.
[info]  rtt = 4.471 us.
[info]  rtt = 4.457 us.
[info]  rtt = 4.379 us.
[info]  rtt = 4.383 us.
[info]  rtt = 4.35 us.
[info]  rtt = 4.402 us.
[info]  rtt = 4.415 us.
[info]  rtt = 4.417 us.
[info]  rtt = 4.359 us.
[info]  rtt = 4.358 us.
[info]  rtt = 4.399 us.
[info]  rtt = 4.351 us.
[info]  rtt = 4.388 us.
[info]  rtt = 4.379 us.
[info]  rtt = 4.444 us.
[info]  rtt = 4.514 us.
[info]  rtt = 4.724 us.
[info]  rtt = 4.335 us.
[info]  rtt = 4.354 us.
[info]  rtt = 4.838 us.
[info]  rtt = 4.373 us.
[info]  rtt = 4.498 us.
[info]  rtt = 4.432 us.
[info]  rtt = 4.48 us.
[info]  rtt = 4.402 us.
[info]  rtt = 4.405 us.
[info]  rtt = 4.402 us.
[info]  rtt = 4.461 us.
[info]  rtt = 4.345 us.
[info]  rtt = 4.377 us.
[info]  rtt = 4.333 us.
[info]  rtt = 4.491 us.
[info]  rtt = 4.337 us.
[info]  rtt = 4.44 us.
[info]  rtt = 4.346 us.
[info]  rtt = 4.409 us.
[info]  rtt = 4.333 us.
[info]  rtt = 4.396 us.
[info]  rtt = 4.367 us.
[info]  rtt = 4.358 us.
[info]  rtt = 4.349 us.
[info]  rtt = 4.385 us.
[info]  rtt = 4.329 us.
[info]  rtt = 4.765 us.
[info]  rtt = 4.382 us.
[info]  rtt = 4.405 us.
[info]  rtt = 4.486 us.
[info]  rtt = 4.382 us.
[info]  rtt = 4.543 us.
[info]  rtt = 4.497 us.
[info]  rtt = 4.339 us.
[info]  rtt = 4.401 us.
[info]  rtt = 4.356 us.
[info]  rtt = 4.577 us.
[info]  rtt = 4.6 us.
[info]  rtt = 4.405 us.
[info]  rtt = 4.441 us.
[info]  rtt = 4.38 us.
[info]  rtt = 4.385 us.
[info]  rtt = 4.39 us.
[info]  rtt = 4.318 us.
[info]  rtt = 4.483 us.
[info]  rtt = 4.409 us.
[info]  rtt = 4.384 us.
[info]  rtt = 4.387 us.
[info]  rtt = 4.401 us.
[info]  rtt = 4.386 us.
[info]  rtt = 4.35 us.
[info]  rtt = 4.917 us.
[info]  rtt = 4.34 us.
[info]  rtt = 4.511 us.
[info]  rtt = 4.423 us.
[info]  rtt = 4.348 us.
[info]  rtt = 4.406 us.
[info]  rtt = 4.428 us.
[info]  rtt = 4.499 us.
[info]  rtt = 4.357 us.
[info]  rtt = 4.457 us.
[info]  rtt = 4.541 us.
[info]  rtt = 4.499 us.
[info]  rtt = 4.311 us.
[info]  rtt = 4.363 us.
[info]  rtt = 4.351 us.
[info]  rtt = 4.402 us.
[info]  rtt = 4.44 us.
[info]  rtt = 4.452 us.
[info]  rtt = 4.597 us.
[info]  rtt = 4.434 us.
[info]  rtt = 4.381 us.
[info]  rtt = 4.39 us.
[info]  rtt = 4.349 us.
[info]  rtt = 4.494 us.
[info]  rtt = 4.351 us.
[info]  rtt = 4.545 us.
[info]  rtt = 4.37 us.
[info]  rtt = 4.485 us.
[info]  rtt = 4.397 us.
[info]  rtt = 4.423 us.
[info]  rtt = 4.344 us.
[info]  rtt = 4.436 us.
[info]  rtt = 4.444 us.
[info]  rtt = 4.468 us.
[info]  rtt = 4.486 us.
[info]  rtt = 4.388 us.
[info]  rtt = 4.416 us.
[info]  rtt = 4.399 us.
[info]  rtt = 4.575 us.
[info]  rtt = 4.634 us.
[info]  rtt = 4.335 us.
[info]  rtt = 5.018 us.
[info]  rtt = 4.46 us.
[info]  rtt = 4.403 us.
[info]  rtt = 4.388 us.
[info]  rtt = 4.48 us.
[info]  rtt = 4.48 us.
[info]  rtt = 4.464 us.
[info]  rtt = 4.356 us.
[info]  rtt = 5.029 us.
[info]  rtt = 4.673 us.
[info]  rtt = 4.369 us.
[info]  rtt = 4.371 us.
[info]  rtt = 4.325 us.
[info]  rtt = 4.348 us.
[info]  rtt = 4.439 us.
[info]  rtt = 4.335 us.
[info]  rtt = 4.563 us.
[info]  rtt = 4.49 us.
[info]  rtt = 4.391 us.
[info]  rtt = 4.453 us.
[info]  rtt = 4.412 us.
[info]  rtt = 4.361 us.
[info]  rtt = 4.409 us.
[info]  rtt = 4.47 us.
[info]  rtt = 4.432 us.
[info]  rtt = 4.455 us.
[info]  rtt = 4.482 us.
[info]  rtt = 4.303 us.
[info]  rtt = 4.423 us.
[info]  rtt = 4.459 us.
[info]  rtt = 4.449 us.
[info]  rtt = 4.364 us.
[info]  rtt = 4.522 us.
[info]  rtt = 4.943 us.
[info]  rtt = 4.404 us.
[info]  rtt = 4.706 us.
[info]  rtt = 4.408 us.
[info]  rtt = 4.346 us.
[info]  rtt = 4.429 us.
[info]  rtt = 4.382 us.
[info]  rtt = 4.435 us.
[info]  rtt = 4.51 us.
[info]  rtt = 4.365 us.
[info]  rtt = 4.33 us.
[info]  rtt = 4.402 us.
[info]  rtt = 4.311 us.
[info]  rtt = 4.431 us.
[info]  rtt = 4.516 us.
[info]  rtt = 4.661 us.
[info]  rtt = 4.514 us.
[info]  rtt = 4.384 us.
[info]  rtt = 4.37 us.
[info]  rtt = 4.372 us.
[info]  rtt = 4.382 us.
[info]  rtt = 4.376 us.
[info]  rtt = 4.349 us.
[info]  rtt = 4.423 us.
[info]  rtt = 4.686 us.
[info]  rtt = 4.43 us.
[info]  rtt = 4.411 us.
[info]  rtt = 4.337 us.
[info]  rtt = 4.356 us.
[info]  rtt = 4.394 us.
[info]  rtt = 4.46 us.
[info]  rtt = 4.42 us.
[info]  rtt = 4.371 us.
[info]  rtt = 4.412 us.
[info]  rtt = 4.399 us.
[info]  rtt = 4.407 us.
[info]  rtt = 4.361 us.
[info]  rtt = 4.507 us.
[info]  rtt = 4.384 us.
[info]  rtt = 4.407 us.
[info]  rtt = 4.4 us.
[info]  rtt = 4.411 us.
[info]  rtt = 4.475 us.
[info]  rtt = 4.343 us.
[info]  rtt = 4.396 us.
[info]  rtt = 4.47 us.
[info]  rtt = 4.39 us.
[info]  rtt = 4.604 us.
[info]  rtt = 4.438 us.
[info]  rtt = 4.693 us.
[info]  rtt = 4.217 us.
[info]  rtt = 4.4 us.
[info]  rtt = 4.439 us.
[info]  rtt = 4.413 us.
[info]  rtt = 4.476 us.
[info]  rtt = 4.463 us.
[info]  rtt = 4.488 us.
[info]  rtt = 4.386 us.
[info]  rtt = 4.375 us.
[info]  rtt = 4.402 us.
[info]  rtt = 4.355 us.
[info]  rtt = 4.434 us.
[info]  rtt = 4.348 us.
[info]  rtt = 4.402 us.
[info]  rtt = 4.441 us.
[info]  rtt = 4.572 us.
[info]  rtt = 4.349 us.
[info]  rtt = 4.421 us.
[info]  rtt = 4.388 us.
[info]  rtt = 4.434 us.
[info]  rtt = 4.369 us.
[info]  rtt = 4.488 us.
[info]  rtt = 4.395 us.
[info]  rtt = 4.395 us.
[info]  rtt = 4.615 us.
[info]  rtt = 4.41 us.
[info]  rtt = 4.405 us.
[info]  rtt = 4.442 us.
[info]  rtt = 4.436 us.
[info]  rtt = 4.443 us.
[info]  rtt = 4.339 us.
[info]  rtt = 4.362 us.
[info]  rtt = 4.342 us.
[info]  rtt = 4.345 us.
[info]  rtt = 4.323 us.
[info]  rtt = 4.386 us.
[info]  rtt = 4.464 us.
[info]  rtt = 4.4 us.
[info]  rtt = 4.291 us.
[info]  rtt = 4.477 us.
[info]  rtt = 4.336 us.
[info]  rtt = 4.565 us.
[info]  rtt = 4.342 us.
[info]  rtt = 4.564 us.
[info]  rtt = 4.515 us.
[info]  rtt = 4.873 us.
[info]  rtt = 4.414 us.
[info]  rtt = 4.485 us.
[info]  rtt = 5.129 us.
[info]  rtt = 4.386 us.
[info]  rtt = 4.391 us.
[info]  rtt = 4.435 us.
[info]  rtt = 4.444 us.
[info]  rtt = 4.344 us.
[info]  rtt = 4.358 us.
[info]  rtt = 4.389 us.
[info]  rtt = 4.481 us.
[info]  rtt = 4.493 us.
[info]  rtt = 4.384 us.
[info]  rtt = 4.491 us.
[info]  rtt = 4.376 us.
[info]  rtt = 4.366 us.
[info]  rtt = 4.383 us.
[info]  rtt = 4.385 us.
[info]  rtt = 4.62 us.
[info]  rtt = 4.38 us.
[info]  rtt = 4.377 us.
[info]  rtt = 4.414 us.
[info]  rtt = 4.357 us.
[info]  rtt = 4.472 us.
[info]  rtt = 4.55 us.
[info]  rtt = 4.389 us.
[info]  rtt = 4.341 us.
[info]  rtt = 4.711 us.
[info]  rtt = 4.403 us.
[info]  rtt = 4.426 us.
[info]  rtt = 4.55 us.
[info]  rtt = 4.435 us.
[info]  rtt = 4.464 us.
[info]  rtt = 4.436 us.
[info]  rtt = 4.668 us.
[info]  rtt = 4.411 us.
[info]  rtt = 4.523 us.
[info]  rtt = 4.377 us.
[info]  rtt = 4.295 us.
[info]  rtt = 4.418 us.
[info]  rtt = 4.355 us.
[info]  rtt = 4.401 us.
[info]  rtt = 4.416 us.
[info]  rtt = 4.372 us.
[info]  rtt = 4.465 us.
[info]  rtt = 4.342 us.
[info]  rtt = 4.295 us.
[info]  rtt = 4.389 us.
[info]  rtt = 4.357 us.
[info]  rtt = 4.304 us.
[info]  rtt = 4.488 us.
[info]  rtt = 4.733 us.
[info]  rtt = 4.433 us.
[info]  rtt = 4.459 us.
[info]  rtt = 4.397 us.
[info]  rtt = 4.425 us.
[info]  rtt = 4.331 us.
[info]  rtt = 4.429 us.
[info]  rtt = 4.364 us.
[info]  rtt = 4.397 us.
[info]  rtt = 4.449 us.
[info]  rtt = 4.47 us.
[info]  rtt = 4.437 us.
[info]  rtt = 4.344 us.
[info]  rtt = 4.387 us.
[info]  rtt = 4.373 us.
[info]  rtt = 4.464 us.
[info]  rtt = 4.422 us.
[info]  rtt = 4.33 us.
[info]  rtt = 4.408 us.
[info]  rtt = 4.333 us.
[info]  rtt = 4.467 us.
[info]  rtt = 4.399 us.
[info]  rtt = 4.427 us.
[info]  rtt = 4.537 us.
[info]  rtt = 4.346 us.
[info]  rtt = 4.712 us.
[info]  rtt = 4.442 us.
[info]  rtt = 4.377 us.
[info]  rtt = 4.439 us.
[info]  rtt = 4.381 us.
[info]  rtt = 4.467 us.
[info]  rtt = 4.324 us.
[info]  rtt = 4.577 us.
[info]  rtt = 4.386 us.
[info]  rtt = 4.583 us.
[info]  rtt = 4.5 us.
[info]  rtt = 4.587 us.
[info]  rtt = 4.342 us.
[info]  rtt = 4.555 us.
[info]  rtt = 4.358 us.
[info]  rtt = 4.335 us.
[info]  rtt = 4.354 us.
[info]  rtt = 4.405 us.
[info]  rtt = 4.454 us.
[info]  rtt = 4.407 us.
[info]  rtt = 4.329 us.
[info]  rtt = 4.393 us.
[info]  rtt = 4.506 us.
[info]  rtt = 4.324 us.
[info]  rtt = 4.371 us.
[info]  rtt = 4.681 us.
[info]  rtt = 4.377 us.
[info]  rtt = 4.389 us.
[info]  rtt = 4.503 us.
[info]  rtt = 4.373 us.
[info]  rtt = 4.368 us.
[info]  rtt = 4.358 us.
[info]  rtt = 4.495 us.
[info]  rtt = 4.322 us.
[info]  rtt = 4.297 us.
[info]  rtt = 4.442 us.
[info]  rtt = 4.481 us.
[info]  rtt = 4.38 us.
[info]  rtt = 4.726 us.
[info]  rtt = 4.463 us.
[info]  rtt = 4.482 us.
[info]  rtt = 4.46 us.
[info]  rtt = 4.36 us.
[info]  rtt = 4.473 us.
[info]  rtt = 4.358 us.
[info]  rtt = 4.369 us.
[info]  rtt = 4.433 us.
[info]  rtt = 4.393 us.
[info]  rtt = 4.323 us.
[info]  rtt = 4.925 us.
[info]  rtt = 4.443 us.
[info]  rtt = 4.864 us.
[info]  rtt = 4.339 us.
[info]  rtt = 4.474 us.
[info]  rtt = 4.289 us.
[info]  rtt = 4.332 us.
[info]  rtt = 4.259 us.
[info]  rtt = 4.398 us.
[info]  rtt = 4.314 us.
[info]  rtt = 4.355 us.
[info]  rtt = 4.422 us.
[info]  rtt = 4.408 us.
[info]  rtt = 4.478 us.
[info]  rtt = 4.394 us.
[info]  rtt = 4.354 us.
[info]  rtt = 4.428 us.
[info]  rtt = 4.367 us.
[info]  rtt = 4.45 us.
[info]  rtt = 4.374 us.
[info]  rtt = 4.41 us.
[info]  rtt = 4.389 us.
[info]  rtt = 4.407 us.
[info]  rtt = 4.381 us.
[info]  rtt = 4.422 us.
[info]  rtt = 4.72 us.
[info]  rtt = 4.387 us.
[info]  rtt = 4.384 us.
[info]  rtt = 4.436 us.
[info]  rtt = 4.461 us.
[info]  rtt = 4.542 us.
[info]  rtt = 4.36 us.
[info]  rtt = 4.399 us.
[info]  rtt = 4.352 us.
[info]  rtt = 4.569 us.
[info]  rtt = 4.386 us.
[info]  rtt = 4.434 us.
[info]  rtt = 4.647 us.
[info]  rtt = 4.408 us.
[info]  rtt = 4.38 us.
[info]  rtt = 4.418 us.
[info]  rtt = 4.302 us.
[info]  rtt = 4.385 us.
[info]  rtt = 4.444 us.
[info]  rtt = 4.425 us.
[info]  rtt = 4.391 us.
[info]  rtt = 4.399 us.
[info]  rtt = 4.365 us.
[info]  rtt = 4.439 us.
[info]  rtt = 4.517 us.
[info]  rtt = 4.833 us.
[info]  rtt = 4.369 us.
[info]  rtt = 4.461 us.
[info]  rtt = 4.401 us.
[info]  rtt = 4.4 us.
[info]  rtt = 4.366 us.
[info]  rtt = 4.405 us.
[info]  rtt = 4.33 us.
[info]  rtt = 4.394 us.
[info]  rtt = 4.401 us.
[info]  rtt = 4.457 us.
[info]  rtt = 4.536 us.
[info]  rtt = 4.359 us.
[info]  rtt = 4.351 us.
[info]  rtt = 4.521 us.
[info]  rtt = 4.376 us.
[info]  rtt = 4.38 us.
[info]  rtt = 4.326 us.
[info]  rtt = 4.409 us.
[info]  rtt = 4.503 us.
[info]  rtt = 4.47 us.
[info]  rtt = 4.355 us.
[info]  rtt = 4.37 us.
[info]  rtt = 4.379 us.
[info]  rtt = 4.745 us.
[info]  rtt = 4.389 us.
[info]  rtt = 4.404 us.
[info]  rtt = 4.361 us.
[info]  rtt = 4.376 us.
[info]  rtt = 4.37 us.
[info]  rtt = 4.467 us.
[info]  rtt = 4.325 us.
[info]  average: 4.44251 us. median: 4.402 us. mode: 4.384000 us. min: 4.217 us. max: 8.375 us. per 1024 samples, packet size: 344 bytes / payload size: 302 bytes 
[debug]  
	Total number of successfully received packets: 1316
	Total number of successfully transmitted packets: 1317
	Total number of successfully received bytes: 457968
	Total number of successfully transmitted bytes: 452764
	missed : 0 from : 1316 - 0%
	Total number of erroneous received packets: 0
	Total number of failed transmitted packets: 0
	Total number of Rx mbuf allocation failures: 0
		0 Total number of queue Rx packets : 0
		0 Total number of successfully received queue bytes : 0
		0 Total number of queue packets received that are dropped : 0
		0 Total number of queue Tx packets : 0
		0 Total number of successfully transmitted queue bytes : 0
