[debug]  lo
	00:00:00:00:00:00
	127.0.0.1
[debug]  enp6s0f1np1
	08:BF:B8:05:53:90
	192.168.13.2
[debug]  ens8191f0np0
	EC:0D:9A:98:B2:D2
	192.168.13.31
[debug]  enxbaa50f00c0b2
	BA:A5:0F:00:C0:B2
[debug]  ens8191f1np1
	EC:0D:9A:98:B2:D3
	192.168.13.32
[debug]  enp64s0f0np0
	B8:CE:F6:8C:E3:B4
	192.168.13.22
[debug]  enp64s0f1np1
	B8:CE:F6:8C:E3:B5
	192.168.13.23
[debug]  wlx0013ef500a9c
	00:13:EF:50:0A:9C
	192.168.8.144
[debug]  enp148s0f0np0
	00:0F:53:63:4C:E0
	192.168.13.41
[debug]  enp148s0f1np1
	00:0F:53:63:4C:E1
	192.168.13.42
[debug]  enp6s0f0np0
	08:BF:B8:05:53:91
	192.168.13.1
[debug]  enp106s0f0np0
	40:A6:B7:96:E7:A0
	192.168.13.11
[debug]  enp106s0f1np1
	40:A6:B7:96:E7:A1
	192.168.13.12
[debug]  enp148s0f1np1 (net_sfc_efx) port: 0 - 00:0F:53:63:4C:E1[192.168.13.42]
{
	svc_tx_n : 1
	rx_flow_queues : 0
	next_src_port : 5000 (0x1388)
	rx_reconfig_hint : 65000 (0xfde8)
	clock_hz : 0
	info : {
		min_mtu : 68 (0x44)
		max_mtu : 9202 (0x23f2)
		min_rx_bufsize : 0
		max_rx_bufsize : 4294967295 (0xffffffff)
		max_rx_pktlen : 9240 (0x2418)
		max_lro_pkt_size : 0
		max_rx_queues : 255 (0xff)
		max_tx_queues : 255 (0xff)
		max_mac_addrs : 0
		max_hash_mac_addrs : 0
		max_vfs : 0
		max_vmdq_pools : 0
		rx_offload_capa : 9200e:RTE_ETH_RX_OFFLOAD_IPV4_CKSUM|RTE_ETH_RX_OFFLOAD_UDP_CKSUM|RTE_ETH_RX_OFFLOAD_TCP_CKSUM|RTE_ETH_RX_OFFLOAD_SCATTER|RTE_ETH_RX_OFFLOAD_KEEP_CRC|RTE_ETH_RX_OFFLOAD_RSS_HASH
		tx_offload_capa : 1000e:RTE_ETH_TX_OFFLOAD_IPV4_CKSUM|RTE_ETH_TX_OFFLOAD_UDP_CKSUM|RTE_ETH_TX_OFFLOAD_TCP_CKSUM|RTE_ETH_TX_OFFLOAD_MBUF_FAST_FREE
		rx_queue_offload_capa : 2000:RTE_ETH_RX_OFFLOAD_SCATTER
		tx_queue_offload_capa : e:RTE_ETH_TX_OFFLOAD_IPV4_CKSUM|RTE_ETH_TX_OFFLOAD_UDP_CKSUM|RTE_ETH_TX_OFFLOAD_TCP_CKSUM
		reta_size : 128 (0x80)
		rss_algo_capa : 1
		flow_type_rss_offloads : 241596 (0x3afbc)
		default_rxconf : {
			rx_thresh : {
				pthresh : 0
				hthresh : 0
				wthresh : 0
			}
			rx_free_thresh : 0
			rx_drop_en : 1
			rx_deferred_start : 0
			rx_nseg : 0
			share_group : 0
			share_qid : 0
			offloads : 0
			rx_nmempool : 0
		}
		default_txconf : {
			tx_thresh : {
				pthresh : 0
				hthresh : 0
				wthresh : 0
			}
			tx_rs_thresh : 0
			tx_free_thresh : 0
			tx_deferred_start : 0
			offloads : 0
		}
		vmdq_queue_base : 0
		vmdq_queue_num : 0
		vmdq_pool_base : 0
		rx_desc_lim : {
			nb_max : 4096 (0x1000)
			nb_min : 8
			nb_align : 8
			nb_seg_max : 65535 (0xffff)
			nb_mtu_seg_max : 65535 (0xffff)
		}
		tx_desc_lim : {
			nb_max : 2048 (0x800)
			nb_min : 1
			nb_align : 1
			nb_seg_max : 65535 (0xffff)
			nb_mtu_seg_max : 65535 (0xffff)
		}
		speed_capa : 289 (0x121)
		nb_rx_queues : 0
		nb_tx_queues : 0
		default_rxportconf : {
			burst_size : 1
			ring_size : 0
			nb_queues : 1
		}
		default_txportconf : {
			burst_size : 1
			ring_size : 0
			nb_queues : 1
		}
		dev_capa : 3
	}
	effective_offload : {
		rx : 9200e:RTE_ETH_RX_OFFLOAD_IPV4_CKSUM|RTE_ETH_RX_OFFLOAD_UDP_CKSUM|RTE_ETH_RX_OFFLOAD_TCP_CKSUM|RTE_ETH_RX_OFFLOAD_SCATTER|RTE_ETH_RX_OFFLOAD_KEEP_CRC|RTE_ETH_RX_OFFLOAD_RSS_HASH
		tx : 1000e:RTE_ETH_TX_OFFLOAD_IPV4_CKSUM|RTE_ETH_TX_OFFLOAD_UDP_CKSUM|RTE_ETH_TX_OFFLOAD_TCP_CKSUM|RTE_ETH_TX_OFFLOAD_MBUF_FAST_FREE
	}
	tx_rings : 65535 (0xffff)
	rx_meta_features : 0
	features : 0000000000000000000000000000000000000000000000000000000000000110
}	will run on socket 0 - 11 cores : [26 17 18 19 20 21 22 23 24 25 16 ]
[debug]  enp148s0f1np1 port: 0 - requested offloads : 9200e:RTE_ETH_RX_OFFLOAD_IPV4_CKSUM|RTE_ETH_RX_OFFLOAD_UDP_CKSUM|RTE_ETH_RX_OFFLOAD_TCP_CKSUM|RTE_ETH_RX_OFFLOAD_SCATTER|RTE_ETH_RX_OFFLOAD_KEEP_CRC|RTE_ETH_RX_OFFLOAD_RSS_HASH
[debug]  port 0 : 192.168.13.42 - link speed 10 Gbps
[debug]  starting up 1 rx queue(s)...
[info]  192.168.13.41 : 00:0F:53:63:4C:E0
[debug]  creating sockperf packets memory pool : 4095 cache_size : 16
[info]  warming up...
[info]  performing latency test ...
[info]  rtt = 4.861 us.
[info]  rtt = 4.576 us.
[info]  rtt = 4.709 us.
[info]  rtt = 4.641 us.
[info]  rtt = 4.678 us.
[info]  rtt = 4.607 us.
[info]  rtt = 4.724 us.
[info]  rtt = 4.624 us.
[info]  rtt = 4.737 us.
[info]  rtt = 4.677 us.
[info]  rtt = 5.237 us.
[info]  rtt = 4.663 us.
[info]  rtt = 4.656 us.
[info]  rtt = 4.64 us.
[info]  rtt = 9.076 us.
[info]  rtt = 4.888 us.
[info]  rtt = 4.74 us.
[info]  rtt = 4.637 us.
[info]  rtt = 4.691 us.
[info]  rtt = 4.674 us.
[info]  rtt = 4.703 us.
[info]  rtt = 4.675 us.
[info]  rtt = 4.752 us.
[info]  rtt = 4.817 us.
[info]  rtt = 4.873 us.
[info]  rtt = 4.777 us.
[info]  rtt = 4.712 us.
[info]  rtt = 4.773 us.
[info]  rtt = 4.706 us.
[info]  rtt = 4.796 us.
[info]  rtt = 4.784 us.
[info]  rtt = 4.875 us.
[info]  rtt = 5.175 us.
[info]  rtt = 4.689 us.
[info]  rtt = 5.346 us.
[info]  rtt = 4.946 us.
[info]  rtt = 4.72 us.
[info]  rtt = 4.837 us.
[info]  rtt = 5.405 us.
[info]  rtt = 4.823 us.
[info]  rtt = 4.722 us.
[info]  rtt = 4.78 us.
[info]  rtt = 4.694 us.
[info]  rtt = 4.816 us.
[info]  rtt = 4.76 us.
[info]  rtt = 4.795 us.
[info]  rtt = 4.756 us.
[info]  rtt = 4.798 us.
[info]  rtt = 4.786 us.
[info]  rtt = 4.746 us.
[info]  rtt = 4.829 us.
[info]  rtt = 4.706 us.
[info]  rtt = 4.695 us.
[info]  rtt = 4.702 us.
[info]  rtt = 4.723 us.
[info]  rtt = 7.177 us.
[info]  rtt = 4.66 us.
[info]  rtt = 5.154 us.
[info]  rtt = 4.813 us.
[info]  rtt = 4.723 us.
[info]  rtt = 4.734 us.
[info]  rtt = 4.775 us.
[info]  rtt = 4.773 us.
[info]  rtt = 4.818 us.
[info]  rtt = 4.954 us.
[info]  rtt = 4.839 us.
[info]  rtt = 4.798 us.
[info]  rtt = 4.717 us.
[info]  rtt = 4.756 us.
[info]  rtt = 4.734 us.
[info]  rtt = 4.801 us.
[info]  rtt = 4.82 us.
[info]  rtt = 4.751 us.
[info]  rtt = 4.773 us.
[info]  rtt = 4.776 us.
[info]  rtt = 4.932 us.
[info]  rtt = 4.773 us.
[info]  rtt = 4.949 us.
[info]  rtt = 4.735 us.
[info]  rtt = 4.813 us.
[info]  rtt = 4.768 us.
[info]  rtt = 4.738 us.
[info]  rtt = 4.933 us.
[info]  rtt = 4.797 us.
[info]  rtt = 4.726 us.
[info]  rtt = 4.846 us.
[info]  rtt = 4.855 us.
[info]  rtt = 4.883 us.
[info]  rtt = 4.803 us.
[info]  rtt = 4.718 us.
[info]  rtt = 4.958 us.
[info]  rtt = 4.731 us.
[info]  rtt = 5.005 us.
[info]  rtt = 4.736 us.
[info]  rtt = 4.753 us.
[info]  rtt = 4.993 us.
[info]  rtt = 4.792 us.
[info]  rtt = 4.675 us.
[info]  rtt = 4.815 us.
[info]  rtt = 4.719 us.
[info]  rtt = 4.789 us.
[info]  rtt = 4.788 us.
[info]  rtt = 4.839 us.
[info]  rtt = 4.762 us.
[info]  rtt = 4.767 us.
[info]  rtt = 12.058 us.
[info]  rtt = 5.088 us.
[info]  rtt = 4.802 us.
[info]  rtt = 4.815 us.
[info]  rtt = 4.742 us.
[info]  rtt = 4.832 us.
[info]  rtt = 4.872 us.
[info]  rtt = 4.814 us.
[info]  rtt = 4.738 us.
[info]  rtt = 4.726 us.
[info]  rtt = 4.764 us.
[info]  rtt = 4.749 us.
[info]  rtt = 4.722 us.
[info]  rtt = 4.755 us.
[info]  rtt = 4.809 us.
[info]  rtt = 4.975 us.
[info]  rtt = 4.713 us.
[info]  rtt = 4.8 us.
[info]  rtt = 4.762 us.
[info]  rtt = 4.787 us.
[info]  rtt = 4.83 us.
[info]  rtt = 4.803 us.
[info]  rtt = 4.787 us.
[info]  rtt = 4.787 us.
[info]  rtt = 4.728 us.
[info]  rtt = 4.816 us.
[info]  rtt = 5.408 us.
[info]  rtt = 4.75 us.
[info]  rtt = 4.736 us.
[info]  rtt = 4.793 us.
[info]  rtt = 4.789 us.
[info]  rtt = 4.749 us.
[info]  rtt = 4.771 us.
[info]  rtt = 4.79 us.
[info]  rtt = 4.782 us.
[info]  rtt = 4.781 us.
[info]  rtt = 4.872 us.
[info]  rtt = 4.93 us.
[info]  rtt = 4.876 us.
[info]  rtt = 4.983 us.
[info]  rtt = 4.882 us.
[info]  rtt = 4.768 us.
[info]  rtt = 4.846 us.
[info]  rtt = 4.967 us.
[info]  rtt = 4.774 us.
[info]  rtt = 4.985 us.
[info]  rtt = 4.808 us.
[info]  rtt = 4.846 us.
[info]  rtt = 4.772 us.
[info]  rtt = 4.775 us.
[info]  rtt = 4.773 us.
[info]  rtt = 5.692 us.
[info]  rtt = 4.75 us.
[info]  rtt = 4.822 us.
[info]  rtt = 4.805 us.
[info]  rtt = 5.512 us.
[info]  rtt = 4.748 us.
[info]  rtt = 4.803 us.
[info]  rtt = 4.738 us.
[info]  rtt = 4.859 us.
[info]  rtt = 4.826 us.
[info]  rtt = 4.877 us.
[info]  rtt = 4.952 us.
[info]  rtt = 4.802 us.
[info]  rtt = 4.816 us.
[info]  rtt = 4.861 us.
[info]  rtt = 4.814 us.
[info]  rtt = 4.768 us.
[info]  rtt = 4.907 us.
[info]  rtt = 4.938 us.
[info]  rtt = 4.76 us.
[info]  rtt = 4.789 us.
[info]  rtt = 4.731 us.
[info]  rtt = 7.137 us.
[info]  rtt = 4.777 us.
[info]  rtt = 5.018 us.
[info]  rtt = 4.766 us.
[info]  rtt = 4.922 us.
[info]  rtt = 4.804 us.
[info]  rtt = 4.779 us.
[info]  rtt = 4.834 us.
[info]  rtt = 4.729 us.
[info]  rtt = 4.797 us.
[info]  rtt = 4.802 us.
[info]  rtt = 4.828 us.
[info]  rtt = 4.996 us.
[info]  rtt = 4.798 us.
[info]  rtt = 4.774 us.
[info]  rtt = 4.717 us.
[info]  rtt = 4.804 us.
[info]  rtt = 4.791 us.
[info]  rtt = 4.757 us.
[info]  rtt = 4.746 us.
[info]  rtt = 4.794 us.
[info]  rtt = 4.888 us.
[info]  rtt = 4.906 us.
[info]  rtt = 4.872 us.
[info]  rtt = 4.737 us.
[info]  rtt = 4.745 us.
[info]  rtt = 4.738 us.
[info]  rtt = 4.868 us.
[info]  rtt = 4.773 us.
[info]  rtt = 4.822 us.
[info]  rtt = 4.81 us.
[info]  rtt = 4.915 us.
[info]  rtt = 4.766 us.
[info]  rtt = 4.842 us.
[info]  rtt = 4.702 us.
[info]  rtt = 4.828 us.
[info]  rtt = 4.812 us.
[info]  rtt = 4.807 us.
[info]  rtt = 4.726 us.
[info]  rtt = 4.748 us.
[info]  rtt = 4.809 us.
[info]  rtt = 4.795 us.
[info]  rtt = 4.754 us.
[info]  rtt = 4.72 us.
[info]  rtt = 4.762 us.
[info]  rtt = 4.714 us.
[info]  rtt = 4.874 us.
[info]  rtt = 4.853 us.
[info]  rtt = 4.755 us.
[info]  rtt = 4.728 us.
[info]  rtt = 4.751 us.
[info]  rtt = 5.142 us.
[info]  rtt = 4.926 us.
[info]  rtt = 4.939 us.
[info]  rtt = 4.8 us.
[info]  rtt = 6.432 us.
[info]  rtt = 4.87 us.
[info]  rtt = 4.764 us.
[info]  rtt = 4.82 us.
[info]  rtt = 4.898 us.
[info]  rtt = 4.917 us.
[info]  rtt = 4.863 us.
[info]  rtt = 4.807 us.
[info]  rtt = 5.001 us.
[info]  rtt = 4.776 us.
[info]  rtt = 4.76 us.
[info]  rtt = 4.844 us.
[info]  rtt = 4.921 us.
[info]  rtt = 4.859 us.
[info]  rtt = 4.936 us.
[info]  rtt = 4.799 us.
[info]  rtt = 5.057 us.
[info]  rtt = 4.777 us.
[info]  rtt = 4.764 us.
[info]  rtt = 4.734 us.
[info]  rtt = 4.733 us.
[info]  rtt = 5.021 us.
[info]  rtt = 4.748 us.
[info]  rtt = 4.748 us.
[info]  rtt = 4.704 us.
[info]  rtt = 4.758 us.
[info]  rtt = 4.738 us.
[info]  rtt = 4.786 us.
[info]  rtt = 4.792 us.
[info]  rtt = 4.816 us.
[info]  rtt = 4.887 us.
[info]  rtt = 4.761 us.
[info]  rtt = 4.779 us.
[info]  rtt = 4.822 us.
[info]  rtt = 4.735 us.
[info]  rtt = 4.83 us.
[info]  rtt = 4.922 us.
[info]  rtt = 4.847 us.
[info]  rtt = 4.789 us.
[info]  rtt = 4.784 us.
[info]  rtt = 4.798 us.
[info]  rtt = 4.775 us.
[info]  rtt = 4.721 us.
[info]  rtt = 4.845 us.
[info]  rtt = 4.894 us.
[info]  rtt = 4.724 us.
[info]  rtt = 5.651 us.
[info]  rtt = 4.756 us.
[info]  rtt = 4.907 us.
[info]  rtt = 4.664 us.
[info]  rtt = 4.707 us.
[info]  rtt = 4.781 us.
[info]  rtt = 4.705 us.
[info]  rtt = 4.758 us.
[info]  rtt = 4.795 us.
[info]  rtt = 5.329 us.
[info]  rtt = 4.872 us.
[info]  rtt = 4.872 us.
[info]  rtt = 4.754 us.
[info]  rtt = 4.939 us.
[info]  rtt = 4.769 us.
[info]  rtt = 4.94 us.
[info]  rtt = 4.767 us.
[info]  rtt = 4.774 us.
[info]  rtt = 4.845 us.
[info]  rtt = 4.77 us.
[info]  rtt = 4.742 us.
[info]  rtt = 4.862 us.
[info]  rtt = 4.832 us.
[info]  rtt = 5.006 us.
[info]  rtt = 5.002 us.
[info]  rtt = 4.846 us.
[info]  rtt = 4.658 us.
[info]  rtt = 4.784 us.
[info]  rtt = 4.903 us.
[info]  rtt = 4.913 us.
[info]  rtt = 4.77 us.
[info]  rtt = 4.866 us.
[info]  rtt = 4.894 us.
[info]  rtt = 4.779 us.
[info]  rtt = 4.932 us.
[info]  rtt = 4.804 us.
[info]  rtt = 4.894 us.
[info]  rtt = 4.778 us.
[info]  rtt = 4.943 us.
[info]  rtt = 4.818 us.
[info]  rtt = 4.84 us.
[info]  rtt = 4.788 us.
[info]  rtt = 4.834 us.
[info]  rtt = 4.823 us.
[info]  rtt = 4.764 us.
[info]  rtt = 4.815 us.
[info]  rtt = 4.859 us.
[info]  rtt = 4.807 us.
[info]  rtt = 5.001 us.
[info]  rtt = 5.013 us.
[info]  rtt = 4.749 us.
[info]  rtt = 4.915 us.
[info]  rtt = 4.709 us.
[info]  rtt = 4.775 us.
[info]  rtt = 4.811 us.
[info]  rtt = 4.832 us.
[info]  rtt = 4.762 us.
[info]  rtt = 4.844 us.
[info]  rtt = 4.782 us.
[info]  rtt = 4.752 us.
[info]  rtt = 4.74 us.
[info]  rtt = 4.831 us.
[info]  rtt = 4.83 us.
[info]  rtt = 4.795 us.
[info]  rtt = 4.905 us.
[info]  rtt = 4.875 us.
[info]  rtt = 4.79 us.
[info]  rtt = 4.78 us.
[info]  rtt = 4.972 us.
[info]  rtt = 4.89 us.
[info]  rtt = 4.71 us.
[info]  rtt = 4.717 us.
[info]  rtt = 4.861 us.
[info]  rtt = 5.124 us.
[info]  rtt = 4.701 us.
[info]  rtt = 4.881 us.
[info]  rtt = 4.846 us.
[info]  rtt = 4.946 us.
[info]  rtt = 4.883 us.
[info]  rtt = 4.835 us.
[info]  rtt = 4.965 us.
[info]  rtt = 4.921 us.
[info]  rtt = 5.463 us.
[info]  rtt = 4.99 us.
[info]  rtt = 4.873 us.
[info]  rtt = 4.85 us.
[info]  rtt = 4.883 us.
[info]  rtt = 4.8 us.
[info]  rtt = 4.901 us.
[info]  rtt = 4.78 us.
[info]  rtt = 4.885 us.
[info]  rtt = 4.796 us.
[info]  rtt = 4.792 us.
[info]  rtt = 4.854 us.
[info]  rtt = 4.817 us.
[info]  rtt = 4.908 us.
[info]  rtt = 4.882 us.
[info]  rtt = 4.771 us.
[info]  rtt = 4.789 us.
[info]  rtt = 4.812 us.
[info]  rtt = 4.741 us.
[info]  rtt = 4.757 us.
[info]  rtt = 4.943 us.
[info]  rtt = 4.883 us.
[info]  rtt = 4.879 us.
[info]  rtt = 4.852 us.
[info]  rtt = 4.784 us.
[info]  rtt = 4.794 us.
[info]  rtt = 4.744 us.
[info]  rtt = 4.894 us.
[info]  rtt = 4.771 us.
[info]  rtt = 4.813 us.
[info]  rtt = 4.865 us.
[info]  rtt = 4.816 us.
[info]  rtt = 4.887 us.
[info]  rtt = 4.905 us.
[info]  rtt = 4.707 us.
[info]  rtt = 4.833 us.
[info]  rtt = 4.797 us.
[info]  rtt = 4.916 us.
[info]  rtt = 4.789 us.
[info]  rtt = 5.009 us.
[info]  rtt = 4.965 us.
[info]  rtt = 5.047 us.
[info]  rtt = 4.8 us.
[info]  rtt = 4.783 us.
[info]  rtt = 5.106 us.
[info]  rtt = 4.766 us.
[info]  rtt = 4.794 us.
[info]  rtt = 4.763 us.
[info]  rtt = 4.781 us.
[info]  rtt = 4.927 us.
[info]  rtt = 4.708 us.
[info]  rtt = 4.78 us.
[info]  rtt = 4.889 us.
[info]  rtt = 4.74 us.
[info]  rtt = 4.856 us.
[info]  rtt = 5.369 us.
[info]  rtt = 4.913 us.
[info]  rtt = 4.959 us.
[info]  rtt = 4.791 us.
[info]  rtt = 4.872 us.
[info]  rtt = 4.683 us.
[info]  rtt = 4.81 us.
[info]  rtt = 4.84 us.
[info]  rtt = 4.833 us.
[info]  rtt = 4.746 us.
[info]  rtt = 5.345 us.
[info]  rtt = 4.718 us.
[info]  rtt = 4.801 us.
[info]  rtt = 4.785 us.
[info]  rtt = 4.931 us.
[info]  rtt = 4.836 us.
[info]  rtt = 4.75 us.
[info]  rtt = 4.677 us.
[info]  rtt = 4.82 us.
[info]  rtt = 4.833 us.
[info]  rtt = 4.812 us.
[info]  rtt = 4.765 us.
[info]  rtt = 5.06 us.
[info]  rtt = 4.835 us.
[info]  rtt = 4.795 us.
[info]  rtt = 4.882 us.
[info]  rtt = 4.876 us.
[info]  rtt = 4.808 us.
[info]  rtt = 4.805 us.
[info]  rtt = 4.764 us.
[info]  rtt = 4.845 us.
[info]  rtt = 4.818 us.
[info]  rtt = 4.779 us.
[info]  rtt = 4.782 us.
[info]  rtt = 4.912 us.
[info]  rtt = 5.367 us.
[info]  rtt = 4.752 us.
[info]  rtt = 4.765 us.
[info]  rtt = 4.884 us.
[info]  rtt = 4.775 us.
[info]  rtt = 4.836 us.
[info]  rtt = 4.967 us.
[info]  rtt = 4.849 us.
[info]  rtt = 4.774 us.
[info]  rtt = 4.963 us.
[info]  rtt = 4.887 us.
[info]  rtt = 4.832 us.
[info]  rtt = 4.794 us.
[info]  rtt = 4.972 us.
[info]  rtt = 4.794 us.
[info]  rtt = 4.763 us.
[info]  rtt = 4.752 us.
[info]  rtt = 4.77 us.
[info]  rtt = 4.93 us.
[info]  rtt = 4.79 us.
[info]  rtt = 4.816 us.
[info]  rtt = 4.752 us.
[info]  rtt = 4.753 us.
[info]  rtt = 4.812 us.
[info]  rtt = 4.944 us.
[info]  rtt = 5.07 us.
[info]  rtt = 4.824 us.
[info]  rtt = 4.705 us.
[info]  rtt = 4.957 us.
[info]  rtt = 4.802 us.
[info]  rtt = 4.851 us.
[info]  rtt = 4.784 us.
[info]  rtt = 4.712 us.
[info]  rtt = 4.785 us.
[info]  rtt = 5.019 us.
[info]  rtt = 4.856 us.
[info]  rtt = 4.8 us.
[info]  rtt = 4.73 us.
[info]  rtt = 5.386 us.
[info]  rtt = 4.706 us.
[info]  rtt = 4.846 us.
[info]  rtt = 4.673 us.
[info]  rtt = 4.691 us.
[info]  rtt = 4.766 us.
[info]  rtt = 4.874 us.
[info]  rtt = 4.747 us.
[info]  rtt = 4.731 us.
[info]  rtt = 4.766 us.
[info]  rtt = 4.73 us.
[info]  rtt = 5.082 us.
[info]  rtt = 4.807 us.
[info]  rtt = 4.821 us.
[info]  rtt = 4.825 us.
[info]  rtt = 4.755 us.
[info]  rtt = 4.82 us.
[info]  rtt = 4.762 us.
[info]  rtt = 4.766 us.
[info]  rtt = 4.693 us.
[info]  rtt = 4.802 us.
[info]  rtt = 4.839 us.
[info]  rtt = 4.855 us.
[info]  rtt = 4.826 us.
[info]  rtt = 4.767 us.
[info]  rtt = 4.95 us.
[info]  rtt = 4.723 us.
[info]  rtt = 4.906 us.
[info]  rtt = 4.819 us.
[info]  rtt = 4.863 us.
[info]  rtt = 4.915 us.
[info]  rtt = 4.807 us.
[info]  rtt = 4.704 us.
[info]  rtt = 4.846 us.
[info]  rtt = 4.702 us.
[info]  rtt = 4.716 us.
[info]  rtt = 5.101 us.
[info]  rtt = 4.82 us.
[info]  rtt = 5.217 us.
[info]  rtt = 5.129 us.
[info]  rtt = 4.814 us.
[info]  rtt = 4.923 us.
[info]  rtt = 4.797 us.
[info]  rtt = 4.846 us.
[info]  rtt = 4.966 us.
[info]  rtt = 4.773 us.
[info]  rtt = 4.96 us.
[info]  rtt = 4.911 us.
[info]  rtt = 4.894 us.
[info]  rtt = 5.115 us.
[info]  rtt = 4.857 us.
[info]  rtt = 4.771 us.
[info]  rtt = 4.76 us.
[info]  rtt = 4.84 us.
[info]  rtt = 4.84 us.
[info]  rtt = 5.494 us.
[info]  rtt = 4.837 us.
[info]  rtt = 4.86 us.
[info]  rtt = 4.757 us.
[info]  rtt = 4.806 us.
[info]  rtt = 5.397 us.
[info]  rtt = 4.876 us.
[info]  rtt = 4.853 us.
[info]  rtt = 4.843 us.
[info]  rtt = 4.708 us.
[info]  rtt = 4.805 us.
[info]  rtt = 4.861 us.
[info]  rtt = 4.955 us.
[info]  rtt = 4.782 us.
[info]  rtt = 4.908 us.
[info]  rtt = 4.879 us.
[info]  rtt = 4.788 us.
[info]  rtt = 4.78 us.
[info]  rtt = 4.854 us.
[info]  rtt = 4.746 us.
[info]  rtt = 4.772 us.
[info]  rtt = 4.785 us.
[info]  rtt = 4.877 us.
[info]  rtt = 4.91 us.
[info]  rtt = 4.889 us.
[info]  rtt = 4.764 us.
[info]  rtt = 4.863 us.
[info]  rtt = 4.803 us.
[info]  rtt = 5.022 us.
[info]  rtt = 5.709 us.
[info]  rtt = 5.008 us.
[info]  rtt = 4.979 us.
[info]  rtt = 4.9 us.
[info]  rtt = 4.873 us.
[info]  rtt = 4.761 us.
[info]  rtt = 4.728 us.
[info]  rtt = 4.72 us.
[info]  rtt = 4.72 us.
[info]  rtt = 4.816 us.
[info]  rtt = 4.784 us.
[info]  rtt = 4.798 us.
[info]  rtt = 4.721 us.
[info]  rtt = 4.756 us.
[info]  rtt = 4.808 us.
[info]  rtt = 4.813 us.
[info]  rtt = 4.858 us.
[info]  rtt = 4.997 us.
[info]  rtt = 4.769 us.
[info]  rtt = 4.811 us.
[info]  rtt = 4.823 us.
[info]  rtt = 4.866 us.
[info]  rtt = 4.798 us.
[info]  rtt = 4.816 us.
[info]  rtt = 7.238 us.
[info]  rtt = 4.879 us.
[info]  rtt = 4.877 us.
[info]  rtt = 4.817 us.
[info]  rtt = 4.831 us.
[info]  rtt = 4.918 us.
[info]  rtt = 4.743 us.
[info]  rtt = 4.91 us.
[info]  rtt = 4.731 us.
[info]  rtt = 4.761 us.
[info]  rtt = 4.884 us.
[info]  rtt = 4.832 us.
[info]  rtt = 4.804 us.
[info]  rtt = 4.867 us.
[info]  rtt = 4.836 us.
[info]  rtt = 4.793 us.
[info]  rtt = 4.874 us.
[info]  rtt = 4.8 us.
[info]  rtt = 4.929 us.
[info]  rtt = 4.846 us.
[info]  rtt = 5.27 us.
[info]  rtt = 4.826 us.
[info]  rtt = 4.756 us.
[info]  rtt = 4.781 us.
[info]  rtt = 5.135 us.
[info]  rtt = 4.798 us.
[info]  rtt = 4.613 us.
[info]  rtt = 4.805 us.
[info]  rtt = 4.686 us.
[info]  rtt = 4.784 us.
[info]  rtt = 4.786 us.
[info]  rtt = 4.816 us.
[info]  rtt = 4.78 us.
[info]  rtt = 4.871 us.
[info]  rtt = 4.806 us.
[info]  rtt = 4.756 us.
[info]  rtt = 4.79 us.
[info]  rtt = 4.823 us.
[info]  rtt = 4.718 us.
[info]  rtt = 4.744 us.
[info]  rtt = 4.777 us.
[info]  rtt = 4.976 us.
[info]  rtt = 4.782 us.
[info]  rtt = 4.758 us.
[info]  rtt = 4.854 us.
[info]  rtt = 4.809 us.
[info]  rtt = 4.646 us.
[info]  rtt = 4.802 us.
[info]  rtt = 5.107 us.
[info]  rtt = 4.843 us.
[info]  rtt = 4.875 us.
[info]  rtt = 4.748 us.
[info]  rtt = 4.826 us.
[info]  rtt = 4.762 us.
[info]  rtt = 4.678 us.
[info]  rtt = 4.768 us.
[info]  rtt = 4.701 us.
[info]  rtt = 4.947 us.
[info]  rtt = 4.829 us.
[info]  rtt = 4.836 us.
[info]  rtt = 4.744 us.
[info]  rtt = 4.787 us.
[info]  rtt = 4.832 us.
[info]  rtt = 4.785 us.
[info]  rtt = 4.778 us.
[info]  rtt = 4.932 us.
[info]  rtt = 4.949 us.
[info]  rtt = 4.864 us.
[info]  rtt = 4.801 us.
[info]  rtt = 4.855 us.
[info]  rtt = 4.867 us.
[info]  rtt = 4.938 us.
[info]  rtt = 5.703 us.
[info]  rtt = 4.938 us.
[info]  rtt = 4.822 us.
[info]  rtt = 5.304 us.
[info]  rtt = 4.811 us.
[info]  rtt = 4.768 us.
[info]  rtt = 4.834 us.
[info]  rtt = 4.779 us.
[info]  rtt = 4.752 us.
[info]  rtt = 4.886 us.
[info]  rtt = 4.911 us.
[info]  rtt = 4.796 us.
[info]  rtt = 4.897 us.
[info]  rtt = 4.856 us.
[info]  rtt = 5.037 us.
[info]  rtt = 5.005 us.
[info]  rtt = 4.845 us.
[info]  rtt = 6.004 us.
[info]  rtt = 4.851 us.
[info]  rtt = 4.806 us.
[info]  rtt = 4.82 us.
[info]  rtt = 4.77 us.
[info]  rtt = 4.791 us.
[info]  rtt = 4.801 us.
[info]  rtt = 4.811 us.
[info]  rtt = 4.787 us.
[info]  rtt = 5.305 us.
[info]  rtt = 5.215 us.
[info]  rtt = 4.945 us.
[info]  rtt = 4.973 us.
[info]  rtt = 5.551 us.
[info]  rtt = 4.796 us.
[info]  rtt = 4.945 us.
[info]  rtt = 4.924 us.
[info]  rtt = 4.95 us.
[info]  rtt = 5.121 us.
[info]  rtt = 4.758 us.
[info]  rtt = 4.953 us.
[info]  rtt = 4.694 us.
[info]  rtt = 4.801 us.
[info]  rtt = 4.772 us.
[info]  rtt = 4.816 us.
[info]  rtt = 4.853 us.
[info]  rtt = 4.789 us.
[info]  rtt = 4.948 us.
[info]  rtt = 4.788 us.
[info]  rtt = 4.708 us.
[info]  rtt = 4.765 us.
[info]  rtt = 4.784 us.
[info]  rtt = 4.803 us.
[info]  rtt = 4.882 us.
[info]  rtt = 4.886 us.
[info]  rtt = 5.401 us.
[info]  rtt = 4.811 us.
[info]  rtt = 4.79 us.
[info]  rtt = 4.786 us.
[info]  rtt = 4.875 us.
[info]  rtt = 4.85 us.
[info]  rtt = 4.917 us.
[info]  rtt = 4.816 us.
[info]  rtt = 4.823 us.
[info]  rtt = 4.853 us.
[info]  rtt = 4.802 us.
[info]  rtt = 4.867 us.
[info]  rtt = 4.855 us.
[info]  rtt = 4.906 us.
[info]  rtt = 4.866 us.
[info]  rtt = 4.845 us.
[info]  rtt = 4.764 us.
[info]  rtt = 4.751 us.
[info]  rtt = 4.869 us.
[info]  rtt = 4.8 us.
[info]  rtt = 4.961 us.
[info]  rtt = 4.825 us.
[info]  rtt = 5.01 us.
[info]  rtt = 5.117 us.
[info]  rtt = 5.87 us.
[info]  rtt = 5.021 us.
[info]  rtt = 4.813 us.
[info]  rtt = 4.854 us.
[info]  rtt = 5.024 us.
[info]  rtt = 5.097 us.
[info]  rtt = 4.948 us.
[info]  rtt = 4.844 us.
[info]  rtt = 4.898 us.
[info]  rtt = 5.337 us.
[info]  rtt = 5.047 us.
[info]  rtt = 4.847 us.
[info]  rtt = 4.837 us.
[info]  rtt = 4.908 us.
[info]  rtt = 4.857 us.
[info]  rtt = 4.77 us.
[info]  rtt = 4.823 us.
[info]  rtt = 4.763 us.
[info]  rtt = 4.782 us.
[info]  rtt = 5.602 us.
[info]  rtt = 4.82 us.
[info]  rtt = 4.813 us.
[info]  rtt = 4.876 us.
[info]  rtt = 4.959 us.
[info]  rtt = 4.739 us.
[info]  rtt = 4.824 us.
[info]  rtt = 4.794 us.
[info]  rtt = 4.775 us.
[info]  rtt = 4.807 us.
[info]  rtt = 5.005 us.
[info]  rtt = 4.775 us.
[info]  rtt = 4.822 us.
[info]  rtt = 4.973 us.
[info]  rtt = 4.987 us.
[info]  rtt = 4.859 us.
[info]  rtt = 5.157 us.
[info]  rtt = 4.785 us.
[info]  rtt = 5.072 us.
[info]  rtt = 4.871 us.
[info]  rtt = 4.746 us.
[info]  rtt = 4.676 us.
[info]  rtt = 4.806 us.
[info]  rtt = 4.787 us.
[info]  rtt = 4.803 us.
[info]  rtt = 5.006 us.
[info]  rtt = 4.786 us.
[info]  rtt = 4.694 us.
[info]  rtt = 4.802 us.
[info]  rtt = 4.924 us.
[info]  rtt = 5.085 us.
[info]  rtt = 5.974 us.
[info]  rtt = 4.912 us.
[info]  rtt = 4.767 us.
[info]  rtt = 4.907 us.
[info]  rtt = 4.751 us.
[info]  rtt = 5.29 us.
[info]  rtt = 4.742 us.
[info]  rtt = 4.775 us.
[info]  rtt = 4.713 us.
[info]  rtt = 4.843 us.
[info]  rtt = 4.705 us.
[info]  rtt = 4.816 us.
[info]  rtt = 4.855 us.
[info]  rtt = 4.88 us.
[info]  rtt = 4.731 us.
[info]  rtt = 4.742 us.
[info]  rtt = 4.878 us.
[info]  rtt = 4.85 us.
[info]  rtt = 4.794 us.
[info]  rtt = 4.926 us.
[info]  rtt = 5.423 us.
[info]  rtt = 4.749 us.
[info]  rtt = 4.775 us.
[info]  rtt = 4.788 us.
[info]  rtt = 4.781 us.
[info]  rtt = 4.775 us.
[info]  rtt = 4.715 us.
[info]  rtt = 5.213 us.
[info]  rtt = 5.039 us.
[info]  rtt = 5.516 us.
[info]  rtt = 4.794 us.
[info]  rtt = 4.817 us.
[info]  rtt = 4.756 us.
[info]  rtt = 4.8 us.
[info]  rtt = 4.777 us.
[info]  rtt = 4.868 us.
[info]  rtt = 5.103 us.
[info]  rtt = 5.203 us.
[info]  rtt = 4.916 us.
[info]  rtt = 4.941 us.
[info]  rtt = 4.83 us.
[info]  rtt = 4.992 us.
[info]  rtt = 5.537 us.
[info]  rtt = 4.935 us.
[info]  rtt = 4.909 us.
[info]  rtt = 4.861 us.
[info]  rtt = 4.787 us.
[info]  rtt = 4.766 us.
[info]  rtt = 4.792 us.
[info]  rtt = 4.842 us.
[info]  rtt = 4.827 us.
[info]  rtt = 4.858 us.
[info]  rtt = 4.796 us.
[info]  rtt = 4.96 us.
[info]  rtt = 4.958 us.
[info]  rtt = 4.913 us.
[info]  rtt = 4.751 us.
[info]  rtt = 4.773 us.
[info]  rtt = 4.644 us.
[info]  rtt = 5.111 us.
[info]  rtt = 4.947 us.
[info]  rtt = 4.742 us.
[info]  rtt = 4.757 us.
[info]  rtt = 5.552 us.
[info]  rtt = 4.798 us.
[info]  rtt = 4.831 us.
[info]  rtt = 4.777 us.
[info]  rtt = 4.81 us.
[info]  rtt = 4.858 us.
[info]  rtt = 4.848 us.
[info]  rtt = 4.846 us.
[info]  rtt = 4.88 us.
[info]  rtt = 4.753 us.
[info]  rtt = 4.79 us.
[info]  rtt = 4.85 us.
[info]  rtt = 4.932 us.
[info]  rtt = 4.946 us.
[info]  rtt = 4.731 us.
[info]  rtt = 5.096 us.
[info]  rtt = 4.823 us.
[info]  rtt = 4.765 us.
[info]  rtt = 4.756 us.
[info]  rtt = 4.738 us.
[info]  rtt = 5.232 us.
[info]  rtt = 4.933 us.
[info]  rtt = 4.877 us.
[info]  rtt = 4.902 us.
[info]  rtt = 4.85 us.
[info]  rtt = 4.857 us.
[info]  rtt = 5.211 us.
[info]  rtt = 4.782 us.
[info]  rtt = 5.267 us.
[info]  rtt = 4.976 us.
[info]  rtt = 4.862 us.
[info]  rtt = 4.904 us.
[info]  rtt = 4.953 us.
[info]  rtt = 4.74 us.
[info]  rtt = 4.907 us.
[info]  rtt = 4.767 us.
[info]  rtt = 4.823 us.
[info]  rtt = 4.851 us.
[info]  rtt = 6.146 us.
[info]  rtt = 4.956 us.
[info]  rtt = 4.89 us.
[info]  rtt = 4.759 us.
[info]  rtt = 4.796 us.
[info]  rtt = 4.928 us.
[info]  rtt = 4.978 us.
[info]  rtt = 4.966 us.
[info]  rtt = 4.904 us.
[info]  rtt = 4.773 us.
[info]  rtt = 4.874 us.
[info]  rtt = 4.83 us.
[info]  rtt = 4.86 us.
[info]  rtt = 4.925 us.
[info]  rtt = 4.786 us.
[info]  rtt = 4.879 us.
[info]  rtt = 4.753 us.
[info]  rtt = 4.834 us.
[info]  rtt = 4.804 us.
[info]  rtt = 5.318 us.
[info]  rtt = 4.819 us.
[info]  rtt = 4.699 us.
[info]  rtt = 5.08 us.
[info]  rtt = 4.901 us.
[info]  rtt = 5.199 us.
[info]  rtt = 4.763 us.
[info]  rtt = 4.85 us.
[info]  rtt = 4.713 us.
[info]  rtt = 4.762 us.
[info]  rtt = 4.805 us.
[info]  rtt = 4.857 us.
[info]  rtt = 4.796 us.
[info]  rtt = 5.234 us.
[info]  rtt = 4.815 us.
[info]  rtt = 4.784 us.
[info]  rtt = 4.809 us.
[info]  rtt = 4.948 us.
[info]  rtt = 4.821 us.
[info]  rtt = 5.604 us.
[info]  rtt = 4.8 us.
[info]  rtt = 4.795 us.
[info]  rtt = 4.613 us.
[info]  rtt = 4.859 us.
[info]  rtt = 4.771 us.
[info]  rtt = 4.833 us.
[info]  rtt = 4.743 us.
[info]  rtt = 4.848 us.
[info]  rtt = 4.8 us.
[info]  rtt = 4.834 us.
[info]  rtt = 5.05 us.
[info]  rtt = 4.83 us.
[info]  rtt = 4.892 us.
[info]  rtt = 4.836 us.
[info]  rtt = 4.743 us.
[info]  rtt = 4.884 us.
[info]  rtt = 5.335 us.
[info]  rtt = 4.962 us.
[info]  rtt = 4.817 us.
[info]  rtt = 4.755 us.
[info]  rtt = 4.915 us.
[info]  rtt = 4.793 us.
[info]  rtt = 4.945 us.
[info]  rtt = 4.899 us.
[info]  rtt = 4.871 us.
[info]  rtt = 4.751 us.
[info]  rtt = 4.711 us.
[info]  rtt = 5.372 us.
[info]  rtt = 4.709 us.
[info]  rtt = 4.769 us.
[info]  rtt = 4.809 us.
[info]  rtt = 4.919 us.
[info]  rtt = 5.091 us.
[info]  rtt = 4.906 us.
[info]  rtt = 4.79 us.
[info]  rtt = 4.767 us.
[info]  rtt = 4.743 us.
[info]  rtt = 4.84 us.
[info]  rtt = 4.8 us.
[info]  rtt = 4.946 us.
[info]  rtt = 4.893 us.
[info]  rtt = 4.891 us.
[info]  rtt = 4.854 us.
[info]  rtt = 4.818 us.
[info]  rtt = 4.742 us.
[info]  rtt = 4.644 us.
[info]  rtt = 4.783 us.
[info]  rtt = 5.698 us.
[info]  rtt = 4.782 us.
[info]  rtt = 4.77 us.
[info]  rtt = 4.687 us.
[info]  rtt = 4.854 us.
[info]  rtt = 4.737 us.
[info]  rtt = 4.758 us.
[info]  rtt = 4.855 us.
[info]  rtt = 4.778 us.
[info]  rtt = 4.817 us.
[info]  rtt = 4.776 us.
[info]  rtt = 4.81 us.
[info]  rtt = 5.236 us.
[info]  rtt = 4.871 us.
[info]  rtt = 4.887 us.
[info]  rtt = 4.786 us.
[info]  rtt = 4.786 us.
[info]  rtt = 4.886 us.
[info]  rtt = 4.837 us.
[info]  rtt = 5.032 us.
[info]  rtt = 5.027 us.
[info]  rtt = 4.741 us.
[info]  rtt = 4.784 us.
[info]  rtt = 4.75 us.
[info]  rtt = 4.818 us.
[info]  rtt = 4.98 us.
[info]  rtt = 4.861 us.
[info]  rtt = 4.748 us.
[info]  rtt = 4.817 us.
[info]  rtt = 4.715 us.
[info]  rtt = 4.793 us.
[info]  rtt = 4.731 us.
[info]  rtt = 5.252 us.
[info]  rtt = 4.868 us.
[info]  rtt = 4.763 us.
[info]  rtt = 4.869 us.
[info]  rtt = 4.8 us.
[info]  rtt = 4.716 us.
[info]  rtt = 4.784 us.
[info]  rtt = 4.778 us.
[info]  rtt = 5.262 us.
[info]  rtt = 4.926 us.
[info]  average: 4.87608 us. median: 4.8155 us. mode: 4.800000,4.816000 us. min: 4.576 us. max: 12.058 us. per 1024 samples, packet size: 652 bytes / payload size: 610 bytes 
[debug]  
	Total number of successfully received packets: 1038
	Total number of successfully transmitted packets: 1039
	Total number of successfully received bytes: 680928
	Total number of successfully transmitted bytes: 676836
	missed : 0 from : 1038 - 0%
	Total number of erroneous received packets: 0
	Total number of failed transmitted packets: 0
	Total number of Rx mbuf allocation failures: 0
		0 Total number of queue Rx packets : 0
		0 Total number of successfully received queue bytes : 0
		0 Total number of queue packets received that are dropped : 0
		0 Total number of queue Tx packets : 0
		0 Total number of successfully transmitted queue bytes : 0
