[debug]  lo
	00:00:00:00:00:00
	127.0.0.1
[debug]  enp6s0f1np1
	08:BF:B8:05:53:90
	192.168.13.2
[debug]  ens8191f0np0
	EC:0D:9A:98:B2:D2
	192.168.13.31
[debug]  enxbaa50f00c0b2
	BA:A5:0F:00:C0:B2
[debug]  ens8191f1np1
	EC:0D:9A:98:B2:D3
	192.168.13.32
[debug]  enp64s0f0np0
	B8:CE:F6:8C:E3:B4
	192.168.13.22
[debug]  enp64s0f1np1
	B8:CE:F6:8C:E3:B5
	192.168.13.23
[debug]  wlx0013ef500a9c
	00:13:EF:50:0A:9C
	192.168.8.144
[debug]  enp148s0f0np0
	00:0F:53:63:4C:E0
	192.168.13.41
[debug]  enp148s0f1np1
	00:0F:53:63:4C:E1
	192.168.13.42
[debug]  enp6s0f0np0
	08:BF:B8:05:53:91
	192.168.13.1
[debug]  enp106s0f0np0
	40:A6:B7:96:E7:A0
	192.168.13.11
[debug]  enp106s0f1np1
	40:A6:B7:96:E7:A1
	192.168.13.12
[debug]  enp148s0f1np1 (net_sfc_efx) port: 0 - 00:0F:53:63:4C:E1[192.168.13.42]
{
	svc_tx_n : 1
	rx_flow_queues : 0
	next_src_port : 5000 (0x1388)
	rx_reconfig_hint : 65000 (0xfde8)
	clock_hz : 0
	info : {
		min_mtu : 68 (0x44)
		max_mtu : 9202 (0x23f2)
		min_rx_bufsize : 0
		max_rx_bufsize : 4294967295 (0xffffffff)
		max_rx_pktlen : 9240 (0x2418)
		max_lro_pkt_size : 0
		max_rx_queues : 255 (0xff)
		max_tx_queues : 255 (0xff)
		max_mac_addrs : 0
		max_hash_mac_addrs : 0
		max_vfs : 0
		max_vmdq_pools : 0
		rx_offload_capa : 9200e:RTE_ETH_RX_OFFLOAD_IPV4_CKSUM|RTE_ETH_RX_OFFLOAD_UDP_CKSUM|RTE_ETH_RX_OFFLOAD_TCP_CKSUM|RTE_ETH_RX_OFFLOAD_SCATTER|RTE_ETH_RX_OFFLOAD_KEEP_CRC|RTE_ETH_RX_OFFLOAD_RSS_HASH
		tx_offload_capa : 1000e:RTE_ETH_TX_OFFLOAD_IPV4_CKSUM|RTE_ETH_TX_OFFLOAD_UDP_CKSUM|RTE_ETH_TX_OFFLOAD_TCP_CKSUM|RTE_ETH_TX_OFFLOAD_MBUF_FAST_FREE
		rx_queue_offload_capa : 2000:RTE_ETH_RX_OFFLOAD_SCATTER
		tx_queue_offload_capa : e:RTE_ETH_TX_OFFLOAD_IPV4_CKSUM|RTE_ETH_TX_OFFLOAD_UDP_CKSUM|RTE_ETH_TX_OFFLOAD_TCP_CKSUM
		reta_size : 128 (0x80)
		rss_algo_capa : 1
		flow_type_rss_offloads : 241596 (0x3afbc)
		default_rxconf : {
			rx_thresh : {
				pthresh : 0
				hthresh : 0
				wthresh : 0
			}
			rx_free_thresh : 0
			rx_drop_en : 1
			rx_deferred_start : 0
			rx_nseg : 0
			share_group : 0
			share_qid : 0
			offloads : 0
			rx_nmempool : 0
		}
		default_txconf : {
			tx_thresh : {
				pthresh : 0
				hthresh : 0
				wthresh : 0
			}
			tx_rs_thresh : 0
			tx_free_thresh : 0
			tx_deferred_start : 0
			offloads : 0
		}
		vmdq_queue_base : 0
		vmdq_queue_num : 0
		vmdq_pool_base : 0
		rx_desc_lim : {
			nb_max : 4096 (0x1000)
			nb_min : 8
			nb_align : 8
			nb_seg_max : 65535 (0xffff)
			nb_mtu_seg_max : 65535 (0xffff)
		}
		tx_desc_lim : {
			nb_max : 2048 (0x800)
			nb_min : 1
			nb_align : 1
			nb_seg_max : 65535 (0xffff)
			nb_mtu_seg_max : 65535 (0xffff)
		}
		speed_capa : 289 (0x121)
		nb_rx_queues : 0
		nb_tx_queues : 0
		default_rxportconf : {
			burst_size : 1
			ring_size : 0
			nb_queues : 1
		}
		default_txportconf : {
			burst_size : 1
			ring_size : 0
			nb_queues : 1
		}
		dev_capa : 3
	}
	effective_offload : {
		rx : 9200e:RTE_ETH_RX_OFFLOAD_IPV4_CKSUM|RTE_ETH_RX_OFFLOAD_UDP_CKSUM|RTE_ETH_RX_OFFLOAD_TCP_CKSUM|RTE_ETH_RX_OFFLOAD_SCATTER|RTE_ETH_RX_OFFLOAD_KEEP_CRC|RTE_ETH_RX_OFFLOAD_RSS_HASH
		tx : 1000e:RTE_ETH_TX_OFFLOAD_IPV4_CKSUM|RTE_ETH_TX_OFFLOAD_UDP_CKSUM|RTE_ETH_TX_OFFLOAD_TCP_CKSUM|RTE_ETH_TX_OFFLOAD_MBUF_FAST_FREE
	}
	tx_rings : 65535 (0xffff)
	rx_meta_features : 0
	features : 0000000000000000000000000000000000000000000000000000000000000110
}	will run on socket 0 - 11 cores : [26 17 18 19 20 21 22 23 24 25 16 ]
[debug]  enp148s0f1np1 port: 0 - requested offloads : 9200e:RTE_ETH_RX_OFFLOAD_IPV4_CKSUM|RTE_ETH_RX_OFFLOAD_UDP_CKSUM|RTE_ETH_RX_OFFLOAD_TCP_CKSUM|RTE_ETH_RX_OFFLOAD_SCATTER|RTE_ETH_RX_OFFLOAD_KEEP_CRC|RTE_ETH_RX_OFFLOAD_RSS_HASH
[debug]  port 0 : 192.168.13.42 - link speed 10 Gbps
[debug]  starting up 1 rx queue(s)...
[info]  192.168.13.41 : 00:0F:53:63:4C:E0
[debug]  creating sockperf packets memory pool : 4095 cache_size : 16
[info]  warming up...
[info]  performing latency test ...
[info]  rtt = 6.099 us.
[info]  rtt = 6.003 us.
[info]  rtt = 6.837 us.
[info]  rtt = 6.108 us.
[info]  rtt = 6.175 us.
[info]  rtt = 6.039 us.
[info]  rtt = 6.049 us.
[info]  rtt = 6.154 us.
[info]  rtt = 6.107 us.
[info]  rtt = 6.108 us.
[info]  rtt = 5.977 us.
[info]  rtt = 6.019 us.
[info]  rtt = 6.132 us.
[info]  rtt = 6.068 us.
[info]  rtt = 6.583 us.
[info]  rtt = 6.029 us.
[info]  rtt = 6.566 us.
[info]  rtt = 6.264 us.
[info]  rtt = 6.217 us.
[info]  rtt = 6.198 us.
[info]  rtt = 6.059 us.
[info]  rtt = 6.103 us.
[info]  rtt = 7.005 us.
[info]  rtt = 6.12 us.
[info]  rtt = 6.278 us.
[info]  rtt = 6.159 us.
[info]  rtt = 6.053 us.
[info]  rtt = 6.027 us.
[info]  rtt = 6.14 us.
[info]  rtt = 6.013 us.
[info]  rtt = 6.188 us.
[info]  rtt = 10.27 us.
[info]  rtt = 6.06 us.
[info]  rtt = 6.064 us.
[info]  rtt = 6.055 us.
[info]  rtt = 6.148 us.
[info]  rtt = 6.109 us.
[info]  rtt = 6.047 us.
[info]  rtt = 6.179 us.
[info]  rtt = 6.154 us.
[info]  rtt = 6.161 us.
[info]  rtt = 6.135 us.
[info]  rtt = 6.026 us.
[info]  rtt = 6.499 us.
[info]  rtt = 6.025 us.
[info]  rtt = 6.126 us.
[info]  rtt = 6.093 us.
[info]  rtt = 6.129 us.
[info]  rtt = 6.019 us.
[info]  rtt = 6.036 us.
[info]  rtt = 6.141 us.
[info]  rtt = 6.053 us.
[info]  rtt = 6.135 us.
[info]  rtt = 6.047 us.
[info]  rtt = 6.282 us.
[info]  rtt = 6.119 us.
[info]  rtt = 6.044 us.
[info]  rtt = 6.193 us.
[info]  rtt = 6.175 us.
[info]  rtt = 6.078 us.
[info]  rtt = 6.086 us.
[info]  rtt = 7.144 us.
[info]  rtt = 6.08 us.
[info]  rtt = 6.18 us.
[info]  rtt = 6.127 us.
[info]  rtt = 5.989 us.
[info]  rtt = 6.19 us.
[info]  rtt = 6.11 us.
[info]  rtt = 6.26 us.
[info]  rtt = 6.148 us.
[info]  rtt = 6.137 us.
[info]  rtt = 6.108 us.
[info]  rtt = 6.124 us.
[info]  rtt = 6.118 us.
[info]  rtt = 6.217 us.
[info]  rtt = 6.141 us.
[info]  rtt = 6.077 us.
[info]  rtt = 6.759 us.
[info]  rtt = 6.296 us.
[info]  rtt = 6.169 us.
[info]  rtt = 6.15 us.
[info]  rtt = 6.184 us.
[info]  rtt = 6.081 us.
[info]  rtt = 6.053 us.
[info]  rtt = 6.101 us.
[info]  rtt = 6.068 us.
[info]  rtt = 6.212 us.
[info]  rtt = 6.208 us.
[info]  rtt = 6.182 us.
[info]  rtt = 6.173 us.
[info]  rtt = 6.106 us.
[info]  rtt = 6.327 us.
[info]  rtt = 6.096 us.
[info]  rtt = 6.036 us.
[info]  rtt = 6.261 us.
[info]  rtt = 6.741 us.
[info]  rtt = 6.011 us.
[info]  rtt = 6.195 us.
[info]  rtt = 6.102 us.
[info]  rtt = 6.136 us.
[info]  rtt = 6.114 us.
[info]  rtt = 6.209 us.
[info]  rtt = 6.138 us.
[info]  rtt = 6.215 us.
[info]  rtt = 6.101 us.
[info]  rtt = 22.287 us.
[info]  rtt = 6.208 us.
[info]  rtt = 6.154 us.
[info]  rtt = 6.125 us.
[info]  rtt = 6.068 us.
[info]  rtt = 6.27 us.
[info]  rtt = 6.285 us.
[info]  rtt = 6.1 us.
[info]  rtt = 6.107 us.
[info]  rtt = 6.101 us.
[info]  rtt = 6.077 us.
[info]  rtt = 6.071 us.
[info]  rtt = 6.12 us.
[info]  rtt = 6.199 us.
[info]  rtt = 6.289 us.
[info]  rtt = 6.142 us.
[info]  rtt = 6.124 us.
[info]  rtt = 6.126 us.
[info]  rtt = 6.154 us.
[info]  rtt = 6.622 us.
[info]  rtt = 6.164 us.
[info]  rtt = 6.268 us.
[info]  rtt = 6.281 us.
[info]  rtt = 6.064 us.
[info]  rtt = 6.059 us.
[info]  rtt = 6.09 us.
[info]  rtt = 6.058 us.
[info]  rtt = 6.196 us.
[info]  rtt = 6.185 us.
[info]  rtt = 6.274 us.
[info]  rtt = 6.341 us.
[info]  rtt = 6.032 us.
[info]  rtt = 6.37 us.
[info]  rtt = 6.454 us.
[info]  rtt = 6.18 us.
[info]  rtt = 6.077 us.
[info]  rtt = 6.048 us.
[info]  rtt = 6.157 us.
[info]  rtt = 8.962 us.
[info]  rtt = 6.906 us.
[info]  rtt = 6.223 us.
[info]  rtt = 6.101 us.
[info]  rtt = 6.09 us.
[info]  rtt = 6.076 us.
[info]  rtt = 6.319 us.
[info]  rtt = 6.174 us.
[info]  rtt = 6.47 us.
[info]  rtt = 6.092 us.
[info]  rtt = 6.21 us.
[info]  rtt = 6.214 us.
[info]  rtt = 6.031 us.
[info]  rtt = 6.106 us.
[info]  rtt = 6.061 us.
[info]  rtt = 6.275 us.
[info]  rtt = 7.026 us.
[info]  rtt = 6.147 us.
[info]  rtt = 6.289 us.
[info]  rtt = 6.12 us.
[info]  rtt = 6.48 us.
[info]  rtt = 6.11 us.
[info]  rtt = 6.215 us.
[info]  rtt = 6.095 us.
[info]  rtt = 6.177 us.
[info]  rtt = 6.193 us.
[info]  rtt = 6.218 us.
[info]  rtt = 6.144 us.
[info]  rtt = 6.075 us.
[info]  rtt = 6.118 us.
[info]  rtt = 6.363 us.
[info]  rtt = 6.181 us.
[info]  rtt = 6.637 us.
[info]  rtt = 6.084 us.
[info]  rtt = 6.041 us.
[info]  rtt = 6.029 us.
[info]  rtt = 6.245 us.
[info]  rtt = 6.075 us.
[info]  rtt = 6.166 us.
[info]  rtt = 6.057 us.
[info]  rtt = 6.189 us.
[info]  rtt = 6.138 us.
[info]  rtt = 6.288 us.
[info]  rtt = 6.134 us.
[info]  rtt = 6.106 us.
[info]  rtt = 6.186 us.
[info]  rtt = 6.105 us.
[info]  rtt = 6.125 us.
[info]  rtt = 6.317 us.
[info]  rtt = 6.054 us.
[info]  rtt = 6.172 us.
[info]  rtt = 6.202 us.
[info]  rtt = 6.232 us.
[info]  rtt = 6.233 us.
[info]  rtt = 6.07 us.
[info]  rtt = 6.112 us.
[info]  rtt = 6.1 us.
[info]  rtt = 6.16 us.
[info]  rtt = 6.066 us.
[info]  rtt = 6.098 us.
[info]  rtt = 5.988 us.
[info]  rtt = 6.122 us.
[info]  rtt = 6.155 us.
[info]  rtt = 6.218 us.
[info]  rtt = 6.195 us.
[info]  rtt = 6.073 us.
[info]  rtt = 6.855 us.
[info]  rtt = 6.18 us.
[info]  rtt = 6.16 us.
[info]  rtt = 6.211 us.
[info]  rtt = 6.121 us.
[info]  rtt = 6.309 us.
[info]  rtt = 6.289 us.
[info]  rtt = 6.112 us.
[info]  rtt = 6.266 us.
[info]  rtt = 6.117 us.
[info]  rtt = 6.231 us.
[info]  rtt = 6.218 us.
[info]  rtt = 6.267 us.
[info]  rtt = 6.281 us.
[info]  rtt = 6.225 us.
[info]  rtt = 6.16 us.
[info]  rtt = 6.701 us.
[info]  rtt = 6.488 us.
[info]  rtt = 6.296 us.
[info]  rtt = 6.161 us.
[info]  rtt = 6.069 us.
[info]  rtt = 6.123 us.
[info]  rtt = 6.155 us.
[info]  rtt = 6.143 us.
[info]  rtt = 8.147 us.
[info]  rtt = 6.124 us.
[info]  rtt = 6.345 us.
[info]  rtt = 6.624 us.
[info]  rtt = 6.202 us.
[info]  rtt = 6.152 us.
[info]  rtt = 6.355 us.
[info]  rtt = 6.099 us.
[info]  rtt = 6.25 us.
[info]  rtt = 6.056 us.
[info]  rtt = 6.142 us.
[info]  rtt = 6.218 us.
[info]  rtt = 6.27 us.
[info]  rtt = 6.197 us.
[info]  rtt = 6.204 us.
[info]  rtt = 6.119 us.
[info]  rtt = 6.126 us.
[info]  rtt = 6.732 us.
[info]  rtt = 6.155 us.
[info]  rtt = 6.142 us.
[info]  rtt = 6.147 us.
[info]  rtt = 6.04 us.
[info]  rtt = 6.387 us.
[info]  rtt = 6.116 us.
[info]  rtt = 6.039 us.
[info]  rtt = 6.434 us.
[info]  rtt = 6.103 us.
[info]  rtt = 6.183 us.
[info]  rtt = 6.264 us.
[info]  rtt = 6.241 us.
[info]  rtt = 6.182 us.
[info]  rtt = 6.217 us.
[info]  rtt = 6.119 us.
[info]  rtt = 6.112 us.
[info]  rtt = 6.161 us.
[info]  rtt = 6.109 us.
[info]  rtt = 6.289 us.
[info]  rtt = 6.314 us.
[info]  rtt = 6.933 us.
[info]  rtt = 6.71 us.
[info]  rtt = 6.005 us.
[info]  rtt = 6.151 us.
[info]  rtt = 6.27 us.
[info]  rtt = 9.058 us.
[info]  rtt = 6.413 us.
[info]  rtt = 6.121 us.
[info]  rtt = 6.122 us.
[info]  rtt = 6.108 us.
[info]  rtt = 6.276 us.
[info]  rtt = 6.084 us.
[info]  rtt = 6.041 us.
[info]  rtt = 6.315 us.
[info]  rtt = 6.106 us.
[info]  rtt = 6.158 us.
[info]  rtt = 7.057 us.
[info]  rtt = 6.196 us.
[info]  rtt = 6.086 us.
[info]  rtt = 6.131 us.
[info]  rtt = 6.042 us.
[info]  rtt = 6.123 us.
[info]  rtt = 6.034 us.
[info]  rtt = 6.258 us.
[info]  rtt = 6.289 us.
[info]  rtt = 6.271 us.
[info]  rtt = 6.136 us.
[info]  rtt = 6.175 us.
[info]  rtt = 6.205 us.
[info]  rtt = 6.252 us.
[info]  rtt = 6.548 us.
[info]  rtt = 6.372 us.
[info]  rtt = 6.248 us.
[info]  rtt = 6.091 us.
[info]  rtt = 6.113 us.
[info]  rtt = 6.16 us.
[info]  rtt = 6.128 us.
[info]  rtt = 6.163 us.
[info]  rtt = 6.062 us.
[info]  rtt = 6.133 us.
[info]  rtt = 6.389 us.
[info]  rtt = 6.124 us.
[info]  rtt = 6.168 us.
[info]  rtt = 6.072 us.
[info]  rtt = 6.247 us.
[info]  rtt = 6.071 us.
[info]  rtt = 6.228 us.
[info]  rtt = 6.159 us.
[info]  rtt = 6.45 us.
[info]  rtt = 6.087 us.
[info]  rtt = 6.212 us.
[info]  rtt = 6.237 us.
[info]  rtt = 6.099 us.
[info]  rtt = 6.372 us.
[info]  rtt = 6.262 us.
[info]  rtt = 6.317 us.
[info]  rtt = 6.281 us.
[info]  rtt = 6.223 us.
[info]  rtt = 6.164 us.
[info]  rtt = 6.118 us.
[info]  rtt = 6.246 us.
[info]  rtt = 6.164 us.
[info]  rtt = 6.03 us.
[info]  rtt = 6.215 us.
[info]  rtt = 6.143 us.
[info]  rtt = 6.256 us.
[info]  rtt = 7.706 us.
[info]  rtt = 6.239 us.
[info]  rtt = 6.411 us.
[info]  rtt = 6.377 us.
[info]  rtt = 6.044 us.
[info]  rtt = 6.073 us.
[info]  rtt = 6.172 us.
[info]  rtt = 6.634 us.
[info]  rtt = 6.075 us.
[info]  rtt = 6.143 us.
[info]  rtt = 6.184 us.
[info]  rtt = 6.121 us.
[info]  rtt = 6.095 us.
[info]  rtt = 6.292 us.
[info]  rtt = 6.096 us.
[info]  rtt = 6.206 us.
[info]  rtt = 6.083 us.
[info]  rtt = 6.088 us.
[info]  rtt = 6.15 us.
[info]  rtt = 6.127 us.
[info]  rtt = 6.043 us.
[info]  rtt = 6.148 us.
[info]  rtt = 6.261 us.
[info]  rtt = 6.181 us.
[info]  rtt = 7.022 us.
[info]  rtt = 6.077 us.
[info]  rtt = 6.114 us.
[info]  rtt = 6.226 us.
[info]  rtt = 6.523 us.
[info]  rtt = 6.174 us.
[info]  rtt = 6.198 us.
[info]  rtt = 6.139 us.
[info]  rtt = 6.067 us.
[info]  rtt = 6.104 us.
[info]  rtt = 6.185 us.
[info]  rtt = 6.114 us.
[info]  rtt = 6.069 us.
[info]  rtt = 6.176 us.
[info]  rtt = 6.219 us.
[info]  rtt = 6.061 us.
[info]  rtt = 6.051 us.
[info]  rtt = 6.129 us.
[info]  rtt = 6.047 us.
[info]  rtt = 6.083 us.
[info]  rtt = 6.067 us.
[info]  rtt = 6.102 us.
[info]  rtt = 6.133 us.
[info]  rtt = 6.203 us.
[info]  rtt = 6.15 us.
[info]  rtt = 6.329 us.
[info]  rtt = 6.059 us.
[info]  rtt = 6.138 us.
[info]  rtt = 6.114 us.
[info]  rtt = 6.139 us.
[info]  rtt = 6.191 us.
[info]  rtt = 6.099 us.
[info]  rtt = 6.101 us.
[info]  rtt = 6.229 us.
[info]  rtt = 6.125 us.
[info]  rtt = 6.156 us.
[info]  rtt = 6.073 us.
[info]  rtt = 6.281 us.
[info]  rtt = 6.202 us.
[info]  rtt = 6.615 us.
[info]  rtt = 6.265 us.
[info]  rtt = 6.147 us.
[info]  rtt = 6.082 us.
[info]  rtt = 6.182 us.
[info]  rtt = 6.129 us.
[info]  rtt = 6.865 us.
[info]  rtt = 6.259 us.
[info]  rtt = 6.051 us.
[info]  rtt = 6.049 us.
[info]  rtt = 6.123 us.
[info]  rtt = 6.165 us.
[info]  rtt = 6.043 us.
[info]  rtt = 6.048 us.
[info]  rtt = 6.119 us.
[info]  rtt = 6.193 us.
[info]  rtt = 6.15 us.
[info]  rtt = 6.03 us.
[info]  rtt = 6.116 us.
[info]  rtt = 6.23 us.
[info]  rtt = 6.056 us.
[info]  rtt = 6.138 us.
[info]  rtt = 6.151 us.
[info]  rtt = 6.19 us.
[info]  rtt = 6.056 us.
[info]  rtt = 6.075 us.
[info]  rtt = 6.162 us.
[info]  rtt = 6.252 us.
[info]  rtt = 6.072 us.
[info]  rtt = 6.131 us.
[info]  rtt = 6.076 us.
[info]  rtt = 6.324 us.
[info]  rtt = 6.264 us.
[info]  rtt = 6.115 us.
[info]  rtt = 6.073 us.
[info]  rtt = 6.053 us.
[info]  rtt = 6.135 us.
[info]  rtt = 6.23 us.
[info]  rtt = 6.348 us.
[info]  rtt = 6.177 us.
[info]  rtt = 6.116 us.
[info]  rtt = 6.061 us.
[info]  rtt = 6.094 us.
[info]  rtt = 6.237 us.
[info]  rtt = 6.349 us.
[info]  rtt = 6.226 us.
[info]  rtt = 6.085 us.
[info]  rtt = 6.162 us.
[info]  rtt = 6.044 us.
[info]  rtt = 6.686 us.
[info]  rtt = 6.094 us.
[info]  rtt = 6.058 us.
[info]  rtt = 6.255 us.
[info]  rtt = 6.096 us.
[info]  rtt = 6.217 us.
[info]  rtt = 6.166 us.
[info]  rtt = 6.142 us.
[info]  rtt = 6.033 us.
[info]  rtt = 6.164 us.
[info]  rtt = 6.152 us.
[info]  rtt = 6.199 us.
[info]  rtt = 6.144 us.
[info]  rtt = 6.123 us.
[info]  rtt = 6.218 us.
[info]  rtt = 6.177 us.
[info]  rtt = 6.089 us.
[info]  rtt = 6.198 us.
[info]  rtt = 6.015 us.
[info]  rtt = 6.434 us.
[info]  rtt = 6.41 us.
[info]  rtt = 6.062 us.
[info]  rtt = 6.155 us.
[info]  rtt = 6.17 us.
[info]  rtt = 6.45 us.
[info]  rtt = 6.061 us.
[info]  rtt = 6.354 us.
[info]  rtt = 6.095 us.
[info]  rtt = 5.997 us.
[info]  rtt = 6.096 us.
[info]  rtt = 6.236 us.
[info]  rtt = 6.237 us.
[info]  rtt = 8.602 us.
[info]  rtt = 6.013 us.
[info]  rtt = 5.997 us.
[info]  rtt = 6.067 us.
[info]  rtt = 6.149 us.
[info]  rtt = 6.229 us.
[info]  rtt = 6.005 us.
[info]  rtt = 6.098 us.
[info]  rtt = 6.377 us.
[info]  rtt = 6.033 us.
[info]  rtt = 6.062 us.
[info]  rtt = 6.034 us.
[info]  rtt = 6.12 us.
[info]  rtt = 6.384 us.
[info]  rtt = 6.123 us.
[info]  rtt = 6.14 us.
[info]  rtt = 6.054 us.
[info]  rtt = 6.496 us.
[info]  rtt = 6.087 us.
[info]  rtt = 6.158 us.
[info]  rtt = 6.173 us.
[info]  rtt = 6.046 us.
[info]  rtt = 6.06 us.
[info]  rtt = 6.127 us.
[info]  rtt = 6.105 us.
[info]  rtt = 6.063 us.
[info]  rtt = 6.152 us.
[info]  rtt = 6.126 us.
[info]  rtt = 6.109 us.
[info]  rtt = 6.062 us.
[info]  rtt = 6.125 us.
[info]  rtt = 6.035 us.
[info]  rtt = 6.08 us.
[info]  rtt = 6.008 us.
[info]  rtt = 6.342 us.
[info]  rtt = 6.145 us.
[info]  rtt = 6.171 us.
[info]  rtt = 6.266 us.
[info]  rtt = 6.1 us.
[info]  rtt = 6.043 us.
[info]  rtt = 6.052 us.
[info]  rtt = 6.119 us.
[info]  rtt = 6.385 us.
[info]  rtt = 6.182 us.
[info]  rtt = 6.138 us.
[info]  rtt = 6.209 us.
[info]  rtt = 6.124 us.
[info]  rtt = 6.689 us.
[info]  rtt = 6.136 us.
[info]  rtt = 6.249 us.
[info]  rtt = 6.068 us.
[info]  rtt = 6.12 us.
[info]  rtt = 6.129 us.
[info]  rtt = 6.133 us.
[info]  rtt = 6.088 us.
[info]  rtt = 6.139 us.
[info]  rtt = 6.081 us.
[info]  rtt = 6.055 us.
[info]  rtt = 6.361 us.
[info]  rtt = 6.136 us.
[info]  rtt = 6.102 us.
[info]  rtt = 6.237 us.
[info]  rtt = 6.061 us.
[info]  rtt = 6.034 us.
[info]  rtt = 6.074 us.
[info]  rtt = 6.138 us.
[info]  rtt = 6.869 us.
[info]  rtt = 6.043 us.
[info]  rtt = 6.047 us.
[info]  rtt = 6.207 us.
[info]  rtt = 6.058 us.
[info]  rtt = 6.257 us.
[info]  rtt = 6.094 us.
[info]  rtt = 6.197 us.
[info]  rtt = 6.095 us.
[info]  rtt = 6.071 us.
[info]  rtt = 6.003 us.
[info]  rtt = 6.208 us.
[info]  rtt = 6.121 us.
[info]  rtt = 6.125 us.
[info]  rtt = 6.009 us.
[info]  rtt = 6.189 us.
[info]  rtt = 6.166 us.
[info]  rtt = 6.091 us.
[info]  rtt = 6.192 us.
[info]  rtt = 6.107 us.
[info]  rtt = 6.068 us.
[info]  rtt = 6.136 us.
[info]  rtt = 5.97 us.
[info]  rtt = 6.108 us.
[info]  rtt = 6.142 us.
[info]  rtt = 6.407 us.
[info]  rtt = 6.079 us.
[info]  rtt = 6.132 us.
[info]  rtt = 6.054 us.
[info]  rtt = 6.117 us.
[info]  rtt = 6.115 us.
[info]  rtt = 6.065 us.
[info]  rtt = 6.016 us.
[info]  rtt = 6.043 us.
[info]  rtt = 5.991 us.
[info]  rtt = 6.245 us.
[info]  rtt = 6.265 us.
[info]  rtt = 6.124 us.
[info]  rtt = 6.076 us.
[info]  rtt = 6.131 us.
[info]  rtt = 6.055 us.
[info]  rtt = 6.144 us.
[info]  rtt = 6.03 us.
[info]  rtt = 6.207 us.
[info]  rtt = 6.277 us.
[info]  rtt = 6.247 us.
[info]  rtt = 6.27 us.
[info]  rtt = 6.098 us.
[info]  rtt = 6.408 us.
[info]  rtt = 6.175 us.
[info]  rtt = 6.558 us.
[info]  rtt = 6.082 us.
[info]  rtt = 6.413 us.
[info]  rtt = 6.153 us.
[info]  rtt = 6.169 us.
[info]  rtt = 6.065 us.
[info]  rtt = 6.242 us.
[info]  rtt = 6.268 us.
[info]  rtt = 6.098 us.
[info]  rtt = 6.255 us.
[info]  rtt = 6.258 us.
[info]  rtt = 6.136 us.
[info]  rtt = 6.126 us.
[info]  rtt = 6.082 us.
[info]  rtt = 6.177 us.
[info]  rtt = 6.085 us.
[info]  rtt = 6.219 us.
[info]  rtt = 6.422 us.
[info]  rtt = 6.239 us.
[info]  rtt = 6.232 us.
[info]  rtt = 6.372 us.
[info]  rtt = 6.3 us.
[info]  rtt = 6.183 us.
[info]  rtt = 6.102 us.
[info]  rtt = 6.508 us.
[info]  rtt = 6.158 us.
[info]  rtt = 6.028 us.
[info]  rtt = 6.141 us.
[info]  rtt = 6.131 us.
[info]  rtt = 6.237 us.
[info]  rtt = 6.065 us.
[info]  rtt = 6.132 us.
[info]  rtt = 6.048 us.
[info]  rtt = 6.059 us.
[info]  rtt = 6.061 us.
[info]  rtt = 5.994 us.
[info]  rtt = 6.031 us.
[info]  rtt = 6.078 us.
[info]  rtt = 6.085 us.
[info]  rtt = 6.264 us.
[info]  rtt = 6.023 us.
[info]  rtt = 6.07 us.
[info]  rtt = 6.211 us.
[info]  rtt = 6.168 us.
[info]  rtt = 5.971 us.
[info]  rtt = 6.005 us.
[info]  rtt = 6.182 us.
[info]  rtt = 6.16 us.
[info]  rtt = 6.072 us.
[info]  rtt = 6.64 us.
[info]  rtt = 6.138 us.
[info]  rtt = 6.203 us.
[info]  rtt = 6.142 us.
[info]  rtt = 6.116 us.
[info]  rtt = 6.033 us.
[info]  rtt = 6.034 us.
[info]  rtt = 6.091 us.
[info]  rtt = 6.152 us.
[info]  rtt = 6.345 us.
[info]  rtt = 6.716 us.
[info]  rtt = 6.247 us.
[info]  rtt = 6.078 us.
[info]  rtt = 6.03 us.
[info]  rtt = 6.241 us.
[info]  rtt = 6.244 us.
[info]  rtt = 6.117 us.
[info]  rtt = 6.207 us.
[info]  rtt = 6.183 us.
[info]  rtt = 6.202 us.
[info]  rtt = 6.079 us.
[info]  rtt = 6.229 us.
[info]  rtt = 6.054 us.
[info]  rtt = 6.194 us.
[info]  rtt = 6.661 us.
[info]  rtt = 6.291 us.
[info]  rtt = 6.193 us.
[info]  rtt = 6.187 us.
[info]  rtt = 6.068 us.
[info]  rtt = 6.186 us.
[info]  rtt = 6.042 us.
[info]  rtt = 6.181 us.
[info]  rtt = 6.159 us.
[info]  rtt = 6.186 us.
[info]  rtt = 6.095 us.
[info]  rtt = 6.202 us.
[info]  rtt = 6.156 us.
[info]  rtt = 6.162 us.
[info]  rtt = 6.237 us.
[info]  rtt = 6.215 us.
[info]  rtt = 6.221 us.
[info]  rtt = 6.073 us.
[info]  rtt = 6.187 us.
[info]  rtt = 6.167 us.
[info]  rtt = 6.25 us.
[info]  rtt = 6.067 us.
[info]  rtt = 6.059 us.
[info]  rtt = 6.037 us.
[info]  rtt = 6.144 us.
[info]  rtt = 6.411 us.
[info]  rtt = 6.173 us.
[info]  rtt = 6.045 us.
[info]  rtt = 6.153 us.
[info]  rtt = 6.044 us.
[info]  rtt = 6.127 us.
[info]  rtt = 6.22 us.
[info]  rtt = 6.152 us.
[info]  rtt = 6.377 us.
[info]  rtt = 6.063 us.
[info]  rtt = 6.028 us.
[info]  rtt = 6.255 us.
[info]  rtt = 6.024 us.
[info]  rtt = 6.06 us.
[info]  rtt = 6.225 us.
[info]  rtt = 6.261 us.
[info]  rtt = 6.268 us.
[info]  rtt = 6.051 us.
[info]  rtt = 6.159 us.
[info]  rtt = 6.137 us.
[info]  rtt = 6.018 us.
[info]  rtt = 6.094 us.
[info]  rtt = 6.212 us.
[info]  rtt = 6.084 us.
[info]  rtt = 6.192 us.
[info]  rtt = 6.26 us.
[info]  rtt = 6.114 us.
[info]  rtt = 6.104 us.
[info]  rtt = 6.127 us.
[info]  rtt = 6.061 us.
[info]  rtt = 6.145 us.
[info]  rtt = 6.172 us.
[info]  rtt = 6.124 us.
[info]  rtt = 6.082 us.
[info]  rtt = 6.186 us.
[info]  rtt = 6.078 us.
[info]  rtt = 6.173 us.
[info]  rtt = 6.062 us.
[info]  rtt = 6.141 us.
[info]  rtt = 6.238 us.
[info]  rtt = 6.257 us.
[info]  rtt = 6.07 us.
[info]  rtt = 6.157 us.
[info]  rtt = 6.113 us.
[info]  rtt = 6.081 us.
[info]  rtt = 6.139 us.
[info]  rtt = 6.158 us.
[info]  rtt = 6.297 us.
[info]  rtt = 6.309 us.
[info]  rtt = 6.482 us.
[info]  rtt = 6.433 us.
[info]  rtt = 6.087 us.
[info]  rtt = 6.275 us.
[info]  rtt = 6.208 us.
[info]  rtt = 6.215 us.
[info]  rtt = 6.14 us.
[info]  rtt = 6.359 us.
[info]  rtt = 6.186 us.
[info]  rtt = 5.973 us.
[info]  rtt = 6.188 us.
[info]  rtt = 6.255 us.
[info]  rtt = 6.134 us.
[info]  rtt = 6.246 us.
[info]  rtt = 6.225 us.
[info]  rtt = 6.295 us.
[info]  rtt = 6.186 us.
[info]  rtt = 6.081 us.
[info]  rtt = 6.081 us.
[info]  rtt = 6.04 us.
[info]  rtt = 6.05 us.
[info]  rtt = 6.266 us.
[info]  rtt = 6.035 us.
[info]  rtt = 6.214 us.
[info]  rtt = 6.118 us.
[info]  rtt = 6.659 us.
[info]  rtt = 6.052 us.
[info]  rtt = 6.012 us.
[info]  rtt = 6.029 us.
[info]  rtt = 6.088 us.
[info]  rtt = 6.184 us.
[info]  rtt = 6.249 us.
[info]  rtt = 6.068 us.
[info]  rtt = 6.301 us.
[info]  rtt = 6.068 us.
[info]  rtt = 6.125 us.
[info]  rtt = 6.082 us.
[info]  rtt = 6.363 us.
[info]  rtt = 6.145 us.
[info]  rtt = 6.18 us.
[info]  rtt = 6.577 us.
[info]  rtt = 5.99 us.
[info]  rtt = 6.148 us.
[info]  rtt = 6.158 us.
[info]  rtt = 6.068 us.
[info]  rtt = 6.215 us.
[info]  rtt = 6.116 us.
[info]  rtt = 6.184 us.
[info]  rtt = 6.134 us.
[info]  rtt = 6.302 us.
[info]  rtt = 6.049 us.
[info]  rtt = 6.172 us.
[info]  rtt = 6.134 us.
[info]  rtt = 6.328 us.
[info]  rtt = 6.232 us.
[info]  rtt = 6.088 us.
[info]  rtt = 6.073 us.
[info]  rtt = 6.016 us.
[info]  rtt = 6.115 us.
[info]  rtt = 6.093 us.
[info]  rtt = 6.057 us.
[info]  rtt = 5.972 us.
[info]  rtt = 6.136 us.
[info]  rtt = 6.293 us.
[info]  rtt = 6.149 us.
[info]  rtt = 6.294 us.
[info]  rtt = 6.116 us.
[info]  rtt = 6.058 us.
[info]  rtt = 6.082 us.
[info]  rtt = 6.065 us.
[info]  rtt = 6.282 us.
[info]  rtt = 6.05 us.
[info]  rtt = 6.153 us.
[info]  rtt = 6.695 us.
[info]  rtt = 6.136 us.
[info]  rtt = 6.261 us.
[info]  rtt = 6.065 us.
[info]  rtt = 6.213 us.
[info]  rtt = 6.187 us.
[info]  rtt = 6.184 us.
[info]  rtt = 6.143 us.
[info]  rtt = 6.14 us.
[info]  rtt = 6.079 us.
[info]  rtt = 6.111 us.
[info]  rtt = 6.054 us.
[info]  rtt = 6.273 us.
[info]  rtt = 6.089 us.
[info]  rtt = 6.289 us.
[info]  rtt = 6.083 us.
[info]  rtt = 6.084 us.
[info]  rtt = 6.201 us.
[info]  rtt = 6.007 us.
[info]  rtt = 6.235 us.
[info]  rtt = 6.095 us.
[info]  rtt = 6.124 us.
[info]  rtt = 6.186 us.
[info]  rtt = 6.173 us.
[info]  rtt = 6.23 us.
[info]  rtt = 6.376 us.
[info]  rtt = 6.077 us.
[info]  rtt = 6.104 us.
[info]  rtt = 6.076 us.
[info]  rtt = 6.202 us.
[info]  rtt = 6.138 us.
[info]  rtt = 6.088 us.
[info]  rtt = 6.073 us.
[info]  rtt = 6.044 us.
[info]  rtt = 6.298 us.
[info]  rtt = 6.129 us.
[info]  rtt = 6.608 us.
[info]  rtt = 6.171 us.
[info]  rtt = 6.183 us.
[info]  rtt = 6.159 us.
[info]  rtt = 6.326 us.
[info]  rtt = 6.064 us.
[info]  rtt = 6.2 us.
[info]  rtt = 6.068 us.
[info]  rtt = 6.194 us.
[info]  rtt = 6.216 us.
[info]  rtt = 6.263 us.
[info]  rtt = 6.068 us.
[info]  rtt = 6.003 us.
[info]  rtt = 6.619 us.
[info]  rtt = 6.022 us.
[info]  rtt = 6.091 us.
[info]  rtt = 6.065 us.
[info]  rtt = 6.128 us.
[info]  rtt = 6.399 us.
[info]  rtt = 6.291 us.
[info]  rtt = 6.475 us.
[info]  rtt = 6.261 us.
[info]  rtt = 6.107 us.
[info]  rtt = 6.05 us.
[info]  rtt = 6.224 us.
[info]  rtt = 6.084 us.
[info]  rtt = 6.383 us.
[info]  rtt = 6.143 us.
[info]  rtt = 6.027 us.
[info]  rtt = 6.114 us.
[info]  rtt = 6.057 us.
[info]  rtt = 6.221 us.
[info]  rtt = 6.101 us.
[info]  rtt = 6.137 us.
[info]  rtt = 6.289 us.
[info]  rtt = 6.121 us.
[info]  rtt = 6.082 us.
[info]  rtt = 6.182 us.
[info]  rtt = 6.303 us.
[info]  rtt = 6.152 us.
[info]  rtt = 6.075 us.
[info]  rtt = 6.38 us.
[info]  rtt = 6.197 us.
[info]  rtt = 6.275 us.
[info]  rtt = 6.18 us.
[info]  rtt = 6.059 us.
[info]  rtt = 6.154 us.
[info]  rtt = 6.195 us.
[info]  rtt = 6.044 us.
[info]  rtt = 6.28 us.
[info]  rtt = 6.199 us.
[info]  rtt = 6.062 us.
[info]  rtt = 6.126 us.
[info]  rtt = 6.078 us.
[info]  rtt = 6.136 us.
[info]  rtt = 6.043 us.
[info]  rtt = 6.079 us.
[info]  rtt = 6.254 us.
[info]  rtt = 6.349 us.
[info]  rtt = 6.556 us.
[info]  rtt = 5.988 us.
[info]  rtt = 6.107 us.
[info]  rtt = 6.842 us.
[info]  rtt = 6.062 us.
[info]  rtt = 6.191 us.
[info]  rtt = 6.123 us.
[info]  rtt = 6.199 us.
[info]  rtt = 6.164 us.
[info]  rtt = 6.038 us.
[info]  rtt = 6.163 us.
[info]  rtt = 6.087 us.
[info]  rtt = 6.061 us.
[info]  rtt = 6.313 us.
[info]  rtt = 6.178 us.
[info]  rtt = 6.155 us.
[info]  rtt = 6.253 us.
[info]  rtt = 6.047 us.
[info]  rtt = 6.302 us.
[info]  rtt = 6.072 us.
[info]  rtt = 6.059 us.
[info]  rtt = 6.301 us.
[info]  rtt = 6.195 us.
[info]  rtt = 6.293 us.
[info]  rtt = 6.048 us.
[info]  rtt = 6.058 us.
[info]  rtt = 6.057 us.
[info]  rtt = 6.691 us.
[info]  rtt = 6.053 us.
[info]  rtt = 6.176 us.
[info]  rtt = 6.148 us.
[info]  rtt = 6.199 us.
[info]  rtt = 6.097 us.
[info]  rtt = 6.07 us.
[info]  rtt = 6.064 us.
[info]  rtt = 6.055 us.
[info]  rtt = 6.094 us.
[info]  rtt = 6.092 us.
[info]  rtt = 6.124 us.
[info]  rtt = 6.083 us.
[info]  rtt = 6.153 us.
[info]  rtt = 6.061 us.
[info]  rtt = 6.095 us.
[info]  rtt = 6.216 us.
[info]  rtt = 6.172 us.
[info]  rtt = 6.068 us.
[info]  rtt = 6.21 us.
[info]  rtt = 6.085 us.
[info]  rtt = 6.216 us.
[info]  rtt = 6.093 us.
[info]  rtt = 6.311 us.
[info]  rtt = 6.041 us.
[info]  rtt = 6.229 us.
[info]  rtt = 6.109 us.
[info]  rtt = 6.322 us.
[info]  rtt = 6.136 us.
[info]  rtt = 6.086 us.
[info]  rtt = 6.103 us.
[info]  rtt = 6.022 us.
[info]  rtt = 6.055 us.
[info]  rtt = 6.091 us.
[info]  rtt = 6.174 us.
[info]  rtt = 6.227 us.
[info]  rtt = 6.187 us.
[info]  rtt = 6.106 us.
[info]  rtt = 6.004 us.
[info]  rtt = 6.157 us.
[info]  rtt = 6.015 us.
[info]  rtt = 6.244 us.
[info]  rtt = 6.168 us.
[info]  rtt = 6.099 us.
[info]  rtt = 6.057 us.
[info]  rtt = 6.052 us.
[info]  rtt = 6.028 us.
[info]  rtt = 6.253 us.
[info]  rtt = 6.126 us.
[info]  rtt = 6.526 us.
[info]  rtt = 6.211 us.
[info]  rtt = 6.061 us.
[info]  rtt = 6.014 us.
[info]  rtt = 6.068 us.
[info]  rtt = 6.067 us.
[info]  rtt = 6.205 us.
[info]  rtt = 6.021 us.
[info]  rtt = 6.144 us.
[info]  rtt = 6.115 us.
[info]  rtt = 6.222 us.
[info]  rtt = 6.186 us.
[info]  rtt = 6.222 us.
[info]  rtt = 6.671 us.
[info]  rtt = 6.206 us.
[info]  rtt = 6.148 us.
[info]  rtt = 6.077 us.
[info]  rtt = 6.134 us.
[info]  rtt = 6.236 us.
[info]  rtt = 6.356 us.
[info]  rtt = 6.048 us.
[info]  rtt = 6.021 us.
[info]  rtt = 6.056 us.
[info]  rtt = 6.16 us.
[info]  rtt = 6.029 us.
[info]  rtt = 6.205 us.
[info]  rtt = 6.103 us.
[info]  rtt = 6.196 us.
[info]  rtt = 6.239 us.
[info]  rtt = 6.042 us.
[info]  rtt = 6.036 us.
[info]  rtt = 6.045 us.
[info]  rtt = 6.037 us.
[info]  rtt = 6.2 us.
[info]  rtt = 6.132 us.
[info]  rtt = 6.113 us.
[info]  average: 6.2063 us. median: 6.141 us. mode: 6.068000 us. min: 5.97 us. max: 22.287 us. per 1024 samples, packet size: 1342 bytes / payload size: 1300 bytes 
[debug]  
	Total number of successfully received packets: 1037
	Total number of successfully transmitted packets: 1038
	Total number of successfully received bytes: 1395802
	Total number of successfully transmitted bytes: 1391714
	missed : 0 from : 1037 - 0%
	Total number of erroneous received packets: 0
	Total number of failed transmitted packets: 0
	Total number of Rx mbuf allocation failures: 0
		0 Total number of queue Rx packets : 0
		0 Total number of successfully received queue bytes : 0
		0 Total number of queue packets received that are dropped : 0
		0 Total number of queue Tx packets : 0
		0 Total number of successfully transmitted queue bytes : 0
