[debug]  Ethernet 3
	40:A6:B7:96:E7:A0
	169.254.235.255
[debug]  Ethernet 4
	40:A6:B7:96:E7:A1
	169.254.221.93
[debug]  Ethernet
	08:BF:B8:05:53:90
	192.168.11.1
[debug]  Ethernet 2
	08:BF:B8:05:53:91
	192.168.50.213
[debug]  Ethernet 13
	B8:CE:F6:8C:E3:B5
	169.254.32.51
[debug]  Ethernet 16
	B8:CE:F6:8C:E3:B4
	169.254.46.31
[debug]  Ethernet 17
	EC:0D:9A:98:B2:D2
	169.254.97.70
[debug]  Ethernet 18
	EC:0D:9A:98:B2:D3
	169.254.55.156
[debug]  Ethernet 19
	00:0F:53:63:4C:E1
	169.254.104.96
[debug]  Ethernet 20
	00:0F:53:63:4C:E0
	169.254.247.237
[debug]  Ethernet 12
	CA:FE:01:CA:FE:02
	169.254.180.167
[debug]  Local Area Connection* 1
	02:13:EF:50:0A:9C
	169.254.103.194
[debug]  Local Area Connection* 2
	00:13:EF:50:0A:9C
	169.254.189.150
[debug]  Wi-Fi
	00:13:EF:50:0A:9C
	192.168.8.144
[debug]  Loopback Pseudo-Interface 1
	127.0.0.1
[debug]  Ethernet 18 (mlx5_pci) port: 0 - EC:0D:9A:98:B2:D3[169.254.55.156]
{
	svc_tx_n : 1
	rx_flow_queues : 0
	next_src_port : 5000 (0x1388)
	rx_reconfig_hint : 65000 (0xfde8)
	clock_hz : 156250449 (0x9503151)
	info : {
		min_mtu : 46 (0x2e)
		max_mtu : 65535 (0xffff)
		min_rx_bufsize : 32 (0x20)
		max_rx_bufsize : 4294967295 (0xffffffff)
		max_rx_pktlen : 65536 (0x10000)
		max_lro_pkt_size : 65280 (0xff00)
		max_rx_queues : 1024 (0x400)
		max_tx_queues : 1024 (0x400)
		max_mac_addrs : 128 (0x80)
		max_hash_mac_addrs : 0
		max_vfs : 0
		max_vmdq_pools : 0
		rx_offload_capa : 19620f:RTE_ETH_RX_OFFLOAD_VLAN_STRIP|RTE_ETH_RX_OFFLOAD_IPV4_CKSUM|RTE_ETH_RX_OFFLOAD_UDP_CKSUM|RTE_ETH_RX_OFFLOAD_TCP_CKSUM|RTE_ETH_RX_OFFLOAD_VLAN_FILTER|RTE_ETH_RX_OFFLOAD_SCATTER|RTE_ETH_RX_OFFLOAD_TIMESTAMP|RTE_ETH_RX_OFFLOAD_KEEP_CRC|RTE_ETH_RX_OFFLOAD_RSS_HASH|RTE_ETH_RX_OFFLOAD_BUFFER_SPLIT
		tx_offload_capa : d96af:RTE_ETH_TX_OFFLOAD_VLAN_INSERT|RTE_ETH_TX_OFFLOAD_IPV4_CKSUM|RTE_ETH_TX_OFFLOAD_UDP_CKSUM|RTE_ETH_TX_OFFLOAD_TCP_CKSUM|RTE_ETH_TX_OFFLOAD_TCP_TSO|RTE_ETH_TX_OFFLOAD_OUTER_IPV4_CKSUM|RTE_ETH_TX_OFFLOAD_VXLAN_TNL_TSO|RTE_ETH_TX_OFFLOAD_GRE_TNL_TSO|RTE_ETH_TX_OFFLOAD_GENEVE_TNL_TSO|RTE_ETH_TX_OFFLOAD_MULTI_SEGS|RTE_ETH_TX_OFFLOAD_MBUF_FAST_FREE|RTE_ETH_TX_OFFLOAD_UDP_TNL_TSO|RTE_ETH_TX_OFFLOAD_IP_TNL_TSO
		rx_queue_offload_capa : 19600f:RTE_ETH_RX_OFFLOAD_VLAN_STRIP|RTE_ETH_RX_OFFLOAD_IPV4_CKSUM|RTE_ETH_RX_OFFLOAD_UDP_CKSUM|RTE_ETH_RX_OFFLOAD_TCP_CKSUM|RTE_ETH_RX_OFFLOAD_SCATTER|RTE_ETH_RX_OFFLOAD_TIMESTAMP|RTE_ETH_RX_OFFLOAD_KEEP_CRC|RTE_ETH_RX_OFFLOAD_RSS_HASH|RTE_ETH_RX_OFFLOAD_BUFFER_SPLIT
		tx_queue_offload_capa : 0
		reta_size : 512 (0x200)
		rss_algo_capa : 1
		flow_type_rss_offloads : 134459324 (0x803afbc)
		default_rxconf : {
			rx_thresh : {
				pthresh : 0
				hthresh : 0
				wthresh : 0
			}
			rx_free_thresh : 0
			rx_drop_en : 0
			rx_deferred_start : 0
			rx_nseg : 0
			share_group : 0
			share_qid : 0
			offloads : 0
			rx_nmempool : 0
		}
		default_txconf : {
			tx_thresh : {
				pthresh : 0
				hthresh : 0
				wthresh : 0
			}
			tx_rs_thresh : 0
			tx_free_thresh : 0
			tx_deferred_start : 0
			offloads : 0
		}
		vmdq_queue_base : 0
		vmdq_queue_num : 0
		vmdq_pool_base : 0
		rx_desc_lim : {
			nb_max : 32768 (0x8000)
			nb_min : 0
			nb_align : 1
			nb_seg_max : 65535 (0xffff)
			nb_mtu_seg_max : 65535 (0xffff)
		}
		tx_desc_lim : {
			nb_max : 32768 (0x8000)
			nb_min : 0
			nb_align : 1
			nb_seg_max : 40 (0x28)
			nb_mtu_seg_max : 40 (0x28)
		}
		speed_capa : 0
		nb_rx_queues : 0
		nb_tx_queues : 0
		default_rxportconf : {
			burst_size : 1
			ring_size : 256 (0x100)
			nb_queues : 1
		}
		default_txportconf : {
			burst_size : 1
			ring_size : 256 (0x100)
			nb_queues : 1
		}
		dev_capa : 20 (0x14)
	}
	effective_offload : {
		rx : 19620f:RTE_ETH_RX_OFFLOAD_VLAN_STRIP|RTE_ETH_RX_OFFLOAD_IPV4_CKSUM|RTE_ETH_RX_OFFLOAD_UDP_CKSUM|RTE_ETH_RX_OFFLOAD_TCP_CKSUM|RTE_ETH_RX_OFFLOAD_VLAN_FILTER|RTE_ETH_RX_OFFLOAD_SCATTER|RTE_ETH_RX_OFFLOAD_TIMESTAMP|RTE_ETH_RX_OFFLOAD_KEEP_CRC|RTE_ETH_RX_OFFLOAD_RSS_HASH|RTE_ETH_RX_OFFLOAD_BUFFER_SPLIT
		tx : d96af:RTE_ETH_TX_OFFLOAD_VLAN_INSERT|RTE_ETH_TX_OFFLOAD_IPV4_CKSUM|RTE_ETH_TX_OFFLOAD_UDP_CKSUM|RTE_ETH_TX_OFFLOAD_TCP_CKSUM|RTE_ETH_TX_OFFLOAD_TCP_TSO|RTE_ETH_TX_OFFLOAD_OUTER_IPV4_CKSUM|RTE_ETH_TX_OFFLOAD_VXLAN_TNL_TSO|RTE_ETH_TX_OFFLOAD_GRE_TNL_TSO|RTE_ETH_TX_OFFLOAD_GENEVE_TNL_TSO|RTE_ETH_TX_OFFLOAD_MULTI_SEGS|RTE_ETH_TX_OFFLOAD_MBUF_FAST_FREE|RTE_ETH_TX_OFFLOAD_UDP_TNL_TSO|RTE_ETH_TX_OFFLOAD_IP_TNL_TSO
	}
	tx_rings : 65535 (0xffff)
	rx_meta_features : 3:RTE_ETH_RX_METADATA_USER_FLAG|RTE_ETH_RX_METADATA_USER_MARK
	features : 0000000000000000000000000000000000000000000000000000000000000110
}	will run on socket 0 - 11 cores : [26 17 18 19 20 21 22 23 24 25 16 ]
[debug]  Ethernet 18 port: 0 - requested offloads : 19620f:RTE_ETH_RX_OFFLOAD_VLAN_STRIP|RTE_ETH_RX_OFFLOAD_IPV4_CKSUM|RTE_ETH_RX_OFFLOAD_UDP_CKSUM|RTE_ETH_RX_OFFLOAD_TCP_CKSUM|RTE_ETH_RX_OFFLOAD_VLAN_FILTER|RTE_ETH_RX_OFFLOAD_SCATTER|RTE_ETH_RX_OFFLOAD_TIMESTAMP|RTE_ETH_RX_OFFLOAD_KEEP_CRC|RTE_ETH_RX_OFFLOAD_RSS_HASH|RTE_ETH_RX_OFFLOAD_BUFFER_SPLIT
[debug]  clock frequency 156250449 hz (byte swap)
[debug]  port 0 : 169.254.55.156 - link speed 25 Gbps
[debug]  starting up 1 rx queue(s)...
[info]  192.168.13.31 : EC:0D:9A:98:B2:D2
[debug]  creating sockperf packets memory pool : 2048 cache_size : 16
[info]  warming up...
[info]  performing latency test ...
[info]  rtt = 4.972 us.
[info]  rtt = 4.758 us.
[info]  rtt = 4.975 us.
[info]  rtt = 4.413 us.
[info]  rtt = 5.1 us.
[info]  rtt = 5.332 us.
[info]  rtt = 4.556 us.
[info]  rtt = 5.737 us.
[info]  rtt = 4.634 us.
[info]  rtt = 4.815 us.
[info]  rtt = 6.88 us.
[info]  rtt = 4.378 us.
[info]  rtt = 4.561 us.
[info]  rtt = 4.691 us.
[info]  rtt = 5.503 us.
[info]  rtt = 5.12 us.
[info]  rtt = 5.249 us.
[info]  rtt = 4.896 us.
[info]  rtt = 4.763 us.
[info]  rtt = 4.816 us.
[info]  rtt = 4.642 us.
[info]  rtt = 4.78 us.
[info]  rtt = 4.825 us.
[info]  rtt = 5.26 us.
[info]  rtt = 7.517 us.
[info]  rtt = 5.056 us.
[info]  rtt = 5.022 us.
[info]  rtt = 4.676 us.
[info]  rtt = 5.088 us.
[info]  rtt = 4.794 us.
[info]  rtt = 5.397 us.
[info]  rtt = 4.845 us.
[info]  rtt = 5.488 us.
[info]  rtt = 4.872 us.
[info]  rtt = 4.975 us.
[info]  rtt = 5.439 us.
[info]  rtt = 5.734 us.
[info]  rtt = 4.441 us.
[info]  rtt = 7.042 us.
[info]  rtt = 6.165 us.
[info]  rtt = 5.232 us.
[info]  rtt = 5.359 us.
[info]  rtt = 5.222 us.
[info]  rtt = 4.983 us.
[info]  rtt = 4.608 us.
[info]  rtt = 4.977 us.
[info]  rtt = 4.655 us.
[info]  rtt = 4.646 us.
[info]  rtt = 4.972 us.
[info]  rtt = 4.519 us.
[info]  rtt = 5.009 us.
[info]  rtt = 5.031 us.
[info]  rtt = 5.547 us.
[info]  rtt = 5.07 us.
[info]  rtt = 5.54 us.
[info]  rtt = 4.816 us.
[info]  rtt = 4.921 us.
[info]  rtt = 4.716 us.
[info]  rtt = 5.139 us.
[info]  rtt = 5.276 us.
[info]  rtt = 5.164 us.
[info]  rtt = 5.073 us.
[info]  rtt = 5.929 us.
[info]  rtt = 5.561 us.
[info]  rtt = 5.115 us.
[info]  rtt = 6.022 us.
[info]  rtt = 6.587 us.
[info]  rtt = 4.858 us.
[info]  rtt = 4.862 us.
[info]  rtt = 5.362 us.
[info]  rtt = 6.97 us.
[info]  rtt = 7.449 us.
[info]  rtt = 6.719 us.
[info]  rtt = 5.08 us.
[info]  rtt = 6.154 us.
[info]  rtt = 5.608 us.
[info]  rtt = 5.512 us.
[info]  rtt = 6.92 us.
[info]  rtt = 5.734 us.
[info]  rtt = 4.8 us.
[info]  rtt = 4.913 us.
[info]  rtt = 5.047 us.
[info]  rtt = 4.822 us.
[info]  rtt = 4.92 us.
[info]  rtt = 4.585 us.
[info]  rtt = 4.721 us.
[info]  rtt = 5.63 us.
[info]  rtt = 4.536 us.
[info]  rtt = 4.606 us.
[info]  rtt = 4.597 us.
[info]  rtt = 6.176 us.
[info]  rtt = 13.487 us.
[info]  rtt = 4.805 us.
[info]  rtt = 5.712 us.
[info]  rtt = 5.078 us.
[info]  rtt = 4.502 us.
[info]  rtt = 4.569 us.
[info]  rtt = 4.492 us.
[info]  rtt = 4.524 us.
[info]  rtt = 4.594 us.
[info]  rtt = 4.746 us.
[info]  rtt = 4.694 us.
[info]  rtt = 4.663 us.
[info]  rtt = 5.872 us.
[info]  rtt = 5.483 us.
[info]  rtt = 5.048 us.
[info]  rtt = 5.081 us.
[info]  rtt = 5.433 us.
[info]  rtt = 4.665 us.
[info]  rtt = 4.718 us.
[info]  rtt = 4.538 us.
[info]  rtt = 5.025 us.
[info]  rtt = 5.528 us.
[info]  rtt = 5.197 us.
[info]  rtt = 5.104 us.
[info]  rtt = 4.775 us.
[info]  rtt = 5.152 us.
[info]  rtt = 5.567 us.
[info]  rtt = 5.572 us.
[info]  rtt = 4.996 us.
[info]  rtt = 5.042 us.
[info]  rtt = 5.041 us.
[info]  rtt = 4.545 us.
[info]  rtt = 5.687 us.
[info]  rtt = 5.853 us.
[info]  rtt = 5.463 us.
[info]  rtt = 4.573 us.
[info]  rtt = 4.604 us.
[info]  rtt = 4.508 us.
[info]  rtt = 5.312 us.
[info]  rtt = 5.41 us.
[info]  rtt = 4.785 us.
[info]  rtt = 5.276 us.
[info]  rtt = 4.709 us.
[info]  rtt = 4.714 us.
[info]  rtt = 6.051 us.
[info]  rtt = 5.772 us.
[info]  rtt = 4.761 us.
[info]  rtt = 5.216 us.
[info]  rtt = 4.979 us.
[info]  rtt = 4.66 us.
[info]  rtt = 4.468 us.
[info]  rtt = 5.179 us.
[info]  rtt = 5.348 us.
[info]  rtt = 4.951 us.
[info]  rtt = 5.396 us.
[info]  rtt = 4.567 us.
[info]  rtt = 4.559 us.
[info]  rtt = 4.572 us.
[info]  rtt = 4.984 us.
[info]  rtt = 5.605 us.
[info]  rtt = 4.747 us.
[info]  rtt = 4.683 us.
[info]  rtt = 4.679 us.
[info]  rtt = 5.472 us.
[info]  rtt = 4.67 us.
[info]  rtt = 4.654 us.
[info]  rtt = 5.098 us.
[info]  rtt = 5.202 us.
[info]  rtt = 4.955 us.
[info]  rtt = 4.753 us.
[info]  rtt = 4.853 us.
[info]  rtt = 4.738 us.
[info]  rtt = 4.672 us.
[info]  rtt = 5.201 us.
[info]  rtt = 5.499 us.
[info]  rtt = 4.978 us.
[info]  rtt = 6.451 us.
[info]  rtt = 5.339 us.
[info]  rtt = 4.602 us.
[info]  rtt = 4.532 us.
[info]  rtt = 4.777 us.
[info]  rtt = 4.774 us.
[info]  rtt = 4.691 us.
[info]  rtt = 4.685 us.
[info]  rtt = 4.968 us.
[info]  rtt = 4.745 us.
[info]  rtt = 5.501 us.
[info]  rtt = 4.608 us.
[info]  rtt = 5.348 us.
[info]  rtt = 4.857 us.
[info]  rtt = 4.682 us.
[info]  rtt = 5.091 us.
[info]  rtt = 5.367 us.
[info]  rtt = 4.619 us.
[info]  rtt = 5.559 us.
[info]  rtt = 4.766 us.
[info]  rtt = 20.928 us.
[info]  rtt = 4.794 us.
[info]  rtt = 4.625 us.
[info]  rtt = 4.736 us.
[info]  rtt = 4.84 us.
[info]  rtt = 5.048 us.
[info]  rtt = 5.237 us.
[info]  rtt = 4.836 us.
[info]  rtt = 4.611 us.
[info]  rtt = 4.64 us.
[info]  rtt = 4.698 us.
[info]  rtt = 4.841 us.
[info]  rtt = 5.978 us.
[info]  rtt = 4.695 us.
[info]  rtt = 5.273 us.
[info]  rtt = 4.642 us.
[info]  rtt = 4.964 us.
[info]  rtt = 5.488 us.
[info]  rtt = 4.658 us.
[info]  rtt = 4.736 us.
[info]  rtt = 4.491 us.
[info]  rtt = 4.8 us.
[info]  rtt = 4.817 us.
[info]  rtt = 4.498 us.
[info]  rtt = 4.544 us.
[info]  rtt = 4.891 us.
[info]  rtt = 4.655 us.
[info]  rtt = 5.265 us.
[info]  rtt = 4.661 us.
[info]  rtt = 4.789 us.
[info]  rtt = 5.144 us.
[info]  rtt = 5.806 us.
[info]  rtt = 5.174 us.
[info]  rtt = 24.887 us.
[info]  rtt = 6.16 us.
[info]  rtt = 10.442 us.
[info]  rtt = 4.532 us.
[info]  rtt = 4.759 us.
[info]  rtt = 4.83 us.
[info]  rtt = 5.077 us.
[info]  rtt = 4.957 us.
[info]  rtt = 4.546 us.
[info]  rtt = 4.585 us.
[info]  rtt = 4.856 us.
[info]  rtt = 5.247 us.
[info]  rtt = 5.485 us.
[info]  rtt = 4.894 us.
[info]  rtt = 5.09 us.
[info]  rtt = 5.182 us.
[info]  rtt = 4.589 us.
[info]  rtt = 4.693 us.
[info]  rtt = 4.62 us.
[info]  rtt = 5.074 us.
[info]  rtt = 4.685 us.
[info]  rtt = 4.587 us.
[info]  rtt = 4.518 us.
[info]  rtt = 4.665 us.
[info]  rtt = 4.691 us.
[info]  rtt = 4.773 us.
[info]  rtt = 4.497 us.
[info]  rtt = 4.595 us.
[info]  rtt = 4.614 us.
[info]  rtt = 4.944 us.
[info]  rtt = 4.714 us.
[info]  rtt = 4.8 us.
[info]  rtt = 4.698 us.
[info]  rtt = 4.47 us.
[info]  rtt = 4.641 us.
[info]  rtt = 4.929 us.
[info]  rtt = 5.038 us.
[info]  rtt = 5.409 us.
[info]  rtt = 4.874 us.
[info]  rtt = 5.601 us.
[info]  rtt = 4.851 us.
[info]  rtt = 5.147 us.
[info]  rtt = 5.264 us.
[info]  rtt = 5.71 us.
[info]  rtt = 4.481 us.
[info]  rtt = 4.557 us.
[info]  rtt = 4.448 us.
[info]  rtt = 5.032 us.
[info]  rtt = 5.093 us.
[info]  rtt = 4.675 us.
[info]  rtt = 4.744 us.
[info]  rtt = 5.836 us.
[info]  rtt = 4.75 us.
[info]  rtt = 4.902 us.
[info]  rtt = 5.06 us.
[info]  rtt = 5.721 us.
[info]  rtt = 4.655 us.
[info]  rtt = 4.606 us.
[info]  rtt = 4.88 us.
[info]  rtt = 4.546 us.
[info]  rtt = 4.662 us.
[info]  rtt = 4.873 us.
[info]  rtt = 4.859 us.
[info]  rtt = 4.621 us.
[info]  rtt = 5.02 us.
[info]  rtt = 5.084 us.
[info]  rtt = 4.998 us.
[info]  rtt = 4.829 us.
[info]  rtt = 25.873 us.
[info]  rtt = 4.735 us.
[info]  rtt = 4.744 us.
[info]  rtt = 5.341 us.
[info]  rtt = 5.068 us.
[info]  rtt = 5.584 us.
[info]  rtt = 4.864 us.
[info]  rtt = 4.997 us.
[info]  rtt = 4.923 us.
[info]  rtt = 4.807 us.
[info]  rtt = 4.908 us.
[info]  rtt = 4.548 us.
[info]  rtt = 4.789 us.
[info]  rtt = 5.003 us.
[info]  rtt = 5.24 us.
[info]  rtt = 5.19 us.
[info]  rtt = 4.666 us.
[info]  rtt = 5.594 us.
[info]  rtt = 5.137 us.
[info]  rtt = 4.715 us.
[info]  rtt = 5.024 us.
[info]  rtt = 4.928 us.
[info]  rtt = 5.377 us.
[info]  rtt = 4.942 us.
[info]  rtt = 5.116 us.
[info]  rtt = 4.914 us.
[info]  rtt = 8.585 us.
[info]  rtt = 4.693 us.
[info]  rtt = 4.547 us.
[info]  rtt = 4.612 us.
[info]  rtt = 4.657 us.
[info]  rtt = 4.598 us.
[info]  rtt = 4.81 us.
[info]  rtt = 5.293 us.
[info]  rtt = 4.709 us.
[info]  rtt = 5.507 us.
[info]  rtt = 5.087 us.
[info]  rtt = 5.368 us.
[info]  rtt = 4.808 us.
[info]  rtt = 9.058 us.
[info]  rtt = 5.077 us.
[info]  rtt = 4.479 us.
[info]  rtt = 4.741 us.
[info]  rtt = 4.756 us.
[info]  rtt = 6.156 us.
[info]  rtt = 5.467 us.
[info]  rtt = 4.677 us.
[info]  rtt = 5.114 us.
[info]  rtt = 4.55 us.
[info]  rtt = 4.741 us.
[info]  rtt = 5.889 us.
[info]  rtt = 4.596 us.
[info]  rtt = 5.323 us.
[info]  rtt = 4.669 us.
[info]  rtt = 5.278 us.
[info]  rtt = 4.726 us.
[info]  rtt = 5.191 us.
[info]  rtt = 5.21 us.
[info]  rtt = 4.715 us.
[info]  rtt = 4.803 us.
[info]  rtt = 4.824 us.
[info]  rtt = 6.395 us.
[info]  rtt = 4.665 us.
[info]  rtt = 5.04 us.
[info]  rtt = 4.858 us.
[info]  rtt = 4.818 us.
[info]  rtt = 4.616 us.
[info]  rtt = 5.641 us.
[info]  rtt = 4.778 us.
[info]  rtt = 4.963 us.
[info]  rtt = 5.281 us.
[info]  rtt = 5.55 us.
[info]  rtt = 5.142 us.
[info]  rtt = 4.846 us.
[info]  rtt = 5.514 us.
[info]  rtt = 5.436 us.
[info]  rtt = 5.032 us.
[info]  rtt = 5.55 us.
[info]  rtt = 5.867 us.
[info]  rtt = 4.61 us.
[info]  rtt = 5.184 us.
[info]  rtt = 4.64 us.
[info]  rtt = 4.493 us.
[info]  rtt = 4.957 us.
[info]  rtt = 5.052 us.
[info]  rtt = 5.286 us.
[info]  rtt = 4.61 us.
[info]  rtt = 5.342 us.
[info]  rtt = 5.517 us.
[info]  rtt = 5.468 us.
[info]  rtt = 4.875 us.
[info]  rtt = 5.209 us.
[info]  rtt = 5.431 us.
[info]  rtt = 5.727 us.
[info]  rtt = 4.587 us.
[info]  rtt = 4.672 us.
[info]  rtt = 5.57 us.
[info]  rtt = 4.494 us.
[info]  rtt = 4.784 us.
[info]  rtt = 5.069 us.
[info]  rtt = 5.069 us.
[info]  rtt = 5.207 us.
[info]  rtt = 4.739 us.
[info]  rtt = 5.815 us.
[info]  rtt = 5.427 us.
[info]  rtt = 5.282 us.
[info]  rtt = 4.639 us.
[info]  rtt = 4.791 us.
[info]  rtt = 4.518 us.
[info]  rtt = 17.963 us.
[info]  rtt = 4.592 us.
[info]  rtt = 5.033 us.
[info]  rtt = 4.586 us.
[info]  rtt = 4.649 us.
[info]  rtt = 4.563 us.
[info]  rtt = 4.673 us.
[info]  rtt = 4.597 us.
[info]  rtt = 4.503 us.
[info]  rtt = 4.981 us.
[info]  rtt = 4.514 us.
[info]  rtt = 5.48 us.
[info]  rtt = 4.782 us.
[info]  rtt = 5.484 us.
[info]  rtt = 5.046 us.
[info]  rtt = 4.964 us.
[info]  rtt = 4.697 us.
[info]  rtt = 4.495 us.
[info]  rtt = 5.242 us.
[info]  rtt = 4.715 us.
[info]  rtt = 5.114 us.
[info]  rtt = 5.384 us.
[info]  rtt = 4.82 us.
[info]  rtt = 4.738 us.
[info]  rtt = 4.687 us.
[info]  rtt = 4.647 us.
[info]  rtt = 5.578 us.
[info]  rtt = 5.018 us.
[info]  rtt = 4.677 us.
[info]  rtt = 4.845 us.
[info]  rtt = 4.852 us.
[info]  rtt = 4.766 us.
[info]  rtt = 5.023 us.
[info]  rtt = 4.549 us.
[info]  rtt = 5.224 us.
[info]  rtt = 5.482 us.
[info]  rtt = 4.496 us.
[info]  rtt = 5.102 us.
[info]  rtt = 4.951 us.
[info]  rtt = 4.779 us.
[info]  rtt = 4.726 us.
[info]  rtt = 4.546 us.
[info]  rtt = 5.569 us.
[info]  rtt = 5.572 us.
[info]  rtt = 4.649 us.
[info]  rtt = 4.625 us.
[info]  rtt = 4.668 us.
[info]  rtt = 4.643 us.
[info]  rtt = 4.756 us.
[info]  rtt = 4.738 us.
[info]  rtt = 4.526 us.
[info]  rtt = 5.19 us.
[info]  rtt = 4.565 us.
[info]  rtt = 4.632 us.
[info]  rtt = 5.007 us.
[info]  rtt = 4.747 us.
[info]  rtt = 4.995 us.
[info]  rtt = 5.134 us.
[info]  rtt = 5.752 us.
[info]  rtt = 5.392 us.
[info]  rtt = 4.55 us.
[info]  rtt = 5.188 us.
[info]  rtt = 5.453 us.
[info]  rtt = 5.736 us.
[info]  rtt = 4.908 us.
[info]  rtt = 4.847 us.
[info]  rtt = 4.951 us.
[info]  rtt = 4.968 us.
[info]  rtt = 4.704 us.
[info]  rtt = 4.946 us.
[info]  rtt = 4.92 us.
[info]  rtt = 42.661 us.
[info]  rtt = 4.59 us.
[info]  rtt = 4.56 us.
[info]  rtt = 4.828 us.
[info]  rtt = 5.197 us.
[info]  rtt = 4.897 us.
[info]  rtt = 5.75 us.
[info]  rtt = 4.841 us.
[info]  rtt = 4.621 us.
[info]  rtt = 4.88 us.
[info]  rtt = 4.801 us.
[info]  rtt = 19.367 us.
[info]  rtt = 4.556 us.
[info]  rtt = 5.461 us.
[info]  rtt = 5.251 us.
[info]  rtt = 5.074 us.
[info]  rtt = 4.875 us.
[info]  rtt = 4.941 us.
[info]  rtt = 5.246 us.
[info]  rtt = 6.34 us.
[info]  rtt = 5.475 us.
[info]  rtt = 5.037 us.
[info]  rtt = 6.081 us.
[info]  rtt = 4.913 us.
[info]  rtt = 5.616 us.
[info]  rtt = 4.772 us.
[info]  rtt = 4.835 us.
[info]  rtt = 5.4 us.
[info]  rtt = 7.058 us.
[info]  rtt = 4.822 us.
[info]  rtt = 4.747 us.
[info]  rtt = 4.469 us.
[info]  rtt = 5.03 us.
[info]  rtt = 5.118 us.
[info]  rtt = 4.483 us.
[info]  rtt = 4.589 us.
[info]  rtt = 4.77 us.
[info]  rtt = 4.991 us.
[info]  rtt = 5.311 us.
[info]  rtt = 4.778 us.
[info]  rtt = 5 us.
[info]  rtt = 5.297 us.
[info]  rtt = 4.747 us.
[info]  rtt = 4.704 us.
[info]  rtt = 5.916 us.
[info]  rtt = 76.983 us.
[info]  rtt = 4.855 us.
[info]  rtt = 5.564 us.
[info]  rtt = 6.063 us.
[info]  rtt = 5.143 us.
[info]  rtt = 5.052 us.
[info]  rtt = 5.566 us.
[info]  rtt = 4.519 us.
[info]  rtt = 4.766 us.
[info]  rtt = 4.609 us.
[info]  rtt = 4.535 us.
[info]  rtt = 4.816 us.
[info]  rtt = 5.139 us.
[info]  rtt = 4.553 us.
[info]  rtt = 5.467 us.
[info]  rtt = 5.117 us.
[info]  rtt = 5.698 us.
[info]  rtt = 5.206 us.
[info]  rtt = 4.558 us.
[info]  rtt = 4.801 us.
[info]  rtt = 4.61 us.
[info]  rtt = 4.516 us.
[info]  rtt = 4.798 us.
[info]  rtt = 5.069 us.
[info]  rtt = 5.314 us.
[info]  rtt = 5.598 us.
[info]  rtt = 4.973 us.
[info]  rtt = 5.032 us.
[info]  rtt = 5.483 us.
[info]  rtt = 5.136 us.
[info]  rtt = 4.762 us.
[info]  rtt = 4.755 us.
[info]  rtt = 4.883 us.
[info]  rtt = 5.036 us.
[info]  rtt = 4.654 us.
[info]  rtt = 4.716 us.
[info]  rtt = 5.025 us.
[info]  rtt = 5.249 us.
[info]  rtt = 6.346 us.
[info]  rtt = 4.41 us.
[info]  rtt = 4.571 us.
[info]  rtt = 4.556 us.
[info]  rtt = 4.502 us.
[info]  rtt = 4.787 us.
[info]  rtt = 5.414 us.
[info]  rtt = 5.051 us.
[info]  rtt = 4.704 us.
[info]  rtt = 5.444 us.
[info]  rtt = 4.71 us.
[info]  rtt = 4.66 us.
[info]  rtt = 5.133 us.
[info]  rtt = 5.568 us.
[info]  rtt = 4.503 us.
[info]  rtt = 4.684 us.
[info]  rtt = 4.852 us.
[info]  rtt = 5.022 us.
[info]  rtt = 4.658 us.
[info]  rtt = 4.909 us.
[info]  rtt = 4.779 us.
[info]  rtt = 4.735 us.
[info]  rtt = 4.694 us.
[info]  rtt = 4.636 us.
[info]  rtt = 4.947 us.
[info]  rtt = 4.666 us.
[info]  rtt = 4.791 us.
[info]  rtt = 6.247 us.
[info]  rtt = 5.854 us.
[info]  rtt = 5.076 us.
[info]  rtt = 4.663 us.
[info]  rtt = 5.514 us.
[info]  rtt = 5.139 us.
[info]  rtt = 5.108 us.
[info]  rtt = 5.314 us.
[info]  rtt = 5.074 us.
[info]  rtt = 5.556 us.
[info]  rtt = 4.717 us.
[info]  rtt = 5.617 us.
[info]  rtt = 4.826 us.
[info]  rtt = 4.656 us.
[info]  rtt = 5.239 us.
[info]  rtt = 4.75 us.
[info]  rtt = 5.551 us.
[info]  rtt = 5.839 us.
[info]  rtt = 5.147 us.
[info]  rtt = 5.196 us.
[info]  rtt = 5.749 us.
[info]  rtt = 33.269 us.
[info]  rtt = 4.84 us.
[info]  rtt = 4.802 us.
[info]  rtt = 4.605 us.
[info]  rtt = 4.604 us.
[info]  rtt = 5.329 us.
[info]  rtt = 5.227 us.
[info]  rtt = 5.255 us.
[info]  rtt = 5.629 us.
[info]  rtt = 5.755 us.
[info]  rtt = 5.133 us.
[info]  rtt = 4.817 us.
[info]  rtt = 15.632 us.
[info]  rtt = 4.573 us.
[info]  rtt = 5.35 us.
[info]  rtt = 4.873 us.
[info]  rtt = 5.273 us.
[info]  rtt = 5.646 us.
[info]  rtt = 4.995 us.
[info]  rtt = 5.111 us.
[info]  rtt = 4.92 us.
[info]  rtt = 4.528 us.
[info]  rtt = 4.663 us.
[info]  rtt = 4.523 us.
[info]  rtt = 5.074 us.
[info]  rtt = 4.851 us.
[info]  rtt = 5.175 us.
[info]  rtt = 5.102 us.
[info]  rtt = 5.082 us.
[info]  rtt = 5.419 us.
[info]  rtt = 4.557 us.
[info]  rtt = 4.694 us.
[info]  rtt = 5.131 us.
[info]  rtt = 4.839 us.
[info]  rtt = 4.888 us.
[info]  rtt = 5.047 us.
[info]  rtt = 4.919 us.
[info]  rtt = 5.351 us.
[info]  rtt = 4.95 us.
[info]  rtt = 4.704 us.
[info]  rtt = 4.986 us.
[info]  rtt = 4.857 us.
[info]  rtt = 4.448 us.
[info]  rtt = 4.9 us.
[info]  rtt = 4.605 us.
[info]  rtt = 5.872 us.
[info]  rtt = 4.779 us.
[info]  rtt = 5.421 us.
[info]  rtt = 5.383 us.
[info]  rtt = 5.353 us.
[info]  rtt = 4.849 us.
[info]  rtt = 5.334 us.
[info]  rtt = 4.826 us.
[info]  rtt = 5.149 us.
[info]  rtt = 4.742 us.
[info]  rtt = 5.066 us.
[info]  rtt = 4.593 us.
[info]  rtt = 5.274 us.
[info]  rtt = 5.019 us.
[info]  rtt = 4.664 us.
[info]  rtt = 4.862 us.
[info]  rtt = 4.579 us.
[info]  rtt = 4.556 us.
[info]  rtt = 4.714 us.
[info]  rtt = 5.323 us.
[info]  rtt = 4.974 us.
[info]  rtt = 4.612 us.
[info]  rtt = 5.275 us.
[info]  rtt = 4.98 us.
[info]  rtt = 4.783 us.
[info]  rtt = 4.906 us.
[info]  rtt = 6.398 us.
[info]  rtt = 5.575 us.
[info]  rtt = 4.993 us.
[info]  rtt = 5.503 us.
[info]  rtt = 5.068 us.
[info]  rtt = 5.82 us.
[info]  rtt = 5.716 us.
[info]  rtt = 5.311 us.
[info]  rtt = 4.775 us.
[info]  rtt = 5.71 us.
[info]  rtt = 5.06 us.
[info]  rtt = 5.082 us.
[info]  rtt = 4.719 us.
[info]  rtt = 4.803 us.
[info]  rtt = 5.174 us.
[info]  rtt = 5.011 us.
[info]  rtt = 4.951 us.
[info]  rtt = 5.092 us.
[info]  rtt = 4.544 us.
[info]  rtt = 5.465 us.
[info]  rtt = 4.805 us.
[info]  rtt = 4.631 us.
[info]  rtt = 4.588 us.
[info]  rtt = 4.618 us.
[info]  rtt = 4.552 us.
[info]  rtt = 4.834 us.
[info]  rtt = 4.634 us.
[info]  rtt = 4.676 us.
[info]  rtt = 4.741 us.
[info]  rtt = 5.122 us.
[info]  rtt = 5.402 us.
[info]  rtt = 5.052 us.
[info]  rtt = 4.48 us.
[info]  rtt = 5.188 us.
[info]  rtt = 5.17 us.
[info]  rtt = 5.023 us.
[info]  rtt = 5.457 us.
[info]  rtt = 5.064 us.
[info]  rtt = 5.185 us.
[info]  rtt = 4.72 us.
[info]  rtt = 5.017 us.
[info]  rtt = 5.019 us.
[info]  rtt = 4.428 us.
[info]  rtt = 9.271 us.
[info]  rtt = 4.405 us.
[info]  rtt = 5.134 us.
[info]  rtt = 6.334 us.
[info]  rtt = 4.566 us.
[info]  rtt = 4.602 us.
[info]  rtt = 4.974 us.
[info]  rtt = 5.252 us.
[info]  rtt = 5.107 us.
[info]  rtt = 4.626 us.
[info]  rtt = 5.062 us.
[info]  rtt = 4.689 us.
[info]  rtt = 5.532 us.
[info]  rtt = 5.36 us.
[info]  rtt = 5.583 us.
[info]  rtt = 5.517 us.
[info]  rtt = 5.411 us.
[info]  rtt = 5.547 us.
[info]  rtt = 4.726 us.
[info]  rtt = 4.494 us.
[info]  rtt = 4.643 us.
[info]  rtt = 4.994 us.
[info]  rtt = 4.653 us.
[info]  rtt = 4.998 us.
[info]  rtt = 4.509 us.
[info]  rtt = 4.899 us.
[info]  rtt = 5.188 us.
[info]  rtt = 5.312 us.
[info]  rtt = 4.838 us.
[info]  rtt = 4.552 us.
[info]  rtt = 6.01 us.
[info]  rtt = 4.6 us.
[info]  rtt = 5.297 us.
[info]  rtt = 4.973 us.
[info]  rtt = 4.804 us.
[info]  rtt = 5.23 us.
[info]  rtt = 5.436 us.
[info]  rtt = 5.35 us.
[info]  rtt = 5.448 us.
[info]  rtt = 5.827 us.
[info]  rtt = 38.058 us.
[info]  rtt = 4.616 us.
[info]  rtt = 4.606 us.
[info]  rtt = 5.009 us.
[info]  rtt = 5.092 us.
[info]  rtt = 5.232 us.
[info]  rtt = 4.567 us.
[info]  rtt = 4.615 us.
[info]  rtt = 4.692 us.
[info]  rtt = 4.825 us.
[info]  rtt = 4.965 us.
[info]  rtt = 5.083 us.
[info]  rtt = 5.033 us.
[info]  rtt = 4.943 us.
[info]  rtt = 5.132 us.
[info]  rtt = 4.514 us.
[info]  rtt = 4.782 us.
[info]  rtt = 4.705 us.
[info]  rtt = 5.027 us.
[info]  rtt = 4.727 us.
[info]  rtt = 4.971 us.
[info]  rtt = 5.382 us.
[info]  rtt = 5.942 us.
[info]  rtt = 5.192 us.
[info]  rtt = 5.107 us.
[info]  rtt = 5.692 us.
[info]  rtt = 4.729 us.
[info]  rtt = 4.441 us.
[info]  rtt = 5.162 us.
[info]  rtt = 5.558 us.
[info]  rtt = 4.716 us.
[info]  rtt = 5.278 us.
[info]  rtt = 4.673 us.
[info]  rtt = 4.598 us.
[info]  rtt = 4.831 us.
[info]  rtt = 4.878 us.
[info]  rtt = 4.837 us.
[info]  rtt = 4.746 us.
[info]  rtt = 5.249 us.
[info]  rtt = 5.214 us.
[info]  rtt = 4.743 us.
[info]  rtt = 5.042 us.
[info]  rtt = 5.22 us.
[info]  rtt = 5.252 us.
[info]  rtt = 4.691 us.
[info]  rtt = 4.879 us.
[info]  rtt = 4.788 us.
[info]  rtt = 5.233 us.
[info]  rtt = 5.392 us.
[info]  rtt = 5.396 us.
[info]  rtt = 4.762 us.
[info]  rtt = 5.197 us.
[info]  rtt = 4.552 us.
[info]  rtt = 5.038 us.
[info]  rtt = 6.343 us.
[info]  rtt = 5.065 us.
[info]  rtt = 5.857 us.
[info]  rtt = 5.329 us.
[info]  rtt = 4.62 us.
[info]  rtt = 4.743 us.
[info]  rtt = 17.884 us.
[info]  rtt = 4.681 us.
[info]  rtt = 4.599 us.
[info]  rtt = 5.008 us.
[info]  rtt = 4.476 us.
[info]  rtt = 4.77 us.
[info]  rtt = 5.203 us.
[info]  rtt = 5.112 us.
[info]  rtt = 5.772 us.
[info]  rtt = 4.893 us.
[info]  rtt = 4.49 us.
[info]  rtt = 4.575 us.
[info]  rtt = 5.233 us.
[info]  rtt = 4.808 us.
[info]  rtt = 5.18 us.
[info]  rtt = 4.755 us.
[info]  rtt = 5.109 us.
[info]  rtt = 5.157 us.
[info]  rtt = 4.88 us.
[info]  rtt = 5.624 us.
[info]  rtt = 4.701 us.
[info]  rtt = 4.579 us.
[info]  rtt = 4.923 us.
[info]  rtt = 4.592 us.
[info]  rtt = 4.756 us.
[info]  rtt = 5.834 us.
[info]  rtt = 5.985 us.
[info]  rtt = 5.307 us.
[info]  rtt = 5.161 us.
[info]  rtt = 5.554 us.
[info]  rtt = 4.825 us.
[info]  rtt = 4.578 us.
[info]  rtt = 4.649 us.
[info]  rtt = 5.227 us.
[info]  rtt = 4.68 us.
[info]  rtt = 4.759 us.
[info]  rtt = 4.771 us.
[info]  rtt = 5.222 us.
[info]  rtt = 4.693 us.
[info]  rtt = 4.644 us.
[info]  rtt = 4.504 us.
[info]  rtt = 5.114 us.
[info]  rtt = 4.384 us.
[info]  rtt = 5.794 us.
[info]  rtt = 5.556 us.
[info]  rtt = 5.896 us.
[info]  rtt = 4.503 us.
[info]  rtt = 4.666 us.
[info]  rtt = 4.812 us.
[info]  rtt = 5.176 us.
[info]  rtt = 4.704 us.
[info]  rtt = 14.826 us.
[info]  rtt = 5.157 us.
[info]  rtt = 5.171 us.
[info]  rtt = 5.667 us.
[info]  rtt = 4.743 us.
[info]  rtt = 5.332 us.
[info]  rtt = 5.671 us.
[info]  rtt = 5.54 us.
[info]  rtt = 5.516 us.
[info]  rtt = 5.26 us.
[info]  rtt = 4.895 us.
[info]  rtt = 5.332 us.
[info]  rtt = 4.812 us.
[info]  rtt = 4.977 us.
[info]  rtt = 5.623 us.
[info]  rtt = 5.509 us.
[info]  rtt = 4.596 us.
[info]  rtt = 4.638 us.
[info]  rtt = 5.063 us.
[info]  rtt = 4.817 us.
[info]  rtt = 4.612 us.
[info]  rtt = 4.748 us.
[info]  rtt = 6.159 us.
[info]  rtt = 4.544 us.
[info]  rtt = 4.629 us.
[info]  rtt = 4.615 us.
[info]  rtt = 4.973 us.
[info]  rtt = 5.182 us.
[info]  rtt = 5.163 us.
[info]  rtt = 4.776 us.
[info]  rtt = 4.76 us.
[info]  rtt = 4.825 us.
[info]  rtt = 4.788 us.
[info]  rtt = 4.769 us.
[info]  rtt = 4.839 us.
[info]  rtt = 5.446 us.
[info]  rtt = 4.783 us.
[info]  rtt = 4.896 us.
[info]  rtt = 5.374 us.
[info]  rtt = 5.672 us.
[info]  rtt = 4.817 us.
[info]  rtt = 4.67 us.
[info]  rtt = 4.678 us.
[info]  rtt = 5.156 us.
[info]  rtt = 5.012 us.
[info]  rtt = 4.913 us.
[info]  rtt = 5.35 us.
[info]  rtt = 5.162 us.
[info]  rtt = 5.037 us.
[info]  rtt = 6.019 us.
[info]  rtt = 5.111 us.
[info]  rtt = 4.813 us.
[info]  rtt = 4.719 us.
[info]  rtt = 4.451 us.
[info]  rtt = 4.603 us.
[info]  rtt = 5.226 us.
[info]  rtt = 5.039 us.
[info]  rtt = 4.887 us.
[info]  rtt = 4.654 us.
[info]  rtt = 4.955 us.
[info]  rtt = 4.521 us.
[info]  rtt = 5.062 us.
[info]  rtt = 5.104 us.
[info]  rtt = 5.143 us.
[info]  rtt = 4.925 us.
[info]  rtt = 4.651 us.
[info]  rtt = 5.985 us.
[info]  rtt = 4.621 us.
[info]  rtt = 4.999 us.
[info]  rtt = 4.501 us.
[info]  rtt = 5.677 us.
[info]  rtt = 5.79 us.
[info]  rtt = 4.796 us.
[info]  rtt = 4.531 us.
[info]  rtt = 4.98 us.
[info]  rtt = 4.605 us.
[info]  rtt = 4.867 us.
[info]  rtt = 4.9 us.
[info]  rtt = 4.97 us.
[info]  rtt = 5.655 us.
[info]  rtt = 5.341 us.
[info]  rtt = 6.037 us.
[info]  rtt = 5.019 us.
[info]  rtt = 4.697 us.
[info]  rtt = 5.416 us.
[info]  rtt = 4.78 us.
[info]  rtt = 5.107 us.
[info]  rtt = 54.037 us.
[info]  rtt = 5.356 us.
[info]  rtt = 5.316 us.
[info]  rtt = 4.695 us.
[info]  rtt = 5.162 us.
[info]  rtt = 4.484 us.
[info]  rtt = 5.061 us.
[info]  rtt = 4.846 us.
[info]  rtt = 4.798 us.
[info]  rtt = 4.85 us.
[info]  rtt = 4.548 us.
[info]  rtt = 4.834 us.
[info]  rtt = 5.252 us.
[info]  rtt = 5.365 us.
[info]  rtt = 5.166 us.
[info]  rtt = 5.959 us.
[info]  rtt = 10.532 us.
[info]  rtt = 4.44 us.
[info]  rtt = 4.667 us.
[info]  rtt = 4.881 us.
[info]  rtt = 4.626 us.
[info]  rtt = 5.496 us.
[info]  rtt = 4.913 us.
[info]  rtt = 5.261 us.
[info]  rtt = 4.986 us.
[info]  rtt = 4.746 us.
[info]  rtt = 4.735 us.
[info]  rtt = 4.523 us.
[info]  rtt = 4.778 us.
[info]  rtt = 4.781 us.
[info]  rtt = 4.764 us.
[info]  rtt = 4.464 us.
[info]  rtt = 5.683 us.
[info]  rtt = 4.665 us.
[info]  rtt = 5.642 us.
[info]  rtt = 4.766 us.
[info]  rtt = 4.853 us.
[info]  rtt = 4.793 us.
[info]  rtt = 5.794 us.
[info]  rtt = 4.674 us.
[info]  rtt = 5.133 us.
[info]  rtt = 5.108 us.
[info]  rtt = 5.174 us.
[info]  rtt = 4.822 us.
[info]  rtt = 5.655 us.
[info]  rtt = 5.075 us.
[info]  rtt = 9.657 us.
[info]  rtt = 5.11 us.
[info]  rtt = 5.707 us.
[info]  rtt = 4.756 us.
[info]  rtt = 5.099 us.
[info]  rtt = 5.137 us.
[info]  rtt = 23.887 us.
[info]  rtt = 6.006 us.
[info]  rtt = 5.082 us.
[info]  rtt = 4.58 us.
[info]  rtt = 4.514 us.
[info]  rtt = 5.365 us.
[info]  rtt = 4.682 us.
[info]  rtt = 4.787 us.
[info]  rtt = 4.59 us.
[info]  rtt = 5.072 us.
[info]  rtt = 5.331 us.
[info]  rtt = 4.652 us.
[info]  rtt = 4.881 us.
[info]  rtt = 4.373 us.
[info]  rtt = 4.788 us.
[info]  rtt = 5.072 us.
[info]  rtt = 4.772 us.
[info]  rtt = 4.993 us.
[info]  rtt = 4.768 us.
[info]  rtt = 4.941 us.
[info]  rtt = 4.941 us.
[info]  average: 5.40532 us. median: 4.9505 us. mode: 4.704000 us. min: 4.373 us. max: 76.983 us. per 1024 samples, packet size: 140 bytes / payload size: 98 bytes 
[debug]  
	Total number of successfully received packets: 1216
	Total number of successfully transmitted packets: 1209
	Total number of successfully received bytes: 171654
	Total number of successfully transmitted bytes: 169260
	missed : 0 from : 1216 - 0%
	Total number of erroneous received packets: 0
	Total number of failed transmitted packets: 0
	Total number of Rx mbuf allocation failures: 0
		0 Total number of queue Rx packets : 1216
		0 Total number of successfully received queue bytes : 171654
		0 Total number of queue packets received that are dropped : 0
		0 Total number of queue Tx packets : 1209
		0 Total number of successfully transmitted queue bytes : 169260
