[debug]  Ethernet 3
	40:A6:B7:96:E7:A0
	169.254.235.255
[debug]  Ethernet 4
	40:A6:B7:96:E7:A1
	169.254.221.93
[debug]  Ethernet
	08:BF:B8:05:53:90
	192.168.11.1
[debug]  Ethernet 2
	08:BF:B8:05:53:91
	192.168.50.213
[debug]  Ethernet 13
	B8:CE:F6:8C:E3:B5
	169.254.32.51
[debug]  Ethernet 16
	B8:CE:F6:8C:E3:B4
	169.254.46.31
[debug]  Ethernet 17
	EC:0D:9A:98:B2:D2
	169.254.97.70
[debug]  Ethernet 18
	EC:0D:9A:98:B2:D3
	169.254.55.156
[debug]  Ethernet 19
	00:0F:53:63:4C:E1
	169.254.104.96
[debug]  Ethernet 20
	00:0F:53:63:4C:E0
	169.254.247.237
[debug]  Ethernet 12
	CA:FE:01:CA:FE:02
	169.254.180.167
[debug]  Local Area Connection* 1
	02:13:EF:50:0A:9C
	169.254.103.194
[debug]  Local Area Connection* 2
	00:13:EF:50:0A:9C
	169.254.189.150
[debug]  Wi-Fi
	00:13:EF:50:0A:9C
	192.168.8.144
[debug]  Loopback Pseudo-Interface 1
	127.0.0.1
[debug]  Ethernet 18 (mlx5_pci) port: 0 - EC:0D:9A:98:B2:D3[169.254.55.156]
{
	svc_tx_n : 1
	rx_flow_queues : 0
	next_src_port : 5000 (0x1388)
	rx_reconfig_hint : 65000 (0xfde8)
	clock_hz : 156250449 (0x9503151)
	info : {
		min_mtu : 46 (0x2e)
		max_mtu : 65535 (0xffff)
		min_rx_bufsize : 32 (0x20)
		max_rx_bufsize : 4294967295 (0xffffffff)
		max_rx_pktlen : 65536 (0x10000)
		max_lro_pkt_size : 65280 (0xff00)
		max_rx_queues : 1024 (0x400)
		max_tx_queues : 1024 (0x400)
		max_mac_addrs : 128 (0x80)
		max_hash_mac_addrs : 0
		max_vfs : 0
		max_vmdq_pools : 0
		rx_offload_capa : 19620f:RTE_ETH_RX_OFFLOAD_VLAN_STRIP|RTE_ETH_RX_OFFLOAD_IPV4_CKSUM|RTE_ETH_RX_OFFLOAD_UDP_CKSUM|RTE_ETH_RX_OFFLOAD_TCP_CKSUM|RTE_ETH_RX_OFFLOAD_VLAN_FILTER|RTE_ETH_RX_OFFLOAD_SCATTER|RTE_ETH_RX_OFFLOAD_TIMESTAMP|RTE_ETH_RX_OFFLOAD_KEEP_CRC|RTE_ETH_RX_OFFLOAD_RSS_HASH|RTE_ETH_RX_OFFLOAD_BUFFER_SPLIT
		tx_offload_capa : d96af:RTE_ETH_TX_OFFLOAD_VLAN_INSERT|RTE_ETH_TX_OFFLOAD_IPV4_CKSUM|RTE_ETH_TX_OFFLOAD_UDP_CKSUM|RTE_ETH_TX_OFFLOAD_TCP_CKSUM|RTE_ETH_TX_OFFLOAD_TCP_TSO|RTE_ETH_TX_OFFLOAD_OUTER_IPV4_CKSUM|RTE_ETH_TX_OFFLOAD_VXLAN_TNL_TSO|RTE_ETH_TX_OFFLOAD_GRE_TNL_TSO|RTE_ETH_TX_OFFLOAD_GENEVE_TNL_TSO|RTE_ETH_TX_OFFLOAD_MULTI_SEGS|RTE_ETH_TX_OFFLOAD_MBUF_FAST_FREE|RTE_ETH_TX_OFFLOAD_UDP_TNL_TSO|RTE_ETH_TX_OFFLOAD_IP_TNL_TSO
		rx_queue_offload_capa : 19600f:RTE_ETH_RX_OFFLOAD_VLAN_STRIP|RTE_ETH_RX_OFFLOAD_IPV4_CKSUM|RTE_ETH_RX_OFFLOAD_UDP_CKSUM|RTE_ETH_RX_OFFLOAD_TCP_CKSUM|RTE_ETH_RX_OFFLOAD_SCATTER|RTE_ETH_RX_OFFLOAD_TIMESTAMP|RTE_ETH_RX_OFFLOAD_KEEP_CRC|RTE_ETH_RX_OFFLOAD_RSS_HASH|RTE_ETH_RX_OFFLOAD_BUFFER_SPLIT
		tx_queue_offload_capa : 0
		reta_size : 512 (0x200)
		rss_algo_capa : 1
		flow_type_rss_offloads : 134459324 (0x803afbc)
		default_rxconf : {
			rx_thresh : {
				pthresh : 0
				hthresh : 0
				wthresh : 0
			}
			rx_free_thresh : 0
			rx_drop_en : 0
			rx_deferred_start : 0
			rx_nseg : 0
			share_group : 0
			share_qid : 0
			offloads : 0
			rx_nmempool : 0
		}
		default_txconf : {
			tx_thresh : {
				pthresh : 0
				hthresh : 0
				wthresh : 0
			}
			tx_rs_thresh : 0
			tx_free_thresh : 0
			tx_deferred_start : 0
			offloads : 0
		}
		vmdq_queue_base : 0
		vmdq_queue_num : 0
		vmdq_pool_base : 0
		rx_desc_lim : {
			nb_max : 32768 (0x8000)
			nb_min : 0
			nb_align : 1
			nb_seg_max : 65535 (0xffff)
			nb_mtu_seg_max : 65535 (0xffff)
		}
		tx_desc_lim : {
			nb_max : 32768 (0x8000)
			nb_min : 0
			nb_align : 1
			nb_seg_max : 40 (0x28)
			nb_mtu_seg_max : 40 (0x28)
		}
		speed_capa : 0
		nb_rx_queues : 0
		nb_tx_queues : 0
		default_rxportconf : {
			burst_size : 1
			ring_size : 256 (0x100)
			nb_queues : 1
		}
		default_txportconf : {
			burst_size : 1
			ring_size : 256 (0x100)
			nb_queues : 1
		}
		dev_capa : 20 (0x14)
	}
	effective_offload : {
		rx : 19620f:RTE_ETH_RX_OFFLOAD_VLAN_STRIP|RTE_ETH_RX_OFFLOAD_IPV4_CKSUM|RTE_ETH_RX_OFFLOAD_UDP_CKSUM|RTE_ETH_RX_OFFLOAD_TCP_CKSUM|RTE_ETH_RX_OFFLOAD_VLAN_FILTER|RTE_ETH_RX_OFFLOAD_SCATTER|RTE_ETH_RX_OFFLOAD_TIMESTAMP|RTE_ETH_RX_OFFLOAD_KEEP_CRC|RTE_ETH_RX_OFFLOAD_RSS_HASH|RTE_ETH_RX_OFFLOAD_BUFFER_SPLIT
		tx : d96af:RTE_ETH_TX_OFFLOAD_VLAN_INSERT|RTE_ETH_TX_OFFLOAD_IPV4_CKSUM|RTE_ETH_TX_OFFLOAD_UDP_CKSUM|RTE_ETH_TX_OFFLOAD_TCP_CKSUM|RTE_ETH_TX_OFFLOAD_TCP_TSO|RTE_ETH_TX_OFFLOAD_OUTER_IPV4_CKSUM|RTE_ETH_TX_OFFLOAD_VXLAN_TNL_TSO|RTE_ETH_TX_OFFLOAD_GRE_TNL_TSO|RTE_ETH_TX_OFFLOAD_GENEVE_TNL_TSO|RTE_ETH_TX_OFFLOAD_MULTI_SEGS|RTE_ETH_TX_OFFLOAD_MBUF_FAST_FREE|RTE_ETH_TX_OFFLOAD_UDP_TNL_TSO|RTE_ETH_TX_OFFLOAD_IP_TNL_TSO
	}
	tx_rings : 65535 (0xffff)
	rx_meta_features : 3:RTE_ETH_RX_METADATA_USER_FLAG|RTE_ETH_RX_METADATA_USER_MARK
	features : 0000000000000000000000000000000000000000000000000000000000000110
}	will run on socket 0 - 11 cores : [26 17 18 19 20 21 22 23 24 25 16 ]
[debug]  Ethernet 18 port: 0 - requested offloads : 19620f:RTE_ETH_RX_OFFLOAD_VLAN_STRIP|RTE_ETH_RX_OFFLOAD_IPV4_CKSUM|RTE_ETH_RX_OFFLOAD_UDP_CKSUM|RTE_ETH_RX_OFFLOAD_TCP_CKSUM|RTE_ETH_RX_OFFLOAD_VLAN_FILTER|RTE_ETH_RX_OFFLOAD_SCATTER|RTE_ETH_RX_OFFLOAD_TIMESTAMP|RTE_ETH_RX_OFFLOAD_KEEP_CRC|RTE_ETH_RX_OFFLOAD_RSS_HASH|RTE_ETH_RX_OFFLOAD_BUFFER_SPLIT
[debug]  clock frequency 156250449 hz (byte swap)
[debug]  port 0 : 169.254.55.156 - link speed 25 Gbps
[debug]  starting up 1 rx queue(s)...
[info]  192.168.13.31 : EC:0D:9A:98:B2:D2
[debug]  creating sockperf packets memory pool : 2048 cache_size : 16
[info]  warming up...
[info]  performing latency test ...
[info]  rtt = 6.134 us.
[info]  rtt = 5.873 us.
[info]  rtt = 5.843 us.
[info]  rtt = 6.413 us.
[info]  rtt = 6.133 us.
[info]  rtt = 6.646 us.
[info]  rtt = 6.111 us.
[info]  rtt = 5.988 us.
[info]  rtt = 5.995 us.
[info]  rtt = 6.197 us.
[info]  rtt = 5.935 us.
[info]  rtt = 6.324 us.
[info]  rtt = 6.999 us.
[info]  rtt = 8.08 us.
[info]  rtt = 7.948 us.
[info]  rtt = 6.19 us.
[info]  rtt = 5.921 us.
[info]  rtt = 6.792 us.
[info]  rtt = 6.004 us.
[info]  rtt = 6.256 us.
[info]  rtt = 6.546 us.
[info]  rtt = 5.967 us.
[info]  rtt = 6.385 us.
[info]  rtt = 6.03 us.
[info]  rtt = 7.192 us.
[info]  rtt = 6.283 us.
[info]  rtt = 6.193 us.
[info]  rtt = 6.777 us.
[info]  rtt = 6.511 us.
[info]  rtt = 6.864 us.
[info]  rtt = 6.244 us.
[info]  rtt = 6.625 us.
[info]  rtt = 6.147 us.
[info]  rtt = 6.463 us.
[info]  rtt = 6.81 us.
[info]  rtt = 6.227 us.
[info]  rtt = 6.54 us.
[info]  rtt = 6.178 us.
[info]  rtt = 6.194 us.
[info]  rtt = 6.066 us.
[info]  rtt = 6.78 us.
[info]  rtt = 6.459 us.
[info]  rtt = 7.94 us.
[info]  rtt = 6.096 us.
[info]  rtt = 6.051 us.
[info]  rtt = 6.459 us.
[info]  rtt = 6.819 us.
[info]  rtt = 6.643 us.
[info]  rtt = 6.544 us.
[info]  rtt = 6.174 us.
[info]  rtt = 6.991 us.
[info]  rtt = 6.342 us.
[info]  rtt = 6.953 us.
[info]  rtt = 6.45 us.
[info]  rtt = 6.95 us.
[info]  rtt = 7.12 us.
[info]  rtt = 6.198 us.
[info]  rtt = 6.326 us.
[info]  rtt = 6.424 us.
[info]  rtt = 6.54 us.
[info]  rtt = 6.182 us.
[info]  rtt = 6.825 us.
[info]  rtt = 6.538 us.
[info]  rtt = 6.971 us.
[info]  rtt = 6.845 us.
[info]  rtt = 7.262 us.
[info]  rtt = 6.887 us.
[info]  rtt = 6.707 us.
[info]  rtt = 7.558 us.
[info]  rtt = 6.023 us.
[info]  rtt = 6.557 us.
[info]  rtt = 6.927 us.
[info]  rtt = 6.35 us.
[info]  rtt = 7.128 us.
[info]  rtt = 6.459 us.
[info]  rtt = 6.149 us.
[info]  rtt = 6.476 us.
[info]  rtt = 6.583 us.
[info]  rtt = 21.018 us.
[info]  rtt = 7.061 us.
[info]  rtt = 7.19 us.
[info]  rtt = 6.904 us.
[info]  rtt = 6.89 us.
[info]  rtt = 6.191 us.
[info]  rtt = 7.065 us.
[info]  rtt = 6.918 us.
[info]  rtt = 6.226 us.
[info]  rtt = 6.605 us.
[info]  rtt = 6.531 us.
[info]  rtt = 6.269 us.
[info]  rtt = 6.41 us.
[info]  rtt = 6.249 us.
[info]  rtt = 6.275 us.
[info]  rtt = 6.244 us.
[info]  rtt = 6.187 us.
[info]  rtt = 6.465 us.
[info]  rtt = 6.969 us.
[info]  rtt = 6.197 us.
[info]  rtt = 6.268 us.
[info]  rtt = 13.251 us.
[info]  rtt = 6.597 us.
[info]  rtt = 6.805 us.
[info]  rtt = 6.837 us.
[info]  rtt = 15.73 us.
[info]  rtt = 6.928 us.
[info]  rtt = 6.109 us.
[info]  rtt = 6.536 us.
[info]  rtt = 6.336 us.
[info]  rtt = 6.513 us.
[info]  rtt = 6.683 us.
[info]  rtt = 7.139 us.
[info]  rtt = 7.231 us.
[info]  rtt = 6.463 us.
[info]  rtt = 6.336 us.
[info]  rtt = 6.966 us.
[info]  rtt = 6.632 us.
[info]  rtt = 7.434 us.
[info]  rtt = 6.897 us.
[info]  rtt = 6.956 us.
[info]  rtt = 6.78 us.
[info]  rtt = 7.055 us.
[info]  rtt = 6.502 us.
[info]  rtt = 6.461 us.
[info]  rtt = 6.687 us.
[info]  rtt = 7.226 us.
[info]  rtt = 7.74 us.
[info]  rtt = 5.936 us.
[info]  rtt = 6.948 us.
[info]  rtt = 6.803 us.
[info]  rtt = 6.931 us.
[info]  rtt = 6.654 us.
[info]  rtt = 6.462 us.
[info]  rtt = 6.054 us.
[info]  rtt = 6.193 us.
[info]  rtt = 6.213 us.
[info]  rtt = 6.263 us.
[info]  rtt = 6.596 us.
[info]  rtt = 6.487 us.
[info]  rtt = 7.725 us.
[info]  rtt = 6.438 us.
[info]  rtt = 5.97 us.
[info]  rtt = 6.215 us.
[info]  rtt = 6.1 us.
[info]  rtt = 6.38 us.
[info]  rtt = 6.143 us.
[info]  rtt = 6.141 us.
[info]  rtt = 6.155 us.
[info]  rtt = 6.045 us.
[info]  rtt = 7.238 us.
[info]  rtt = 5.999 us.
[info]  rtt = 6.075 us.
[info]  rtt = 6.885 us.
[info]  rtt = 6.148 us.
[info]  rtt = 6.219 us.
[info]  rtt = 6.81 us.
[info]  rtt = 6.448 us.
[info]  rtt = 6.501 us.
[info]  rtt = 6.168 us.
[info]  rtt = 6.209 us.
[info]  rtt = 6.923 us.
[info]  rtt = 6.798 us.
[info]  rtt = 6.106 us.
[info]  rtt = 7.423 us.
[info]  rtt = 6.222 us.
[info]  rtt = 6 us.
[info]  rtt = 6.694 us.
[info]  rtt = 6.258 us.
[info]  rtt = 6.603 us.
[info]  rtt = 6.548 us.
[info]  rtt = 6.621 us.
[info]  rtt = 6.442 us.
[info]  rtt = 6.952 us.
[info]  rtt = 7.702 us.
[info]  rtt = 6.337 us.
[info]  rtt = 6.184 us.
[info]  rtt = 6.149 us.
[info]  rtt = 6.15 us.
[info]  rtt = 6.713 us.
[info]  rtt = 7.256 us.
[info]  rtt = 7.268 us.
[info]  rtt = 7.41 us.
[info]  rtt = 6.782 us.
[info]  rtt = 6.662 us.
[info]  rtt = 6.142 us.
[info]  rtt = 6.643 us.
[info]  rtt = 6.533 us.
[info]  rtt = 6.47 us.
[info]  rtt = 7.326 us.
[info]  rtt = 6.109 us.
[info]  rtt = 6.425 us.
[info]  rtt = 6.882 us.
[info]  rtt = 6.866 us.
[info]  rtt = 6.496 us.
[info]  rtt = 6.698 us.
[info]  rtt = 6.928 us.
[info]  rtt = 7.356 us.
[info]  rtt = 6.048 us.
[info]  rtt = 6.036 us.
[info]  rtt = 13.425 us.
[info]  rtt = 6.822 us.
[info]  rtt = 6.59 us.
[info]  rtt = 6.805 us.
[info]  rtt = 6.835 us.
[info]  rtt = 7.449 us.
[info]  rtt = 6.124 us.
[info]  rtt = 6.472 us.
[info]  rtt = 6.217 us.
[info]  rtt = 7.331 us.
[info]  rtt = 6.825 us.
[info]  rtt = 6.975 us.
[info]  rtt = 6.581 us.
[info]  rtt = 7.575 us.
[info]  rtt = 34.657 us.
[info]  rtt = 6.146 us.
[info]  rtt = 6.362 us.
[info]  rtt = 6.396 us.
[info]  rtt = 7.194 us.
[info]  rtt = 6.98 us.
[info]  rtt = 6.175 us.
[info]  rtt = 6.285 us.
[info]  rtt = 6.171 us.
[info]  rtt = 6.534 us.
[info]  rtt = 6.083 us.
[info]  rtt = 6.076 us.
[info]  rtt = 6.617 us.
[info]  rtt = 6.779 us.
[info]  rtt = 6.277 us.
[info]  rtt = 6.627 us.
[info]  rtt = 6.315 us.
[info]  rtt = 6.244 us.
[info]  rtt = 6.896 us.
[info]  rtt = 7.086 us.
[info]  rtt = 6.404 us.
[info]  rtt = 6.54 us.
[info]  rtt = 6.16 us.
[info]  rtt = 6.948 us.
[info]  rtt = 6.162 us.
[info]  rtt = 5.944 us.
[info]  rtt = 6.167 us.
[info]  rtt = 5.914 us.
[info]  rtt = 6.243 us.
[info]  rtt = 7.172 us.
[info]  rtt = 6.338 us.
[info]  rtt = 6.908 us.
[info]  rtt = 6.536 us.
[info]  rtt = 6.864 us.
[info]  rtt = 6.272 us.
[info]  rtt = 6.34 us.
[info]  rtt = 6.639 us.
[info]  rtt = 6.658 us.
[info]  rtt = 6.806 us.
[info]  rtt = 7.298 us.
[info]  rtt = 6.847 us.
[info]  rtt = 6.499 us.
[info]  rtt = 6.192 us.
[info]  rtt = 6.699 us.
[info]  rtt = 6.627 us.
[info]  rtt = 6.775 us.
[info]  rtt = 7.06 us.
[info]  rtt = 6.596 us.
[info]  rtt = 6.959 us.
[info]  rtt = 7.11 us.
[info]  rtt = 6.837 us.
[info]  rtt = 6.907 us.
[info]  rtt = 6.545 us.
[info]  rtt = 6.672 us.
[info]  rtt = 6.766 us.
[info]  rtt = 6.393 us.
[info]  rtt = 6.996 us.
[info]  rtt = 6.408 us.
[info]  rtt = 6.167 us.
[info]  rtt = 6.467 us.
[info]  rtt = 6.644 us.
[info]  rtt = 6.599 us.
[info]  rtt = 6.776 us.
[info]  rtt = 6.261 us.
[info]  rtt = 6.753 us.
[info]  rtt = 23.302 us.
[info]  rtt = 6.447 us.
[info]  rtt = 6.05 us.
[info]  rtt = 6.202 us.
[info]  rtt = 6.538 us.
[info]  rtt = 6.786 us.
[info]  rtt = 7.189 us.
[info]  rtt = 6.544 us.
[info]  rtt = 6.87 us.
[info]  rtt = 6.15 us.
[info]  rtt = 6.703 us.
[info]  rtt = 6.288 us.
[info]  rtt = 7.194 us.
[info]  rtt = 6.895 us.
[info]  rtt = 7.322 us.
[info]  rtt = 6.355 us.
[info]  rtt = 6.476 us.
[info]  rtt = 6.543 us.
[info]  rtt = 6.683 us.
[info]  rtt = 6.189 us.
[info]  rtt = 6.578 us.
[info]  rtt = 6.792 us.
[info]  rtt = 6.323 us.
[info]  rtt = 6.904 us.
[info]  rtt = 6.867 us.
[info]  rtt = 6.352 us.
[info]  rtt = 6.88 us.
[info]  rtt = 6.465 us.
[info]  rtt = 6.652 us.
[info]  rtt = 6.672 us.
[info]  rtt = 6.969 us.
[info]  rtt = 7.477 us.
[info]  rtt = 6.579 us.
[info]  rtt = 6.867 us.
[info]  rtt = 6.117 us.
[info]  rtt = 6.811 us.
[info]  rtt = 6.272 us.
[info]  rtt = 6.127 us.
[info]  rtt = 6.503 us.
[info]  rtt = 6.583 us.
[info]  rtt = 6.055 us.
[info]  rtt = 7.147 us.
[info]  rtt = 6.802 us.
[info]  rtt = 6.665 us.
[info]  rtt = 6.602 us.
[info]  rtt = 6.535 us.
[info]  rtt = 6.548 us.
[info]  rtt = 7.395 us.
[info]  rtt = 6.91 us.
[info]  rtt = 12.807 us.
[info]  rtt = 6.088 us.
[info]  rtt = 6.103 us.
[info]  rtt = 6.178 us.
[info]  rtt = 6.522 us.
[info]  rtt = 6.416 us.
[info]  rtt = 6.198 us.
[info]  rtt = 7.081 us.
[info]  rtt = 6.244 us.
[info]  rtt = 6.415 us.
[info]  rtt = 6.347 us.
[info]  rtt = 6.559 us.
[info]  rtt = 6.259 us.
[info]  rtt = 6.128 us.
[info]  rtt = 6.868 us.
[info]  rtt = 6.386 us.
[info]  rtt = 6.344 us.
[info]  rtt = 6.733 us.
[info]  rtt = 6.068 us.
[info]  rtt = 6.299 us.
[info]  rtt = 6.345 us.
[info]  rtt = 6.196 us.
[info]  rtt = 6.841 us.
[info]  rtt = 6.667 us.
[info]  rtt = 6.36 us.
[info]  rtt = 6.338 us.
[info]  rtt = 7.189 us.
[info]  rtt = 6.466 us.
[info]  rtt = 6.05 us.
[info]  rtt = 6.733 us.
[info]  rtt = 6.714 us.
[info]  rtt = 6.785 us.
[info]  rtt = 6.107 us.
[info]  rtt = 6.34 us.
[info]  rtt = 6.197 us.
[info]  rtt = 6.219 us.
[info]  rtt = 6.533 us.
[info]  rtt = 6.419 us.
[info]  rtt = 6.011 us.
[info]  rtt = 6.378 us.
[info]  rtt = 6.797 us.
[info]  rtt = 7.233 us.
[info]  rtt = 6.536 us.
[info]  rtt = 6.219 us.
[info]  rtt = 6.055 us.
[info]  rtt = 6.38 us.
[info]  rtt = 7.024 us.
[info]  rtt = 6.355 us.
[info]  rtt = 6.091 us.
[info]  rtt = 7.553 us.
[info]  rtt = 6.255 us.
[info]  rtt = 6.313 us.
[info]  rtt = 6.887 us.
[info]  rtt = 6.597 us.
[info]  rtt = 6.405 us.
[info]  rtt = 6.16 us.
[info]  rtt = 6.954 us.
[info]  rtt = 6.636 us.
[info]  rtt = 6.017 us.
[info]  rtt = 6.099 us.
[info]  rtt = 6.275 us.
[info]  rtt = 6.594 us.
[info]  rtt = 6.53 us.
[info]  rtt = 6.926 us.
[info]  rtt = 6.511 us.
[info]  rtt = 7.035 us.
[info]  rtt = 6.605 us.
[info]  rtt = 6.85 us.
[info]  rtt = 6.168 us.
[info]  rtt = 6.987 us.
[info]  rtt = 6.377 us.
[info]  rtt = 6.273 us.
[info]  rtt = 6.047 us.
[info]  rtt = 6.621 us.
[info]  rtt = 6.115 us.
[info]  rtt = 6.75 us.
[info]  rtt = 6.683 us.
[info]  rtt = 6.392 us.
[info]  rtt = 6.674 us.
[info]  rtt = 5.978 us.
[info]  rtt = 6.727 us.
[info]  rtt = 6.336 us.
[info]  rtt = 6.365 us.
[info]  rtt = 6.697 us.
[info]  rtt = 6.726 us.
[info]  rtt = 6.501 us.
[info]  rtt = 29.624 us.
[info]  rtt = 7.003 us.
[info]  rtt = 6.277 us.
[info]  rtt = 6.42 us.
[info]  rtt = 6.422 us.
[info]  rtt = 6.183 us.
[info]  rtt = 6.601 us.
[info]  rtt = 6.433 us.
[info]  rtt = 6.329 us.
[info]  rtt = 6.461 us.
[info]  rtt = 6.724 us.
[info]  rtt = 6.079 us.
[info]  rtt = 6.602 us.
[info]  rtt = 6.31 us.
[info]  rtt = 6.116 us.
[info]  rtt = 6.446 us.
[info]  rtt = 6.849 us.
[info]  rtt = 6.534 us.
[info]  rtt = 7.253 us.
[info]  rtt = 7.028 us.
[info]  rtt = 6.722 us.
[info]  rtt = 6.689 us.
[info]  rtt = 6.327 us.
[info]  rtt = 6.794 us.
[info]  rtt = 6.775 us.
[info]  rtt = 6.073 us.
[info]  rtt = 6.623 us.
[info]  rtt = 6.593 us.
[info]  rtt = 6.372 us.
[info]  rtt = 6.328 us.
[info]  rtt = 6.198 us.
[info]  rtt = 6.46 us.
[info]  rtt = 6.327 us.
[info]  rtt = 6.368 us.
[info]  rtt = 6.338 us.
[info]  rtt = 6.691 us.
[info]  rtt = 6.262 us.
[info]  rtt = 6.137 us.
[info]  rtt = 6.74 us.
[info]  rtt = 6.451 us.
[info]  rtt = 6.555 us.
[info]  rtt = 6.484 us.
[info]  rtt = 6.049 us.
[info]  rtt = 6.148 us.
[info]  rtt = 6.487 us.
[info]  rtt = 6.12 us.
[info]  rtt = 6.908 us.
[info]  rtt = 6.468 us.
[info]  rtt = 6.247 us.
[info]  rtt = 6.347 us.
[info]  rtt = 6.21 us.
[info]  rtt = 7.178 us.
[info]  rtt = 6.807 us.
[info]  rtt = 6.763 us.
[info]  rtt = 6.493 us.
[info]  rtt = 6.987 us.
[info]  rtt = 7.971 us.
[info]  rtt = 6.168 us.
[info]  rtt = 6.513 us.
[info]  rtt = 6.432 us.
[info]  rtt = 6.372 us.
[info]  rtt = 6.538 us.
[info]  rtt = 6.342 us.
[info]  rtt = 6.243 us.
[info]  rtt = 6.208 us.
[info]  rtt = 7.825 us.
[info]  rtt = 6.344 us.
[info]  rtt = 6.837 us.
[info]  rtt = 6.281 us.
[info]  rtt = 6.777 us.
[info]  rtt = 6.761 us.
[info]  rtt = 7.157 us.
[info]  rtt = 6.228 us.
[info]  rtt = 6.261 us.
[info]  rtt = 6.432 us.
[info]  rtt = 6.735 us.
[info]  rtt = 6.461 us.
[info]  rtt = 6.345 us.
[info]  rtt = 6.8 us.
[info]  rtt = 6.411 us.
[info]  rtt = 6.449 us.
[info]  rtt = 6.29 us.
[info]  rtt = 6.256 us.
[info]  rtt = 6.234 us.
[info]  rtt = 6.811 us.
[info]  rtt = 6.494 us.
[info]  rtt = 6.138 us.
[info]  rtt = 6.173 us.
[info]  rtt = 7.261 us.
[info]  rtt = 6.726 us.
[info]  rtt = 6.597 us.
[info]  rtt = 6.958 us.
[info]  rtt = 6.781 us.
[info]  rtt = 6.515 us.
[info]  rtt = 6.863 us.
[info]  rtt = 6.124 us.
[info]  rtt = 5.964 us.
[info]  rtt = 6.019 us.
[info]  rtt = 6.006 us.
[info]  rtt = 7.277 us.
[info]  rtt = 6.025 us.
[info]  rtt = 6.26 us.
[info]  rtt = 6.274 us.
[info]  rtt = 6.326 us.
[info]  rtt = 6.634 us.
[info]  rtt = 20.196 us.
[info]  rtt = 6.754 us.
[info]  rtt = 6.203 us.
[info]  rtt = 6.645 us.
[info]  rtt = 6.414 us.
[info]  rtt = 6.401 us.
[info]  rtt = 7.124 us.
[info]  rtt = 6.942 us.
[info]  rtt = 6.823 us.
[info]  rtt = 7.288 us.
[info]  rtt = 6.522 us.
[info]  rtt = 6.132 us.
[info]  rtt = 6.272 us.
[info]  rtt = 6.108 us.
[info]  rtt = 7.435 us.
[info]  rtt = 7.181 us.
[info]  rtt = 6.384 us.
[info]  rtt = 7.072 us.
[info]  rtt = 5.976 us.
[info]  rtt = 5.931 us.
[info]  rtt = 6.586 us.
[info]  rtt = 6.021 us.
[info]  rtt = 6.087 us.
[info]  rtt = 6.621 us.
[info]  rtt = 6.142 us.
[info]  rtt = 6.943 us.
[info]  rtt = 6.287 us.
[info]  rtt = 6.816 us.
[info]  rtt = 6.372 us.
[info]  rtt = 6.256 us.
[info]  rtt = 6.367 us.
[info]  rtt = 6.146 us.
[info]  rtt = 6.402 us.
[info]  rtt = 6.738 us.
[info]  rtt = 6.678 us.
[info]  rtt = 6.189 us.
[info]  rtt = 6.672 us.
[info]  rtt = 6.227 us.
[info]  rtt = 6.176 us.
[info]  rtt = 6.435 us.
[info]  rtt = 6.348 us.
[info]  rtt = 6.477 us.
[info]  rtt = 6.319 us.
[info]  rtt = 7.344 us.
[info]  rtt = 6.698 us.
[info]  rtt = 6.708 us.
[info]  rtt = 6.412 us.
[info]  rtt = 7.193 us.
[info]  rtt = 6.697 us.
[info]  rtt = 6.523 us.
[info]  rtt = 6.243 us.
[info]  rtt = 6.758 us.
[info]  rtt = 6.636 us.
[info]  rtt = 6.45 us.
[info]  rtt = 6.164 us.
[info]  rtt = 6.355 us.
[info]  rtt = 6.48 us.
[info]  rtt = 6.595 us.
[info]  rtt = 6.35 us.
[info]  rtt = 6.363 us.
[info]  rtt = 6.532 us.
[info]  rtt = 6.736 us.
[info]  rtt = 7.046 us.
[info]  rtt = 6.797 us.
[info]  rtt = 6.368 us.
[info]  rtt = 6.039 us.
[info]  rtt = 6.144 us.
[info]  rtt = 6.278 us.
[info]  rtt = 6.054 us.
[info]  rtt = 6.124 us.
[info]  rtt = 6.794 us.
[info]  rtt = 6.432 us.
[info]  rtt = 6.784 us.
[info]  rtt = 6.742 us.
[info]  rtt = 6.458 us.
[info]  rtt = 6.285 us.
[info]  rtt = 6.157 us.
[info]  rtt = 6.226 us.
[info]  rtt = 6.18 us.
[info]  rtt = 7.218 us.
[info]  rtt = 6.546 us.
[info]  rtt = 6.577 us.
[info]  rtt = 6.113 us.
[info]  rtt = 6.182 us.
[info]  rtt = 6.046 us.
[info]  rtt = 6.343 us.
[info]  rtt = 6.295 us.
[info]  rtt = 6.684 us.
[info]  rtt = 6.254 us.
[info]  rtt = 6.808 us.
[info]  rtt = 6.161 us.
[info]  rtt = 5.979 us.
[info]  rtt = 6.737 us.
[info]  rtt = 6.442 us.
[info]  rtt = 6.515 us.
[info]  rtt = 6.301 us.
[info]  rtt = 6.561 us.
[info]  rtt = 6.184 us.
[info]  rtt = 6.796 us.
[info]  rtt = 6.751 us.
[info]  rtt = 6.706 us.
[info]  rtt = 6.276 us.
[info]  rtt = 6.885 us.
[info]  rtt = 6.48 us.
[info]  rtt = 6.703 us.
[info]  rtt = 6.564 us.
[info]  rtt = 6.538 us.
[info]  rtt = 7.611 us.
[info]  rtt = 6.625 us.
[info]  rtt = 7.157 us.
[info]  rtt = 6.32 us.
[info]  rtt = 7.708 us.
[info]  rtt = 6.448 us.
[info]  rtt = 6.822 us.
[info]  rtt = 6.977 us.
[info]  rtt = 6.191 us.
[info]  rtt = 6.78 us.
[info]  rtt = 6.176 us.
[info]  rtt = 6.756 us.
[info]  rtt = 6.533 us.
[info]  rtt = 6.348 us.
[info]  rtt = 6.951 us.
[info]  rtt = 6.03 us.
[info]  rtt = 6.446 us.
[info]  rtt = 6.458 us.
[info]  rtt = 6.512 us.
[info]  rtt = 6.347 us.
[info]  rtt = 6.636 us.
[info]  rtt = 6.311 us.
[info]  rtt = 6.288 us.
[info]  rtt = 6.019 us.
[info]  rtt = 6.269 us.
[info]  rtt = 6.327 us.
[info]  rtt = 6.239 us.
[info]  rtt = 6.361 us.
[info]  rtt = 6.149 us.
[info]  rtt = 6.194 us.
[info]  rtt = 6.29 us.
[info]  rtt = 6.563 us.
[info]  rtt = 6.271 us.
[info]  rtt = 6.069 us.
[info]  rtt = 7.065 us.
[info]  rtt = 6.33 us.
[info]  rtt = 7.632 us.
[info]  rtt = 6.14 us.
[info]  rtt = 6.209 us.
[info]  rtt = 33.593 us.
[info]  rtt = 7.296 us.
[info]  rtt = 6.145 us.
[info]  rtt = 6.111 us.
[info]  rtt = 6.368 us.
[info]  rtt = 6.679 us.
[info]  rtt = 6.75 us.
[info]  rtt = 6.573 us.
[info]  rtt = 7.019 us.
[info]  rtt = 6.218 us.
[info]  rtt = 6.282 us.
[info]  rtt = 6.864 us.
[info]  rtt = 6.678 us.
[info]  rtt = 6.434 us.
[info]  rtt = 6.72 us.
[info]  rtt = 6.261 us.
[info]  rtt = 6.728 us.
[info]  rtt = 7.092 us.
[info]  rtt = 6.931 us.
[info]  rtt = 6.555 us.
[info]  rtt = 6.278 us.
[info]  rtt = 6.562 us.
[info]  rtt = 7.393 us.
[info]  rtt = 6.255 us.
[info]  rtt = 7.003 us.
[info]  rtt = 6.979 us.
[info]  rtt = 6.801 us.
[info]  rtt = 6.752 us.
[info]  rtt = 6.426 us.
[info]  rtt = 7.273 us.
[info]  rtt = 6.325 us.
[info]  rtt = 6.855 us.
[info]  rtt = 6.078 us.
[info]  rtt = 6.258 us.
[info]  rtt = 6.598 us.
[info]  rtt = 6.406 us.
[info]  rtt = 6.864 us.
[info]  rtt = 6.356 us.
[info]  rtt = 6.948 us.
[info]  rtt = 6.398 us.
[info]  rtt = 6.244 us.
[info]  rtt = 6.102 us.
[info]  rtt = 7.319 us.
[info]  rtt = 6.757 us.
[info]  rtt = 6.742 us.
[info]  rtt = 6.192 us.
[info]  rtt = 6.05 us.
[info]  rtt = 6.112 us.
[info]  rtt = 6.26 us.
[info]  rtt = 6.421 us.
[info]  rtt = 6.549 us.
[info]  rtt = 6.35 us.
[info]  rtt = 7.524 us.
[info]  rtt = 6.64 us.
[info]  rtt = 6.421 us.
[info]  rtt = 7.2 us.
[info]  rtt = 6.145 us.
[info]  rtt = 33.74 us.
[info]  rtt = 6.533 us.
[info]  rtt = 7.614 us.
[info]  rtt = 19.24 us.
[info]  rtt = 7.686 us.
[info]  rtt = 6.495 us.
[info]  rtt = 7.171 us.
[info]  rtt = 6.437 us.
[info]  rtt = 6.24 us.
[info]  rtt = 6.4 us.
[info]  rtt = 7.15 us.
[info]  rtt = 6.452 us.
[info]  rtt = 6.068 us.
[info]  rtt = 6.089 us.
[info]  rtt = 6.344 us.
[info]  rtt = 6.389 us.
[info]  rtt = 6.039 us.
[info]  rtt = 7.42 us.
[info]  rtt = 6.633 us.
[info]  rtt = 6.746 us.
[info]  rtt = 6.361 us.
[info]  rtt = 6.212 us.
[info]  rtt = 7.054 us.
[info]  rtt = 6.469 us.
[info]  rtt = 6.238 us.
[info]  rtt = 6.402 us.
[info]  rtt = 6.573 us.
[info]  rtt = 6.402 us.
[info]  rtt = 6.339 us.
[info]  rtt = 6.629 us.
[info]  rtt = 6.376 us.
[info]  rtt = 6.982 us.
[info]  rtt = 6.385 us.
[info]  rtt = 6.898 us.
[info]  rtt = 6.573 us.
[info]  rtt = 6.541 us.
[info]  rtt = 6.727 us.
[info]  rtt = 6.574 us.
[info]  rtt = 6.418 us.
[info]  rtt = 6.618 us.
[info]  rtt = 6.754 us.
[info]  rtt = 6.296 us.
[info]  rtt = 6.488 us.
[info]  rtt = 6.927 us.
[info]  rtt = 6.083 us.
[info]  rtt = 6.212 us.
[info]  rtt = 6.204 us.
[info]  rtt = 6.328 us.
[info]  rtt = 6.11 us.
[info]  rtt = 6.71 us.
[info]  rtt = 6.844 us.
[info]  rtt = 6.288 us.
[info]  rtt = 6.956 us.
[info]  rtt = 6.548 us.
[info]  rtt = 6.592 us.
[info]  rtt = 6.153 us.
[info]  rtt = 6.574 us.
[info]  rtt = 6.624 us.
[info]  rtt = 6.552 us.
[info]  rtt = 6.536 us.
[info]  rtt = 7.001 us.
[info]  rtt = 6.592 us.
[info]  rtt = 6.369 us.
[info]  rtt = 7.166 us.
[info]  rtt = 6.441 us.
[info]  rtt = 6.914 us.
[info]  rtt = 6.465 us.
[info]  rtt = 6.476 us.
[info]  rtt = 7.417 us.
[info]  rtt = 5.997 us.
[info]  rtt = 6.096 us.
[info]  rtt = 6.217 us.
[info]  rtt = 6.892 us.
[info]  rtt = 6.721 us.
[info]  rtt = 6.648 us.
[info]  rtt = 6.035 us.
[info]  rtt = 6.131 us.
[info]  rtt = 7.115 us.
[info]  rtt = 6.294 us.
[info]  rtt = 6.777 us.
[info]  rtt = 6.447 us.
[info]  rtt = 6.613 us.
[info]  rtt = 12.864 us.
[info]  rtt = 6.116 us.
[info]  rtt = 6.499 us.
[info]  rtt = 7.002 us.
[info]  rtt = 6.647 us.
[info]  rtt = 6.532 us.
[info]  rtt = 7.196 us.
[info]  rtt = 6.39 us.
[info]  rtt = 7.02 us.
[info]  rtt = 7.179 us.
[info]  rtt = 6.405 us.
[info]  rtt = 6.388 us.
[info]  rtt = 6.283 us.
[info]  rtt = 6.306 us.
[info]  rtt = 7.158 us.
[info]  rtt = 6.415 us.
[info]  rtt = 6.163 us.
[info]  rtt = 6.59 us.
[info]  rtt = 6.642 us.
[info]  rtt = 6.594 us.
[info]  rtt = 6.43 us.
[info]  rtt = 6.532 us.
[info]  rtt = 6.811 us.
[info]  rtt = 6.43 us.
[info]  rtt = 6.398 us.
[info]  rtt = 6.578 us.
[info]  rtt = 6.679 us.
[info]  rtt = 7.071 us.
[info]  rtt = 7.232 us.
[info]  rtt = 7.196 us.
[info]  rtt = 6.576 us.
[info]  rtt = 6.999 us.
[info]  rtt = 6.087 us.
[info]  rtt = 6.221 us.
[info]  rtt = 6.316 us.
[info]  rtt = 6.736 us.
[info]  rtt = 6.121 us.
[info]  rtt = 6.854 us.
[info]  rtt = 6.074 us.
[info]  rtt = 6.69 us.
[info]  rtt = 6.51 us.
[info]  rtt = 7.103 us.
[info]  rtt = 7.01 us.
[info]  rtt = 6.337 us.
[info]  rtt = 6.817 us.
[info]  rtt = 6.51 us.
[info]  rtt = 6.503 us.
[info]  rtt = 6.802 us.
[info]  rtt = 6.961 us.
[info]  rtt = 6.226 us.
[info]  rtt = 6.635 us.
[info]  rtt = 6.678 us.
[info]  rtt = 6.401 us.
[info]  rtt = 6.217 us.
[info]  rtt = 6.66 us.
[info]  rtt = 6.346 us.
[info]  rtt = 6.358 us.
[info]  rtt = 6.3 us.
[info]  rtt = 6.441 us.
[info]  rtt = 6.26 us.
[info]  rtt = 6.826 us.
[info]  rtt = 6.437 us.
[info]  rtt = 6.564 us.
[info]  rtt = 6.864 us.
[info]  rtt = 6.492 us.
[info]  rtt = 6.416 us.
[info]  rtt = 5.914 us.
[info]  rtt = 6.48 us.
[info]  rtt = 18.704 us.
[info]  rtt = 6.531 us.
[info]  rtt = 6.955 us.
[info]  rtt = 6.685 us.
[info]  rtt = 7.006 us.
[info]  rtt = 6.79 us.
[info]  rtt = 6.551 us.
[info]  rtt = 6.746 us.
[info]  rtt = 6.462 us.
[info]  rtt = 6.488 us.
[info]  rtt = 7.124 us.
[info]  rtt = 6.978 us.
[info]  rtt = 6.907 us.
[info]  rtt = 6.673 us.
[info]  rtt = 6.733 us.
[info]  rtt = 6.501 us.
[info]  rtt = 6.474 us.
[info]  rtt = 6.306 us.
[info]  rtt = 6.15 us.
[info]  rtt = 6.614 us.
[info]  rtt = 6.447 us.
[info]  rtt = 6.909 us.
[info]  rtt = 6.452 us.
[info]  rtt = 27.772 us.
[info]  rtt = 6.865 us.
[info]  rtt = 6.143 us.
[info]  rtt = 6.716 us.
[info]  rtt = 6.071 us.
[info]  rtt = 6.233 us.
[info]  rtt = 7.041 us.
[info]  rtt = 6.901 us.
[info]  rtt = 7.005 us.
[info]  rtt = 6.349 us.
[info]  rtt = 6.879 us.
[info]  rtt = 6.108 us.
[info]  rtt = 6.394 us.
[info]  rtt = 6.288 us.
[info]  rtt = 6.708 us.
[info]  rtt = 6.505 us.
[info]  rtt = 6.607 us.
[info]  rtt = 6.61 us.
[info]  rtt = 6.121 us.
[info]  rtt = 6.009 us.
[info]  rtt = 6.504 us.
[info]  rtt = 6.422 us.
[info]  rtt = 6.676 us.
[info]  rtt = 7.542 us.
[info]  rtt = 7.128 us.
[info]  rtt = 6.572 us.
[info]  rtt = 6.57 us.
[info]  rtt = 6.1 us.
[info]  rtt = 6.48 us.
[info]  rtt = 6.297 us.
[info]  rtt = 6.386 us.
[info]  rtt = 6.458 us.
[info]  rtt = 6.485 us.
[info]  rtt = 6.892 us.
[info]  rtt = 6.209 us.
[info]  rtt = 6.636 us.
[info]  rtt = 6.447 us.
[info]  rtt = 6.642 us.
[info]  rtt = 6.347 us.
[info]  rtt = 6.648 us.
[info]  rtt = 6.178 us.
[info]  rtt = 7.051 us.
[info]  rtt = 6.451 us.
[info]  rtt = 6.182 us.
[info]  rtt = 6.125 us.
[info]  rtt = 7.007 us.
[info]  rtt = 6.57 us.
[info]  rtt = 7.227 us.
[info]  rtt = 6.421 us.
[info]  rtt = 6.595 us.
[info]  rtt = 6.753 us.
[info]  rtt = 6.55 us.
[info]  rtt = 6.553 us.
[info]  rtt = 7.141 us.
[info]  rtt = 6.206 us.
[info]  rtt = 6.908 us.
[info]  rtt = 6.5 us.
[info]  rtt = 6.825 us.
[info]  rtt = 6.574 us.
[info]  rtt = 6.24 us.
[info]  rtt = 6.096 us.
[info]  rtt = 6.702 us.
[info]  rtt = 6.668 us.
[info]  rtt = 6.684 us.
[info]  rtt = 6.504 us.
[info]  rtt = 6.555 us.
[info]  rtt = 6.214 us.
[info]  rtt = 6.449 us.
[info]  rtt = 6.196 us.
[info]  rtt = 6.281 us.
[info]  rtt = 6.121 us.
[info]  rtt = 6.224 us.
[info]  rtt = 6.094 us.
[info]  rtt = 6.584 us.
[info]  rtt = 6.844 us.
[info]  rtt = 19.062 us.
[info]  rtt = 6.143 us.
[info]  rtt = 6.286 us.
[info]  rtt = 6.616 us.
[info]  rtt = 6.324 us.
[info]  rtt = 6.178 us.
[info]  rtt = 6.1 us.
[info]  rtt = 7.181 us.
[info]  rtt = 6.675 us.
[info]  rtt = 6.196 us.
[info]  rtt = 6.542 us.
[info]  rtt = 6.791 us.
[info]  rtt = 8.42 us.
[info]  rtt = 6.258 us.
[info]  rtt = 6.694 us.
[info]  rtt = 6.177 us.
[info]  rtt = 6.427 us.
[info]  rtt = 6.429 us.
[info]  rtt = 6.72 us.
[info]  rtt = 7.121 us.
[info]  rtt = 6.482 us.
[info]  rtt = 6.228 us.
[info]  rtt = 6.507 us.
[info]  rtt = 6.596 us.
[info]  rtt = 6.783 us.
[info]  rtt = 7.138 us.
[info]  rtt = 6.139 us.
[info]  rtt = 6.835 us.
[info]  rtt = 6.408 us.
[info]  rtt = 6.165 us.
[info]  rtt = 6.206 us.
[info]  rtt = 6.853 us.
[info]  rtt = 6.508 us.
[info]  rtt = 6.756 us.
[info]  rtt = 7.209 us.
[info]  rtt = 6.656 us.
[info]  rtt = 6.62 us.
[info]  rtt = 6.816 us.
[info]  rtt = 6.963 us.
[info]  rtt = 6.04 us.
[info]  rtt = 6.081 us.
[info]  rtt = 6.723 us.
[info]  rtt = 5.925 us.
[info]  rtt = 6.179 us.
[info]  rtt = 7.17 us.
[info]  rtt = 6.008 us.
[info]  rtt = 6.369 us.
[info]  rtt = 6.36 us.
[info]  rtt = 6.254 us.
[info]  rtt = 6.487 us.
[info]  rtt = 7.219 us.
[info]  rtt = 6.913 us.
[info]  rtt = 6.891 us.
[info]  rtt = 6.546 us.
[info]  rtt = 6.057 us.
[info]  rtt = 6.428 us.
[info]  average: 6.79114 us. median: 6.5075 us. mode: 6.244000,6.864000 us. min: 5.843 us. max: 34.657 us. per 1024 samples, packet size: 1342 bytes / payload size: 1300 bytes 
[debug]  
	Total number of successfully received packets: 1068
	Total number of successfully transmitted packets: 1068
	Total number of successfully received bytes: 1433256
	Total number of successfully transmitted bytes: 1433256
	missed : 0 from : 1068 - 0%
	Total number of erroneous received packets: 0
	Total number of failed transmitted packets: 0
	Total number of Rx mbuf allocation failures: 0
		0 Total number of queue Rx packets : 1068
		0 Total number of successfully received queue bytes : 1433256
		0 Total number of queue packets received that are dropped : 0
		0 Total number of queue Tx packets : 1068
		0 Total number of successfully transmitted queue bytes : 1433256
