[debug]  Ethernet 3
	40:A6:B7:96:E7:A0
	169.254.235.255
[debug]  Ethernet 4
	40:A6:B7:96:E7:A1
	169.254.221.93
[debug]  Ethernet
	08:BF:B8:05:53:90
	192.168.11.1
[debug]  Ethernet 2
	08:BF:B8:05:53:91
	192.168.50.213
[debug]  Ethernet 13
	B8:CE:F6:8C:E3:B5
	169.254.32.51
[debug]  Ethernet 16
	B8:CE:F6:8C:E3:B4
	169.254.46.31
[debug]  Ethernet 17
	EC:0D:9A:98:B2:D2
	169.254.97.70
[debug]  Ethernet 18
	EC:0D:9A:98:B2:D3
	169.254.55.156
[debug]  Ethernet 19
	00:0F:53:63:4C:E1
	169.254.104.96
[debug]  Ethernet 20
	00:0F:53:63:4C:E0
	169.254.247.237
[debug]  Ethernet 12
	CA:FE:01:CA:FE:02
	169.254.180.167
[debug]  Local Area Connection* 1
	02:13:EF:50:0A:9C
	169.254.103.194
[debug]  Local Area Connection* 2
	00:13:EF:50:0A:9C
	169.254.189.150
[debug]  Wi-Fi
	00:13:EF:50:0A:9C
	192.168.8.144
[debug]  Loopback Pseudo-Interface 1
	127.0.0.1
[debug]  Ethernet 13 (mlx5_pci) port: 0 - B8:CE:F6:8C:E3:B5[169.254.32.51]
{
	svc_tx_n : 1
	rx_flow_queues : 0
	next_src_port : 5000 (0x1388)
	rx_reconfig_hint : 65000 (0xfde8)
	clock_hz : 1000000000 (0x3b9aca00)
	info : {
		min_mtu : 46 (0x2e)
		max_mtu : 65535 (0xffff)
		min_rx_bufsize : 32 (0x20)
		max_rx_bufsize : 4294967295 (0xffffffff)
		max_rx_pktlen : 65536 (0x10000)
		max_lro_pkt_size : 65280 (0xff00)
		max_rx_queues : 1024 (0x400)
		max_tx_queues : 1024 (0x400)
		max_mac_addrs : 128 (0x80)
		max_hash_mac_addrs : 0
		max_vfs : 0
		max_vmdq_pools : 0
		rx_offload_capa : 19620f:RTE_ETH_RX_OFFLOAD_VLAN_STRIP|RTE_ETH_RX_OFFLOAD_IPV4_CKSUM|RTE_ETH_RX_OFFLOAD_UDP_CKSUM|RTE_ETH_RX_OFFLOAD_TCP_CKSUM|RTE_ETH_RX_OFFLOAD_VLAN_FILTER|RTE_ETH_RX_OFFLOAD_SCATTER|RTE_ETH_RX_OFFLOAD_TIMESTAMP|RTE_ETH_RX_OFFLOAD_KEEP_CRC|RTE_ETH_RX_OFFLOAD_RSS_HASH|RTE_ETH_RX_OFFLOAD_BUFFER_SPLIT
		tx_offload_capa : d96af:RTE_ETH_TX_OFFLOAD_VLAN_INSERT|RTE_ETH_TX_OFFLOAD_IPV4_CKSUM|RTE_ETH_TX_OFFLOAD_UDP_CKSUM|RTE_ETH_TX_OFFLOAD_TCP_CKSUM|RTE_ETH_TX_OFFLOAD_TCP_TSO|RTE_ETH_TX_OFFLOAD_OUTER_IPV4_CKSUM|RTE_ETH_TX_OFFLOAD_VXLAN_TNL_TSO|RTE_ETH_TX_OFFLOAD_GRE_TNL_TSO|RTE_ETH_TX_OFFLOAD_GENEVE_TNL_TSO|RTE_ETH_TX_OFFLOAD_MULTI_SEGS|RTE_ETH_TX_OFFLOAD_MBUF_FAST_FREE|RTE_ETH_TX_OFFLOAD_UDP_TNL_TSO|RTE_ETH_TX_OFFLOAD_IP_TNL_TSO
		rx_queue_offload_capa : 19600f:RTE_ETH_RX_OFFLOAD_VLAN_STRIP|RTE_ETH_RX_OFFLOAD_IPV4_CKSUM|RTE_ETH_RX_OFFLOAD_UDP_CKSUM|RTE_ETH_RX_OFFLOAD_TCP_CKSUM|RTE_ETH_RX_OFFLOAD_SCATTER|RTE_ETH_RX_OFFLOAD_TIMESTAMP|RTE_ETH_RX_OFFLOAD_KEEP_CRC|RTE_ETH_RX_OFFLOAD_RSS_HASH|RTE_ETH_RX_OFFLOAD_BUFFER_SPLIT
		tx_queue_offload_capa : 0
		reta_size : 512 (0x200)
		rss_algo_capa : 1
		flow_type_rss_offloads : 134459324 (0x803afbc)
		default_rxconf : {
			rx_thresh : {
				pthresh : 0
				hthresh : 0
				wthresh : 0
			}
			rx_free_thresh : 0
			rx_drop_en : 0
			rx_deferred_start : 0
			rx_nseg : 0
			share_group : 0
			share_qid : 0
			offloads : 0
			rx_nmempool : 0
		}
		default_txconf : {
			tx_thresh : {
				pthresh : 0
				hthresh : 0
				wthresh : 0
			}
			tx_rs_thresh : 0
			tx_free_thresh : 0
			tx_deferred_start : 0
			offloads : 0
		}
		vmdq_queue_base : 0
		vmdq_queue_num : 0
		vmdq_pool_base : 0
		rx_desc_lim : {
			nb_max : 32768 (0x8000)
			nb_min : 0
			nb_align : 1
			nb_seg_max : 65535 (0xffff)
			nb_mtu_seg_max : 65535 (0xffff)
		}
		tx_desc_lim : {
			nb_max : 32768 (0x8000)
			nb_min : 0
			nb_align : 1
			nb_seg_max : 40 (0x28)
			nb_mtu_seg_max : 40 (0x28)
		}
		speed_capa : 0
		nb_rx_queues : 0
		nb_tx_queues : 0
		default_rxportconf : {
			burst_size : 1
			ring_size : 256 (0x100)
			nb_queues : 1
		}
		default_txportconf : {
			burst_size : 1
			ring_size : 256 (0x100)
			nb_queues : 1
		}
		dev_capa : 20 (0x14)
	}
	effective_offload : {
		rx : 19620f:RTE_ETH_RX_OFFLOAD_VLAN_STRIP|RTE_ETH_RX_OFFLOAD_IPV4_CKSUM|RTE_ETH_RX_OFFLOAD_UDP_CKSUM|RTE_ETH_RX_OFFLOAD_TCP_CKSUM|RTE_ETH_RX_OFFLOAD_VLAN_FILTER|RTE_ETH_RX_OFFLOAD_SCATTER|RTE_ETH_RX_OFFLOAD_TIMESTAMP|RTE_ETH_RX_OFFLOAD_KEEP_CRC|RTE_ETH_RX_OFFLOAD_RSS_HASH|RTE_ETH_RX_OFFLOAD_BUFFER_SPLIT
		tx : d96af:RTE_ETH_TX_OFFLOAD_VLAN_INSERT|RTE_ETH_TX_OFFLOAD_IPV4_CKSUM|RTE_ETH_TX_OFFLOAD_UDP_CKSUM|RTE_ETH_TX_OFFLOAD_TCP_CKSUM|RTE_ETH_TX_OFFLOAD_TCP_TSO|RTE_ETH_TX_OFFLOAD_OUTER_IPV4_CKSUM|RTE_ETH_TX_OFFLOAD_VXLAN_TNL_TSO|RTE_ETH_TX_OFFLOAD_GRE_TNL_TSO|RTE_ETH_TX_OFFLOAD_GENEVE_TNL_TSO|RTE_ETH_TX_OFFLOAD_MULTI_SEGS|RTE_ETH_TX_OFFLOAD_MBUF_FAST_FREE|RTE_ETH_TX_OFFLOAD_UDP_TNL_TSO|RTE_ETH_TX_OFFLOAD_IP_TNL_TSO
	}
	tx_rings : 65535 (0xffff)
	rx_meta_features : 3:RTE_ETH_RX_METADATA_USER_FLAG|RTE_ETH_RX_METADATA_USER_MARK
	features : 0000000000000000000000000000000000000000000000000000000000000110
}	will run on socket 0 - 11 cores : [26 17 18 19 20 21 22 23 24 25 16 ]
[debug]  Ethernet 13 port: 0 - requested offloads : 19620f:RTE_ETH_RX_OFFLOAD_VLAN_STRIP|RTE_ETH_RX_OFFLOAD_IPV4_CKSUM|RTE_ETH_RX_OFFLOAD_UDP_CKSUM|RTE_ETH_RX_OFFLOAD_TCP_CKSUM|RTE_ETH_RX_OFFLOAD_VLAN_FILTER|RTE_ETH_RX_OFFLOAD_SCATTER|RTE_ETH_RX_OFFLOAD_TIMESTAMP|RTE_ETH_RX_OFFLOAD_KEEP_CRC|RTE_ETH_RX_OFFLOAD_RSS_HASH|RTE_ETH_RX_OFFLOAD_BUFFER_SPLIT
[debug]  clock frequency 1000000000 hz (byte swap)
[debug]  port 0 : 169.254.32.51 - link speed 25 Gbps
[debug]  starting up 1 rx queue(s)...
[info]  192.168.13.22 : B8:CE:F6:8C:E3:B4
[debug]  creating sockperf packets memory pool : 2048 cache_size : 16
[info]  warming up...
[info]  performing latency test ...
[info]  rtt = 6.452 us.
[info]  rtt = 6.135 us.
[info]  rtt = 6.059 us.
[info]  rtt = 6.356 us.
[info]  rtt = 6.287 us.
[info]  rtt = 6.009 us.
[info]  rtt = 6.076 us.
[info]  rtt = 6.207 us.
[info]  rtt = 6.26 us.
[info]  rtt = 6.311 us.
[info]  rtt = 6.674 us.
[info]  rtt = 6.018 us.
[info]  rtt = 8.142 us.
[info]  rtt = 5.897 us.
[info]  rtt = 6.374 us.
[info]  rtt = 6.473 us.
[info]  rtt = 6.244 us.
[info]  rtt = 6.076 us.
[info]  rtt = 6.22 us.
[info]  rtt = 8.055 us.
[info]  rtt = 6.24 us.
[info]  rtt = 6.001 us.
[info]  rtt = 6.064 us.
[info]  rtt = 6.042 us.
[info]  rtt = 5.998 us.
[info]  rtt = 6.279 us.
[info]  rtt = 8.008 us.
[info]  rtt = 6.02 us.
[info]  rtt = 6.151 us.
[info]  rtt = 6.294 us.
[info]  rtt = 6.284 us.
[info]  rtt = 6.365 us.
[info]  rtt = 5.982 us.
[info]  rtt = 29.942 us.
[info]  rtt = 6.482 us.
[info]  rtt = 6.616 us.
[info]  rtt = 6.452 us.
[info]  rtt = 5.994 us.
[info]  rtt = 6.089 us.
[info]  rtt = 5.941 us.
[info]  rtt = 29.87 us.
[info]  rtt = 6.543 us.
[info]  rtt = 6.5 us.
[info]  rtt = 6.424 us.
[info]  rtt = 6.499 us.
[info]  rtt = 6.578 us.
[info]  rtt = 6.109 us.
[info]  rtt = 6.295 us.
[info]  rtt = 6.739 us.
[info]  rtt = 6.524 us.
[info]  rtt = 6.459 us.
[info]  rtt = 6.961 us.
[info]  rtt = 6.34 us.
[info]  rtt = 6.028 us.
[info]  rtt = 8.002 us.
[info]  rtt = 6.08 us.
[info]  rtt = 6.062 us.
[info]  rtt = 6.241 us.
[info]  rtt = 6.099 us.
[info]  rtt = 6.375 us.
[info]  rtt = 6.576 us.
[info]  rtt = 6.085 us.
[info]  rtt = 6.337 us.
[info]  rtt = 6.1 us.
[info]  rtt = 6.017 us.
[info]  rtt = 6.162 us.
[info]  rtt = 6 us.
[info]  rtt = 7.476 us.
[info]  rtt = 6.196 us.
[info]  rtt = 6.052 us.
[info]  rtt = 6.109 us.
[info]  rtt = 7.292 us.
[info]  rtt = 6.003 us.
[info]  rtt = 6.2 us.
[info]  rtt = 7.275 us.
[info]  rtt = 6.723 us.
[info]  rtt = 6.167 us.
[info]  rtt = 6.371 us.
[info]  rtt = 6.156 us.
[info]  rtt = 6.836 us.
[info]  rtt = 6.334 us.
[info]  rtt = 8.154 us.
[info]  rtt = 6.056 us.
[info]  rtt = 7.404 us.
[info]  rtt = 6.058 us.
[info]  rtt = 6.401 us.
[info]  rtt = 6.043 us.
[info]  rtt = 6.035 us.
[info]  rtt = 6.253 us.
[info]  rtt = 6.076 us.
[info]  rtt = 6.033 us.
[info]  rtt = 6.494 us.
[info]  rtt = 12.099 us.
[info]  rtt = 7.06 us.
[info]  rtt = 5.992 us.
[info]  rtt = 9.048 us.
[info]  rtt = 6.48 us.
[info]  rtt = 6.551 us.
[info]  rtt = 6.215 us.
[info]  rtt = 6.328 us.
[info]  rtt = 6.083 us.
[info]  rtt = 6.517 us.
[info]  rtt = 7.171 us.
[info]  rtt = 6.098 us.
[info]  rtt = 6.348 us.
[info]  rtt = 6.21 us.
[info]  rtt = 6.319 us.
[info]  rtt = 6.648 us.
[info]  rtt = 6.403 us.
[info]  rtt = 8.314 us.
[info]  rtt = 6.091 us.
[info]  rtt = 6.253 us.
[info]  rtt = 6.077 us.
[info]  rtt = 6.599 us.
[info]  rtt = 6.461 us.
[info]  rtt = 8.351 us.
[info]  rtt = 6.041 us.
[info]  rtt = 6.031 us.
[info]  rtt = 6.043 us.
[info]  rtt = 6.675 us.
[info]  rtt = 6.436 us.
[info]  rtt = 6.675 us.
[info]  rtt = 6.358 us.
[info]  rtt = 8.052 us.
[info]  rtt = 6.188 us.
[info]  rtt = 6.736 us.
[info]  rtt = 6.286 us.
[info]  rtt = 33.644 us.
[info]  rtt = 6.584 us.
[info]  rtt = 6.329 us.
[info]  rtt = 7.124 us.
[info]  rtt = 6.471 us.
[info]  rtt = 6.013 us.
[info]  rtt = 6.556 us.
[info]  rtt = 6.494 us.
[info]  rtt = 6.988 us.
[info]  rtt = 5.894 us.
[info]  rtt = 7.596 us.
[info]  rtt = 6.206 us.
[info]  rtt = 6.506 us.
[info]  rtt = 6.018 us.
[info]  rtt = 6.032 us.
[info]  rtt = 6.166 us.
[info]  rtt = 6.89 us.
[info]  rtt = 6.855 us.
[info]  rtt = 7.425 us.
[info]  rtt = 6.63 us.
[info]  rtt = 7.814 us.
[info]  rtt = 6.542 us.
[info]  rtt = 6.417 us.
[info]  rtt = 8.842 us.
[info]  rtt = 22.808 us.
[info]  rtt = 6.286 us.
[info]  rtt = 6.429 us.
[info]  rtt = 6.595 us.
[info]  rtt = 6.44 us.
[info]  rtt = 6.514 us.
[info]  rtt = 6.921 us.
[info]  rtt = 6.168 us.
[info]  rtt = 6.886 us.
[info]  rtt = 6.21 us.
[info]  rtt = 6.271 us.
[info]  rtt = 5.97 us.
[info]  rtt = 6.137 us.
[info]  rtt = 8.184 us.
[info]  rtt = 7.042 us.
[info]  rtt = 6.616 us.
[info]  rtt = 6.905 us.
[info]  rtt = 6.136 us.
[info]  rtt = 6.12 us.
[info]  rtt = 6.319 us.
[info]  rtt = 6.176 us.
[info]  rtt = 6.27 us.
[info]  rtt = 6.651 us.
[info]  rtt = 6.417 us.
[info]  rtt = 6.562 us.
[info]  rtt = 6.68 us.
[info]  rtt = 6.737 us.
[info]  rtt = 8.808 us.
[info]  rtt = 7.278 us.
[info]  rtt = 6.012 us.
[info]  rtt = 6.924 us.
[info]  rtt = 6.101 us.
[info]  rtt = 7.066 us.
[info]  rtt = 6.361 us.
[info]  rtt = 6.394 us.
[info]  rtt = 6.051 us.
[info]  rtt = 6.066 us.
[info]  rtt = 6.316 us.
[info]  rtt = 6.128 us.
[info]  rtt = 6.45 us.
[info]  rtt = 6.188 us.
[info]  rtt = 7.839 us.
[info]  rtt = 6.3 us.
[info]  rtt = 5.964 us.
[info]  rtt = 6.19 us.
[info]  rtt = 6.35 us.
[info]  rtt = 6.02 us.
[info]  rtt = 6.637 us.
[info]  rtt = 6.482 us.
[info]  rtt = 6.281 us.
[info]  rtt = 6.636 us.
[info]  rtt = 6.043 us.
[info]  rtt = 6.28 us.
[info]  rtt = 6.682 us.
[info]  rtt = 6.066 us.
[info]  rtt = 7.065 us.
[info]  rtt = 6.105 us.
[info]  rtt = 6.213 us.
[info]  rtt = 6.197 us.
[info]  rtt = 7.849 us.
[info]  rtt = 8.534 us.
[info]  rtt = 6.677 us.
[info]  rtt = 6.594 us.
[info]  rtt = 7.049 us.
[info]  rtt = 6.86 us.
[info]  rtt = 6.059 us.
[info]  rtt = 6.407 us.
[info]  rtt = 5.989 us.
[info]  rtt = 6.328 us.
[info]  rtt = 6.271 us.
[info]  rtt = 6.253 us.
[info]  rtt = 6.599 us.
[info]  rtt = 6.488 us.
[info]  rtt = 7.042 us.
[info]  rtt = 6.37 us.
[info]  rtt = 6.28 us.
[info]  rtt = 7.5 us.
[info]  rtt = 6.063 us.
[info]  rtt = 6.934 us.
[info]  rtt = 7.255 us.
[info]  rtt = 6.473 us.
[info]  rtt = 6.369 us.
[info]  rtt = 6.327 us.
[info]  rtt = 6.451 us.
[info]  rtt = 12.507 us.
[info]  rtt = 6.272 us.
[info]  rtt = 6.305 us.
[info]  rtt = 6.134 us.
[info]  rtt = 6.395 us.
[info]  rtt = 6.674 us.
[info]  rtt = 6.815 us.
[info]  rtt = 6.525 us.
[info]  rtt = 7.549 us.
[info]  rtt = 6.619 us.
[info]  rtt = 6.662 us.
[info]  rtt = 6.49 us.
[info]  rtt = 6.871 us.
[info]  rtt = 6.584 us.
[info]  rtt = 6.526 us.
[info]  rtt = 6.628 us.
[info]  rtt = 6.149 us.
[info]  rtt = 6.265 us.
[info]  rtt = 6.394 us.
[info]  rtt = 6.819 us.
[info]  rtt = 5.96 us.
[info]  rtt = 6.926 us.
[info]  rtt = 6.724 us.
[info]  rtt = 6.527 us.
[info]  rtt = 6.348 us.
[info]  rtt = 6.047 us.
[info]  rtt = 6.102 us.
[info]  rtt = 6.052 us.
[info]  rtt = 6.904 us.
[info]  rtt = 6.585 us.
[info]  rtt = 6.764 us.
[info]  rtt = 5.971 us.
[info]  rtt = 6.172 us.
[info]  rtt = 6.56 us.
[info]  rtt = 6.093 us.
[info]  rtt = 6.089 us.
[info]  rtt = 6.409 us.
[info]  rtt = 6.859 us.
[info]  rtt = 6.375 us.
[info]  rtt = 6.582 us.
[info]  rtt = 7.242 us.
[info]  rtt = 6.985 us.
[info]  rtt = 5.908 us.
[info]  rtt = 6.39 us.
[info]  rtt = 6.942 us.
[info]  rtt = 6.234 us.
[info]  rtt = 6.125 us.
[info]  rtt = 6.135 us.
[info]  rtt = 6.225 us.
[info]  rtt = 6.041 us.
[info]  rtt = 6.325 us.
[info]  rtt = 6.48 us.
[info]  rtt = 6.077 us.
[info]  rtt = 6.298 us.
[info]  rtt = 6.641 us.
[info]  rtt = 6.438 us.
[info]  rtt = 6.699 us.
[info]  rtt = 11.53 us.
[info]  rtt = 6.119 us.
[info]  rtt = 5.904 us.
[info]  rtt = 6.179 us.
[info]  rtt = 6.731 us.
[info]  rtt = 6.916 us.
[info]  rtt = 6.586 us.
[info]  rtt = 6.879 us.
[info]  rtt = 6.252 us.
[info]  rtt = 6.48 us.
[info]  rtt = 6.255 us.
[info]  rtt = 6.043 us.
[info]  rtt = 6.279 us.
[info]  rtt = 6.084 us.
[info]  rtt = 6.476 us.
[info]  rtt = 7.938 us.
[info]  rtt = 6.497 us.
[info]  rtt = 6.306 us.
[info]  rtt = 6.501 us.
[info]  rtt = 6.544 us.
[info]  rtt = 5.963 us.
[info]  rtt = 6.732 us.
[info]  rtt = 6.724 us.
[info]  rtt = 6.141 us.
[info]  rtt = 6.272 us.
[info]  rtt = 5.974 us.
[info]  rtt = 5.912 us.
[info]  rtt = 6.283 us.
[info]  rtt = 6.114 us.
[info]  rtt = 6.148 us.
[info]  rtt = 6.949 us.
[info]  rtt = 6.365 us.
[info]  rtt = 6.165 us.
[info]  rtt = 5.933 us.
[info]  rtt = 6.824 us.
[info]  rtt = 5.883 us.
[info]  rtt = 7.021 us.
[info]  rtt = 6.494 us.
[info]  rtt = 5.941 us.
[info]  rtt = 6.444 us.
[info]  rtt = 6.44 us.
[info]  rtt = 19.066 us.
[info]  rtt = 6.126 us.
[info]  rtt = 6.086 us.
[info]  rtt = 6.05 us.
[info]  rtt = 5.932 us.
[info]  rtt = 6.148 us.
[info]  rtt = 7.029 us.
[info]  rtt = 6.7 us.
[info]  rtt = 6.343 us.
[info]  rtt = 6.404 us.
[info]  rtt = 7.192 us.
[info]  rtt = 6.019 us.
[info]  rtt = 7.061 us.
[info]  rtt = 5.974 us.
[info]  rtt = 6.27 us.
[info]  rtt = 5.915 us.
[info]  rtt = 6.957 us.
[info]  rtt = 6.078 us.
[info]  rtt = 6.239 us.
[info]  rtt = 6.286 us.
[info]  rtt = 6.39 us.
[info]  rtt = 6.848 us.
[info]  rtt = 6.11 us.
[info]  rtt = 6.332 us.
[info]  rtt = 6.21 us.
[info]  rtt = 6.081 us.
[info]  rtt = 5.973 us.
[info]  rtt = 6.415 us.
[info]  rtt = 7.005 us.
[info]  rtt = 6.216 us.
[info]  rtt = 5.992 us.
[info]  rtt = 6.192 us.
[info]  rtt = 6.219 us.
[info]  rtt = 7.165 us.
[info]  rtt = 6.337 us.
[info]  rtt = 6.748 us.
[info]  rtt = 5.879 us.
[info]  rtt = 6.2 us.
[info]  rtt = 6.724 us.
[info]  rtt = 6.105 us.
[info]  rtt = 6.012 us.
[info]  rtt = 6.774 us.
[info]  rtt = 6.174 us.
[info]  rtt = 6.874 us.
[info]  rtt = 6.489 us.
[info]  rtt = 6.938 us.
[info]  rtt = 6.217 us.
[info]  rtt = 6.523 us.
[info]  rtt = 6.053 us.
[info]  rtt = 6.442 us.
[info]  rtt = 6.448 us.
[info]  rtt = 6.172 us.
[info]  rtt = 5.95 us.
[info]  rtt = 6.164 us.
[info]  rtt = 6.26 us.
[info]  rtt = 6.437 us.
[info]  rtt = 6.561 us.
[info]  rtt = 6.429 us.
[info]  rtt = 6.624 us.
[info]  rtt = 6.246 us.
[info]  rtt = 10.042 us.
[info]  rtt = 5.998 us.
[info]  rtt = 5.928 us.
[info]  rtt = 6.002 us.
[info]  rtt = 6.906 us.
[info]  rtt = 5.819 us.
[info]  rtt = 6.006 us.
[info]  rtt = 6.822 us.
[info]  rtt = 6.278 us.
[info]  rtt = 6.74 us.
[info]  rtt = 7.033 us.
[info]  rtt = 6.676 us.
[info]  rtt = 6.978 us.
[info]  rtt = 6.428 us.
[info]  rtt = 7.048 us.
[info]  rtt = 6.331 us.
[info]  rtt = 6.186 us.
[info]  rtt = 6.392 us.
[info]  rtt = 6.121 us.
[info]  rtt = 6.099 us.
[info]  rtt = 6.241 us.
[info]  rtt = 6.056 us.
[info]  rtt = 6.451 us.
[info]  rtt = 6.3 us.
[info]  rtt = 7.05 us.
[info]  rtt = 6.137 us.
[info]  rtt = 6.044 us.
[info]  rtt = 5.946 us.
[info]  rtt = 6.518 us.
[info]  rtt = 7.023 us.
[info]  rtt = 7.018 us.
[info]  rtt = 6.042 us.
[info]  rtt = 6.748 us.
[info]  rtt = 6.462 us.
[info]  rtt = 6.651 us.
[info]  rtt = 6.805 us.
[info]  rtt = 6.119 us.
[info]  rtt = 7.527 us.
[info]  rtt = 7.197 us.
[info]  rtt = 6.625 us.
[info]  rtt = 6.85 us.
[info]  rtt = 6.293 us.
[info]  rtt = 7.387 us.
[info]  rtt = 6.322 us.
[info]  rtt = 7.325 us.
[info]  rtt = 6.586 us.
[info]  rtt = 32.369 us.
[info]  rtt = 6.08 us.
[info]  rtt = 6.17 us.
[info]  rtt = 6.522 us.
[info]  rtt = 6.547 us.
[info]  rtt = 6.221 us.
[info]  rtt = 6.376 us.
[info]  rtt = 6.69 us.
[info]  rtt = 6.02 us.
[info]  rtt = 6.612 us.
[info]  rtt = 6.107 us.
[info]  rtt = 5.953 us.
[info]  rtt = 6.047 us.
[info]  rtt = 6.566 us.
[info]  rtt = 6.336 us.
[info]  rtt = 6.496 us.
[info]  rtt = 6.367 us.
[info]  rtt = 6.145 us.
[info]  rtt = 6.928 us.
[info]  rtt = 5.973 us.
[info]  rtt = 6.259 us.
[info]  rtt = 6.601 us.
[info]  rtt = 6.176 us.
[info]  rtt = 6.055 us.
[info]  rtt = 6.549 us.
[info]  rtt = 6.437 us.
[info]  rtt = 6.148 us.
[info]  rtt = 6.309 us.
[info]  rtt = 8.777 us.
[info]  rtt = 5.986 us.
[info]  rtt = 6.203 us.
[info]  rtt = 5.973 us.
[info]  rtt = 6.456 us.
[info]  rtt = 6.38 us.
[info]  rtt = 5.989 us.
[info]  rtt = 6.122 us.
[info]  rtt = 6.871 us.
[info]  rtt = 6.936 us.
[info]  rtt = 7.027 us.
[info]  rtt = 6.245 us.
[info]  rtt = 6.102 us.
[info]  rtt = 6.474 us.
[info]  rtt = 6.858 us.
[info]  rtt = 6.446 us.
[info]  rtt = 6.513 us.
[info]  rtt = 6.133 us.
[info]  rtt = 6.281 us.
[info]  rtt = 6.223 us.
[info]  rtt = 6.007 us.
[info]  rtt = 5.966 us.
[info]  rtt = 5.925 us.
[info]  rtt = 5.978 us.
[info]  rtt = 6.672 us.
[info]  rtt = 6.346 us.
[info]  rtt = 6.261 us.
[info]  rtt = 6.055 us.
[info]  rtt = 6.271 us.
[info]  rtt = 6.167 us.
[info]  rtt = 6.459 us.
[info]  rtt = 6.619 us.
[info]  rtt = 7.534 us.
[info]  rtt = 6.364 us.
[info]  rtt = 6.801 us.
[info]  rtt = 6.107 us.
[info]  rtt = 6.012 us.
[info]  rtt = 7.041 us.
[info]  rtt = 6.156 us.
[info]  rtt = 6.248 us.
[info]  rtt = 6.598 us.
[info]  rtt = 52.635 us.
[info]  rtt = 6.565 us.
[info]  rtt = 6.21 us.
[info]  rtt = 7.058 us.
[info]  rtt = 5.984 us.
[info]  rtt = 6.071 us.
[info]  rtt = 6.438 us.
[info]  rtt = 6.635 us.
[info]  rtt = 6.912 us.
[info]  rtt = 6.816 us.
[info]  rtt = 6.868 us.
[info]  rtt = 6.054 us.
[info]  rtt = 7.035 us.
[info]  rtt = 6.689 us.
[info]  rtt = 6.255 us.
[info]  rtt = 6.742 us.
[info]  rtt = 6.006 us.
[info]  rtt = 6.235 us.
[info]  rtt = 6.852 us.
[info]  rtt = 6.393 us.
[info]  rtt = 6.27 us.
[info]  rtt = 6.497 us.
[info]  rtt = 6.626 us.
[info]  rtt = 7.265 us.
[info]  rtt = 6.983 us.
[info]  rtt = 6.452 us.
[info]  rtt = 6.343 us.
[info]  rtt = 6.89 us.
[info]  rtt = 6.603 us.
[info]  rtt = 6.004 us.
[info]  rtt = 6.05 us.
[info]  rtt = 6.547 us.
[info]  rtt = 7.077 us.
[info]  rtt = 6.278 us.
[info]  rtt = 6.668 us.
[info]  rtt = 6.317 us.
[info]  rtt = 6.367 us.
[info]  rtt = 6.93 us.
[info]  rtt = 14.381 us.
[info]  rtt = 6.284 us.
[info]  rtt = 6.222 us.
[info]  rtt = 6.465 us.
[info]  rtt = 6.517 us.
[info]  rtt = 6.183 us.
[info]  rtt = 6.208 us.
[info]  rtt = 6.798 us.
[info]  rtt = 6.356 us.
[info]  rtt = 35.767 us.
[info]  rtt = 32.437 us.
[info]  rtt = 6.742 us.
[info]  rtt = 5.988 us.
[info]  rtt = 5.881 us.
[info]  rtt = 6.115 us.
[info]  rtt = 6.208 us.
[info]  rtt = 6.887 us.
[info]  rtt = 16.623 us.
[info]  rtt = 6.178 us.
[info]  rtt = 6.049 us.
[info]  rtt = 6.157 us.
[info]  rtt = 6.846 us.
[info]  rtt = 6.636 us.
[info]  rtt = 7.268 us.
[info]  rtt = 6.061 us.
[info]  rtt = 6.079 us.
[info]  rtt = 5.963 us.
[info]  rtt = 6.037 us.
[info]  rtt = 6.245 us.
[info]  rtt = 6.516 us.
[info]  rtt = 6.153 us.
[info]  rtt = 6.375 us.
[info]  rtt = 7.118 us.
[info]  rtt = 19.477 us.
[info]  rtt = 7.166 us.
[info]  rtt = 6.984 us.
[info]  rtt = 6.365 us.
[info]  rtt = 6.508 us.
[info]  rtt = 6.09 us.
[info]  rtt = 6.825 us.
[info]  rtt = 7.205 us.
[info]  rtt = 6.975 us.
[info]  rtt = 6.463 us.
[info]  rtt = 6.26 us.
[info]  rtt = 6.067 us.
[info]  rtt = 6.05 us.
[info]  rtt = 5.983 us.
[info]  rtt = 6.364 us.
[info]  rtt = 6.117 us.
[info]  rtt = 7.437 us.
[info]  rtt = 6.128 us.
[info]  rtt = 6.276 us.
[info]  rtt = 6.607 us.
[info]  rtt = 5.961 us.
[info]  rtt = 5.969 us.
[info]  rtt = 6.286 us.
[info]  rtt = 6.405 us.
[info]  rtt = 6.635 us.
[info]  rtt = 5.898 us.
[info]  rtt = 5.971 us.
[info]  rtt = 6.027 us.
[info]  rtt = 15.678 us.
[info]  rtt = 6.15 us.
[info]  rtt = 5.941 us.
[info]  rtt = 6.629 us.
[info]  rtt = 6.151 us.
[info]  rtt = 7.091 us.
[info]  rtt = 6.496 us.
[info]  rtt = 6.027 us.
[info]  rtt = 6.722 us.
[info]  rtt = 6.82 us.
[info]  rtt = 6.207 us.
[info]  rtt = 6.447 us.
[info]  rtt = 6.397 us.
[info]  rtt = 7.675 us.
[info]  rtt = 6.496 us.
[info]  rtt = 6.716 us.
[info]  rtt = 14.672 us.
[info]  rtt = 6.092 us.
[info]  rtt = 6.097 us.
[info]  rtt = 6.068 us.
[info]  rtt = 7.311 us.
[info]  rtt = 6.135 us.
[info]  rtt = 6.032 us.
[info]  rtt = 6.618 us.
[info]  rtt = 6.523 us.
[info]  rtt = 6.239 us.
[info]  rtt = 6.073 us.
[info]  rtt = 6.506 us.
[info]  rtt = 6.419 us.
[info]  rtt = 6.118 us.
[info]  rtt = 6.853 us.
[info]  rtt = 6.343 us.
[info]  rtt = 5.968 us.
[info]  rtt = 6.143 us.
[info]  rtt = 6.125 us.
[info]  rtt = 6.272 us.
[info]  rtt = 6.157 us.
[info]  rtt = 5.948 us.
[info]  rtt = 6.13 us.
[info]  rtt = 6.081 us.
[info]  rtt = 6.048 us.
[info]  rtt = 6.211 us.
[info]  rtt = 6.064 us.
[info]  rtt = 6.187 us.
[info]  rtt = 6.2 us.
[info]  rtt = 7.138 us.
[info]  rtt = 6.667 us.
[info]  rtt = 6.157 us.
[info]  rtt = 6.879 us.
[info]  rtt = 6.128 us.
[info]  rtt = 6.64 us.
[info]  rtt = 6.606 us.
[info]  rtt = 6.848 us.
[info]  rtt = 5.954 us.
[info]  rtt = 5.988 us.
[info]  rtt = 6.777 us.
[info]  rtt = 6.297 us.
[info]  rtt = 6.214 us.
[info]  rtt = 6.181 us.
[info]  rtt = 6.413 us.
[info]  rtt = 6.016 us.
[info]  rtt = 6.363 us.
[info]  rtt = 6.417 us.
[info]  rtt = 6.124 us.
[info]  rtt = 5.979 us.
[info]  rtt = 6.669 us.
[info]  rtt = 6.067 us.
[info]  rtt = 6.026 us.
[info]  rtt = 7.035 us.
[info]  rtt = 6.589 us.
[info]  rtt = 6.51 us.
[info]  rtt = 7.021 us.
[info]  rtt = 6.482 us.
[info]  rtt = 6.734 us.
[info]  rtt = 6.335 us.
[info]  rtt = 6.245 us.
[info]  rtt = 13.88 us.
[info]  rtt = 6.435 us.
[info]  rtt = 6.251 us.
[info]  rtt = 6.215 us.
[info]  rtt = 5.937 us.
[info]  rtt = 6.527 us.
[info]  rtt = 6.307 us.
[info]  rtt = 6.124 us.
[info]  rtt = 6.872 us.
[info]  rtt = 6.587 us.
[info]  rtt = 6.066 us.
[info]  rtt = 6.011 us.
[info]  rtt = 6.102 us.
[info]  rtt = 6.115 us.
[info]  rtt = 6.091 us.
[info]  rtt = 6.592 us.
[info]  rtt = 6.042 us.
[info]  rtt = 6.274 us.
[info]  rtt = 6.5 us.
[info]  rtt = 6.234 us.
[info]  rtt = 6.497 us.
[info]  rtt = 6.341 us.
[info]  rtt = 6.455 us.
[info]  rtt = 7.155 us.
[info]  rtt = 6.896 us.
[info]  rtt = 6.047 us.
[info]  rtt = 5.87 us.
[info]  rtt = 6.391 us.
[info]  rtt = 6.239 us.
[info]  rtt = 6.033 us.
[info]  rtt = 6.277 us.
[info]  rtt = 6.083 us.
[info]  rtt = 6.367 us.
[info]  rtt = 6.273 us.
[info]  rtt = 6.685 us.
[info]  rtt = 6.451 us.
[info]  rtt = 6.558 us.
[info]  rtt = 7.075 us.
[info]  rtt = 6.692 us.
[info]  rtt = 6.86 us.
[info]  rtt = 39.201 us.
[info]  rtt = 6.724 us.
[info]  rtt = 26.399 us.
[info]  rtt = 6.002 us.
[info]  rtt = 6.052 us.
[info]  rtt = 6.728 us.
[info]  rtt = 6.222 us.
[info]  rtt = 6.12 us.
[info]  rtt = 6.527 us.
[info]  rtt = 6.133 us.
[info]  rtt = 6.242 us.
[info]  rtt = 6.094 us.
[info]  rtt = 6.357 us.
[info]  rtt = 6.085 us.
[info]  rtt = 6.119 us.
[info]  rtt = 6.141 us.
[info]  rtt = 6.388 us.
[info]  rtt = 6.096 us.
[info]  rtt = 6.59 us.
[info]  rtt = 6.197 us.
[info]  rtt = 6.203 us.
[info]  rtt = 6.142 us.
[info]  rtt = 6.086 us.
[info]  rtt = 5.963 us.
[info]  rtt = 6.188 us.
[info]  rtt = 6.054 us.
[info]  rtt = 6.351 us.
[info]  rtt = 6.127 us.
[info]  rtt = 6.182 us.
[info]  rtt = 6.452 us.
[info]  rtt = 6.535 us.
[info]  rtt = 6.595 us.
[info]  rtt = 7.458 us.
[info]  rtt = 5.98 us.
[info]  rtt = 6.081 us.
[info]  rtt = 5.977 us.
[info]  rtt = 6.468 us.
[info]  rtt = 6.043 us.
[info]  rtt = 6.333 us.
[info]  rtt = 5.983 us.
[info]  rtt = 6.062 us.
[info]  rtt = 6.339 us.
[info]  rtt = 6.042 us.
[info]  rtt = 6.074 us.
[info]  rtt = 6.278 us.
[info]  rtt = 6.032 us.
[info]  rtt = 6.211 us.
[info]  rtt = 6.189 us.
[info]  rtt = 6.86 us.
[info]  rtt = 5.945 us.
[info]  rtt = 23.771 us.
[info]  rtt = 6.253 us.
[info]  rtt = 6.193 us.
[info]  rtt = 6.047 us.
[info]  rtt = 6.24 us.
[info]  rtt = 6.047 us.
[info]  rtt = 6.276 us.
[info]  rtt = 6.486 us.
[info]  rtt = 7.762 us.
[info]  rtt = 6.566 us.
[info]  rtt = 6.332 us.
[info]  rtt = 6.767 us.
[info]  rtt = 6.484 us.
[info]  rtt = 6.06 us.
[info]  rtt = 7.359 us.
[info]  rtt = 7.337 us.
[info]  rtt = 6.148 us.
[info]  rtt = 6.832 us.
[info]  rtt = 6.097 us.
[info]  rtt = 7.086 us.
[info]  rtt = 6.325 us.
[info]  rtt = 5.994 us.
[info]  rtt = 6.496 us.
[info]  rtt = 6.725 us.
[info]  rtt = 6.142 us.
[info]  rtt = 6.481 us.
[info]  rtt = 6.745 us.
[info]  rtt = 10.608 us.
[info]  rtt = 6.773 us.
[info]  rtt = 6.259 us.
[info]  rtt = 6.606 us.
[info]  rtt = 6.637 us.
[info]  rtt = 6.248 us.
[info]  rtt = 6.439 us.
[info]  rtt = 6.19 us.
[info]  rtt = 7.089 us.
[info]  rtt = 6.403 us.
[info]  rtt = 6.318 us.
[info]  rtt = 6.94 us.
[info]  rtt = 6.909 us.
[info]  rtt = 5.954 us.
[info]  rtt = 6.044 us.
[info]  rtt = 6.151 us.
[info]  rtt = 6.374 us.
[info]  rtt = 6.75 us.
[info]  rtt = 6.584 us.
[info]  rtt = 7.483 us.
[info]  rtt = 21.691 us.
[info]  rtt = 6.161 us.
[info]  rtt = 6.7 us.
[info]  rtt = 5.878 us.
[info]  rtt = 6.018 us.
[info]  rtt = 6.241 us.
[info]  rtt = 6.243 us.
[info]  rtt = 5.984 us.
[info]  rtt = 6.253 us.
[info]  rtt = 6.261 us.
[info]  rtt = 6.599 us.
[info]  rtt = 6.145 us.
[info]  rtt = 6.029 us.
[info]  rtt = 6.076 us.
[info]  rtt = 6.268 us.
[info]  rtt = 6.493 us.
[info]  rtt = 6.893 us.
[info]  rtt = 6.422 us.
[info]  rtt = 6.195 us.
[info]  rtt = 7.17 us.
[info]  rtt = 6.752 us.
[info]  rtt = 6.53 us.
[info]  rtt = 6.51 us.
[info]  rtt = 6.342 us.
[info]  rtt = 5.953 us.
[info]  rtt = 6.915 us.
[info]  rtt = 6 us.
[info]  rtt = 6.153 us.
[info]  rtt = 6.689 us.
[info]  rtt = 6.682 us.
[info]  rtt = 16.79 us.
[info]  rtt = 6.985 us.
[info]  rtt = 5.952 us.
[info]  rtt = 6.141 us.
[info]  rtt = 6.112 us.
[info]  rtt = 6.296 us.
[info]  rtt = 6.345 us.
[info]  rtt = 6.37 us.
[info]  rtt = 6.064 us.
[info]  rtt = 6.655 us.
[info]  rtt = 6.084 us.
[info]  rtt = 7.864 us.
[info]  rtt = 6.001 us.
[info]  rtt = 6.065 us.
[info]  rtt = 6.289 us.
[info]  rtt = 5.999 us.
[info]  rtt = 6.266 us.
[info]  rtt = 6.313 us.
[info]  rtt = 6.342 us.
[info]  rtt = 6.112 us.
[info]  rtt = 6.168 us.
[info]  rtt = 6.274 us.
[info]  rtt = 6.689 us.
[info]  rtt = 7.526 us.
[info]  rtt = 6.026 us.
[info]  rtt = 5.967 us.
[info]  rtt = 6.299 us.
[info]  rtt = 6.288 us.
[info]  rtt = 6.31 us.
[info]  rtt = 6.594 us.
[info]  rtt = 6.019 us.
[info]  rtt = 6.685 us.
[info]  rtt = 6.979 us.
[info]  rtt = 6.78 us.
[info]  rtt = 6.367 us.
[info]  rtt = 6.45 us.
[info]  rtt = 6.73 us.
[info]  rtt = 6.035 us.
[info]  rtt = 6.244 us.
[info]  rtt = 6.756 us.
[info]  rtt = 6.13 us.
[info]  rtt = 7.215 us.
[info]  rtt = 6.139 us.
[info]  rtt = 6.207 us.
[info]  rtt = 5.864 us.
[info]  rtt = 22.462 us.
[info]  rtt = 6.243 us.
[info]  rtt = 6.844 us.
[info]  rtt = 7.213 us.
[info]  rtt = 6.084 us.
[info]  rtt = 6.852 us.
[info]  rtt = 6.544 us.
[info]  rtt = 6.089 us.
[info]  rtt = 5.976 us.
[info]  rtt = 16.933 us.
[info]  rtt = 6.148 us.
[info]  rtt = 11.36 us.
[info]  rtt = 6.764 us.
[info]  rtt = 6.523 us.
[info]  rtt = 6.248 us.
[info]  rtt = 6.006 us.
[info]  rtt = 6.059 us.
[info]  rtt = 6.491 us.
[info]  rtt = 6.019 us.
[info]  rtt = 6.47 us.
[info]  rtt = 7.145 us.
[info]  rtt = 6.417 us.
[info]  rtt = 6.233 us.
[info]  rtt = 8.582 us.
[info]  rtt = 7.05 us.
[info]  rtt = 6.488 us.
[info]  rtt = 6.157 us.
[info]  rtt = 6.834 us.
[info]  rtt = 6.385 us.
[info]  rtt = 6.839 us.
[info]  rtt = 6.615 us.
[info]  rtt = 6.568 us.
[info]  rtt = 6.86 us.
[info]  rtt = 6.469 us.
[info]  rtt = 7.12 us.
[info]  rtt = 5.888 us.
[info]  rtt = 6.08 us.
[info]  rtt = 6.234 us.
[info]  rtt = 6.16 us.
[info]  rtt = 6.168 us.
[info]  rtt = 6.148 us.
[info]  rtt = 5.961 us.
[info]  rtt = 6.447 us.
[info]  rtt = 6.044 us.
[info]  rtt = 6.218 us.
[info]  rtt = 6.752 us.
[info]  rtt = 6.26 us.
[info]  rtt = 5.953 us.
[info]  rtt = 6.185 us.
[info]  rtt = 6.219 us.
[info]  rtt = 6.384 us.
[info]  rtt = 6.132 us.
[info]  rtt = 7.19 us.
[info]  rtt = 6.432 us.
[info]  rtt = 6.446 us.
[info]  rtt = 6.246 us.
[info]  rtt = 6.104 us.
[info]  rtt = 6.31 us.
[info]  rtt = 6.056 us.
[info]  rtt = 6.05 us.
[info]  rtt = 6.273 us.
[info]  rtt = 6.57 us.
[info]  rtt = 6.096 us.
[info]  rtt = 6.622 us.
[info]  rtt = 6.053 us.
[info]  rtt = 6.497 us.
[info]  rtt = 6.543 us.
[info]  rtt = 6.444 us.
[info]  rtt = 6.263 us.
[info]  rtt = 6.814 us.
[info]  rtt = 6.281 us.
[info]  rtt = 6.659 us.
[info]  rtt = 6.543 us.
[info]  rtt = 13.735 us.
[info]  rtt = 7.616 us.
[info]  rtt = 8.589 us.
[info]  rtt = 6.691 us.
[info]  rtt = 6.175 us.
[info]  rtt = 6.884 us.
[info]  rtt = 6.571 us.
[info]  rtt = 6.563 us.
[info]  rtt = 6.671 us.
[info]  rtt = 6.809 us.
[info]  rtt = 6.539 us.
[info]  rtt = 7.636 us.
[info]  rtt = 6.955 us.
[info]  rtt = 6.28 us.
[info]  rtt = 5.935 us.
[info]  rtt = 5.986 us.
[info]  rtt = 6.378 us.
[info]  rtt = 6.742 us.
[info]  rtt = 7.155 us.
[info]  rtt = 6.391 us.
[info]  rtt = 6.676 us.
[info]  rtt = 6.185 us.
[info]  rtt = 6.847 us.
[info]  rtt = 6.234 us.
[info]  rtt = 6.822 us.
[info]  rtt = 6.141 us.
[info]  rtt = 6.381 us.
[info]  rtt = 6.026 us.
[info]  rtt = 6.014 us.
[info]  rtt = 6.663 us.
[info]  rtt = 6.391 us.
[info]  rtt = 6.317 us.
[info]  rtt = 6.73 us.
[info]  rtt = 6.667 us.
[info]  rtt = 5.913 us.
[info]  rtt = 6.769 us.
[info]  rtt = 6.037 us.
[info]  rtt = 6.041 us.
[info]  rtt = 6.52 us.
[info]  rtt = 6.184 us.
[info]  rtt = 7.1 us.
[info]  rtt = 48.8 us.
[info]  rtt = 6.739 us.
[info]  rtt = 7.478 us.
[info]  rtt = 6.784 us.
[info]  rtt = 6.082 us.
[info]  rtt = 7.351 us.
[info]  rtt = 6.772 us.
[info]  rtt = 6.353 us.
[info]  rtt = 6.435 us.
[info]  rtt = 6.568 us.
[info]  rtt = 6.376 us.
[info]  rtt = 6.825 us.
[info]  rtt = 6.739 us.
[info]  rtt = 7.028 us.
[info]  rtt = 6.266 us.
[info]  average: 6.92241 us. median: 6.3505 us. mode: 6.148000 us. min: 5.819 us. max: 52.635 us. per 1024 samples, packet size: 140 bytes / payload size: 98 bytes 
[debug]  
	Total number of successfully received packets: 1070
	Total number of successfully transmitted packets: 1069
	Total number of successfully received bytes: 150002
	Total number of successfully transmitted bytes: 149660
	missed : 0 from : 1070 - 0%
	Total number of erroneous received packets: 0
	Total number of failed transmitted packets: 0
	Total number of Rx mbuf allocation failures: 0
		0 Total number of queue Rx packets : 1070
		0 Total number of successfully received queue bytes : 150002
		0 Total number of queue packets received that are dropped : 0
		0 Total number of queue Tx packets : 1069
		0 Total number of successfully transmitted queue bytes : 149660
