[debug]  lo
	00:00:00:00:00:00
	127.0.0.1
[debug]  enp6s0f1np1
	08:BF:B8:05:53:90
	192.168.13.2
[debug]  ens8191f0np0
	EC:0D:9A:98:B2:D2
	192.168.13.31
[debug]  enxbaa50f00c0b2
	BA:A5:0F:00:C0:B2
[debug]  ens8191f1np1
	EC:0D:9A:98:B2:D3
	192.168.13.32
[debug]  enp64s0f0np0
	B8:CE:F6:8C:E3:B4
	192.168.13.22
[debug]  enp64s0f1np1
	B8:CE:F6:8C:E3:B5
	192.168.13.23
[debug]  wlx0013ef500a9c
	00:13:EF:50:0A:9C
	192.168.8.144
[debug]  enp148s0f0np0
	00:0F:53:63:4C:E0
	192.168.13.41
[debug]  enp148s0f1np1
	00:0F:53:63:4C:E1
	192.168.13.42
[debug]  enp6s0f0np0
	08:BF:B8:05:53:91
	192.168.13.1
[debug]  enp106s0f0np0
	40:A6:B7:96:E7:A0
	192.168.13.11
[debug]  enp106s0f1np1
	40:A6:B7:96:E7:A1
	192.168.13.12
[debug]  ens8191f1np1 (mlx5_pci) port: 0 - EC:0D:9A:98:B2:D3[192.168.13.32]
{
	svc_tx_n : 1
	rx_flow_queues : 0
	next_src_port : 5000 (0x1388)
	rx_reconfig_hint : 65000 (0xfde8)
	clock_hz : 156250449 (0x9503151)
	info : {
		min_mtu : 46 (0x2e)
		max_mtu : 65535 (0xffff)
		min_rx_bufsize : 32 (0x20)
		max_rx_bufsize : 4294967295 (0xffffffff)
		max_rx_pktlen : 65536 (0x10000)
		max_lro_pkt_size : 65280 (0xff00)
		max_rx_queues : 1024 (0x400)
		max_tx_queues : 1024 (0x400)
		max_mac_addrs : 128 (0x80)
		max_hash_mac_addrs : 0
		max_vfs : 0
		max_vmdq_pools : 0
		rx_offload_capa : 9621f:RTE_ETH_RX_OFFLOAD_VLAN_STRIP|RTE_ETH_RX_OFFLOAD_IPV4_CKSUM|RTE_ETH_RX_OFFLOAD_UDP_CKSUM|RTE_ETH_RX_OFFLOAD_TCP_CKSUM|RTE_ETH_RX_OFFLOAD_TCP_LRO|RTE_ETH_RX_OFFLOAD_VLAN_FILTER|RTE_ETH_RX_OFFLOAD_SCATTER|RTE_ETH_RX_OFFLOAD_TIMESTAMP|RTE_ETH_RX_OFFLOAD_KEEP_CRC|RTE_ETH_RX_OFFLOAD_RSS_HASH
		tx_offload_capa : c96af:RTE_ETH_TX_OFFLOAD_VLAN_INSERT|RTE_ETH_TX_OFFLOAD_IPV4_CKSUM|RTE_ETH_TX_OFFLOAD_UDP_CKSUM|RTE_ETH_TX_OFFLOAD_TCP_CKSUM|RTE_ETH_TX_OFFLOAD_TCP_TSO|RTE_ETH_TX_OFFLOAD_OUTER_IPV4_CKSUM|RTE_ETH_TX_OFFLOAD_VXLAN_TNL_TSO|RTE_ETH_TX_OFFLOAD_GRE_TNL_TSO|RTE_ETH_TX_OFFLOAD_GENEVE_TNL_TSO|RTE_ETH_TX_OFFLOAD_MULTI_SEGS|RTE_ETH_TX_OFFLOAD_UDP_TNL_TSO|RTE_ETH_TX_OFFLOAD_IP_TNL_TSO
		rx_queue_offload_capa : 9601f:RTE_ETH_RX_OFFLOAD_VLAN_STRIP|RTE_ETH_RX_OFFLOAD_IPV4_CKSUM|RTE_ETH_RX_OFFLOAD_UDP_CKSUM|RTE_ETH_RX_OFFLOAD_TCP_CKSUM|RTE_ETH_RX_OFFLOAD_TCP_LRO|RTE_ETH_RX_OFFLOAD_SCATTER|RTE_ETH_RX_OFFLOAD_TIMESTAMP|RTE_ETH_RX_OFFLOAD_KEEP_CRC|RTE_ETH_RX_OFFLOAD_RSS_HASH
		tx_queue_offload_capa : 0
		reta_size : 512 (0x200)
		rss_algo_capa : 1
		flow_type_rss_offloads : 134459324 (0x803afbc)
		default_rxconf : {
			rx_thresh : {
				pthresh : 0
				hthresh : 0
				wthresh : 0
			}
			rx_free_thresh : 0
			rx_drop_en : 0
			rx_deferred_start : 0
			rx_nseg : 0
			share_group : 0
			share_qid : 0
			offloads : 0
			rx_nmempool : 0
		}
		default_txconf : {
			tx_thresh : {
				pthresh : 0
				hthresh : 0
				wthresh : 0
			}
			tx_rs_thresh : 0
			tx_free_thresh : 0
			tx_deferred_start : 0
			offloads : 0
		}
		vmdq_queue_base : 0
		vmdq_queue_num : 0
		vmdq_pool_base : 0
		rx_desc_lim : {
			nb_max : 32768 (0x8000)
			nb_min : 0
			nb_align : 1
			nb_seg_max : 65535 (0xffff)
			nb_mtu_seg_max : 65535 (0xffff)
		}
		tx_desc_lim : {
			nb_max : 32768 (0x8000)
			nb_min : 0
			nb_align : 1
			nb_seg_max : 40 (0x28)
			nb_mtu_seg_max : 40 (0x28)
		}
		speed_capa : 1312 (0x520)
		nb_rx_queues : 0
		nb_tx_queues : 0
		default_rxportconf : {
			burst_size : 1
			ring_size : 256 (0x100)
			nb_queues : 1
		}
		default_txportconf : {
			burst_size : 1
			ring_size : 256 (0x100)
			nb_queues : 1
		}
		dev_capa : 20 (0x14)
	}
	effective_offload : {
		rx : 9621f:RTE_ETH_RX_OFFLOAD_VLAN_STRIP|RTE_ETH_RX_OFFLOAD_IPV4_CKSUM|RTE_ETH_RX_OFFLOAD_UDP_CKSUM|RTE_ETH_RX_OFFLOAD_TCP_CKSUM|RTE_ETH_RX_OFFLOAD_TCP_LRO|RTE_ETH_RX_OFFLOAD_VLAN_FILTER|RTE_ETH_RX_OFFLOAD_SCATTER|RTE_ETH_RX_OFFLOAD_TIMESTAMP|RTE_ETH_RX_OFFLOAD_KEEP_CRC|RTE_ETH_RX_OFFLOAD_RSS_HASH
		tx : c96af:RTE_ETH_TX_OFFLOAD_VLAN_INSERT|RTE_ETH_TX_OFFLOAD_IPV4_CKSUM|RTE_ETH_TX_OFFLOAD_UDP_CKSUM|RTE_ETH_TX_OFFLOAD_TCP_CKSUM|RTE_ETH_TX_OFFLOAD_TCP_TSO|RTE_ETH_TX_OFFLOAD_OUTER_IPV4_CKSUM|RTE_ETH_TX_OFFLOAD_VXLAN_TNL_TSO|RTE_ETH_TX_OFFLOAD_GRE_TNL_TSO|RTE_ETH_TX_OFFLOAD_GENEVE_TNL_TSO|RTE_ETH_TX_OFFLOAD_MULTI_SEGS|RTE_ETH_TX_OFFLOAD_UDP_TNL_TSO|RTE_ETH_TX_OFFLOAD_IP_TNL_TSO
	}
	tx_rings : 65535 (0xffff)
	rx_meta_features : 3:RTE_ETH_RX_METADATA_USER_FLAG|RTE_ETH_RX_METADATA_USER_MARK
	features : 0000000000000000000000000000000000000000000000000000000000000110
}	will run on socket 0 - 11 cores : [26 17 18 19 20 21 22 23 24 25 16 ]
[debug]  ens8191f1np1 port: 0 - requested offloads : 9621f:RTE_ETH_RX_OFFLOAD_VLAN_STRIP|RTE_ETH_RX_OFFLOAD_IPV4_CKSUM|RTE_ETH_RX_OFFLOAD_UDP_CKSUM|RTE_ETH_RX_OFFLOAD_TCP_CKSUM|RTE_ETH_RX_OFFLOAD_TCP_LRO|RTE_ETH_RX_OFFLOAD_VLAN_FILTER|RTE_ETH_RX_OFFLOAD_SCATTER|RTE_ETH_RX_OFFLOAD_TIMESTAMP|RTE_ETH_RX_OFFLOAD_KEEP_CRC|RTE_ETH_RX_OFFLOAD_RSS_HASH
[debug]  clock frequency 156250449 hz
[debug]  port 0 : 192.168.13.32 - link speed 25 Gbps
[debug]  starting up 1 rx queue(s)...
[info]  192.168.13.31 : EC:0D:9A:98:B2:D2
[debug]  creating sockperf packets memory pool : 2048 cache_size : 16
[info]  warming up...
[info]  performing latency test ...
[info]  rtt = 5.034 us.
[info]  rtt = 4.837 us.
[info]  rtt = 4.237 us.
[info]  rtt = 4.645 us.
[info]  rtt = 4.367 us.
[info]  rtt = 4.541 us.
[info]  rtt = 5.261 us.
[info]  rtt = 4.457 us.
[info]  rtt = 4.576 us.
[info]  rtt = 4.299 us.
[info]  rtt = 4.559 us.
[info]  rtt = 4.385 us.
[info]  rtt = 4.472 us.
[info]  rtt = 4.666 us.
[info]  rtt = 4.748 us.
[info]  rtt = 4.548 us.
[info]  rtt = 4.202 us.
[info]  rtt = 5.494 us.
[info]  rtt = 4.464 us.
[info]  rtt = 4.42 us.
[info]  rtt = 5.037 us.
[info]  rtt = 4.258 us.
[info]  rtt = 4.687 us.
[info]  rtt = 4.357 us.
[info]  rtt = 4.444 us.
[info]  rtt = 4.405 us.
[info]  rtt = 4.981 us.
[info]  rtt = 5.102 us.
[info]  rtt = 4.339 us.
[info]  rtt = 4.592 us.
[info]  rtt = 4.445 us.
[info]  rtt = 4.581 us.
[info]  rtt = 4.765 us.
[info]  rtt = 4.373 us.
[info]  rtt = 5.292 us.
[info]  rtt = 4.343 us.
[info]  rtt = 4.581 us.
[info]  rtt = 4.459 us.
[info]  rtt = 5.245 us.
[info]  rtt = 5.08 us.
[info]  rtt = 4.449 us.
[info]  rtt = 4.546 us.
[info]  rtt = 4.509 us.
[info]  rtt = 4.651 us.
[info]  rtt = 4.4 us.
[info]  rtt = 4.542 us.
[info]  rtt = 5.339 us.
[info]  rtt = 4.468 us.
[info]  rtt = 5.43 us.
[info]  rtt = 8.303 us.
[info]  rtt = 4.648 us.
[info]  rtt = 4.803 us.
[info]  rtt = 4.543 us.
[info]  rtt = 4.767 us.
[info]  rtt = 4.315 us.
[info]  rtt = 4.597 us.
[info]  rtt = 4.308 us.
[info]  rtt = 4.472 us.
[info]  rtt = 4.719 us.
[info]  rtt = 5.24 us.
[info]  rtt = 4.591 us.
[info]  rtt = 4.381 us.
[info]  rtt = 5.312 us.
[info]  rtt = 4.462 us.
[info]  rtt = 4.356 us.
[info]  rtt = 4.535 us.
[info]  rtt = 4.344 us.
[info]  rtt = 5.186 us.
[info]  rtt = 4.311 us.
[info]  rtt = 4.661 us.
[info]  rtt = 4.42 us.
[info]  rtt = 4.44 us.
[info]  rtt = 4.495 us.
[info]  rtt = 4.205 us.
[info]  rtt = 4.645 us.
[info]  rtt = 5.232 us.
[info]  rtt = 4.363 us.
[info]  rtt = 4.406 us.
[info]  rtt = 4.245 us.
[info]  rtt = 4.558 us.
[info]  rtt = 4.325 us.
[info]  rtt = 4.606 us.
[info]  rtt = 4.51 us.
[info]  rtt = 4.538 us.
[info]  rtt = 4.595 us.
[info]  rtt = 4.328 us.
[info]  rtt = 4.489 us.
[info]  rtt = 4.592 us.
[info]  rtt = 4.564 us.
[info]  rtt = 5.121 us.
[info]  rtt = 4.481 us.
[info]  rtt = 5.508 us.
[info]  rtt = 4.384 us.
[info]  rtt = 4.847 us.
[info]  rtt = 4.392 us.
[info]  rtt = 4.448 us.
[info]  rtt = 4.477 us.
[info]  rtt = 4.31 us.
[info]  rtt = 4.456 us.
[info]  rtt = 4.49 us.
[info]  rtt = 4.776 us.
[info]  rtt = 4.365 us.
[info]  rtt = 4.413 us.
[info]  rtt = 5.29 us.
[info]  rtt = 4.207 us.
[info]  rtt = 4.553 us.
[info]  rtt = 4.237 us.
[info]  rtt = 4.864 us.
[info]  rtt = 4.309 us.
[info]  rtt = 4.589 us.
[info]  rtt = 8.667 us.
[info]  rtt = 4.29 us.
[info]  rtt = 4.513 us.
[info]  rtt = 4.35 us.
[info]  rtt = 4.447 us.
[info]  rtt = 4.523 us.
[info]  rtt = 4.321 us.
[info]  rtt = 5.253 us.
[info]  rtt = 4.363 us.
[info]  rtt = 4.487 us.
[info]  rtt = 4.373 us.
[info]  rtt = 4.548 us.
[info]  rtt = 4.63 us.
[info]  rtt = 4.704 us.
[info]  rtt = 4.525 us.
[info]  rtt = 4.48 us.
[info]  rtt = 4.602 us.
[info]  rtt = 4.349 us.
[info]  rtt = 5.493 us.
[info]  rtt = 4.606 us.
[info]  rtt = 4.257 us.
[info]  rtt = 5.3 us.
[info]  rtt = 4.411 us.
[info]  rtt = 4.394 us.
[info]  rtt = 4.357 us.
[info]  rtt = 4.378 us.
[info]  rtt = 4.543 us.
[info]  rtt = 4.312 us.
[info]  rtt = 4.387 us.
[info]  rtt = 4.417 us.
[info]  rtt = 4.349 us.
[info]  rtt = 4.49 us.
[info]  rtt = 4.249 us.
[info]  rtt = 4.394 us.
[info]  rtt = 4.289 us.
[info]  rtt = 5.118 us.
[info]  rtt = 4.45 us.
[info]  rtt = 4.376 us.
[info]  rtt = 4.449 us.
[info]  rtt = 4.341 us.
[info]  rtt = 4.407 us.
[info]  rtt = 4.367 us.
[info]  rtt = 4.993 us.
[info]  rtt = 4.533 us.
[info]  rtt = 4.569 us.
[info]  rtt = 5.373 us.
[info]  rtt = 4.341 us.
[info]  rtt = 4.81 us.
[info]  rtt = 5.034 us.
[info]  rtt = 4.519 us.
[info]  rtt = 4.506 us.
[info]  rtt = 7.81 us.
[info]  rtt = 4.535 us.
[info]  rtt = 4.381 us.
[info]  rtt = 4.439 us.
[info]  rtt = 4.326 us.
[info]  rtt = 4.483 us.
[info]  rtt = 4.441 us.
[info]  rtt = 4.253 us.
[info]  rtt = 4.715 us.
[info]  rtt = 4.316 us.
[info]  rtt = 4.577 us.
[info]  rtt = 5.293 us.
[info]  rtt = 4.486 us.
[info]  rtt = 4.546 us.
[info]  rtt = 4.344 us.
[info]  rtt = 4.711 us.
[info]  rtt = 4.319 us.
[info]  rtt = 4.391 us.
[info]  rtt = 4.407 us.
[info]  rtt = 4.258 us.
[info]  rtt = 4.483 us.
[info]  rtt = 4.248 us.
[info]  rtt = 4.582 us.
[info]  rtt = 4.423 us.
[info]  rtt = 4.35 us.
[info]  rtt = 5.135 us.
[info]  rtt = 4.778 us.
[info]  rtt = 4.393 us.
[info]  rtt = 4.395 us.
[info]  rtt = 4.413 us.
[info]  rtt = 4.417 us.
[info]  rtt = 4.372 us.
[info]  rtt = 4.528 us.
[info]  rtt = 4.435 us.
[info]  rtt = 4.517 us.
[info]  rtt = 4.331 us.
[info]  rtt = 4.543 us.
[info]  rtt = 4.354 us.
[info]  rtt = 4.38 us.
[info]  rtt = 5.063 us.
[info]  rtt = 4.518 us.
[info]  rtt = 4.474 us.
[info]  rtt = 4.305 us.
[info]  rtt = 4.487 us.
[info]  rtt = 4.492 us.
[info]  rtt = 4.256 us.
[info]  rtt = 4.543 us.
[info]  rtt = 4.279 us.
[info]  rtt = 5.226 us.
[info]  rtt = 4.327 us.
[info]  rtt = 4.503 us.
[info]  rtt = 4.537 us.
[info]  rtt = 4.492 us.
[info]  rtt = 5.116 us.
[info]  rtt = 4.258 us.
[info]  rtt = 4.441 us.
[info]  rtt = 4.291 us.
[info]  rtt = 5.045 us.
[info]  rtt = 6.436 us.
[info]  rtt = 4.649 us.
[info]  rtt = 4.339 us.
[info]  rtt = 4.597 us.
[info]  rtt = 4.633 us.
[info]  rtt = 4.412 us.
[info]  rtt = 4.528 us.
[info]  rtt = 4.399 us.
[info]  rtt = 4.606 us.
[info]  rtt = 4.624 us.
[info]  rtt = 4.341 us.
[info]  rtt = 4.523 us.
[info]  rtt = 4.381 us.
[info]  rtt = 4.547 us.
[info]  rtt = 4.402 us.
[info]  rtt = 4.541 us.
[info]  rtt = 4.472 us.
[info]  rtt = 4.598 us.
[info]  rtt = 4.477 us.
[info]  rtt = 4.428 us.
[info]  rtt = 4.476 us.
[info]  rtt = 4.299 us.
[info]  rtt = 4.578 us.
[info]  rtt = 4.399 us.
[info]  rtt = 4.446 us.
[info]  rtt = 4.657 us.
[info]  rtt = 4.306 us.
[info]  rtt = 4.509 us.
[info]  rtt = 4.403 us.
[info]  rtt = 4.561 us.
[info]  rtt = 5.133 us.
[info]  rtt = 4.53 us.
[info]  rtt = 5.091 us.
[info]  rtt = 4.431 us.
[info]  rtt = 4.44 us.
[info]  rtt = 4.299 us.
[info]  rtt = 4.477 us.
[info]  rtt = 4.404 us.
[info]  rtt = 4.347 us.
[info]  rtt = 4.664 us.
[info]  rtt = 4.539 us.
[info]  rtt = 4.539 us.
[info]  rtt = 4.49 us.
[info]  rtt = 4.616 us.
[info]  rtt = 4.682 us.
[info]  rtt = 4.531 us.
[info]  rtt = 4.813 us.
[info]  rtt = 4.371 us.
[info]  rtt = 4.584 us.
[info]  rtt = 4.46 us.
[info]  rtt = 4.238 us.
[info]  rtt = 4.513 us.
[info]  rtt = 4.231 us.
[info]  rtt = 4.373 us.
[info]  rtt = 4.439 us.
[info]  rtt = 5.127 us.
[info]  rtt = 4.57 us.
[info]  rtt = 4.411 us.
[info]  rtt = 4.451 us.
[info]  rtt = 4.209 us.
[info]  rtt = 4.345 us.
[info]  rtt = 4.333 us.
[info]  rtt = 4.351 us.
[info]  rtt = 4.282 us.
[info]  rtt = 5.293 us.
[info]  rtt = 4.316 us.
[info]  rtt = 4.338 us.
[info]  rtt = 4.344 us.
[info]  rtt = 4.334 us.
[info]  rtt = 4.3 us.
[info]  rtt = 4.275 us.
[info]  rtt = 4.339 us.
[info]  rtt = 4.258 us.
[info]  rtt = 4.266 us.
[info]  rtt = 4.376 us.
[info]  rtt = 4.284 us.
[info]  rtt = 4.355 us.
[info]  rtt = 4.485 us.
[info]  rtt = 4.338 us.
[info]  rtt = 4.619 us.
[info]  rtt = 4.357 us.
[info]  rtt = 4.373 us.
[info]  rtt = 4.331 us.
[info]  rtt = 4.288 us.
[info]  rtt = 4.317 us.
[info]  rtt = 4.424 us.
[info]  rtt = 4.434 us.
[info]  rtt = 4.424 us.
[info]  rtt = 4.382 us.
[info]  rtt = 4.282 us.
[info]  rtt = 4.288 us.
[info]  rtt = 4.239 us.
[info]  rtt = 4.322 us.
[info]  rtt = 4.376 us.
[info]  rtt = 4.239 us.
[info]  rtt = 4.436 us.
[info]  rtt = 4.663 us.
[info]  rtt = 4.298 us.
[info]  rtt = 4.474 us.
[info]  rtt = 4.299 us.
[info]  rtt = 4.328 us.
[info]  rtt = 4.307 us.
[info]  rtt = 4.461 us.
[info]  rtt = 4.313 us.
[info]  rtt = 4.717 us.
[info]  rtt = 4.431 us.
[info]  rtt = 4.545 us.
[info]  rtt = 4.435 us.
[info]  rtt = 4.525 us.
[info]  rtt = 4.279 us.
[info]  rtt = 4.335 us.
[info]  rtt = 4.364 us.
[info]  rtt = 4.329 us.
[info]  rtt = 4.358 us.
[info]  rtt = 4.284 us.
[info]  rtt = 4.285 us.
[info]  rtt = 4.276 us.
[info]  rtt = 4.207 us.
[info]  rtt = 4.363 us.
[info]  rtt = 4.212 us.
[info]  rtt = 4.316 us.
[info]  rtt = 4.343 us.
[info]  rtt = 4.507 us.
[info]  rtt = 4.223 us.
[info]  rtt = 4.199 us.
[info]  rtt = 4.201 us.
[info]  rtt = 4.322 us.
[info]  rtt = 4.292 us.
[info]  rtt = 4.885 us.
[info]  rtt = 4.456 us.
[info]  rtt = 4.472 us.
[info]  rtt = 4.36 us.
[info]  rtt = 4.349 us.
[info]  rtt = 4.321 us.
[info]  rtt = 4.35 us.
[info]  rtt = 4.602 us.
[info]  rtt = 4.334 us.
[info]  rtt = 4.552 us.
[info]  rtt = 4.618 us.
[info]  rtt = 4.317 us.
[info]  rtt = 4.447 us.
[info]  rtt = 4.228 us.
[info]  rtt = 4.319 us.
[info]  rtt = 4.214 us.
[info]  rtt = 4.401 us.
[info]  rtt = 4.283 us.
[info]  rtt = 4.368 us.
[info]  rtt = 4.498 us.
[info]  rtt = 4.452 us.
[info]  rtt = 4.27 us.
[info]  rtt = 4.638 us.
[info]  rtt = 4.293 us.
[info]  rtt = 4.431 us.
[info]  rtt = 4.597 us.
[info]  rtt = 4.53 us.
[info]  rtt = 4.306 us.
[info]  rtt = 4.246 us.
[info]  rtt = 4.335 us.
[info]  rtt = 4.384 us.
[info]  rtt = 4.337 us.
[info]  rtt = 4.78 us.
[info]  rtt = 4.317 us.
[info]  rtt = 4.29 us.
[info]  rtt = 4.209 us.
[info]  rtt = 4.416 us.
[info]  rtt = 4.313 us.
[info]  rtt = 4.398 us.
[info]  rtt = 4.395 us.
[info]  rtt = 4.414 us.
[info]  rtt = 4.377 us.
[info]  rtt = 4.301 us.
[info]  rtt = 4.236 us.
[info]  rtt = 4.31 us.
[info]  rtt = 4.303 us.
[info]  rtt = 4.256 us.
[info]  rtt = 4.313 us.
[info]  rtt = 4.323 us.
[info]  rtt = 4.281 us.
[info]  rtt = 4.944 us.
[info]  rtt = 4.269 us.
[info]  rtt = 4.37 us.
[info]  rtt = 4.441 us.
[info]  rtt = 4.307 us.
[info]  rtt = 4.598 us.
[info]  rtt = 4.288 us.
[info]  rtt = 4.464 us.
[info]  rtt = 4.23 us.
[info]  rtt = 4.247 us.
[info]  rtt = 4.37 us.
[info]  rtt = 4.306 us.
[info]  rtt = 4.31 us.
[info]  rtt = 4.259 us.
[info]  rtt = 5.309 us.
[info]  rtt = 4.498 us.
[info]  rtt = 4.34 us.
[info]  rtt = 4.354 us.
[info]  rtt = 4.363 us.
[info]  rtt = 4.492 us.
[info]  rtt = 4.336 us.
[info]  rtt = 4.506 us.
[info]  rtt = 4.556 us.
[info]  rtt = 5.097 us.
[info]  rtt = 4.189 us.
[info]  rtt = 4.458 us.
[info]  rtt = 4.238 us.
[info]  rtt = 4.333 us.
[info]  rtt = 4.381 us.
[info]  rtt = 4.202 us.
[info]  rtt = 11.003 us.
[info]  rtt = 4.291 us.
[info]  rtt = 4.381 us.
[info]  rtt = 4.338 us.
[info]  rtt = 4.25 us.
[info]  rtt = 4.261 us.
[info]  rtt = 4.266 us.
[info]  rtt = 4.447 us.
[info]  rtt = 4.36 us.
[info]  rtt = 4.309 us.
[info]  rtt = 8.086 us.
[info]  rtt = 4.478 us.
[info]  rtt = 4.528 us.
[info]  rtt = 4.597 us.
[info]  rtt = 4.258 us.
[info]  rtt = 4.333 us.
[info]  rtt = 4.871 us.
[info]  rtt = 4.316 us.
[info]  rtt = 4.617 us.
[info]  rtt = 4.866 us.
[info]  rtt = 4.282 us.
[info]  rtt = 4.443 us.
[info]  rtt = 4.271 us.
[info]  rtt = 4.307 us.
[info]  rtt = 4.339 us.
[info]  rtt = 4.24 us.
[info]  rtt = 4.27 us.
[info]  rtt = 4.192 us.
[info]  rtt = 4.332 us.
[info]  rtt = 4.473 us.
[info]  rtt = 4.227 us.
[info]  rtt = 4.231 us.
[info]  rtt = 4.291 us.
[info]  rtt = 4.251 us.
[info]  rtt = 4.358 us.
[info]  rtt = 4.224 us.
[info]  rtt = 4.736 us.
[info]  rtt = 4.412 us.
[info]  rtt = 4.344 us.
[info]  rtt = 4.347 us.
[info]  rtt = 4.39 us.
[info]  rtt = 4.405 us.
[info]  rtt = 4.589 us.
[info]  rtt = 4.35 us.
[info]  rtt = 4.808 us.
[info]  rtt = 4.346 us.
[info]  rtt = 4.36 us.
[info]  rtt = 4.361 us.
[info]  rtt = 6.679 us.
[info]  rtt = 4.212 us.
[info]  rtt = 4.397 us.
[info]  rtt = 4.478 us.
[info]  rtt = 4.431 us.
[info]  rtt = 4.245 us.
[info]  rtt = 4.3 us.
[info]  rtt = 4.286 us.
[info]  rtt = 4.364 us.
[info]  rtt = 4.375 us.
[info]  rtt = 4.259 us.
[info]  rtt = 4.285 us.
[info]  rtt = 4.338 us.
[info]  rtt = 4.24 us.
[info]  rtt = 6.879 us.
[info]  rtt = 4.319 us.
[info]  rtt = 4.521 us.
[info]  rtt = 4.438 us.
[info]  rtt = 4.325 us.
[info]  rtt = 4.353 us.
[info]  rtt = 4.565 us.
[info]  rtt = 4.398 us.
[info]  rtt = 4.461 us.
[info]  rtt = 4.235 us.
[info]  rtt = 4.422 us.
[info]  rtt = 4.356 us.
[info]  rtt = 4.267 us.
[info]  rtt = 4.309 us.
[info]  rtt = 4.28 us.
[info]  rtt = 4.342 us.
[info]  rtt = 4.323 us.
[info]  rtt = 4.257 us.
[info]  rtt = 4.699 us.
[info]  rtt = 4.226 us.
[info]  rtt = 4.354 us.
[info]  rtt = 4.317 us.
[info]  rtt = 4.334 us.
[info]  rtt = 4.299 us.
[info]  rtt = 4.276 us.
[info]  rtt = 4.38 us.
[info]  rtt = 4.409 us.
[info]  rtt = 4.283 us.
[info]  rtt = 4.373 us.
[info]  rtt = 4.35 us.
[info]  rtt = 4.293 us.
[info]  rtt = 4.776 us.
[info]  rtt = 4.388 us.
[info]  rtt = 4.5 us.
[info]  rtt = 4.218 us.
[info]  rtt = 4.323 us.
[info]  rtt = 4.452 us.
[info]  rtt = 4.285 us.
[info]  rtt = 4.241 us.
[info]  rtt = 4.175 us.
[info]  rtt = 4.272 us.
[info]  rtt = 4.367 us.
[info]  rtt = 4.343 us.
[info]  rtt = 4.252 us.
[info]  rtt = 4.348 us.
[info]  rtt = 4.241 us.
[info]  rtt = 4.475 us.
[info]  rtt = 4.431 us.
[info]  rtt = 4.385 us.
[info]  rtt = 4.323 us.
[info]  rtt = 5.094 us.
[info]  rtt = 4.378 us.
[info]  rtt = 4.39 us.
[info]  rtt = 4.329 us.
[info]  rtt = 4.37 us.
[info]  rtt = 4.185 us.
[info]  rtt = 4.84 us.
[info]  rtt = 4.311 us.
[info]  rtt = 4.318 us.
[info]  rtt = 4.36 us.
[info]  rtt = 4.416 us.
[info]  rtt = 4.344 us.
[info]  rtt = 4.445 us.
[info]  rtt = 4.444 us.
[info]  rtt = 4.302 us.
[info]  rtt = 4.319 us.
[info]  rtt = 4.261 us.
[info]  rtt = 4.247 us.
[info]  rtt = 4.298 us.
[info]  rtt = 4.209 us.
[info]  rtt = 4.311 us.
[info]  rtt = 4.362 us.
[info]  rtt = 4.289 us.
[info]  rtt = 4.326 us.
[info]  rtt = 4.178 us.
[info]  rtt = 4.366 us.
[info]  rtt = 4.303 us.
[info]  rtt = 4.269 us.
[info]  rtt = 4.39 us.
[info]  rtt = 4.282 us.
[info]  rtt = 4.771 us.
[info]  rtt = 4.401 us.
[info]  rtt = 4.814 us.
[info]  rtt = 4.37 us.
[info]  rtt = 4.28 us.
[info]  rtt = 4.342 us.
[info]  rtt = 4.245 us.
[info]  rtt = 4.247 us.
[info]  rtt = 4.282 us.
[info]  rtt = 4.367 us.
[info]  rtt = 4.263 us.
[info]  rtt = 4.369 us.
[info]  rtt = 4.446 us.
[info]  rtt = 4.536 us.
[info]  rtt = 4.555 us.
[info]  rtt = 4.347 us.
[info]  rtt = 4.436 us.
[info]  rtt = 4.342 us.
[info]  rtt = 4.221 us.
[info]  rtt = 4.326 us.
[info]  rtt = 4.309 us.
[info]  rtt = 4.314 us.
[info]  rtt = 4.364 us.
[info]  rtt = 4.236 us.
[info]  rtt = 4.375 us.
[info]  rtt = 4.424 us.
[info]  rtt = 4.232 us.
[info]  rtt = 4.367 us.
[info]  rtt = 4.222 us.
[info]  rtt = 4.392 us.
[info]  rtt = 4.264 us.
[info]  rtt = 4.239 us.
[info]  rtt = 4.39 us.
[info]  rtt = 4.402 us.
[info]  rtt = 5.099 us.
[info]  rtt = 4.341 us.
[info]  rtt = 4.367 us.
[info]  rtt = 4.272 us.
[info]  rtt = 4.316 us.
[info]  rtt = 4.313 us.
[info]  rtt = 4.253 us.
[info]  rtt = 4.232 us.
[info]  rtt = 4.371 us.
[info]  rtt = 4.372 us.
[info]  rtt = 4.461 us.
[info]  rtt = 4.347 us.
[info]  rtt = 4.462 us.
[info]  rtt = 4.314 us.
[info]  rtt = 4.259 us.
[info]  rtt = 4.577 us.
[info]  rtt = 4.505 us.
[info]  rtt = 4.455 us.
[info]  rtt = 4.32 us.
[info]  rtt = 4.254 us.
[info]  rtt = 4.366 us.
[info]  rtt = 4.44 us.
[info]  rtt = 4.366 us.
[info]  rtt = 4.44 us.
[info]  rtt = 4.294 us.
[info]  rtt = 4.304 us.
[info]  rtt = 4.38 us.
[info]  rtt = 4.382 us.
[info]  rtt = 4.407 us.
[info]  rtt = 4.257 us.
[info]  rtt = 4.36 us.
[info]  rtt = 4.492 us.
[info]  rtt = 4.727 us.
[info]  rtt = 4.291 us.
[info]  rtt = 4.499 us.
[info]  rtt = 4.3 us.
[info]  rtt = 4.274 us.
[info]  rtt = 4.337 us.
[info]  rtt = 4.343 us.
[info]  rtt = 4.278 us.
[info]  rtt = 4.638 us.
[info]  rtt = 4.312 us.
[info]  rtt = 4.305 us.
[info]  rtt = 4.294 us.
[info]  rtt = 4.258 us.
[info]  rtt = 4.345 us.
[info]  rtt = 4.199 us.
[info]  rtt = 4.344 us.
[info]  rtt = 4.619 us.
[info]  rtt = 4.434 us.
[info]  rtt = 4.315 us.
[info]  rtt = 4.269 us.
[info]  rtt = 4.257 us.
[info]  rtt = 4.42 us.
[info]  rtt = 4.278 us.
[info]  rtt = 4.369 us.
[info]  rtt = 4.356 us.
[info]  rtt = 4.408 us.
[info]  rtt = 4.333 us.
[info]  rtt = 4.244 us.
[info]  rtt = 4.431 us.
[info]  rtt = 4.279 us.
[info]  rtt = 4.308 us.
[info]  rtt = 4.323 us.
[info]  rtt = 5.127 us.
[info]  rtt = 4.534 us.
[info]  rtt = 4.411 us.
[info]  rtt = 4.372 us.
[info]  rtt = 4.437 us.
[info]  rtt = 4.4 us.
[info]  rtt = 4.34 us.
[info]  rtt = 4.358 us.
[info]  rtt = 4.478 us.
[info]  rtt = 4.884 us.
[info]  rtt = 4.279 us.
[info]  rtt = 4.311 us.
[info]  rtt = 4.406 us.
[info]  rtt = 4.317 us.
[info]  rtt = 4.372 us.
[info]  rtt = 4.424 us.
[info]  rtt = 4.396 us.
[info]  rtt = 4.248 us.
[info]  rtt = 4.329 us.
[info]  rtt = 4.354 us.
[info]  rtt = 4.238 us.
[info]  rtt = 4.261 us.
[info]  rtt = 4.26 us.
[info]  rtt = 4.368 us.
[info]  rtt = 4.274 us.
[info]  rtt = 4.597 us.
[info]  rtt = 4.423 us.
[info]  rtt = 4.378 us.
[info]  rtt = 4.374 us.
[info]  rtt = 4.295 us.
[info]  rtt = 4.535 us.
[info]  rtt = 4.525 us.
[info]  rtt = 4.734 us.
[info]  rtt = 4.293 us.
[info]  rtt = 4.445 us.
[info]  rtt = 4.314 us.
[info]  rtt = 4.355 us.
[info]  rtt = 4.227 us.
[info]  rtt = 4.381 us.
[info]  rtt = 4.215 us.
[info]  rtt = 4.306 us.
[info]  rtt = 4.4 us.
[info]  rtt = 4.268 us.
[info]  rtt = 4.252 us.
[info]  rtt = 4.374 us.
[info]  rtt = 4.273 us.
[info]  rtt = 4.24 us.
[info]  rtt = 4.271 us.
[info]  rtt = 4.328 us.
[info]  rtt = 4.241 us.
[info]  rtt = 4.365 us.
[info]  rtt = 4.259 us.
[info]  rtt = 4.378 us.
[info]  rtt = 4.287 us.
[info]  rtt = 4.223 us.
[info]  rtt = 4.317 us.
[info]  rtt = 4.368 us.
[info]  rtt = 4.28 us.
[info]  rtt = 4.374 us.
[info]  rtt = 4.253 us.
[info]  rtt = 4.413 us.
[info]  rtt = 4.482 us.
[info]  rtt = 4.48 us.
[info]  rtt = 4.454 us.
[info]  rtt = 4.937 us.
[info]  rtt = 4.46 us.
[info]  rtt = 4.406 us.
[info]  rtt = 4.381 us.
[info]  rtt = 4.469 us.
[info]  rtt = 4.415 us.
[info]  rtt = 4.534 us.
[info]  rtt = 4.516 us.
[info]  rtt = 4.391 us.
[info]  rtt = 4.428 us.
[info]  rtt = 4.829 us.
[info]  rtt = 4.258 us.
[info]  rtt = 4.29 us.
[info]  rtt = 4.404 us.
[info]  rtt = 4.372 us.
[info]  rtt = 4.284 us.
[info]  rtt = 4.238 us.
[info]  rtt = 4.256 us.
[info]  rtt = 4.29 us.
[info]  rtt = 4.339 us.
[info]  rtt = 4.344 us.
[info]  rtt = 4.201 us.
[info]  rtt = 4.193 us.
[info]  rtt = 4.3 us.
[info]  rtt = 4.287 us.
[info]  rtt = 4.36 us.
[info]  rtt = 4.261 us.
[info]  rtt = 4.326 us.
[info]  rtt = 4.252 us.
[info]  rtt = 4.489 us.
[info]  rtt = 4.339 us.
[info]  rtt = 4.171 us.
[info]  rtt = 4.61 us.
[info]  rtt = 4.349 us.
[info]  rtt = 4.372 us.
[info]  rtt = 4.687 us.
[info]  rtt = 4.317 us.
[info]  rtt = 4.486 us.
[info]  rtt = 4.299 us.
[info]  rtt = 4.293 us.
[info]  rtt = 4.301 us.
[info]  rtt = 4.306 us.
[info]  rtt = 4.301 us.
[info]  rtt = 4.347 us.
[info]  rtt = 4.319 us.
[info]  rtt = 4.577 us.
[info]  rtt = 4.346 us.
[info]  rtt = 4.282 us.
[info]  rtt = 4.292 us.
[info]  rtt = 4.355 us.
[info]  rtt = 4.413 us.
[info]  rtt = 4.413 us.
[info]  rtt = 4.461 us.
[info]  rtt = 4.317 us.
[info]  rtt = 4.279 us.
[info]  rtt = 4.303 us.
[info]  rtt = 4.264 us.
[info]  rtt = 4.291 us.
[info]  rtt = 4.271 us.
[info]  rtt = 4.334 us.
[info]  rtt = 4.588 us.
[info]  rtt = 4.252 us.
[info]  rtt = 4.499 us.
[info]  rtt = 4.323 us.
[info]  rtt = 5.14 us.
[info]  rtt = 4.314 us.
[info]  rtt = 4.257 us.
[info]  rtt = 4.318 us.
[info]  rtt = 4.399 us.
[info]  rtt = 4.293 us.
[info]  rtt = 4.252 us.
[info]  rtt = 4.268 us.
[info]  rtt = 4.243 us.
[info]  rtt = 4.317 us.
[info]  rtt = 4.329 us.
[info]  rtt = 4.318 us.
[info]  rtt = 4.419 us.
[info]  rtt = 4.359 us.
[info]  rtt = 4.399 us.
[info]  rtt = 4.25 us.
[info]  rtt = 4.27 us.
[info]  rtt = 4.243 us.
[info]  rtt = 4.291 us.
[info]  rtt = 4.354 us.
[info]  rtt = 4.403 us.
[info]  rtt = 4.374 us.
[info]  rtt = 4.362 us.
[info]  rtt = 4.291 us.
[info]  rtt = 4.464 us.
[info]  rtt = 4.271 us.
[info]  rtt = 4.306 us.
[info]  rtt = 4.351 us.
[info]  rtt = 4.337 us.
[info]  rtt = 4.293 us.
[info]  rtt = 4.305 us.
[info]  rtt = 4.385 us.
[info]  rtt = 4.722 us.
[info]  rtt = 4.25 us.
[info]  rtt = 4.377 us.
[info]  rtt = 4.288 us.
[info]  rtt = 4.319 us.
[info]  rtt = 4.28 us.
[info]  rtt = 4.251 us.
[info]  rtt = 4.263 us.
[info]  rtt = 4.283 us.
[info]  rtt = 4.333 us.
[info]  rtt = 4.403 us.
[info]  rtt = 4.475 us.
[info]  rtt = 4.554 us.
[info]  rtt = 4.461 us.
[info]  rtt = 4.549 us.
[info]  rtt = 4.336 us.
[info]  rtt = 4.279 us.
[info]  rtt = 4.368 us.
[info]  rtt = 4.294 us.
[info]  rtt = 4.299 us.
[info]  rtt = 4.295 us.
[info]  rtt = 4.269 us.
[info]  rtt = 4.373 us.
[info]  rtt = 4.455 us.
[info]  rtt = 4.303 us.
[info]  rtt = 4.266 us.
[info]  rtt = 4.251 us.
[info]  rtt = 4.224 us.
[info]  rtt = 4.289 us.
[info]  rtt = 4.293 us.
[info]  rtt = 4.3 us.
[info]  rtt = 4.28 us.
[info]  rtt = 5.092 us.
[info]  rtt = 4.279 us.
[info]  rtt = 4.316 us.
[info]  rtt = 4.218 us.
[info]  rtt = 4.482 us.
[info]  rtt = 4.498 us.
[info]  rtt = 4.298 us.
[info]  rtt = 4.516 us.
[info]  rtt = 4.309 us.
[info]  rtt = 4.383 us.
[info]  rtt = 4.275 us.
[info]  rtt = 4.267 us.
[info]  rtt = 4.295 us.
[info]  rtt = 4.323 us.
[info]  rtt = 4.444 us.
[info]  rtt = 4.3 us.
[info]  rtt = 4.287 us.
[info]  rtt = 4.345 us.
[info]  rtt = 4.498 us.
[info]  rtt = 4.395 us.
[info]  rtt = 4.444 us.
[info]  rtt = 4.391 us.
[info]  rtt = 4.386 us.
[info]  rtt = 4.33 us.
[info]  rtt = 4.353 us.
[info]  rtt = 4.254 us.
[info]  rtt = 4.412 us.
[info]  rtt = 4.301 us.
[info]  rtt = 4.387 us.
[info]  rtt = 4.866 us.
[info]  rtt = 4.3 us.
[info]  rtt = 4.565 us.
[info]  rtt = 4.866 us.
[info]  rtt = 4.263 us.
[info]  rtt = 4.333 us.
[info]  rtt = 4.245 us.
[info]  rtt = 4.288 us.
[info]  rtt = 4.315 us.
[info]  rtt = 4.366 us.
[info]  rtt = 4.417 us.
[info]  rtt = 4.414 us.
[info]  rtt = 4.435 us.
[info]  rtt = 4.344 us.
[info]  rtt = 4.334 us.
[info]  rtt = 4.32 us.
[info]  rtt = 4.302 us.
[info]  rtt = 4.285 us.
[info]  rtt = 4.253 us.
[info]  rtt = 4.363 us.
[info]  rtt = 4.328 us.
[info]  rtt = 4.338 us.
[info]  rtt = 4.405 us.
[info]  rtt = 4.195 us.
[info]  rtt = 4.241 us.
[info]  rtt = 4.724 us.
[info]  rtt = 4.266 us.
[info]  rtt = 4.396 us.
[info]  rtt = 4.236 us.
[info]  rtt = 4.346 us.
[info]  rtt = 4.272 us.
[info]  rtt = 4.299 us.
[info]  rtt = 4.346 us.
[info]  rtt = 4.24 us.
[info]  rtt = 4.228 us.
[info]  rtt = 5.101 us.
[info]  rtt = 4.284 us.
[info]  rtt = 4.449 us.
[info]  rtt = 4.501 us.
[info]  rtt = 4.248 us.
[info]  rtt = 4.233 us.
[info]  rtt = 4.395 us.
[info]  rtt = 4.34 us.
[info]  rtt = 4.502 us.
[info]  rtt = 4.607 us.
[info]  rtt = 4.281 us.
[info]  rtt = 4.351 us.
[info]  rtt = 4.237 us.
[info]  rtt = 4.622 us.
[info]  rtt = 4.627 us.
[info]  rtt = 4.279 us.
[info]  rtt = 4.311 us.
[info]  rtt = 4.251 us.
[info]  rtt = 4.404 us.
[info]  rtt = 4.276 us.
[info]  rtt = 4.233 us.
[info]  rtt = 4.252 us.
[info]  rtt = 4.455 us.
[info]  rtt = 4.228 us.
[info]  rtt = 4.322 us.
[info]  rtt = 4.193 us.
[info]  rtt = 4.625 us.
[info]  rtt = 4.318 us.
[info]  rtt = 4.315 us.
[info]  rtt = 4.386 us.
[info]  rtt = 4.246 us.
[info]  rtt = 4.393 us.
[info]  rtt = 4.568 us.
[info]  rtt = 4.287 us.
[info]  rtt = 4.323 us.
[info]  rtt = 4.189 us.
[info]  rtt = 4.294 us.
[info]  rtt = 7.828 us.
[info]  rtt = 4.246 us.
[info]  rtt = 4.517 us.
[info]  rtt = 4.329 us.
[info]  rtt = 4.598 us.
[info]  rtt = 4.265 us.
[info]  rtt = 4.222 us.
[info]  rtt = 4.343 us.
[info]  rtt = 4.328 us.
[info]  rtt = 4.336 us.
[info]  rtt = 4.303 us.
[info]  rtt = 4.301 us.
[info]  rtt = 4.302 us.
[info]  rtt = 4.347 us.
[info]  rtt = 4.296 us.
[info]  rtt = 4.3 us.
[info]  rtt = 4.316 us.
[info]  rtt = 4.343 us.
[info]  rtt = 4.321 us.
[info]  rtt = 4.322 us.
[info]  rtt = 4.371 us.
[info]  rtt = 4.443 us.
[info]  rtt = 4.354 us.
[info]  rtt = 4.44 us.
[info]  rtt = 4.369 us.
[info]  rtt = 4.387 us.
[info]  rtt = 4.322 us.
[info]  rtt = 4.831 us.
[info]  rtt = 4.276 us.
[info]  rtt = 4.568 us.
[info]  rtt = 4.464 us.
[info]  rtt = 4.505 us.
[info]  rtt = 4.32 us.
[info]  rtt = 4.326 us.
[info]  rtt = 4.426 us.
[info]  rtt = 4.364 us.
[info]  rtt = 4.395 us.
[info]  rtt = 4.24 us.
[info]  rtt = 4.413 us.
[info]  rtt = 4.276 us.
[info]  rtt = 4.263 us.
[info]  rtt = 9.224 us.
[info]  rtt = 4.336 us.
[info]  rtt = 4.423 us.
[info]  rtt = 4.281 us.
[info]  rtt = 4.467 us.
[info]  rtt = 4.284 us.
[info]  rtt = 4.283 us.
[info]  rtt = 4.27 us.
[info]  rtt = 4.247 us.
[info]  rtt = 4.278 us.
[info]  rtt = 4.645 us.
[info]  rtt = 4.23 us.
[info]  rtt = 4.248 us.
[info]  rtt = 4.313 us.
[info]  rtt = 4.261 us.
[info]  rtt = 4.381 us.
[info]  rtt = 4.179 us.
[info]  rtt = 4.255 us.
[info]  rtt = 4.566 us.
[info]  rtt = 4.193 us.
[info]  rtt = 4.242 us.
[info]  rtt = 4.274 us.
[info]  rtt = 4.454 us.
[info]  average: 4.45707 us. median: 4.3625 us. mode: 4.317000 us. min: 4.171 us. max: 11.003 us. per 1024 samples, packet size: 140 bytes / payload size: 98 bytes 
[debug]  
	Total number of successfully received packets: 1061
	Total number of successfully transmitted packets: 1061
	Total number of successfully received bytes: 148540
	Total number of successfully transmitted bytes: 148540
	missed : 0 from : 1061 - 0%
	Total number of erroneous received packets: 0
	Total number of failed transmitted packets: 0
	Total number of Rx mbuf allocation failures: 0
		0 Total number of queue Rx packets : 1061
		0 Total number of successfully received queue bytes : 148540
		0 Total number of queue packets received that are dropped : 0
		0 Total number of queue Tx packets : 1061
		0 Total number of successfully transmitted queue bytes : 148540
