[debug]  lo
	00:00:00:00:00:00
	127.0.0.1
[debug]  enp6s0f1np1
	08:BF:B8:05:53:90
	192.168.13.2
[debug]  ens8191f0np0
	EC:0D:9A:98:B2:D2
	192.168.13.31
[debug]  enxbaa50f00c0b2
	BA:A5:0F:00:C0:B2
[debug]  ens8191f1np1
	EC:0D:9A:98:B2:D3
	192.168.13.32
[debug]  enp64s0f0np0
	B8:CE:F6:8C:E3:B4
	192.168.13.22
[debug]  enp64s0f1np1
	B8:CE:F6:8C:E3:B5
	192.168.13.23
[debug]  wlx0013ef500a9c
	00:13:EF:50:0A:9C
	192.168.8.144
[debug]  enp148s0f0np0
	00:0F:53:63:4C:E0
	192.168.13.41
[debug]  enp148s0f1np1
	00:0F:53:63:4C:E1
	192.168.13.42
[debug]  enp6s0f0np0
	08:BF:B8:05:53:91
	192.168.13.1
[debug]  enp106s0f0np0
	40:A6:B7:96:E7:A0
	192.168.13.11
[debug]  enp106s0f1np1
	40:A6:B7:96:E7:A1
	192.168.13.12
[debug]  ens8191f1np1 (mlx5_pci) port: 0 - EC:0D:9A:98:B2:D3[192.168.13.32]
{
	svc_tx_n : 1
	rx_flow_queues : 0
	next_src_port : 5000 (0x1388)
	rx_reconfig_hint : 65000 (0xfde8)
	clock_hz : 156250449 (0x9503151)
	info : {
		min_mtu : 46 (0x2e)
		max_mtu : 65535 (0xffff)
		min_rx_bufsize : 32 (0x20)
		max_rx_bufsize : 4294967295 (0xffffffff)
		max_rx_pktlen : 65536 (0x10000)
		max_lro_pkt_size : 65280 (0xff00)
		max_rx_queues : 1024 (0x400)
		max_tx_queues : 1024 (0x400)
		max_mac_addrs : 128 (0x80)
		max_hash_mac_addrs : 0
		max_vfs : 0
		max_vmdq_pools : 0
		rx_offload_capa : 9621f:RTE_ETH_RX_OFFLOAD_VLAN_STRIP|RTE_ETH_RX_OFFLOAD_IPV4_CKSUM|RTE_ETH_RX_OFFLOAD_UDP_CKSUM|RTE_ETH_RX_OFFLOAD_TCP_CKSUM|RTE_ETH_RX_OFFLOAD_TCP_LRO|RTE_ETH_RX_OFFLOAD_VLAN_FILTER|RTE_ETH_RX_OFFLOAD_SCATTER|RTE_ETH_RX_OFFLOAD_TIMESTAMP|RTE_ETH_RX_OFFLOAD_KEEP_CRC|RTE_ETH_RX_OFFLOAD_RSS_HASH
		tx_offload_capa : c96af:RTE_ETH_TX_OFFLOAD_VLAN_INSERT|RTE_ETH_TX_OFFLOAD_IPV4_CKSUM|RTE_ETH_TX_OFFLOAD_UDP_CKSUM|RTE_ETH_TX_OFFLOAD_TCP_CKSUM|RTE_ETH_TX_OFFLOAD_TCP_TSO|RTE_ETH_TX_OFFLOAD_OUTER_IPV4_CKSUM|RTE_ETH_TX_OFFLOAD_VXLAN_TNL_TSO|RTE_ETH_TX_OFFLOAD_GRE_TNL_TSO|RTE_ETH_TX_OFFLOAD_GENEVE_TNL_TSO|RTE_ETH_TX_OFFLOAD_MULTI_SEGS|RTE_ETH_TX_OFFLOAD_UDP_TNL_TSO|RTE_ETH_TX_OFFLOAD_IP_TNL_TSO
		rx_queue_offload_capa : 9601f:RTE_ETH_RX_OFFLOAD_VLAN_STRIP|RTE_ETH_RX_OFFLOAD_IPV4_CKSUM|RTE_ETH_RX_OFFLOAD_UDP_CKSUM|RTE_ETH_RX_OFFLOAD_TCP_CKSUM|RTE_ETH_RX_OFFLOAD_TCP_LRO|RTE_ETH_RX_OFFLOAD_SCATTER|RTE_ETH_RX_OFFLOAD_TIMESTAMP|RTE_ETH_RX_OFFLOAD_KEEP_CRC|RTE_ETH_RX_OFFLOAD_RSS_HASH
		tx_queue_offload_capa : 0
		reta_size : 512 (0x200)
		rss_algo_capa : 1
		flow_type_rss_offloads : 134459324 (0x803afbc)
		default_rxconf : {
			rx_thresh : {
				pthresh : 0
				hthresh : 0
				wthresh : 0
			}
			rx_free_thresh : 0
			rx_drop_en : 0
			rx_deferred_start : 0
			rx_nseg : 0
			share_group : 0
			share_qid : 0
			offloads : 0
			rx_nmempool : 0
		}
		default_txconf : {
			tx_thresh : {
				pthresh : 0
				hthresh : 0
				wthresh : 0
			}
			tx_rs_thresh : 0
			tx_free_thresh : 0
			tx_deferred_start : 0
			offloads : 0
		}
		vmdq_queue_base : 0
		vmdq_queue_num : 0
		vmdq_pool_base : 0
		rx_desc_lim : {
			nb_max : 32768 (0x8000)
			nb_min : 0
			nb_align : 1
			nb_seg_max : 65535 (0xffff)
			nb_mtu_seg_max : 65535 (0xffff)
		}
		tx_desc_lim : {
			nb_max : 32768 (0x8000)
			nb_min : 0
			nb_align : 1
			nb_seg_max : 40 (0x28)
			nb_mtu_seg_max : 40 (0x28)
		}
		speed_capa : 1312 (0x520)
		nb_rx_queues : 0
		nb_tx_queues : 0
		default_rxportconf : {
			burst_size : 1
			ring_size : 256 (0x100)
			nb_queues : 1
		}
		default_txportconf : {
			burst_size : 1
			ring_size : 256 (0x100)
			nb_queues : 1
		}
		dev_capa : 20 (0x14)
	}
	effective_offload : {
		rx : 9621f:RTE_ETH_RX_OFFLOAD_VLAN_STRIP|RTE_ETH_RX_OFFLOAD_IPV4_CKSUM|RTE_ETH_RX_OFFLOAD_UDP_CKSUM|RTE_ETH_RX_OFFLOAD_TCP_CKSUM|RTE_ETH_RX_OFFLOAD_TCP_LRO|RTE_ETH_RX_OFFLOAD_VLAN_FILTER|RTE_ETH_RX_OFFLOAD_SCATTER|RTE_ETH_RX_OFFLOAD_TIMESTAMP|RTE_ETH_RX_OFFLOAD_KEEP_CRC|RTE_ETH_RX_OFFLOAD_RSS_HASH
		tx : c96af:RTE_ETH_TX_OFFLOAD_VLAN_INSERT|RTE_ETH_TX_OFFLOAD_IPV4_CKSUM|RTE_ETH_TX_OFFLOAD_UDP_CKSUM|RTE_ETH_TX_OFFLOAD_TCP_CKSUM|RTE_ETH_TX_OFFLOAD_TCP_TSO|RTE_ETH_TX_OFFLOAD_OUTER_IPV4_CKSUM|RTE_ETH_TX_OFFLOAD_VXLAN_TNL_TSO|RTE_ETH_TX_OFFLOAD_GRE_TNL_TSO|RTE_ETH_TX_OFFLOAD_GENEVE_TNL_TSO|RTE_ETH_TX_OFFLOAD_MULTI_SEGS|RTE_ETH_TX_OFFLOAD_UDP_TNL_TSO|RTE_ETH_TX_OFFLOAD_IP_TNL_TSO
	}
	tx_rings : 65535 (0xffff)
	rx_meta_features : 3:RTE_ETH_RX_METADATA_USER_FLAG|RTE_ETH_RX_METADATA_USER_MARK
	features : 0000000000000000000000000000000000000000000000000000000000000110
}	will run on socket 0 - 11 cores : [26 17 18 19 20 21 22 23 24 25 16 ]
[debug]  ens8191f1np1 port: 0 - requested offloads : 9621f:RTE_ETH_RX_OFFLOAD_VLAN_STRIP|RTE_ETH_RX_OFFLOAD_IPV4_CKSUM|RTE_ETH_RX_OFFLOAD_UDP_CKSUM|RTE_ETH_RX_OFFLOAD_TCP_CKSUM|RTE_ETH_RX_OFFLOAD_TCP_LRO|RTE_ETH_RX_OFFLOAD_VLAN_FILTER|RTE_ETH_RX_OFFLOAD_SCATTER|RTE_ETH_RX_OFFLOAD_TIMESTAMP|RTE_ETH_RX_OFFLOAD_KEEP_CRC|RTE_ETH_RX_OFFLOAD_RSS_HASH
[debug]  clock frequency 156250449 hz
[debug]  port 0 : 192.168.13.32 - link speed 25 Gbps
[debug]  starting up 1 rx queue(s)...
[info]  192.168.13.31 : EC:0D:9A:98:B2:D2
[debug]  creating sockperf packets memory pool : 2048 cache_size : 16
[info]  warming up...
[info]  performing latency test ...
[info]  rtt = 6.443 us.
[info]  rtt = 6.302 us.
[info]  rtt = 6.85 us.
[info]  rtt = 6.459 us.
[info]  rtt = 5.72 us.
[info]  rtt = 5.991 us.
[info]  rtt = 5.793 us.
[info]  rtt = 6.48 us.
[info]  rtt = 5.895 us.
[info]  rtt = 5.975 us.
[info]  rtt = 6.349 us.
[info]  rtt = 5.9 us.
[info]  rtt = 5.971 us.
[info]  rtt = 5.841 us.
[info]  rtt = 5.893 us.
[info]  rtt = 5.927 us.
[info]  rtt = 5.707 us.
[info]  rtt = 7.487 us.
[info]  rtt = 5.781 us.
[info]  rtt = 5.788 us.
[info]  rtt = 5.855 us.
[info]  rtt = 6.555 us.
[info]  rtt = 6.014 us.
[info]  rtt = 6.589 us.
[info]  rtt = 5.988 us.
[info]  rtt = 5.786 us.
[info]  rtt = 6.255 us.
[info]  rtt = 5.916 us.
[info]  rtt = 5.978 us.
[info]  rtt = 5.845 us.
[info]  rtt = 5.872 us.
[info]  rtt = 6.673 us.
[info]  rtt = 5.702 us.
[info]  rtt = 5.993 us.
[info]  rtt = 6.039 us.
[info]  rtt = 5.965 us.
[info]  rtt = 5.94 us.
[info]  rtt = 5.699 us.
[info]  rtt = 5.901 us.
[info]  rtt = 6.223 us.
[info]  rtt = 5.922 us.
[info]  rtt = 5.844 us.
[info]  rtt = 5.766 us.
[info]  rtt = 5.966 us.
[info]  rtt = 5.699 us.
[info]  rtt = 6.541 us.
[info]  rtt = 5.724 us.
[info]  rtt = 5.709 us.
[info]  rtt = 5.867 us.
[info]  rtt = 5.676 us.
[info]  rtt = 5.854 us.
[info]  rtt = 5.703 us.
[info]  rtt = 5.876 us.
[info]  rtt = 6.687 us.
[info]  rtt = 5.946 us.
[info]  rtt = 6.025 us.
[info]  rtt = 5.784 us.
[info]  rtt = 6.023 us.
[info]  rtt = 5.943 us.
[info]  rtt = 6.668 us.
[info]  rtt = 6.213 us.
[info]  rtt = 5.907 us.
[info]  rtt = 5.752 us.
[info]  rtt = 5.884 us.
[info]  rtt = 6.397 us.
[info]  rtt = 5.964 us.
[info]  rtt = 5.668 us.
[info]  rtt = 5.763 us.
[info]  rtt = 5.839 us.
[info]  rtt = 5.828 us.
[info]  rtt = 6.005 us.
[info]  rtt = 5.851 us.
[info]  rtt = 6.474 us.
[info]  rtt = 5.674 us.
[info]  rtt = 5.884 us.
[info]  rtt = 5.918 us.
[info]  rtt = 5.685 us.
[info]  rtt = 6.13 us.
[info]  rtt = 5.856 us.
[info]  rtt = 6.927 us.
[info]  rtt = 6.04 us.
[info]  rtt = 6.013 us.
[info]  rtt = 6.857 us.
[info]  rtt = 6.715 us.
[info]  rtt = 5.84 us.
[info]  rtt = 6.013 us.
[info]  rtt = 6.057 us.
[info]  rtt = 6.146 us.
[info]  rtt = 5.816 us.
[info]  rtt = 5.868 us.
[info]  rtt = 5.873 us.
[info]  rtt = 5.782 us.
[info]  rtt = 5.793 us.
[info]  rtt = 5.781 us.
[info]  rtt = 5.89 us.
[info]  rtt = 5.935 us.
[info]  rtt = 5.745 us.
[info]  rtt = 9.606 us.
[info]  rtt = 5.877 us.
[info]  rtt = 5.7 us.
[info]  rtt = 5.745 us.
[info]  rtt = 5.657 us.
[info]  rtt = 5.861 us.
[info]  rtt = 6.079 us.
[info]  rtt = 6.089 us.
[info]  rtt = 6.065 us.
[info]  rtt = 5.729 us.
[info]  rtt = 5.943 us.
[info]  rtt = 5.987 us.
[info]  rtt = 5.857 us.
[info]  rtt = 6.251 us.
[info]  rtt = 6.775 us.
[info]  rtt = 5.879 us.
[info]  rtt = 5.951 us.
[info]  rtt = 5.738 us.
[info]  rtt = 5.825 us.
[info]  rtt = 5.681 us.
[info]  rtt = 5.973 us.
[info]  rtt = 5.896 us.
[info]  rtt = 5.993 us.
[info]  rtt = 6.089 us.
[info]  rtt = 5.82 us.
[info]  rtt = 5.909 us.
[info]  rtt = 5.946 us.
[info]  rtt = 6.064 us.
[info]  rtt = 6.675 us.
[info]  rtt = 5.886 us.
[info]  rtt = 5.795 us.
[info]  rtt = 6.051 us.
[info]  rtt = 5.83 us.
[info]  rtt = 6.083 us.
[info]  rtt = 5.961 us.
[info]  rtt = 5.647 us.
[info]  rtt = 5.859 us.
[info]  rtt = 5.876 us.
[info]  rtt = 6.029 us.
[info]  rtt = 6.048 us.
[info]  rtt = 5.856 us.
[info]  rtt = 5.753 us.
[info]  rtt = 6.637 us.
[info]  rtt = 5.869 us.
[info]  rtt = 5.908 us.
[info]  rtt = 6.045 us.
[info]  rtt = 5.912 us.
[info]  rtt = 5.825 us.
[info]  rtt = 6.113 us.
[info]  rtt = 5.961 us.
[info]  rtt = 5.884 us.
[info]  rtt = 6.129 us.
[info]  rtt = 5.862 us.
[info]  rtt = 6.395 us.
[info]  rtt = 6.691 us.
[info]  rtt = 6.153 us.
[info]  rtt = 6.457 us.
[info]  rtt = 5.873 us.
[info]  rtt = 5.908 us.
[info]  rtt = 5.778 us.
[info]  rtt = 5.961 us.
[info]  rtt = 5.887 us.
[info]  rtt = 5.902 us.
[info]  rtt = 5.723 us.
[info]  rtt = 5.788 us.
[info]  rtt = 6.036 us.
[info]  rtt = 6.011 us.
[info]  rtt = 5.894 us.
[info]  rtt = 5.909 us.
[info]  rtt = 6.418 us.
[info]  rtt = 6.147 us.
[info]  rtt = 5.75 us.
[info]  rtt = 5.758 us.
[info]  rtt = 5.925 us.
[info]  rtt = 5.847 us.
[info]  rtt = 5.885 us.
[info]  rtt = 5.838 us.
[info]  rtt = 5.856 us.
[info]  rtt = 5.795 us.
[info]  rtt = 5.81 us.
[info]  rtt = 5.807 us.
[info]  rtt = 5.707 us.
[info]  rtt = 9.729 us.
[info]  rtt = 6.973 us.
[info]  rtt = 5.921 us.
[info]  rtt = 6.285 us.
[info]  rtt = 5.866 us.
[info]  rtt = 5.912 us.
[info]  rtt = 5.989 us.
[info]  rtt = 5.801 us.
[info]  rtt = 5.952 us.
[info]  rtt = 5.798 us.
[info]  rtt = 5.801 us.
[info]  rtt = 5.649 us.
[info]  rtt = 5.723 us.
[info]  rtt = 5.827 us.
[info]  rtt = 5.724 us.
[info]  rtt = 6.274 us.
[info]  rtt = 5.884 us.
[info]  rtt = 5.979 us.
[info]  rtt = 5.92 us.
[info]  rtt = 5.744 us.
[info]  rtt = 6.039 us.
[info]  rtt = 6.121 us.
[info]  rtt = 6.49 us.
[info]  rtt = 5.946 us.
[info]  rtt = 5.773 us.
[info]  rtt = 5.77 us.
[info]  rtt = 5.868 us.
[info]  rtt = 5.86 us.
[info]  rtt = 6.124 us.
[info]  rtt = 6.678 us.
[info]  rtt = 5.971 us.
[info]  rtt = 5.918 us.
[info]  rtt = 5.894 us.
[info]  rtt = 6.137 us.
[info]  rtt = 6.182 us.
[info]  rtt = 6.122 us.
[info]  rtt = 6.618 us.
[info]  rtt = 5.803 us.
[info]  rtt = 6.077 us.
[info]  rtt = 5.828 us.
[info]  rtt = 5.873 us.
[info]  rtt = 8.41 us.
[info]  rtt = 5.787 us.
[info]  rtt = 6.861 us.
[info]  rtt = 5.675 us.
[info]  rtt = 5.925 us.
[info]  rtt = 5.758 us.
[info]  rtt = 6.514 us.
[info]  rtt = 6.594 us.
[info]  rtt = 5.912 us.
[info]  rtt = 6.902 us.
[info]  rtt = 6.068 us.
[info]  rtt = 6.081 us.
[info]  rtt = 5.949 us.
[info]  rtt = 6.107 us.
[info]  rtt = 5.86 us.
[info]  rtt = 6.115 us.
[info]  rtt = 5.917 us.
[info]  rtt = 6.068 us.
[info]  rtt = 5.961 us.
[info]  rtt = 6.036 us.
[info]  rtt = 6.028 us.
[info]  rtt = 6.049 us.
[info]  rtt = 7.093 us.
[info]  rtt = 5.863 us.
[info]  rtt = 5.99 us.
[info]  rtt = 5.922 us.
[info]  rtt = 5.881 us.
[info]  rtt = 6.176 us.
[info]  rtt = 6.7 us.
[info]  rtt = 5.947 us.
[info]  rtt = 5.945 us.
[info]  rtt = 6.161 us.
[info]  rtt = 5.999 us.
[info]  rtt = 6.082 us.
[info]  rtt = 6.339 us.
[info]  rtt = 5.753 us.
[info]  rtt = 5.75 us.
[info]  rtt = 5.796 us.
[info]  rtt = 5.964 us.
[info]  rtt = 5.78 us.
[info]  rtt = 5.9 us.
[info]  rtt = 6.055 us.
[info]  rtt = 5.789 us.
[info]  rtt = 6.065 us.
[info]  rtt = 6.321 us.
[info]  rtt = 6.06 us.
[info]  rtt = 5.817 us.
[info]  rtt = 6.031 us.
[info]  rtt = 6.27 us.
[info]  rtt = 5.81 us.
[info]  rtt = 5.824 us.
[info]  rtt = 5.727 us.
[info]  rtt = 6.271 us.
[info]  rtt = 5.899 us.
[info]  rtt = 5.78 us.
[info]  rtt = 6.015 us.
[info]  rtt = 5.795 us.
[info]  rtt = 5.863 us.
[info]  rtt = 5.965 us.
[info]  rtt = 6.225 us.
[info]  rtt = 5.958 us.
[info]  rtt = 6.166 us.
[info]  rtt = 6.236 us.
[info]  rtt = 6.041 us.
[info]  rtt = 5.979 us.
[info]  rtt = 5.826 us.
[info]  rtt = 5.786 us.
[info]  rtt = 6.041 us.
[info]  rtt = 5.84 us.
[info]  rtt = 6.018 us.
[info]  rtt = 5.813 us.
[info]  rtt = 5.875 us.
[info]  rtt = 5.944 us.
[info]  rtt = 6.029 us.
[info]  rtt = 6.011 us.
[info]  rtt = 6.145 us.
[info]  rtt = 6.044 us.
[info]  rtt = 5.842 us.
[info]  rtt = 5.839 us.
[info]  rtt = 6.114 us.
[info]  rtt = 5.825 us.
[info]  rtt = 6.106 us.
[info]  rtt = 5.842 us.
[info]  rtt = 6 us.
[info]  rtt = 5.969 us.
[info]  rtt = 5.883 us.
[info]  rtt = 5.948 us.
[info]  rtt = 5.947 us.
[info]  rtt = 5.841 us.
[info]  rtt = 5.903 us.
[info]  rtt = 6.117 us.
[info]  rtt = 5.953 us.
[info]  rtt = 5.662 us.
[info]  rtt = 6.057 us.
[info]  rtt = 5.824 us.
[info]  rtt = 6.202 us.
[info]  rtt = 5.721 us.
[info]  rtt = 5.995 us.
[info]  rtt = 5.936 us.
[info]  rtt = 5.915 us.
[info]  rtt = 5.961 us.
[info]  rtt = 5.786 us.
[info]  rtt = 6.116 us.
[info]  rtt = 5.839 us.
[info]  rtt = 6.13 us.
[info]  rtt = 5.972 us.
[info]  rtt = 5.897 us.
[info]  rtt = 6.12 us.
[info]  rtt = 5.834 us.
[info]  rtt = 6.037 us.
[info]  rtt = 5.92 us.
[info]  rtt = 5.726 us.
[info]  rtt = 6.189 us.
[info]  rtt = 5.777 us.
[info]  rtt = 6.082 us.
[info]  rtt = 5.82 us.
[info]  rtt = 5.946 us.
[info]  rtt = 6.045 us.
[info]  rtt = 5.89 us.
[info]  rtt = 5.958 us.
[info]  rtt = 5.787 us.
[info]  rtt = 5.893 us.
[info]  rtt = 6.104 us.
[info]  rtt = 5.797 us.
[info]  rtt = 6.301 us.
[info]  rtt = 6.008 us.
[info]  rtt = 5.869 us.
[info]  rtt = 5.795 us.
[info]  rtt = 5.781 us.
[info]  rtt = 6.119 us.
[info]  rtt = 5.909 us.
[info]  rtt = 5.974 us.
[info]  rtt = 6.014 us.
[info]  rtt = 5.908 us.
[info]  rtt = 6.051 us.
[info]  rtt = 5.954 us.
[info]  rtt = 5.959 us.
[info]  rtt = 5.808 us.
[info]  rtt = 5.967 us.
[info]  rtt = 6.173 us.
[info]  rtt = 5.897 us.
[info]  rtt = 5.998 us.
[info]  rtt = 6.01 us.
[info]  rtt = 5.885 us.
[info]  rtt = 6.093 us.
[info]  rtt = 6.133 us.
[info]  rtt = 6.005 us.
[info]  rtt = 6.021 us.
[info]  rtt = 5.726 us.
[info]  rtt = 6.142 us.
[info]  rtt = 5.993 us.
[info]  rtt = 5.779 us.
[info]  rtt = 5.78 us.
[info]  rtt = 5.717 us.
[info]  rtt = 6.024 us.
[info]  rtt = 5.921 us.
[info]  rtt = 5.974 us.
[info]  rtt = 5.986 us.
[info]  rtt = 5.749 us.
[info]  rtt = 6.111 us.
[info]  rtt = 7.847 us.
[info]  rtt = 7.567 us.
[info]  rtt = 5.903 us.
[info]  rtt = 6.047 us.
[info]  rtt = 6.779 us.
[info]  rtt = 5.831 us.
[info]  rtt = 5.906 us.
[info]  rtt = 6.707 us.
[info]  rtt = 6.471 us.
[info]  rtt = 5.922 us.
[info]  rtt = 5.863 us.
[info]  rtt = 6.106 us.
[info]  rtt = 5.756 us.
[info]  rtt = 5.771 us.
[info]  rtt = 6.491 us.
[info]  rtt = 6.889 us.
[info]  rtt = 6.208 us.
[info]  rtt = 5.996 us.
[info]  rtt = 6.527 us.
[info]  rtt = 5.818 us.
[info]  rtt = 6.876 us.
[info]  rtt = 6.965 us.
[info]  rtt = 5.921 us.
[info]  rtt = 7.5 us.
[info]  rtt = 5.86 us.
[info]  rtt = 6.01 us.
[info]  rtt = 9.084 us.
[info]  rtt = 6.923 us.
[info]  rtt = 6.054 us.
[info]  rtt = 6.038 us.
[info]  rtt = 5.889 us.
[info]  rtt = 5.831 us.
[info]  rtt = 7.003 us.
[info]  rtt = 5.886 us.
[info]  rtt = 5.784 us.
[info]  rtt = 6.331 us.
[info]  rtt = 5.939 us.
[info]  rtt = 6.949 us.
[info]  rtt = 5.929 us.
[info]  rtt = 5.928 us.
[info]  rtt = 6.093 us.
[info]  rtt = 7.262 us.
[info]  rtt = 5.962 us.
[info]  rtt = 6.233 us.
[info]  rtt = 6.492 us.
[info]  rtt = 6 us.
[info]  rtt = 7.063 us.
[info]  rtt = 5.814 us.
[info]  rtt = 6.135 us.
[info]  rtt = 5.852 us.
[info]  rtt = 5.755 us.
[info]  rtt = 6.045 us.
[info]  rtt = 5.87 us.
[info]  rtt = 5.874 us.
[info]  rtt = 6.003 us.
[info]  rtt = 5.717 us.
[info]  rtt = 6.641 us.
[info]  rtt = 5.975 us.
[info]  rtt = 6.613 us.
[info]  rtt = 6.073 us.
[info]  rtt = 5.941 us.
[info]  rtt = 6.035 us.
[info]  rtt = 5.897 us.
[info]  rtt = 6.03 us.
[info]  rtt = 6.109 us.
[info]  rtt = 5.961 us.
[info]  rtt = 6.214 us.
[info]  rtt = 5.959 us.
[info]  rtt = 5.972 us.
[info]  rtt = 6.051 us.
[info]  rtt = 5.643 us.
[info]  rtt = 6.192 us.
[info]  rtt = 7.038 us.
[info]  rtt = 5.964 us.
[info]  rtt = 5.773 us.
[info]  rtt = 11.452 us.
[info]  rtt = 6.767 us.
[info]  rtt = 5.949 us.
[info]  rtt = 5.798 us.
[info]  rtt = 5.895 us.
[info]  rtt = 5.611 us.
[info]  rtt = 5.993 us.
[info]  rtt = 5.646 us.
[info]  rtt = 5.824 us.
[info]  rtt = 5.695 us.
[info]  rtt = 5.875 us.
[info]  rtt = 6.047 us.
[info]  rtt = 6.108 us.
[info]  rtt = 5.907 us.
[info]  rtt = 6.181 us.
[info]  rtt = 6.809 us.
[info]  rtt = 6.293 us.
[info]  rtt = 5.897 us.
[info]  rtt = 5.809 us.
[info]  rtt = 5.995 us.
[info]  rtt = 5.743 us.
[info]  rtt = 5.927 us.
[info]  rtt = 6.068 us.
[info]  rtt = 5.992 us.
[info]  rtt = 6.152 us.
[info]  rtt = 6.233 us.
[info]  rtt = 6.041 us.
[info]  rtt = 6.039 us.
[info]  rtt = 6.196 us.
[info]  rtt = 5.999 us.
[info]  rtt = 5.982 us.
[info]  rtt = 6.227 us.
[info]  rtt = 8.556 us.
[info]  rtt = 6.009 us.
[info]  rtt = 5.985 us.
[info]  rtt = 5.885 us.
[info]  rtt = 6.094 us.
[info]  rtt = 5.951 us.
[info]  rtt = 6.179 us.
[info]  rtt = 5.638 us.
[info]  rtt = 5.839 us.
[info]  rtt = 6.083 us.
[info]  rtt = 5.795 us.
[info]  rtt = 6.248 us.
[info]  rtt = 5.859 us.
[info]  rtt = 6.023 us.
[info]  rtt = 5.903 us.
[info]  rtt = 6.254 us.
[info]  rtt = 5.964 us.
[info]  rtt = 6.208 us.
[info]  rtt = 5.845 us.
[info]  rtt = 6.011 us.
[info]  rtt = 6.021 us.
[info]  rtt = 6.103 us.
[info]  rtt = 5.957 us.
[info]  rtt = 5.954 us.
[info]  rtt = 6.015 us.
[info]  rtt = 5.922 us.
[info]  rtt = 6.185 us.
[info]  rtt = 5.841 us.
[info]  rtt = 5.794 us.
[info]  rtt = 5.633 us.
[info]  rtt = 6.498 us.
[info]  rtt = 5.875 us.
[info]  rtt = 6.386 us.
[info]  rtt = 5.832 us.
[info]  rtt = 6.177 us.
[info]  rtt = 6.675 us.
[info]  rtt = 6.174 us.
[info]  rtt = 5.968 us.
[info]  rtt = 5.854 us.
[info]  rtt = 6.077 us.
[info]  rtt = 5.981 us.
[info]  rtt = 6 us.
[info]  rtt = 5.93 us.
[info]  rtt = 5.877 us.
[info]  rtt = 5.968 us.
[info]  rtt = 6.841 us.
[info]  rtt = 5.935 us.
[info]  rtt = 6.127 us.
[info]  rtt = 6.231 us.
[info]  rtt = 6.292 us.
[info]  rtt = 5.898 us.
[info]  rtt = 6.031 us.
[info]  rtt = 6.593 us.
[info]  rtt = 5.929 us.
[info]  rtt = 5.856 us.
[info]  rtt = 5.7 us.
[info]  rtt = 5.862 us.
[info]  rtt = 6.005 us.
[info]  rtt = 5.793 us.
[info]  rtt = 5.793 us.
[info]  rtt = 5.813 us.
[info]  rtt = 5.863 us.
[info]  rtt = 5.944 us.
[info]  rtt = 5.979 us.
[info]  rtt = 6.066 us.
[info]  rtt = 5.854 us.
[info]  rtt = 6.131 us.
[info]  rtt = 6.379 us.
[info]  rtt = 5.88 us.
[info]  rtt = 6.134 us.
[info]  rtt = 5.738 us.
[info]  rtt = 6.198 us.
[info]  rtt = 5.96 us.
[info]  rtt = 5.819 us.
[info]  rtt = 6.045 us.
[info]  rtt = 5.763 us.
[info]  rtt = 6.101 us.
[info]  rtt = 5.867 us.
[info]  rtt = 6.131 us.
[info]  rtt = 6.095 us.
[info]  rtt = 5.838 us.
[info]  rtt = 5.865 us.
[info]  rtt = 5.875 us.
[info]  rtt = 6.205 us.
[info]  rtt = 6.037 us.
[info]  rtt = 6.02 us.
[info]  rtt = 5.974 us.
[info]  rtt = 5.773 us.
[info]  rtt = 5.785 us.
[info]  rtt = 5.95 us.
[info]  rtt = 5.886 us.
[info]  rtt = 5.967 us.
[info]  rtt = 5.966 us.
[info]  rtt = 6.036 us.
[info]  rtt = 6.123 us.
[info]  rtt = 5.845 us.
[info]  rtt = 6.139 us.
[info]  rtt = 5.769 us.
[info]  rtt = 5.897 us.
[info]  rtt = 5.84 us.
[info]  rtt = 6.157 us.
[info]  rtt = 6.003 us.
[info]  rtt = 5.809 us.
[info]  rtt = 6.008 us.
[info]  rtt = 5.958 us.
[info]  rtt = 5.946 us.
[info]  rtt = 6.08 us.
[info]  rtt = 6.038 us.
[info]  rtt = 6.097 us.
[info]  rtt = 5.698 us.
[info]  rtt = 5.82 us.
[info]  rtt = 6.349 us.
[info]  rtt = 5.829 us.
[info]  rtt = 6.032 us.
[info]  rtt = 6.169 us.
[info]  rtt = 5.912 us.
[info]  rtt = 5.992 us.
[info]  rtt = 6.104 us.
[info]  rtt = 5.883 us.
[info]  rtt = 5.785 us.
[info]  rtt = 5.787 us.
[info]  rtt = 5.894 us.
[info]  rtt = 10.494 us.
[info]  rtt = 6.289 us.
[info]  rtt = 5.864 us.
[info]  rtt = 5.984 us.
[info]  rtt = 6.042 us.
[info]  rtt = 5.841 us.
[info]  rtt = 7.726 us.
[info]  rtt = 5.824 us.
[info]  rtt = 5.903 us.
[info]  rtt = 6.133 us.
[info]  rtt = 6.015 us.
[info]  rtt = 6.093 us.
[info]  rtt = 6.027 us.
[info]  rtt = 5.964 us.
[info]  rtt = 5.947 us.
[info]  rtt = 5.853 us.
[info]  rtt = 5.957 us.
[info]  rtt = 6.001 us.
[info]  rtt = 5.852 us.
[info]  rtt = 5.814 us.
[info]  rtt = 5.783 us.
[info]  rtt = 6.212 us.
[info]  rtt = 6.034 us.
[info]  rtt = 6.176 us.
[info]  rtt = 6.102 us.
[info]  rtt = 5.93 us.
[info]  rtt = 6.026 us.
[info]  rtt = 5.978 us.
[info]  rtt = 5.92 us.
[info]  rtt = 6.12 us.
[info]  rtt = 6.169 us.
[info]  rtt = 5.752 us.
[info]  rtt = 6.036 us.
[info]  rtt = 5.746 us.
[info]  rtt = 6.066 us.
[info]  rtt = 5.807 us.
[info]  rtt = 6.073 us.
[info]  rtt = 6.096 us.
[info]  rtt = 6.03 us.
[info]  rtt = 6.114 us.
[info]  rtt = 5.836 us.
[info]  rtt = 6.119 us.
[info]  rtt = 5.998 us.
[info]  rtt = 6.014 us.
[info]  rtt = 6.098 us.
[info]  rtt = 5.854 us.
[info]  rtt = 6.089 us.
[info]  rtt = 5.921 us.
[info]  rtt = 5.914 us.
[info]  rtt = 5.909 us.
[info]  rtt = 5.794 us.
[info]  rtt = 6.124 us.
[info]  rtt = 5.919 us.
[info]  rtt = 6.057 us.
[info]  rtt = 6.207 us.
[info]  rtt = 5.827 us.
[info]  rtt = 6.068 us.
[info]  rtt = 6.147 us.
[info]  rtt = 5.991 us.
[info]  rtt = 5.896 us.
[info]  rtt = 5.905 us.
[info]  rtt = 6.096 us.
[info]  rtt = 6.076 us.
[info]  rtt = 6.216 us.
[info]  rtt = 6.133 us.
[info]  rtt = 5.894 us.
[info]  rtt = 5.791 us.
[info]  rtt = 5.724 us.
[info]  rtt = 6.441 us.
[info]  rtt = 5.852 us.
[info]  rtt = 5.993 us.
[info]  rtt = 5.773 us.
[info]  rtt = 6.13 us.
[info]  rtt = 5.968 us.
[info]  rtt = 6.082 us.
[info]  rtt = 5.659 us.
[info]  rtt = 6.007 us.
[info]  rtt = 5.962 us.
[info]  rtt = 5.867 us.
[info]  rtt = 6.021 us.
[info]  rtt = 6.247 us.
[info]  rtt = 6.052 us.
[info]  rtt = 5.817 us.
[info]  rtt = 5.945 us.
[info]  rtt = 7.625 us.
[info]  rtt = 6.028 us.
[info]  rtt = 6.149 us.
[info]  rtt = 6.057 us.
[info]  rtt = 6.093 us.
[info]  rtt = 5.794 us.
[info]  rtt = 6.932 us.
[info]  rtt = 6.114 us.
[info]  rtt = 5.903 us.
[info]  rtt = 6.163 us.
[info]  rtt = 6.128 us.
[info]  rtt = 6.07 us.
[info]  rtt = 5.903 us.
[info]  rtt = 6.273 us.
[info]  rtt = 6.109 us.
[info]  rtt = 6.728 us.
[info]  rtt = 5.707 us.
[info]  rtt = 6.028 us.
[info]  rtt = 5.969 us.
[info]  rtt = 6.185 us.
[info]  rtt = 5.822 us.
[info]  rtt = 6.016 us.
[info]  rtt = 6.1 us.
[info]  rtt = 6.006 us.
[info]  rtt = 6.064 us.
[info]  rtt = 5.889 us.
[info]  rtt = 6.075 us.
[info]  rtt = 6.173 us.
[info]  rtt = 5.81 us.
[info]  rtt = 5.857 us.
[info]  rtt = 7.25 us.
[info]  rtt = 5.916 us.
[info]  rtt = 5.99 us.
[info]  rtt = 6.254 us.
[info]  rtt = 6.095 us.
[info]  rtt = 6.311 us.
[info]  rtt = 5.847 us.
[info]  rtt = 6.189 us.
[info]  rtt = 5.752 us.
[info]  rtt = 6.207 us.
[info]  rtt = 5.95 us.
[info]  rtt = 6.144 us.
[info]  rtt = 6.254 us.
[info]  rtt = 5.68 us.
[info]  rtt = 6.14 us.
[info]  rtt = 5.817 us.
[info]  rtt = 6.211 us.
[info]  rtt = 6.164 us.
[info]  rtt = 5.944 us.
[info]  rtt = 6.179 us.
[info]  rtt = 6.262 us.
[info]  rtt = 5.853 us.
[info]  rtt = 6.247 us.
[info]  rtt = 6.143 us.
[info]  rtt = 6.076 us.
[info]  rtt = 5.897 us.
[info]  rtt = 5.944 us.
[info]  rtt = 5.971 us.
[info]  rtt = 5.941 us.
[info]  rtt = 5.96 us.
[info]  rtt = 6.046 us.
[info]  rtt = 6.332 us.
[info]  rtt = 5.732 us.
[info]  rtt = 6.136 us.
[info]  rtt = 6.263 us.
[info]  rtt = 6.272 us.
[info]  rtt = 5.911 us.
[info]  rtt = 5.964 us.
[info]  rtt = 6.18 us.
[info]  rtt = 6.04 us.
[info]  rtt = 6.054 us.
[info]  rtt = 5.851 us.
[info]  rtt = 6.155 us.
[info]  rtt = 6.077 us.
[info]  rtt = 5.826 us.
[info]  rtt = 5.812 us.
[info]  rtt = 5.955 us.
[info]  rtt = 6.059 us.
[info]  rtt = 5.986 us.
[info]  rtt = 5.703 us.
[info]  rtt = 10.925 us.
[info]  rtt = 6.12 us.
[info]  rtt = 6.655 us.
[info]  rtt = 6.065 us.
[info]  rtt = 6.004 us.
[info]  rtt = 5.82 us.
[info]  rtt = 6.004 us.
[info]  rtt = 5.916 us.
[info]  rtt = 5.832 us.
[info]  rtt = 5.965 us.
[info]  rtt = 5.883 us.
[info]  rtt = 6.008 us.
[info]  rtt = 6.187 us.
[info]  rtt = 5.893 us.
[info]  rtt = 6.126 us.
[info]  rtt = 5.837 us.
[info]  rtt = 5.943 us.
[info]  rtt = 6.241 us.
[info]  rtt = 6.13 us.
[info]  rtt = 6.006 us.
[info]  rtt = 5.787 us.
[info]  rtt = 5.859 us.
[info]  rtt = 6.353 us.
[info]  rtt = 6.112 us.
[info]  rtt = 6.369 us.
[info]  rtt = 6.001 us.
[info]  rtt = 5.819 us.
[info]  rtt = 5.889 us.
[info]  rtt = 5.862 us.
[info]  rtt = 5.941 us.
[info]  rtt = 5.852 us.
[info]  rtt = 5.841 us.
[info]  rtt = 5.703 us.
[info]  rtt = 5.716 us.
[info]  rtt = 6.268 us.
[info]  rtt = 6.24 us.
[info]  rtt = 5.929 us.
[info]  rtt = 5.976 us.
[info]  rtt = 5.745 us.
[info]  rtt = 5.908 us.
[info]  rtt = 6.072 us.
[info]  rtt = 10.566 us.
[info]  rtt = 6.144 us.
[info]  rtt = 5.985 us.
[info]  rtt = 6.254 us.
[info]  rtt = 5.842 us.
[info]  rtt = 5.988 us.
[info]  rtt = 5.933 us.
[info]  rtt = 5.883 us.
[info]  rtt = 6.364 us.
[info]  rtt = 5.945 us.
[info]  rtt = 6.373 us.
[info]  rtt = 6.246 us.
[info]  rtt = 5.744 us.
[info]  rtt = 6.156 us.
[info]  rtt = 5.802 us.
[info]  rtt = 6.078 us.
[info]  rtt = 7.323 us.
[info]  rtt = 7.19 us.
[info]  rtt = 6.075 us.
[info]  rtt = 5.874 us.
[info]  rtt = 6.106 us.
[info]  rtt = 5.757 us.
[info]  rtt = 5.975 us.
[info]  rtt = 6.121 us.
[info]  rtt = 6.182 us.
[info]  rtt = 6.348 us.
[info]  rtt = 6.498 us.
[info]  rtt = 6.185 us.
[info]  rtt = 6.238 us.
[info]  rtt = 5.853 us.
[info]  rtt = 6.104 us.
[info]  rtt = 5.81 us.
[info]  rtt = 5.902 us.
[info]  rtt = 5.875 us.
[info]  rtt = 5.79 us.
[info]  rtt = 6.191 us.
[info]  rtt = 5.948 us.
[info]  rtt = 6.056 us.
[info]  rtt = 5.907 us.
[info]  rtt = 5.867 us.
[info]  rtt = 6.431 us.
[info]  rtt = 5.899 us.
[info]  rtt = 5.987 us.
[info]  rtt = 5.864 us.
[info]  rtt = 5.848 us.
[info]  rtt = 5.934 us.
[info]  rtt = 5.832 us.
[info]  rtt = 5.853 us.
[info]  rtt = 5.881 us.
[info]  rtt = 6.026 us.
[info]  rtt = 5.895 us.
[info]  rtt = 6.109 us.
[info]  rtt = 5.883 us.
[info]  rtt = 6.137 us.
[info]  rtt = 5.979 us.
[info]  rtt = 5.985 us.
[info]  rtt = 6.111 us.
[info]  rtt = 6.178 us.
[info]  rtt = 6.027 us.
[info]  rtt = 5.89 us.
[info]  rtt = 5.914 us.
[info]  rtt = 6.01 us.
[info]  rtt = 6.125 us.
[info]  rtt = 6.117 us.
[info]  rtt = 5.711 us.
[info]  rtt = 6.033 us.
[info]  rtt = 6.03 us.
[info]  rtt = 5.75 us.
[info]  rtt = 6.097 us.
[info]  rtt = 5.841 us.
[info]  rtt = 6.284 us.
[info]  rtt = 5.99 us.
[info]  rtt = 6.213 us.
[info]  rtt = 6.198 us.
[info]  rtt = 5.827 us.
[info]  rtt = 6.211 us.
[info]  rtt = 5.637 us.
[info]  rtt = 6.109 us.
[info]  rtt = 6.06 us.
[info]  rtt = 5.926 us.
[info]  rtt = 5.986 us.
[info]  rtt = 5.837 us.
[info]  rtt = 6.135 us.
[info]  rtt = 5.924 us.
[info]  rtt = 6.216 us.
[info]  rtt = 5.926 us.
[info]  rtt = 5.988 us.
[info]  rtt = 5.78 us.
[info]  rtt = 5.893 us.
[info]  rtt = 6.238 us.
[info]  rtt = 5.858 us.
[info]  rtt = 5.969 us.
[info]  rtt = 6.057 us.
[info]  rtt = 5.894 us.
[info]  rtt = 6.321 us.
[info]  rtt = 5.967 us.
[info]  rtt = 6.119 us.
[info]  rtt = 5.847 us.
[info]  rtt = 5.889 us.
[info]  rtt = 5.982 us.
[info]  rtt = 5.778 us.
[info]  rtt = 5.802 us.
[info]  rtt = 5.813 us.
[info]  rtt = 5.876 us.
[info]  rtt = 6.223 us.
[info]  rtt = 6.095 us.
[info]  rtt = 6.004 us.
[info]  rtt = 5.778 us.
[info]  rtt = 5.914 us.
[info]  rtt = 5.811 us.
[info]  rtt = 5.847 us.
[info]  rtt = 6.057 us.
[info]  rtt = 5.853 us.
[info]  rtt = 6.473 us.
[info]  rtt = 5.843 us.
[info]  rtt = 6.046 us.
[info]  rtt = 5.788 us.
[info]  rtt = 5.924 us.
[info]  rtt = 5.836 us.
[info]  rtt = 5.795 us.
[info]  rtt = 5.945 us.
[info]  rtt = 6.007 us.
[info]  rtt = 5.947 us.
[info]  rtt = 5.848 us.
[info]  rtt = 5.823 us.
[info]  rtt = 6.248 us.
[info]  rtt = 5.839 us.
[info]  rtt = 6.171 us.
[info]  rtt = 6.032 us.
[info]  rtt = 6.054 us.
[info]  rtt = 6.087 us.
[info]  rtt = 6.129 us.
[info]  rtt = 5.827 us.
[info]  rtt = 6.114 us.
[info]  rtt = 6.221 us.
[info]  rtt = 5.906 us.
[info]  rtt = 5.979 us.
[info]  rtt = 6.191 us.
[info]  rtt = 5.929 us.
[info]  rtt = 6.093 us.
[info]  rtt = 5.859 us.
[info]  rtt = 5.932 us.
[info]  rtt = 6.119 us.
[info]  rtt = 6.007 us.
[info]  rtt = 6.004 us.
[info]  rtt = 5.787 us.
[info]  rtt = 6.084 us.
[info]  rtt = 5.992 us.
[info]  rtt = 6.101 us.
[info]  rtt = 6.06 us.
[info]  rtt = 5.916 us.
[info]  rtt = 5.996 us.
[info]  rtt = 5.812 us.
[info]  rtt = 6.254 us.
[info]  rtt = 5.818 us.
[info]  rtt = 6.215 us.
[info]  rtt = 5.799 us.
[info]  rtt = 6.149 us.
[info]  rtt = 5.888 us.
[info]  rtt = 5.992 us.
[info]  rtt = 6.008 us.
[info]  rtt = 6.07 us.
[info]  rtt = 5.864 us.
[info]  rtt = 5.798 us.
[info]  rtt = 6.134 us.
[info]  rtt = 6.115 us.
[info]  rtt = 5.92 us.
[info]  rtt = 5.987 us.
[info]  rtt = 6.343 us.
[info]  rtt = 5.828 us.
[info]  rtt = 6.019 us.
[info]  rtt = 5.897 us.
[info]  rtt = 5.94 us.
[info]  rtt = 5.97 us.
[info]  rtt = 10.428 us.
[info]  rtt = 6.301 us.
[info]  rtt = 5.935 us.
[info]  rtt = 6.227 us.
[info]  rtt = 5.781 us.
[info]  rtt = 5.936 us.
[info]  rtt = 5.97 us.
[info]  rtt = 5.97 us.
[info]  rtt = 5.883 us.
[info]  rtt = 5.843 us.
[info]  rtt = 5.842 us.
[info]  rtt = 6.33 us.
[info]  rtt = 5.806 us.
[info]  rtt = 6.083 us.
[info]  rtt = 5.868 us.
[info]  rtt = 5.948 us.
[info]  rtt = 6.052 us.
[info]  rtt = 6.092 us.
[info]  rtt = 6.023 us.
[info]  rtt = 5.639 us.
[info]  rtt = 6.095 us.
[info]  rtt = 5.956 us.
[info]  rtt = 6.057 us.
[info]  rtt = 5.894 us.
[info]  rtt = 6.151 us.
[info]  rtt = 6.09 us.
[info]  rtt = 6.088 us.
[info]  rtt = 6.069 us.
[info]  rtt = 6.165 us.
[info]  rtt = 5.94 us.
[info]  rtt = 5.959 us.
[info]  rtt = 6.001 us.
[info]  rtt = 6.099 us.
[info]  rtt = 6.239 us.
[info]  rtt = 5.784 us.
[info]  rtt = 5.938 us.
[info]  average: 6.06097 us. median: 5.969 us. mode: 5.897000,6.057000 us. min: 5.611 us. max: 11.452 us. per 1024 samples, packet size: 1342 bytes / payload size: 1300 bytes 
[debug]  
	Total number of successfully received packets: 1079
	Total number of successfully transmitted packets: 1049
	Total number of successfully received bytes: 1412417
	Total number of successfully transmitted bytes: 1407758
	missed : 0 from : 1079 - 0%
	Total number of erroneous received packets: 0
	Total number of failed transmitted packets: 0
	Total number of Rx mbuf allocation failures: 0
		0 Total number of queue Rx packets : 1079
		0 Total number of successfully received queue bytes : 1412417
		0 Total number of queue packets received that are dropped : 0
		0 Total number of queue Tx packets : 1049
		0 Total number of successfully transmitted queue bytes : 1407758
