[debug]  lo
	00:00:00:00:00:00
	127.0.0.1
[debug]  enp6s0f1np1
	08:BF:B8:05:53:90
	192.168.13.2
[debug]  ens8191f0np0
	EC:0D:9A:98:B2:D2
	192.168.13.31
[debug]  enxbaa50f00c0b2
	BA:A5:0F:00:C0:B2
[debug]  ens8191f1np1
	EC:0D:9A:98:B2:D3
	192.168.13.32
[debug]  enp64s0f0np0
	B8:CE:F6:8C:E3:B4
	192.168.13.22
[debug]  enp64s0f1np1
	B8:CE:F6:8C:E3:B5
	192.168.13.23
[debug]  wlx0013ef500a9c
	00:13:EF:50:0A:9C
	192.168.8.144
[debug]  enp148s0f0np0
	00:0F:53:63:4C:E0
	192.168.13.41
[debug]  enp148s0f1np1
	00:0F:53:63:4C:E1
	192.168.13.42
[debug]  enp6s0f0np0
	08:BF:B8:05:53:91
	192.168.13.1
[debug]  enp106s0f0np0
	40:A6:B7:96:E7:A0
	192.168.13.11
[debug]  enp106s0f1np1
	40:A6:B7:96:E7:A1
	192.168.13.12
[debug]  ens8191f1np1 (mlx5_pci) port: 0 - EC:0D:9A:98:B2:D3[192.168.13.32]
{
	svc_tx_n : 1
	rx_flow_queues : 0
	next_src_port : 5000 (0x1388)
	rx_reconfig_hint : 65000 (0xfde8)
	clock_hz : 156250449 (0x9503151)
	info : {
		min_mtu : 46 (0x2e)
		max_mtu : 65535 (0xffff)
		min_rx_bufsize : 32 (0x20)
		max_rx_bufsize : 4294967295 (0xffffffff)
		max_rx_pktlen : 65536 (0x10000)
		max_lro_pkt_size : 65280 (0xff00)
		max_rx_queues : 1024 (0x400)
		max_tx_queues : 1024 (0x400)
		max_mac_addrs : 128 (0x80)
		max_hash_mac_addrs : 0
		max_vfs : 0
		max_vmdq_pools : 0
		rx_offload_capa : 9621f:RTE_ETH_RX_OFFLOAD_VLAN_STRIP|RTE_ETH_RX_OFFLOAD_IPV4_CKSUM|RTE_ETH_RX_OFFLOAD_UDP_CKSUM|RTE_ETH_RX_OFFLOAD_TCP_CKSUM|RTE_ETH_RX_OFFLOAD_TCP_LRO|RTE_ETH_RX_OFFLOAD_VLAN_FILTER|RTE_ETH_RX_OFFLOAD_SCATTER|RTE_ETH_RX_OFFLOAD_TIMESTAMP|RTE_ETH_RX_OFFLOAD_KEEP_CRC|RTE_ETH_RX_OFFLOAD_RSS_HASH
		tx_offload_capa : c96af:RTE_ETH_TX_OFFLOAD_VLAN_INSERT|RTE_ETH_TX_OFFLOAD_IPV4_CKSUM|RTE_ETH_TX_OFFLOAD_UDP_CKSUM|RTE_ETH_TX_OFFLOAD_TCP_CKSUM|RTE_ETH_TX_OFFLOAD_TCP_TSO|RTE_ETH_TX_OFFLOAD_OUTER_IPV4_CKSUM|RTE_ETH_TX_OFFLOAD_VXLAN_TNL_TSO|RTE_ETH_TX_OFFLOAD_GRE_TNL_TSO|RTE_ETH_TX_OFFLOAD_GENEVE_TNL_TSO|RTE_ETH_TX_OFFLOAD_MULTI_SEGS|RTE_ETH_TX_OFFLOAD_UDP_TNL_TSO|RTE_ETH_TX_OFFLOAD_IP_TNL_TSO
		rx_queue_offload_capa : 9601f:RTE_ETH_RX_OFFLOAD_VLAN_STRIP|RTE_ETH_RX_OFFLOAD_IPV4_CKSUM|RTE_ETH_RX_OFFLOAD_UDP_CKSUM|RTE_ETH_RX_OFFLOAD_TCP_CKSUM|RTE_ETH_RX_OFFLOAD_TCP_LRO|RTE_ETH_RX_OFFLOAD_SCATTER|RTE_ETH_RX_OFFLOAD_TIMESTAMP|RTE_ETH_RX_OFFLOAD_KEEP_CRC|RTE_ETH_RX_OFFLOAD_RSS_HASH
		tx_queue_offload_capa : 0
		reta_size : 512 (0x200)
		rss_algo_capa : 1
		flow_type_rss_offloads : 134459324 (0x803afbc)
		default_rxconf : {
			rx_thresh : {
				pthresh : 0
				hthresh : 0
				wthresh : 0
			}
			rx_free_thresh : 0
			rx_drop_en : 0
			rx_deferred_start : 0
			rx_nseg : 0
			share_group : 0
			share_qid : 0
			offloads : 0
			rx_nmempool : 0
		}
		default_txconf : {
			tx_thresh : {
				pthresh : 0
				hthresh : 0
				wthresh : 0
			}
			tx_rs_thresh : 0
			tx_free_thresh : 0
			tx_deferred_start : 0
			offloads : 0
		}
		vmdq_queue_base : 0
		vmdq_queue_num : 0
		vmdq_pool_base : 0
		rx_desc_lim : {
			nb_max : 32768 (0x8000)
			nb_min : 0
			nb_align : 1
			nb_seg_max : 65535 (0xffff)
			nb_mtu_seg_max : 65535 (0xffff)
		}
		tx_desc_lim : {
			nb_max : 32768 (0x8000)
			nb_min : 0
			nb_align : 1
			nb_seg_max : 40 (0x28)
			nb_mtu_seg_max : 40 (0x28)
		}
		speed_capa : 1312 (0x520)
		nb_rx_queues : 0
		nb_tx_queues : 0
		default_rxportconf : {
			burst_size : 1
			ring_size : 256 (0x100)
			nb_queues : 1
		}
		default_txportconf : {
			burst_size : 1
			ring_size : 256 (0x100)
			nb_queues : 1
		}
		dev_capa : 20 (0x14)
	}
	effective_offload : {
		rx : 9621f:RTE_ETH_RX_OFFLOAD_VLAN_STRIP|RTE_ETH_RX_OFFLOAD_IPV4_CKSUM|RTE_ETH_RX_OFFLOAD_UDP_CKSUM|RTE_ETH_RX_OFFLOAD_TCP_CKSUM|RTE_ETH_RX_OFFLOAD_TCP_LRO|RTE_ETH_RX_OFFLOAD_VLAN_FILTER|RTE_ETH_RX_OFFLOAD_SCATTER|RTE_ETH_RX_OFFLOAD_TIMESTAMP|RTE_ETH_RX_OFFLOAD_KEEP_CRC|RTE_ETH_RX_OFFLOAD_RSS_HASH
		tx : c96af:RTE_ETH_TX_OFFLOAD_VLAN_INSERT|RTE_ETH_TX_OFFLOAD_IPV4_CKSUM|RTE_ETH_TX_OFFLOAD_UDP_CKSUM|RTE_ETH_TX_OFFLOAD_TCP_CKSUM|RTE_ETH_TX_OFFLOAD_TCP_TSO|RTE_ETH_TX_OFFLOAD_OUTER_IPV4_CKSUM|RTE_ETH_TX_OFFLOAD_VXLAN_TNL_TSO|RTE_ETH_TX_OFFLOAD_GRE_TNL_TSO|RTE_ETH_TX_OFFLOAD_GENEVE_TNL_TSO|RTE_ETH_TX_OFFLOAD_MULTI_SEGS|RTE_ETH_TX_OFFLOAD_UDP_TNL_TSO|RTE_ETH_TX_OFFLOAD_IP_TNL_TSO
	}
	tx_rings : 65535 (0xffff)
	rx_meta_features : 3:RTE_ETH_RX_METADATA_USER_FLAG|RTE_ETH_RX_METADATA_USER_MARK
	features : 0000000000000000000000000000000000000000000000000000000000000110
}	will run on socket 0 - 11 cores : [26 17 18 19 20 21 22 23 24 25 16 ]
[debug]  ens8191f1np1 port: 0 - requested offloads : 9621f:RTE_ETH_RX_OFFLOAD_VLAN_STRIP|RTE_ETH_RX_OFFLOAD_IPV4_CKSUM|RTE_ETH_RX_OFFLOAD_UDP_CKSUM|RTE_ETH_RX_OFFLOAD_TCP_CKSUM|RTE_ETH_RX_OFFLOAD_TCP_LRO|RTE_ETH_RX_OFFLOAD_VLAN_FILTER|RTE_ETH_RX_OFFLOAD_SCATTER|RTE_ETH_RX_OFFLOAD_TIMESTAMP|RTE_ETH_RX_OFFLOAD_KEEP_CRC|RTE_ETH_RX_OFFLOAD_RSS_HASH
[debug]  clock frequency 156250449 hz
[debug]  port 0 : 192.168.13.32 - link speed 25 Gbps
[debug]  starting up 1 rx queue(s)...
[info]  192.168.13.31 : EC:0D:9A:98:B2:D2
[debug]  creating sockperf packets memory pool : 2048 cache_size : 16
[info]  warming up...
[info]  performing latency test ...
[info]  rtt = 5.542 us.
[info]  rtt = 5.812 us.
[info]  rtt = 4.583 us.
[info]  rtt = 4.85 us.
[info]  rtt = 4.567 us.
[info]  rtt = 4.723 us.
[info]  rtt = 5.686 us.
[info]  rtt = 5.33 us.
[info]  rtt = 5.156 us.
[info]  rtt = 4.7 us.
[info]  rtt = 4.69 us.
[info]  rtt = 5.183 us.
[info]  rtt = 4.773 us.
[info]  rtt = 13.082 us.
[info]  rtt = 4.731 us.
[info]  rtt = 4.992 us.
[info]  rtt = 4.683 us.
[info]  rtt = 4.659 us.
[info]  rtt = 4.693 us.
[info]  rtt = 4.907 us.
[info]  rtt = 4.598 us.
[info]  rtt = 4.763 us.
[info]  rtt = 5.42 us.
[info]  rtt = 4.595 us.
[info]  rtt = 4.813 us.
[info]  rtt = 4.518 us.
[info]  rtt = 5.011 us.
[info]  rtt = 4.896 us.
[info]  rtt = 4.677 us.
[info]  rtt = 4.693 us.
[info]  rtt = 4.677 us.
[info]  rtt = 4.721 us.
[info]  rtt = 4.536 us.
[info]  rtt = 4.752 us.
[info]  rtt = 4.722 us.
[info]  rtt = 4.617 us.
[info]  rtt = 5.329 us.
[info]  rtt = 4.547 us.
[info]  rtt = 5.384 us.
[info]  rtt = 5.538 us.
[info]  rtt = 4.793 us.
[info]  rtt = 4.846 us.
[info]  rtt = 4.762 us.
[info]  rtt = 5.005 us.
[info]  rtt = 4.595 us.
[info]  rtt = 4.869 us.
[info]  rtt = 4.865 us.
[info]  rtt = 4.669 us.
[info]  rtt = 4.739 us.
[info]  rtt = 4.563 us.
[info]  rtt = 6 us.
[info]  rtt = 4.626 us.
[info]  rtt = 4.584 us.
[info]  rtt = 4.726 us.
[info]  rtt = 4.585 us.
[info]  rtt = 4.734 us.
[info]  rtt = 4.681 us.
[info]  rtt = 4.702 us.
[info]  rtt = 4.454 us.
[info]  rtt = 4.666 us.
[info]  rtt = 4.821 us.
[info]  rtt = 4.974 us.
[info]  rtt = 4.774 us.
[info]  rtt = 4.548 us.
[info]  rtt = 5.685 us.
[info]  rtt = 4.587 us.
[info]  rtt = 4.668 us.
[info]  rtt = 4.737 us.
[info]  rtt = 4.518 us.
[info]  rtt = 4.709 us.
[info]  rtt = 4.964 us.
[info]  rtt = 5.306 us.
[info]  rtt = 4.804 us.
[info]  rtt = 4.581 us.
[info]  rtt = 4.621 us.
[info]  rtt = 5.384 us.
[info]  rtt = 4.746 us.
[info]  rtt = 4.561 us.
[info]  rtt = 5.35 us.
[info]  rtt = 4.617 us.
[info]  rtt = 4.582 us.
[info]  rtt = 4.699 us.
[info]  rtt = 4.506 us.
[info]  rtt = 4.8 us.
[info]  rtt = 4.788 us.
[info]  rtt = 4.79 us.
[info]  rtt = 4.728 us.
[info]  rtt = 4.666 us.
[info]  rtt = 4.96 us.
[info]  rtt = 4.53 us.
[info]  rtt = 4.65 us.
[info]  rtt = 5.357 us.
[info]  rtt = 4.621 us.
[info]  rtt = 4.701 us.
[info]  rtt = 4.511 us.
[info]  rtt = 4.769 us.
[info]  rtt = 4.609 us.
[info]  rtt = 4.783 us.
[info]  rtt = 4.996 us.
[info]  rtt = 5.016 us.
[info]  rtt = 4.784 us.
[info]  rtt = 4.649 us.
[info]  rtt = 4.826 us.
[info]  rtt = 4.988 us.
[info]  rtt = 4.843 us.
[info]  rtt = 5.487 us.
[info]  rtt = 4.53 us.
[info]  rtt = 4.973 us.
[info]  rtt = 4.825 us.
[info]  rtt = 4.86 us.
[info]  rtt = 4.912 us.
[info]  rtt = 4.606 us.
[info]  rtt = 4.786 us.
[info]  rtt = 4.728 us.
[info]  rtt = 4.826 us.
[info]  rtt = 4.779 us.
[info]  rtt = 4.767 us.
[info]  rtt = 4.807 us.
[info]  rtt = 4.566 us.
[info]  rtt = 5.462 us.
[info]  rtt = 4.549 us.
[info]  rtt = 4.7 us.
[info]  rtt = 4.731 us.
[info]  rtt = 4.536 us.
[info]  rtt = 4.883 us.
[info]  rtt = 4.571 us.
[info]  rtt = 4.926 us.
[info]  rtt = 4.597 us.
[info]  rtt = 4.573 us.
[info]  rtt = 4.628 us.
[info]  rtt = 4.635 us.
[info]  rtt = 4.747 us.
[info]  rtt = 4.605 us.
[info]  rtt = 5.554 us.
[info]  rtt = 4.867 us.
[info]  rtt = 4.633 us.
[info]  rtt = 4.669 us.
[info]  rtt = 4.658 us.
[info]  rtt = 4.976 us.
[info]  rtt = 4.986 us.
[info]  rtt = 5.012 us.
[info]  rtt = 4.677 us.
[info]  rtt = 4.643 us.
[info]  rtt = 4.595 us.
[info]  rtt = 4.578 us.
[info]  rtt = 4.567 us.
[info]  rtt = 4.696 us.
[info]  rtt = 5.539 us.
[info]  rtt = 4.543 us.
[info]  rtt = 5.84 us.
[info]  rtt = 4.702 us.
[info]  rtt = 4.533 us.
[info]  rtt = 4.87 us.
[info]  rtt = 4.54 us.
[info]  rtt = 4.651 us.
[info]  rtt = 5.277 us.
[info]  rtt = 4.566 us.
[info]  rtt = 10.089 us.
[info]  rtt = 4.816 us.
[info]  rtt = 4.859 us.
[info]  rtt = 4.785 us.
[info]  rtt = 5.729 us.
[info]  rtt = 4.892 us.
[info]  rtt = 4.563 us.
[info]  rtt = 4.657 us.
[info]  rtt = 4.55 us.
[info]  rtt = 4.933 us.
[info]  rtt = 4.618 us.
[info]  rtt = 4.623 us.
[info]  rtt = 4.72 us.
[info]  rtt = 4.561 us.
[info]  rtt = 5.132 us.
[info]  rtt = 4.601 us.
[info]  rtt = 4.924 us.
[info]  rtt = 5.2 us.
[info]  rtt = 4.525 us.
[info]  rtt = 4.892 us.
[info]  rtt = 4.649 us.
[info]  rtt = 4.743 us.
[info]  rtt = 4.799 us.
[info]  rtt = 4.729 us.
[info]  rtt = 4.702 us.
[info]  rtt = 4.596 us.
[info]  rtt = 4.847 us.
[info]  rtt = 4.441 us.
[info]  rtt = 4.607 us.
[info]  rtt = 4.777 us.
[info]  rtt = 4.85 us.
[info]  rtt = 5.851 us.
[info]  rtt = 4.705 us.
[info]  rtt = 4.814 us.
[info]  rtt = 4.581 us.
[info]  rtt = 4.764 us.
[info]  rtt = 4.657 us.
[info]  rtt = 4.672 us.
[info]  rtt = 4.68 us.
[info]  rtt = 4.63 us.
[info]  rtt = 4.725 us.
[info]  rtt = 5.364 us.
[info]  rtt = 4.841 us.
[info]  rtt = 5.229 us.
[info]  rtt = 4.592 us.
[info]  rtt = 5.394 us.
[info]  rtt = 4.638 us.
[info]  rtt = 4.786 us.
[info]  rtt = 4.679 us.
[info]  rtt = 4.663 us.
[info]  rtt = 4.816 us.
[info]  rtt = 9.163 us.
[info]  rtt = 4.925 us.
[info]  rtt = 4.824 us.
[info]  rtt = 4.713 us.
[info]  rtt = 4.614 us.
[info]  rtt = 4.633 us.
[info]  rtt = 4.536 us.
[info]  rtt = 4.473 us.
[info]  rtt = 5.233 us.
[info]  rtt = 4.905 us.
[info]  rtt = 4.555 us.
[info]  rtt = 4.761 us.
[info]  rtt = 4.468 us.
[info]  rtt = 4.749 us.
[info]  rtt = 4.725 us.
[info]  rtt = 4.692 us.
[info]  rtt = 4.743 us.
[info]  rtt = 4.798 us.
[info]  rtt = 4.775 us.
[info]  rtt = 4.728 us.
[info]  rtt = 4.687 us.
[info]  rtt = 4.591 us.
[info]  rtt = 5.388 us.
[info]  rtt = 4.572 us.
[info]  rtt = 4.623 us.
[info]  rtt = 4.551 us.
[info]  rtt = 5.451 us.
[info]  rtt = 5.727 us.
[info]  rtt = 4.852 us.
[info]  rtt = 4.603 us.
[info]  rtt = 5.011 us.
[info]  rtt = 5.903 us.
[info]  rtt = 4.681 us.
[info]  rtt = 4.742 us.
[info]  rtt = 4.552 us.
[info]  rtt = 4.877 us.
[info]  rtt = 4.557 us.
[info]  rtt = 4.771 us.
[info]  rtt = 4.647 us.
[info]  rtt = 4.899 us.
[info]  rtt = 4.784 us.
[info]  rtt = 4.574 us.
[info]  rtt = 4.717 us.
[info]  rtt = 4.792 us.
[info]  rtt = 4.854 us.
[info]  rtt = 4.688 us.
[info]  rtt = 4.793 us.
[info]  rtt = 4.706 us.
[info]  rtt = 4.618 us.
[info]  rtt = 4.619 us.
[info]  rtt = 4.621 us.
[info]  rtt = 4.649 us.
[info]  rtt = 4.884 us.
[info]  rtt = 4.567 us.
[info]  rtt = 5.024 us.
[info]  rtt = 4.768 us.
[info]  rtt = 4.939 us.
[info]  rtt = 4.734 us.
[info]  rtt = 4.6 us.
[info]  rtt = 4.871 us.
[info]  rtt = 4.701 us.
[info]  rtt = 4.765 us.
[info]  rtt = 4.703 us.
[info]  rtt = 4.898 us.
[info]  rtt = 5.008 us.
[info]  rtt = 4.675 us.
[info]  rtt = 4.84 us.
[info]  rtt = 4.545 us.
[info]  rtt = 4.836 us.
[info]  rtt = 4.714 us.
[info]  rtt = 4.618 us.
[info]  rtt = 4.795 us.
[info]  rtt = 8.468 us.
[info]  rtt = 4.908 us.
[info]  rtt = 4.59 us.
[info]  rtt = 4.817 us.
[info]  rtt = 4.684 us.
[info]  rtt = 4.798 us.
[info]  rtt = 4.651 us.
[info]  rtt = 4.827 us.
[info]  rtt = 4.703 us.
[info]  rtt = 4.575 us.
[info]  rtt = 4.903 us.
[info]  rtt = 4.89 us.
[info]  rtt = 4.691 us.
[info]  rtt = 4.862 us.
[info]  rtt = 4.6 us.
[info]  rtt = 4.59 us.
[info]  rtt = 4.879 us.
[info]  rtt = 4.505 us.
[info]  rtt = 4.537 us.
[info]  rtt = 5.152 us.
[info]  rtt = 4.68 us.
[info]  rtt = 4.765 us.
[info]  rtt = 4.77 us.
[info]  rtt = 4.734 us.
[info]  rtt = 4.668 us.
[info]  rtt = 4.79 us.
[info]  rtt = 4.573 us.
[info]  rtt = 4.605 us.
[info]  rtt = 4.551 us.
[info]  rtt = 4.881 us.
[info]  rtt = 4.582 us.
[info]  rtt = 4.681 us.
[info]  rtt = 4.556 us.
[info]  rtt = 4.569 us.
[info]  rtt = 4.854 us.
[info]  rtt = 4.479 us.
[info]  rtt = 4.692 us.
[info]  rtt = 4.577 us.
[info]  rtt = 4.507 us.
[info]  rtt = 4.664 us.
[info]  rtt = 4.719 us.
[info]  rtt = 4.864 us.
[info]  rtt = 4.594 us.
[info]  rtt = 4.62 us.
[info]  rtt = 4.546 us.
[info]  rtt = 4.72 us.
[info]  rtt = 4.944 us.
[info]  rtt = 4.621 us.
[info]  rtt = 4.817 us.
[info]  rtt = 4.565 us.
[info]  rtt = 4.639 us.
[info]  rtt = 4.759 us.
[info]  rtt = 4.701 us.
[info]  rtt = 4.697 us.
[info]  rtt = 4.717 us.
[info]  rtt = 4.49 us.
[info]  rtt = 5.356 us.
[info]  rtt = 4.767 us.
[info]  rtt = 4.47 us.
[info]  rtt = 4.634 us.
[info]  rtt = 4.788 us.
[info]  rtt = 4.588 us.
[info]  rtt = 4.6 us.
[info]  rtt = 4.65 us.
[info]  rtt = 4.579 us.
[info]  rtt = 4.668 us.
[info]  rtt = 4.802 us.
[info]  rtt = 4.824 us.
[info]  rtt = 4.624 us.
[info]  rtt = 4.799 us.
[info]  rtt = 4.633 us.
[info]  rtt = 4.551 us.
[info]  rtt = 4.723 us.
[info]  rtt = 4.623 us.
[info]  rtt = 4.581 us.
[info]  rtt = 4.748 us.
[info]  rtt = 4.558 us.
[info]  rtt = 4.553 us.
[info]  rtt = 4.691 us.
[info]  rtt = 4.583 us.
[info]  rtt = 4.523 us.
[info]  rtt = 4.477 us.
[info]  rtt = 4.585 us.
[info]  rtt = 4.928 us.
[info]  rtt = 4.556 us.
[info]  rtt = 4.644 us.
[info]  rtt = 4.629 us.
[info]  rtt = 4.549 us.
[info]  rtt = 4.587 us.
[info]  rtt = 4.537 us.
[info]  rtt = 4.861 us.
[info]  rtt = 4.525 us.
[info]  rtt = 4.614 us.
[info]  rtt = 4.713 us.
[info]  rtt = 4.557 us.
[info]  rtt = 4.641 us.
[info]  rtt = 4.698 us.
[info]  rtt = 4.632 us.
[info]  rtt = 4.805 us.
[info]  rtt = 4.575 us.
[info]  rtt = 4.644 us.
[info]  rtt = 4.544 us.
[info]  rtt = 4.838 us.
[info]  rtt = 4.508 us.
[info]  rtt = 4.664 us.
[info]  rtt = 4.667 us.
[info]  rtt = 4.773 us.
[info]  rtt = 5.306 us.
[info]  rtt = 4.654 us.
[info]  rtt = 4.512 us.
[info]  rtt = 4.89 us.
[info]  rtt = 4.56 us.
[info]  rtt = 4.729 us.
[info]  rtt = 4.853 us.
[info]  rtt = 4.573 us.
[info]  rtt = 5.158 us.
[info]  rtt = 4.784 us.
[info]  rtt = 4.782 us.
[info]  rtt = 4.684 us.
[info]  rtt = 4.774 us.
[info]  rtt = 4.952 us.
[info]  rtt = 4.604 us.
[info]  rtt = 4.649 us.
[info]  rtt = 4.589 us.
[info]  rtt = 4.811 us.
[info]  rtt = 4.683 us.
[info]  rtt = 4.497 us.
[info]  rtt = 4.579 us.
[info]  rtt = 4.586 us.
[info]  rtt = 4.716 us.
[info]  rtt = 4.592 us.
[info]  rtt = 4.626 us.
[info]  rtt = 4.528 us.
[info]  rtt = 4.66 us.
[info]  rtt = 4.81 us.
[info]  rtt = 4.739 us.
[info]  rtt = 4.67 us.
[info]  rtt = 4.637 us.
[info]  rtt = 4.852 us.
[info]  rtt = 4.746 us.
[info]  rtt = 4.638 us.
[info]  rtt = 5.031 us.
[info]  rtt = 4.763 us.
[info]  rtt = 4.497 us.
[info]  rtt = 4.541 us.
[info]  rtt = 4.772 us.
[info]  rtt = 4.653 us.
[info]  rtt = 5.225 us.
[info]  rtt = 4.589 us.
[info]  rtt = 4.578 us.
[info]  rtt = 4.52 us.
[info]  rtt = 4.77 us.
[info]  rtt = 4.665 us.
[info]  rtt = 4.622 us.
[info]  rtt = 4.722 us.
[info]  rtt = 4.505 us.
[info]  rtt = 4.64 us.
[info]  rtt = 4.629 us.
[info]  rtt = 4.941 us.
[info]  rtt = 4.62 us.
[info]  rtt = 4.52 us.
[info]  rtt = 4.603 us.
[info]  rtt = 4.685 us.
[info]  rtt = 5.135 us.
[info]  rtt = 4.648 us.
[info]  rtt = 4.586 us.
[info]  rtt = 4.697 us.
[info]  rtt = 4.623 us.
[info]  rtt = 4.839 us.
[info]  rtt = 4.508 us.
[info]  rtt = 4.492 us.
[info]  rtt = 4.6 us.
[info]  rtt = 4.588 us.
[info]  rtt = 4.541 us.
[info]  rtt = 5.23 us.
[info]  rtt = 4.815 us.
[info]  rtt = 4.694 us.
[info]  rtt = 4.575 us.
[info]  rtt = 4.687 us.
[info]  rtt = 4.744 us.
[info]  rtt = 4.594 us.
[info]  rtt = 4.574 us.
[info]  rtt = 4.595 us.
[info]  rtt = 4.609 us.
[info]  rtt = 4.646 us.
[info]  rtt = 4.729 us.
[info]  rtt = 4.517 us.
[info]  rtt = 4.508 us.
[info]  rtt = 4.833 us.
[info]  rtt = 4.739 us.
[info]  rtt = 4.79 us.
[info]  rtt = 4.55 us.
[info]  rtt = 4.659 us.
[info]  rtt = 4.484 us.
[info]  rtt = 4.556 us.
[info]  rtt = 4.856 us.
[info]  rtt = 4.529 us.
[info]  rtt = 4.506 us.
[info]  rtt = 4.68 us.
[info]  rtt = 4.587 us.
[info]  rtt = 4.571 us.
[info]  rtt = 4.736 us.
[info]  rtt = 4.584 us.
[info]  rtt = 4.636 us.
[info]  rtt = 4.619 us.
[info]  rtt = 4.646 us.
[info]  rtt = 4.765 us.
[info]  rtt = 4.605 us.
[info]  rtt = 4.652 us.
[info]  rtt = 4.759 us.
[info]  rtt = 4.668 us.
[info]  rtt = 7.313 us.
[info]  rtt = 4.794 us.
[info]  rtt = 4.678 us.
[info]  rtt = 4.561 us.
[info]  rtt = 4.743 us.
[info]  rtt = 4.534 us.
[info]  rtt = 4.641 us.
[info]  rtt = 4.561 us.
[info]  rtt = 4.655 us.
[info]  rtt = 4.615 us.
[info]  rtt = 4.535 us.
[info]  rtt = 4.489 us.
[info]  rtt = 4.479 us.
[info]  rtt = 4.68 us.
[info]  rtt = 4.603 us.
[info]  rtt = 4.983 us.
[info]  rtt = 4.803 us.
[info]  rtt = 4.917 us.
[info]  rtt = 4.973 us.
[info]  rtt = 4.555 us.
[info]  rtt = 4.586 us.
[info]  rtt = 4.69 us.
[info]  rtt = 4.748 us.
[info]  rtt = 4.913 us.
[info]  rtt = 4.651 us.
[info]  rtt = 4.756 us.
[info]  rtt = 5.268 us.
[info]  rtt = 5.114 us.
[info]  rtt = 4.672 us.
[info]  rtt = 4.789 us.
[info]  rtt = 4.603 us.
[info]  rtt = 4.649 us.
[info]  rtt = 5.618 us.
[info]  rtt = 4.742 us.
[info]  rtt = 4.669 us.
[info]  rtt = 4.555 us.
[info]  rtt = 4.739 us.
[info]  rtt = 4.683 us.
[info]  rtt = 4.625 us.
[info]  rtt = 4.619 us.
[info]  rtt = 4.524 us.
[info]  rtt = 4.583 us.
[info]  rtt = 4.529 us.
[info]  rtt = 4.827 us.
[info]  rtt = 4.609 us.
[info]  rtt = 4.721 us.
[info]  rtt = 4.717 us.
[info]  rtt = 4.658 us.
[info]  rtt = 4.568 us.
[info]  rtt = 4.676 us.
[info]  rtt = 4.927 us.
[info]  rtt = 4.625 us.
[info]  rtt = 4.704 us.
[info]  rtt = 4.613 us.
[info]  rtt = 4.632 us.
[info]  rtt = 4.606 us.
[info]  rtt = 4.938 us.
[info]  rtt = 4.755 us.
[info]  rtt = 4.591 us.
[info]  rtt = 4.824 us.
[info]  rtt = 4.758 us.
[info]  rtt = 4.554 us.
[info]  rtt = 4.688 us.
[info]  rtt = 4.505 us.
[info]  rtt = 4.94 us.
[info]  rtt = 4.515 us.
[info]  rtt = 4.819 us.
[info]  rtt = 4.767 us.
[info]  rtt = 4.574 us.
[info]  rtt = 4.588 us.
[info]  rtt = 4.484 us.
[info]  rtt = 4.637 us.
[info]  rtt = 4.728 us.
[info]  rtt = 4.501 us.
[info]  rtt = 4.585 us.
[info]  rtt = 4.856 us.
[info]  rtt = 4.801 us.
[info]  rtt = 4.612 us.
[info]  rtt = 4.604 us.
[info]  rtt = 4.546 us.
[info]  rtt = 4.588 us.
[info]  rtt = 4.531 us.
[info]  rtt = 4.602 us.
[info]  rtt = 5.276 us.
[info]  rtt = 4.629 us.
[info]  rtt = 4.629 us.
[info]  rtt = 4.624 us.
[info]  rtt = 4.594 us.
[info]  rtt = 4.617 us.
[info]  rtt = 4.898 us.
[info]  rtt = 4.665 us.
[info]  rtt = 4.633 us.
[info]  rtt = 4.483 us.
[info]  rtt = 4.758 us.
[info]  rtt = 4.528 us.
[info]  rtt = 4.622 us.
[info]  rtt = 4.659 us.
[info]  rtt = 4.652 us.
[info]  rtt = 4.839 us.
[info]  rtt = 4.665 us.
[info]  rtt = 5.02 us.
[info]  rtt = 4.667 us.
[info]  rtt = 4.521 us.
[info]  rtt = 4.705 us.
[info]  rtt = 4.731 us.
[info]  rtt = 4.734 us.
[info]  rtt = 4.812 us.
[info]  rtt = 4.69 us.
[info]  rtt = 4.757 us.
[info]  rtt = 4.696 us.
[info]  rtt = 4.589 us.
[info]  rtt = 4.566 us.
[info]  rtt = 4.824 us.
[info]  rtt = 4.58 us.
[info]  rtt = 4.55 us.
[info]  rtt = 4.662 us.
[info]  rtt = 4.84 us.
[info]  rtt = 4.909 us.
[info]  rtt = 4.603 us.
[info]  rtt = 4.6 us.
[info]  rtt = 4.709 us.
[info]  rtt = 4.712 us.
[info]  rtt = 4.645 us.
[info]  rtt = 4.641 us.
[info]  rtt = 4.808 us.
[info]  rtt = 4.569 us.
[info]  rtt = 4.704 us.
[info]  rtt = 4.641 us.
[info]  rtt = 5.205 us.
[info]  rtt = 4.591 us.
[info]  rtt = 4.575 us.
[info]  rtt = 4.607 us.
[info]  rtt = 4.654 us.
[info]  rtt = 4.573 us.
[info]  rtt = 5.455 us.
[info]  rtt = 4.608 us.
[info]  rtt = 4.688 us.
[info]  rtt = 4.614 us.
[info]  rtt = 4.766 us.
[info]  rtt = 4.679 us.
[info]  rtt = 4.612 us.
[info]  rtt = 4.669 us.
[info]  rtt = 4.53 us.
[info]  rtt = 4.543 us.
[info]  rtt = 4.637 us.
[info]  rtt = 4.5 us.
[info]  rtt = 4.627 us.
[info]  rtt = 9.407 us.
[info]  rtt = 4.712 us.
[info]  rtt = 4.933 us.
[info]  rtt = 4.482 us.
[info]  rtt = 4.692 us.
[info]  rtt = 4.547 us.
[info]  rtt = 4.517 us.
[info]  rtt = 4.523 us.
[info]  rtt = 5.038 us.
[info]  rtt = 4.599 us.
[info]  rtt = 4.616 us.
[info]  rtt = 4.662 us.
[info]  rtt = 4.617 us.
[info]  rtt = 4.641 us.
[info]  rtt = 4.73 us.
[info]  rtt = 4.674 us.
[info]  rtt = 4.628 us.
[info]  rtt = 4.614 us.
[info]  rtt = 4.664 us.
[info]  rtt = 4.558 us.
[info]  rtt = 4.421 us.
[info]  rtt = 5.382 us.
[info]  rtt = 4.538 us.
[info]  rtt = 4.673 us.
[info]  rtt = 4.662 us.
[info]  rtt = 4.689 us.
[info]  rtt = 4.533 us.
[info]  rtt = 4.805 us.
[info]  rtt = 4.746 us.
[info]  rtt = 4.896 us.
[info]  rtt = 4.661 us.
[info]  rtt = 4.558 us.
[info]  rtt = 4.61 us.
[info]  rtt = 4.769 us.
[info]  rtt = 4.71 us.
[info]  rtt = 4.618 us.
[info]  rtt = 4.766 us.
[info]  rtt = 4.589 us.
[info]  rtt = 4.859 us.
[info]  rtt = 4.658 us.
[info]  rtt = 4.606 us.
[info]  rtt = 4.754 us.
[info]  rtt = 4.536 us.
[info]  rtt = 4.721 us.
[info]  rtt = 4.665 us.
[info]  rtt = 4.927 us.
[info]  rtt = 4.531 us.
[info]  rtt = 4.703 us.
[info]  rtt = 4.564 us.
[info]  rtt = 4.632 us.
[info]  rtt = 4.589 us.
[info]  rtt = 4.971 us.
[info]  rtt = 4.732 us.
[info]  rtt = 4.771 us.
[info]  rtt = 4.802 us.
[info]  rtt = 4.79 us.
[info]  rtt = 4.52 us.
[info]  rtt = 4.654 us.
[info]  rtt = 4.788 us.
[info]  rtt = 4.803 us.
[info]  rtt = 4.724 us.
[info]  rtt = 4.569 us.
[info]  rtt = 4.679 us.
[info]  rtt = 4.631 us.
[info]  rtt = 4.682 us.
[info]  rtt = 4.953 us.
[info]  rtt = 4.507 us.
[info]  rtt = 4.539 us.
[info]  rtt = 4.557 us.
[info]  rtt = 4.455 us.
[info]  rtt = 4.611 us.
[info]  rtt = 4.569 us.
[info]  rtt = 5.347 us.
[info]  rtt = 4.896 us.
[info]  rtt = 4.741 us.
[info]  rtt = 4.673 us.
[info]  rtt = 4.758 us.
[info]  rtt = 4.911 us.
[info]  rtt = 4.635 us.
[info]  rtt = 4.657 us.
[info]  rtt = 4.807 us.
[info]  rtt = 4.458 us.
[info]  rtt = 4.591 us.
[info]  rtt = 4.53 us.
[info]  rtt = 4.506 us.
[info]  rtt = 4.608 us.
[info]  rtt = 4.636 us.
[info]  rtt = 4.672 us.
[info]  rtt = 4.675 us.
[info]  rtt = 4.685 us.
[info]  rtt = 4.681 us.
[info]  rtt = 4.674 us.
[info]  rtt = 4.897 us.
[info]  rtt = 4.813 us.
[info]  rtt = 4.736 us.
[info]  rtt = 4.704 us.
[info]  rtt = 4.645 us.
[info]  rtt = 4.702 us.
[info]  rtt = 4.624 us.
[info]  rtt = 4.666 us.
[info]  rtt = 4.734 us.
[info]  rtt = 4.579 us.
[info]  rtt = 4.637 us.
[info]  rtt = 4.572 us.
[info]  rtt = 4.7 us.
[info]  rtt = 4.625 us.
[info]  rtt = 4.643 us.
[info]  rtt = 4.689 us.
[info]  rtt = 4.737 us.
[info]  rtt = 5.114 us.
[info]  rtt = 4.731 us.
[info]  rtt = 4.495 us.
[info]  rtt = 4.704 us.
[info]  rtt = 4.722 us.
[info]  rtt = 4.771 us.
[info]  rtt = 4.617 us.
[info]  rtt = 4.755 us.
[info]  rtt = 4.667 us.
[info]  rtt = 4.495 us.
[info]  rtt = 4.58 us.
[info]  rtt = 4.7 us.
[info]  rtt = 4.518 us.
[info]  rtt = 4.403 us.
[info]  rtt = 4.791 us.
[info]  rtt = 4.688 us.
[info]  rtt = 5.249 us.
[info]  rtt = 4.558 us.
[info]  rtt = 4.696 us.
[info]  rtt = 4.789 us.
[info]  rtt = 4.795 us.
[info]  rtt = 4.713 us.
[info]  rtt = 4.544 us.
[info]  rtt = 4.508 us.
[info]  rtt = 4.527 us.
[info]  rtt = 4.55 us.
[info]  rtt = 4.732 us.
[info]  rtt = 4.67 us.
[info]  rtt = 4.628 us.
[info]  rtt = 4.64 us.
[info]  rtt = 4.745 us.
[info]  rtt = 4.682 us.
[info]  rtt = 4.636 us.
[info]  rtt = 4.734 us.
[info]  rtt = 4.606 us.
[info]  rtt = 4.783 us.
[info]  rtt = 4.853 us.
[info]  rtt = 4.659 us.
[info]  rtt = 4.733 us.
[info]  rtt = 4.803 us.
[info]  rtt = 4.675 us.
[info]  rtt = 4.93 us.
[info]  rtt = 4.756 us.
[info]  rtt = 4.661 us.
[info]  rtt = 4.578 us.
[info]  rtt = 4.577 us.
[info]  rtt = 4.618 us.
[info]  rtt = 4.637 us.
[info]  rtt = 4.6 us.
[info]  rtt = 4.492 us.
[info]  rtt = 4.67 us.
[info]  rtt = 4.528 us.
[info]  rtt = 4.727 us.
[info]  rtt = 4.623 us.
[info]  rtt = 4.944 us.
[info]  rtt = 4.662 us.
[info]  rtt = 4.575 us.
[info]  rtt = 4.694 us.
[info]  rtt = 4.712 us.
[info]  rtt = 4.701 us.
[info]  rtt = 4.664 us.
[info]  rtt = 4.454 us.
[info]  rtt = 4.699 us.
[info]  rtt = 4.538 us.
[info]  rtt = 4.884 us.
[info]  rtt = 5.143 us.
[info]  rtt = 4.651 us.
[info]  rtt = 4.766 us.
[info]  rtt = 4.723 us.
[info]  rtt = 4.547 us.
[info]  rtt = 4.585 us.
[info]  rtt = 4.539 us.
[info]  rtt = 4.631 us.
[info]  rtt = 4.535 us.
[info]  rtt = 4.624 us.
[info]  rtt = 4.668 us.
[info]  rtt = 4.733 us.
[info]  rtt = 4.464 us.
[info]  rtt = 4.546 us.
[info]  rtt = 4.537 us.
[info]  rtt = 4.534 us.
[info]  rtt = 4.5 us.
[info]  rtt = 4.894 us.
[info]  rtt = 4.583 us.
[info]  rtt = 4.719 us.
[info]  rtt = 4.664 us.
[info]  rtt = 4.755 us.
[info]  rtt = 4.926 us.
[info]  rtt = 4.6 us.
[info]  rtt = 4.657 us.
[info]  rtt = 4.808 us.
[info]  rtt = 4.646 us.
[info]  rtt = 4.775 us.
[info]  rtt = 4.827 us.
[info]  rtt = 4.666 us.
[info]  rtt = 4.578 us.
[info]  rtt = 4.769 us.
[info]  rtt = 4.742 us.
[info]  rtt = 4.801 us.
[info]  rtt = 4.778 us.
[info]  rtt = 4.522 us.
[info]  rtt = 4.499 us.
[info]  rtt = 4.611 us.
[info]  rtt = 4.664 us.
[info]  rtt = 4.627 us.
[info]  rtt = 4.649 us.
[info]  rtt = 4.582 us.
[info]  rtt = 4.574 us.
[info]  rtt = 4.608 us.
[info]  rtt = 4.622 us.
[info]  rtt = 4.635 us.
[info]  rtt = 4.527 us.
[info]  rtt = 4.728 us.
[info]  rtt = 4.585 us.
[info]  rtt = 4.849 us.
[info]  rtt = 4.427 us.
[info]  rtt = 4.671 us.
[info]  rtt = 4.623 us.
[info]  rtt = 4.595 us.
[info]  rtt = 4.551 us.
[info]  rtt = 4.807 us.
[info]  rtt = 4.57 us.
[info]  rtt = 4.498 us.
[info]  rtt = 4.647 us.
[info]  rtt = 4.526 us.
[info]  rtt = 4.745 us.
[info]  rtt = 4.841 us.
[info]  rtt = 4.588 us.
[info]  rtt = 5.091 us.
[info]  rtt = 4.716 us.
[info]  rtt = 4.635 us.
[info]  rtt = 4.641 us.
[info]  rtt = 4.641 us.
[info]  rtt = 4.669 us.
[info]  rtt = 4.535 us.
[info]  rtt = 4.633 us.
[info]  rtt = 4.732 us.
[info]  rtt = 4.772 us.
[info]  rtt = 4.732 us.
[info]  rtt = 4.827 us.
[info]  rtt = 4.658 us.
[info]  rtt = 4.655 us.
[info]  rtt = 4.802 us.
[info]  rtt = 4.676 us.
[info]  rtt = 4.627 us.
[info]  rtt = 4.705 us.
[info]  rtt = 4.625 us.
[info]  rtt = 4.674 us.
[info]  rtt = 4.507 us.
[info]  rtt = 4.547 us.
[info]  rtt = 4.936 us.
[info]  rtt = 4.538 us.
[info]  rtt = 4.531 us.
[info]  rtt = 4.709 us.
[info]  rtt = 4.572 us.
[info]  rtt = 4.641 us.
[info]  rtt = 4.734 us.
[info]  rtt = 4.686 us.
[info]  rtt = 4.651 us.
[info]  rtt = 4.703 us.
[info]  rtt = 4.775 us.
[info]  rtt = 4.529 us.
[info]  rtt = 4.544 us.
[info]  rtt = 4.556 us.
[info]  rtt = 4.812 us.
[info]  rtt = 4.72 us.
[info]  rtt = 4.594 us.
[info]  rtt = 4.675 us.
[info]  rtt = 4.577 us.
[info]  rtt = 4.673 us.
[info]  rtt = 4.849 us.
[info]  rtt = 4.479 us.
[info]  rtt = 4.577 us.
[info]  rtt = 4.48 us.
[info]  rtt = 4.649 us.
[info]  rtt = 4.625 us.
[info]  rtt = 4.548 us.
[info]  rtt = 4.584 us.
[info]  rtt = 4.613 us.
[info]  rtt = 4.79 us.
[info]  rtt = 4.704 us.
[info]  rtt = 4.56 us.
[info]  rtt = 4.596 us.
[info]  rtt = 4.605 us.
[info]  rtt = 4.732 us.
[info]  rtt = 4.666 us.
[info]  rtt = 4.67 us.
[info]  rtt = 4.626 us.
[info]  rtt = 4.763 us.
[info]  rtt = 4.622 us.
[info]  rtt = 4.554 us.
[info]  rtt = 4.793 us.
[info]  rtt = 5.036 us.
[info]  rtt = 4.574 us.
[info]  rtt = 4.799 us.
[info]  rtt = 4.471 us.
[info]  rtt = 4.617 us.
[info]  rtt = 4.513 us.
[info]  rtt = 4.606 us.
[info]  rtt = 4.6 us.
[info]  rtt = 4.665 us.
[info]  rtt = 4.837 us.
[info]  rtt = 4.675 us.
[info]  rtt = 4.847 us.
[info]  rtt = 4.652 us.
[info]  rtt = 4.502 us.
[info]  rtt = 4.588 us.
[info]  rtt = 4.531 us.
[info]  rtt = 4.593 us.
[info]  rtt = 4.726 us.
[info]  rtt = 4.586 us.
[info]  rtt = 4.709 us.
[info]  rtt = 4.517 us.
[info]  rtt = 4.715 us.
[info]  rtt = 4.499 us.
[info]  rtt = 4.785 us.
[info]  rtt = 4.682 us.
[info]  rtt = 4.507 us.
[info]  rtt = 4.817 us.
[info]  rtt = 4.944 us.
[info]  rtt = 4.733 us.
[info]  rtt = 4.781 us.
[info]  rtt = 4.534 us.
[info]  rtt = 4.815 us.
[info]  rtt = 4.803 us.
[info]  rtt = 4.645 us.
[info]  rtt = 4.582 us.
[info]  rtt = 4.658 us.
[info]  rtt = 4.783 us.
[info]  rtt = 8.326 us.
[info]  rtt = 4.536 us.
[info]  rtt = 4.57 us.
[info]  rtt = 4.613 us.
[info]  rtt = 4.824 us.
[info]  rtt = 4.654 us.
[info]  rtt = 4.707 us.
[info]  rtt = 4.728 us.
[info]  rtt = 4.56 us.
[info]  rtt = 4.78 us.
[info]  rtt = 4.815 us.
[info]  rtt = 4.95 us.
[info]  rtt = 4.735 us.
[info]  rtt = 4.861 us.
[info]  rtt = 4.574 us.
[info]  rtt = 4.522 us.
[info]  rtt = 4.526 us.
[info]  rtt = 4.555 us.
[info]  rtt = 4.503 us.
[info]  rtt = 4.617 us.
[info]  rtt = 4.595 us.
[info]  rtt = 4.798 us.
[info]  rtt = 4.618 us.
[info]  rtt = 4.556 us.
[info]  rtt = 4.673 us.
[info]  rtt = 4.866 us.
[info]  rtt = 4.745 us.
[info]  rtt = 4.941 us.
[info]  rtt = 4.725 us.
[info]  rtt = 5.043 us.
[info]  rtt = 4.627 us.
[info]  rtt = 4.808 us.
[info]  rtt = 5.222 us.
[info]  rtt = 4.616 us.
[info]  rtt = 4.659 us.
[info]  rtt = 4.608 us.
[info]  rtt = 4.583 us.
[info]  rtt = 4.687 us.
[info]  rtt = 4.57 us.
[info]  rtt = 4.583 us.
[info]  rtt = 4.637 us.
[info]  rtt = 4.6 us.
[info]  rtt = 4.577 us.
[info]  rtt = 4.66 us.
[info]  rtt = 4.586 us.
[info]  rtt = 4.642 us.
[info]  rtt = 4.766 us.
[info]  rtt = 4.52 us.
[info]  average: 4.7476 us. median: 4.668 us. mode: 4.600000 us. min: 4.403 us. max: 13.082 us. per 1024 samples, packet size: 344 bytes / payload size: 302 bytes 
[debug]  
	Total number of successfully received packets: 1045
	Total number of successfully transmitted packets: 1045
	Total number of successfully received bytes: 359480
	Total number of successfully transmitted bytes: 359480
	missed : 0 from : 1045 - 0%
	Total number of erroneous received packets: 0
	Total number of failed transmitted packets: 0
	Total number of Rx mbuf allocation failures: 0
		0 Total number of queue Rx packets : 1045
		0 Total number of successfully received queue bytes : 359480
		0 Total number of queue packets received that are dropped : 0
		0 Total number of queue Tx packets : 1045
		0 Total number of successfully transmitted queue bytes : 359480
